HmaxDs = 2.000000
HmaxUB_percent = 1.071598
HmaxUB_real = 7783.777109
FTnetDs = 2.000000
FTnetUB_percent = 1.821676
FTnetUB_real = 35385.691965
TIFgap = 0.200000
LimCIPF = 99.67323184
SCIP version 1.1.0 [precision: 8 byte] [memory: block] [mode: optimized] [LP solver: Clp 1.8.2]
Copyright (c) 2002-2008 Konrad-Zuse-Zentrum fuer Informationstechnik Berlin (ZIB)

reading user parameter file </home/fabio/docs/hierarquia/models/scip.set>

read problem <data.N30.I1.s1.cluster3.T7.GL1.W3.TIFgap0.2.mps.gz>
============

original problem has 1538 variables (777 bin, 0 int, 0 impl, 761 cont) and 364 constraints

solve problem
=============

presolving:
(round 1) 3 del vars, 3 del conss, 4 chg bounds, 0 chg sides, 126 chg coeffs, 0 upgd conss, 0 impls, 126 clqs
(round 2) 5 del vars, 3 del conss, 4 chg bounds, 1 chg sides, 126 chg coeffs, 0 upgd conss, 0 impls, 126 clqs
(round 3) 5 del vars, 3 del conss, 4 chg bounds, 3 chg sides, 126 chg coeffs, 0 upgd conss, 0 impls, 126 clqs
(round 4) 5 del vars, 4 del conss, 4 chg bounds, 3 chg sides, 126 chg coeffs, 127 upgd conss, 0 impls, 126 clqs
   (0.1s) probing: 101/777 (13.0%) - 0 fixings, 0 aggregations, 0 implications, 0 bound changes
   (0.1s) probing aborted: 100/100 successive totally useless probings
presolving (5 rounds):
 5 deleted vars, 4 deleted constraints, 4 tightened bounds, 0 added holes, 3 changed sides, 126 changed coefficients
 0 implications, 126 cliques
presolved problem has 1533 variables (777 bin, 0 int, 0 impl, 756 cont) and 360 constraints
      1 constraints of type <knapsack>
    126 constraints of type <setppc>
    233 constraints of type <linear>
Presolving Time: 0.08

 time | node  | left  |LP iter| mem |mdpt |frac |vars |cons |ccons|cols |rows |cuts |confs|strbr|  dualbound   | primalbound  |  gap   
  0.1s|     1 |     0 |   364 |3506k|   0 | 161 |1533 | 360 | 360 |1533 | 360 |   0 |   0 |   0 | 2.150583e+01 |      --      |    Inf 
  1.1s|     1 |     0 |  4140 |3902k|   0 | 141 |1533 | 360 | 360 |1533 | 406 |  46 |   0 |   0 | 6.591393e+01 |      --      |    Inf 
  2.2s|     1 |     0 |  6147 |4130k|   0 | 148 |1533 | 360 | 360 |1533 | 441 |  81 |   0 |   0 | 3.278544e+03 |      --      |    Inf 
  3.1s|     1 |     0 |  7302 |4266k|   0 | 148 |1533 | 360 | 360 |1533 | 480 | 120 |   0 |   0 | 6.330391e+03 |      --      |    Inf 
  3.9s|     1 |     0 |  8143 |4379k|   0 | 148 |1533 | 360 | 360 |1533 | 519 | 159 |   0 |   0 | 6.459902e+03 |      --      |    Inf 
  4.8s|     1 |     0 |  8894 |4497k|   0 | 144 |1533 | 360 | 360 |1533 | 557 | 197 |   0 |   0 | 6.735955e+03 |      --      |    Inf 
  5.7s|     1 |     0 |  9423 |4606k|   0 | 156 |1533 | 360 | 360 |1533 | 589 | 229 |   0 |   0 | 6.775626e+03 |      --      |    Inf 
  6.5s|     1 |     0 |  9992 |4739k|   0 | 156 |1533 | 360 | 360 |1533 | 625 | 265 |   0 |   0 | 6.786102e+03 |      --      |    Inf 
  7.5s|     1 |     0 | 10691 |4828k|   0 | 174 |1533 | 360 | 360 |1533 | 655 | 295 |   0 |   0 | 6.805829e+03 |      --      |    Inf 
  8.6s|     1 |     0 | 11382 |4938k|   0 | 167 |1533 | 360 | 360 |1533 | 692 | 332 |   0 |   0 | 6.828936e+03 |      --      |    Inf 
  9.6s|     1 |     0 | 12104 |4977k|   0 | 180 |1533 | 360 | 360 |1533 | 714 | 354 |   0 |   0 | 6.866080e+03 |      --      |    Inf 
  9.8s|     1 |     0 | 12514 |4979k|   0 | 164 |1533 | 360 | 360 |1533 | 716 | 356 |   0 |   0 | 6.873251e+03 |      --      |    Inf 
 22.4s|     1 |     2 | 12514 |4989k|   0 | 164 |1533 | 360 | 360 |1533 | 716 | 356 |   0 |  17 | 6.873251e+03 |      --      |    Inf 
(node 69) unresolved numerical troubles in LP 457
  123s|   100 |    95 |138476 |5273k|  18 | 126 |1533 | 387 | 363 |1533 | 540 | 356 |  27 |1123 | 6.876511e+03 |      --      |    Inf 
  176s|   200 |   187 |239327 |5483k|  24 |  56 |1533 | 405 | 251 |1533 | 540 | 356 |  45 |1436 | 6.876511e+03 |      --      |    Inf 
 time | node  | left  |LP iter| mem |mdpt |frac |vars |cons |ccons|cols |rows |cuts |confs|strbr|  dualbound   | primalbound  |  gap   
  201s|   300 |   256 |286642 |5667k|  27 | 142 |1533 | 426 | 301 |1533 | 540 | 356 |  66 |1602 | 6.876661e+03 |      --      |    Inf 
  228s|   400 |   326 |346882 |5838k|  27 | 158 |1533 | 456 | 439 |1533 | 540 | 356 |  96 |1669 | 6.876669e+03 |      --      |    Inf 
  298s|   500 |   386 |439913 |6017k|  27 |   - |1533 | 481 | 282 |1533 | 540 | 356 | 121 |1976 | 6.876669e+03 |      --      |    Inf 
  387s|   600 |   450 |552092 |6195k|  27 |  60 |1533 | 503 | 290 |1533 | 540 | 356 | 143 |2166 | 6.877376e+03 |      --      |    Inf 
  433s|   700 |   508 |619381 |6355k|  27 | 141 |1533 | 546 | 449 |1533 | 540 | 356 | 186 |2312 | 6.877376e+03 |      --      |    Inf 
  466s|   800 |   575 |681037 |6521k|  34 |  44 |1533 | 560 | 263 |1533 | 540 | 356 | 200 |2527 | 6.877376e+03 |      --      |    Inf 
  502s|   900 |   635 |746399 |6689k|  34 |   4 |1533 | 568 | 335 |1533 | 540 | 356 | 208 |2747 | 6.878821e+03 |      --      |    Inf 
  534s|  1000 |   672 |813852 |6826k|  34 |   - |1533 | 598 | 359 |1533 | 540 | 356 | 238 |2851 | 6.878821e+03 |      --      |    Inf 
  570s|  1100 |   721 |877789 |6963k|  34 |  13 |1533 | 606 | 208 |1533 | 540 | 356 | 246 |2927 | 6.878821e+03 |      --      |    Inf 
  606s|  1200 |   772 |939125 |7140k|  34 |  97 |1533 | 613 | 398 |1533 | 540 | 356 | 253 |3119 | 6.879278e+03 |      --      |    Inf 
  643s|  1300 |   821 |999266 |7292k|  34 | 154 |1533 | 627 | 432 |1533 | 540 | 356 | 267 |3293 | 6.880120e+03 |      --      |    Inf 
  672s|  1400 |   869 |  1048k|7439k|  34 | 135 |1533 | 633 | 596 |1533 | 540 | 356 | 273 |3441 | 6.880382e+03 |      --      |    Inf 
(node 1470) unresolved numerical troubles in LP 3297
  710s|  1500 |   916 |  1127k|7616k|  34 |  98 |1533 | 640 | 488 |1533 | 540 | 356 | 281 |3531 | 6.880382e+03 |      --      |    Inf 
  744s|  1600 |   957 |  1184k|7763k|  34 |  93 |1533 | 665 | 473 |1533 | 540 | 356 | 306 |3562 | 6.880427e+03 |      --      |    Inf 
(node 1629) unresolved numerical troubles in LP 3510
  801s|  1700 |  1013 |  1294k|7891k|  35 |  76 |1533 | 682 | 359 |1533 | 540 | 356 | 323 |3851 | 6.880427e+03 |      --      |    Inf 
 time | node  | left  |LP iter| mem |mdpt |frac |vars |cons |ccons|cols |rows |cuts |confs|strbr|  dualbound   | primalbound  |  gap   
  830s|  1800 |  1057 |  1342k|8012k|  35 |  75 |1533 | 719 | 275 |1533 | 540 | 356 | 361 |4009 | 6.880427e+03 |      --      |    Inf 
  862s|  1900 |  1112 |  1402k|8163k|  35 | 142 |1533 | 729 | 573 |1533 | 540 | 356 | 371 |4187 | 6.880427e+03 |      --      |    Inf 
  894s|  2000 |  1162 |  1448k|8321k|  35 |   4 |1533 | 740 | 160 |1533 | 540 | 356 | 382 |4263 | 6.880427e+03 |      --      |    Inf 
  920s|  2100 |  1196 |  1494k|8423k|  35 | 112 |1533 | 749 | 321 |1533 | 540 | 356 | 391 |4309 | 6.880440e+03 |      --      |    Inf 
  962s|  2200 |  1251 |  1574k|8609k|  35 |  32 |1533 | 771 | 373 |1533 | 540 | 356 | 414 |4338 | 6.880448e+03 |      --      |    Inf 
  989s|  2300 |  1291 |  1622k|8751k|  35 | 117 |1533 | 788 | 480 |1533 | 540 | 356 | 431 |4450 | 6.880581e+03 |      --      |    Inf 
 1022s|  2400 |  1337 |  1676k|8885k|  35 | 115 |1533 | 800 | 455 |1533 | 540 | 356 | 444 |4585 | 6.880581e+03 |      --      |    Inf 
 1057s|  2500 |  1391 |  1743k|9034k|  35 |  29 |1533 | 829 | 476 |1533 | 540 | 356 | 475 |4743 | 6.880940e+03 |      --      |    Inf 
 1093s|  2600 |  1437 |  1815k|9145k|  35 | 152 |1533 | 849 | 517 |1533 | 540 | 356 | 497 |4896 | 6.880940e+03 |      --      |    Inf 
 1124s|  2700 |  1482 |  1878k|9313k|  35 |  11 |1533 | 876 | 423 |1533 | 540 | 356 | 525 |4941 | 6.880940e+03 |      --      |    Inf 
(node 2787) unresolved numerical troubles in LP 5180
 1149s|  2800 |  1531 |  1933k|9443k|  35 |  66 |1533 | 901 | 332 |1533 | 540 | 356 | 550 |4963 | 6.880940e+03 |      --      |    Inf 
 1174s|  2900 |  1565 |  1986k|9568k|  35 |   - |1533 | 913 | 207 |1533 | 540 | 356 | 564 |4991 | 6.880940e+03 |      --      |    Inf 
 1213s|  3000 |  1603 |  2043k|9666k|  36 |   - |1533 | 931 | 183 |1533 | 540 | 356 | 584 |5136 | 6.880940e+03 |      --      |    Inf 
 1257s|  3100 |  1636 |  2117k|9748k|  36 |  65 |1533 | 955 | 590 |1533 | 540 | 356 | 609 |5299 | 6.880940e+03 |      --      |    Inf 
 1304s|  3200 |  1688 |  2198k|9939k|  36 |  93 |1533 | 968 | 512 |1533 | 540 | 356 | 625 |5506 | 6.880940e+03 |      --      |    Inf 
(node 3204) unresolved numerical troubles in LP 5743
 time | node  | left  |LP iter| mem |mdpt |frac |vars |cons |ccons|cols |rows |cuts |confs|strbr|  dualbound   | primalbound  |  gap   
 1351s|  3300 |  1708 |  2285k|  10M|  36 |  76 |1533 |1034 | 311 |1533 | 540 | 356 | 693 |5635 | 6.880940e+03 |      --      |    Inf 
 1387s|  3400 |  1744 |  2361k|  10M|  38 | 126 |1533 |1060 | 677 |1533 | 540 | 356 | 721 |5672 | 6.880940e+03 |      --      |    Inf 
 1430s|  3500 |  1772 |  2448k|  10M|  38 |   - |1533 |1101 | 344 |1533 | 540 | 356 | 770 |5716 | 6.881112e+03 |      --      |    Inf 
 1452s|  3600 |  1809 |  2497k|  10M|  38 |   - |1533 |1117 | 460 |   0 |   0 | 356 | 789 |5728 | 6.881962e+03 |      --      |    Inf 
 1481s|  3700 |  1840 |  2549k|  10M|  38 |  14 |1533 |1129 | 317 |1533 | 540 | 356 | 808 |5730 | 6.881962e+03 |      --      |    Inf 
 1502s|  3800 |  1870 |  2599k|  10M|  40 |   - |1533 |1133 | 242 |1533 | 540 | 356 | 815 |5734 | 6.881962e+03 |      --      |    Inf 
 1527s|  3900 |  1900 |  2657k|  10M|  40 | 146 |1533 |1168 | 916 |1533 | 540 | 356 | 863 |5741 | 6.882169e+03 |      --      |    Inf 
 1558s|  4000 |  1949 |  2721k|  10M|  40 | 113 |1533 |1167 | 455 |1533 | 540 | 356 | 873 |5861 | 6.882277e+03 |      --      |    Inf 
 1605s|  4100 |  1993 |  2810k|  10M|  40 |   - |1533 |1170 | 459 |1533 | 540 | 356 | 886 |6050 | 6.882277e+03 |      --      |    Inf 
 1651s|  4200 |  2020 |  2876k|  11M|  40 |   - |1533 |1188 | 348 |   0 |   0 | 356 | 908 |6207 | 6.882553e+03 |      --      |    Inf 
 1680s|  4300 |  2051 |  2916k|  11M|  40 |   - |1533 |1208 | 337 |1533 | 540 | 356 | 935 |6283 | 6.882553e+03 |      --      |    Inf 
 1718s|  4400 |  2078 |  2991k|  11M|  40 |   - |1533 |1225 | 410 |1533 | 540 | 356 | 962 |6346 | 6.882553e+03 |      --      |    Inf 
 1751s|  4500 |  2140 |  3055k|  11M|  41 | 105 |1533 |1233 | 454 |1533 | 540 | 356 | 973 |6360 | 6.882927e+03 |      --      |    Inf 
 1784s|  4600 |  2175 |  3127k|  11M|  41 |  48 |1533 |1246 | 615 |1533 | 540 | 356 | 995 |6384 | 6.883078e+03 |      --      |    Inf 
 1817s|  4700 |  2200 |  3186k|  11M|  41 | 127 |1533 |1265 | 771 |1533 | 540 | 356 |1020 |6492 | 6.883078e+03 |      --      |    Inf 
 time | node  | left  |LP iter| mem |mdpt |frac |vars |cons |ccons|cols |rows |cuts |confs|strbr|  dualbound   | primalbound  |  gap   
 1870s|  4800 |  2229 |  3259k|  11M|  41 | 106 |1533 |1275 | 464 |1533 | 540 | 356 |1035 |6643 | 6.883078e+03 |      --      |    Inf 
 1910s|  4900 |  2255 |  3332k|  11M|  41 | 113 |1533 |1295 | 770 |1533 | 540 | 356 |1065 |6796 | 6.883078e+03 |      --      |    Inf 
 1958s|  5000 |  2295 |  3417k|  11M|  41 |  97 |1533 |1304 | 830 |1533 | 540 | 356 |1087 |6953 | 6.883300e+03 |      --      |    Inf 
 2000s|  5100 |  2317 |  3497k|  11M|  41 |   - |1533 |1312 | 399 |1533 | 540 | 356 |1101 |7025 | 6.883300e+03 |      --      |    Inf 
 2043s|  5200 |  2347 |  3569k|  12M|  41 |  75 |1533 |1314 | 404 |1533 | 540 | 356 |1122 |7055 | 6.883373e+03 |      --      |    Inf 
 2093s|  5300 |  2372 |  3638k|  12M|  41 |   - |1533 |1334 | 407 |1533 | 540 | 356 |1152 |7072 | 6.883730e+03 |      --      |    Inf 
 2116s|  5400 |  2416 |  3688k|  12M|  43 |  96 |1533 |1329 | 553 |1533 | 540 | 356 |1155 |7087 | 6.883802e+03 |      --      |    Inf 
 2140s|  5500 |  2459 |  3735k|  12M|  43 |  84 |1533 |1326 | 635 |1533 | 540 | 356 |1167 |7173 | 6.884088e+03 |      --      |    Inf 
 2172s|  5600 |  2497 |  3793k|  12M|  43 | 133 |1533 |1316 | 840 |1533 | 540 | 356 |1184 |7278 | 6.884091e+03 |      --      |    Inf 
 2234s|  5700 |  2527 |  3881k|  12M|  43 | 138 |1533 |1345 | 876 |1533 | 540 | 356 |1223 |7458 | 6.884091e+03 |      --      |    Inf 
 2264s|  5800 |  2582 |  3936k|  12M|  43 |   - |1533 |1346 | 697 |1533 | 540 | 356 |1236 |7555 | 6.884110e+03 |      --      |    Inf 
 2295s|  5900 |  2619 |  3991k|  12M|  43 |  59 |1533 |1370 | 845 |1533 | 540 | 356 |1270 |7675 | 6.884110e+03 |      --      |    Inf 
 2315s|  6000 |  2663 |  4032k|  13M|  47 |   6 |1533 |1387 | 401 |1533 | 540 | 356 |1298 |7737 | 6.884110e+03 |      --      |    Inf 
 2342s|  6100 |  2718 |  4091k|  13M|  47 |   - |1533 |1378 | 767 |1533 | 540 | 356 |1314 |7782 | 6.884183e+03 |      --      |    Inf 
 2369s|  6200 |  2756 |  4149k|  13M|  47 |   - |1533 |1378 | 388 |1533 | 540 | 356 |1333 |7785 | 6.884183e+03 |      --      |    Inf 
 time | node  | left  |LP iter| mem |mdpt |frac |vars |cons |ccons|cols |rows |cuts |confs|strbr|  dualbound   | primalbound  |  gap   
 2398s|  6300 |  2805 |  4208k|  13M|  47 |  46 |1533 |1366 | 360 |1533 | 540 | 356 |1343 |7792 | 6.884283e+03 |      --      |    Inf 
 2423s|  6400 |  2835 |  4250k|  13M|  47 |  13 |1533 |1378 | 347 |1533 | 540 | 356 |1373 |7810 | 6.884283e+03 |      --      |    Inf 
 2457s|  6500 |  2873 |  4318k|  13M|  47 |  30 |1533 |1370 | 336 |1533 | 540 | 356 |1389 |7851 | 6.884428e+03 |      --      |    Inf 
 2490s|  6600 |  2898 |  4376k|  13M|  47 |   - |1533 |1367 | 368 |1533 | 540 | 356 |1408 |7956 | 6.884428e+03 |      --      |    Inf 
 2531s|  6700 |  2935 |  4454k|  13M|  47 |   - |1533 |1352 | 506 |1533 | 540 | 356 |1424 |8097 | 6.884446e+03 |      --      |    Inf 
 2569s|  6800 |  2958 |  4524k|  14M|  47 |  48 |1533 |1358 | 337 |1533 | 540 | 356 |1445 |8221 | 6.884446e+03 |      --      |    Inf 
 2592s|  6900 |  2986 |  4571k|  14M|  47 |   - |1533 |1349 | 491 |   0 |   0 | 356 |1460 |8306 | 6.884446e+03 |      --      |    Inf 
 2616s|  7000 |  3032 |  4619k|  14M|  47 |  33 |1533 |1341 | 365 |1533 | 540 | 356 |1477 |8369 | 6.884623e+03 |      --      |    Inf 
 2645s|  7100 |  3059 |  4672k|  14M|  47 | 100 |1533 |1334 | 473 |1533 | 540 | 356 |1493 |8438 | 6.884623e+03 |      --      |    Inf 
 2675s|  7200 |  3081 |  4719k|  14M|  47 |   - |1533 |1343 | 291 |1533 | 540 | 356 |1516 |8465 | 6.884623e+03 |      --      |    Inf 
 2694s|  7300 |  3133 |  4761k|  14M|  47 |   - |1533 |1344 | 389 |1533 | 540 | 356 |1535 |8484 | 6.884824e+03 |      --      |    Inf 
 2721s|  7400 |  3168 |  4815k|  14M|  47 | 136 |1533 |1343 | 673 |1533 | 540 | 356 |1559 |8493 | 6.884826e+03 |      --      |    Inf 
 2745s|  7500 |  3207 |  4867k|  14M|  47 |  24 |1533 |1321 | 360 |1533 | 540 | 356 |1572 |8497 | 6.884852e+03 |      --      |    Inf 
 2782s|  7600 |  3235 |  4926k|  14M|  47 |   - |1533 |1324 | 381 |   0 |   0 | 356 |1591 |8514 | 6.884852e+03 |      --      |    Inf 
 2809s|  7700 |  3275 |  4979k|  15M|  47 | 121 |1533 |1312 | 765 |1533 | 540 | 356 |1594 |8603 | 6.884929e+03 |      --      |    Inf 
 time | node  | left  |LP iter| mem |mdpt |frac |vars |cons |ccons|cols |rows |cuts |confs|strbr|  dualbound   | primalbound  |  gap   
 2856s|  7800 |  3311 |  5053k|  15M|  47 |   - |1533 |1308 | 503 |1533 | 540 | 356 |1617 |8727 | 6.884929e+03 |      --      |    Inf 
 2892s|  7900 |  3353 |  5120k|  15M|  47 | 114 |1533 |1303 | 565 |1533 | 540 | 356 |1635 |8846 | 6.884931e+03 |      --      |    Inf 
 2927s|  8000 |  3391 |  5191k|  15M|  47 |  57 |1533 |1296 | 411 |1533 | 540 | 356 |1651 |8964 | 6.885105e+03 |      --      |    Inf 
 2956s|  8100 |  3442 |  5247k|  15M|  47 |  18 |1533 |1294 | 369 |1533 | 540 | 356 |1662 |9035 | 6.885105e+03 |      --      |    Inf 
 2977s|  8200 |  3485 |  5290k|  15M|  47 | 171 |1533 |1282 |1107 |1533 | 540 | 356 |1665 |9063 | 6.885296e+03 |      --      |    Inf 
 3004s|  8300 |  3537 |  5345k|  15M|  47 |   - |1533 |1276 | 356 |1533 | 540 | 356 |1671 |9084 | 6.885526e+03 |      --      |    Inf 
 3029s|  8400 |  3587 |  5399k|  15M|  47 |  56 |1533 |1272 | 428 |1533 | 540 | 356 |1681 |9093 | 6.885591e+03 |      --      |    Inf 
 3051s|  8500 |  3632 |  5440k|  16M|  47 | 120 |1533 |1260 | 813 |1533 | 540 | 356 |1699 |9116 | 6.885591e+03 |      --      |    Inf 
 3071s|  8600 |  3664 |  5483k|  16M|  47 |   - |1533 |1276 | 244 |1533 | 540 | 356 |1726 |9126 | 6.885591e+03 |      --      |    Inf 
 3094s|  8700 |  3716 |  5516k|  16M|  47 |  79 |1533 |1264 | 742 |1533 | 540 | 356 |1733 |9127 | 6.885591e+03 |      --      |    Inf 
 3115s|  8800 |  3760 |  5560k|  16M|  47 |  90 |1533 |1247 | 566 |1533 | 540 | 356 |1747 |9137 | 6.885591e+03 |      --      |    Inf 
 3140s|  8900 |  3801 |  5613k|  16M|  47 |  57 |1533 |1233 | 341 |1533 | 540 | 356 |1750 |9240 | 6.885591e+03 |      --      |    Inf 
 3190s|  9000 |  3846 |  5684k|  16M|  47 | 141 |1533 |1243 | 384 |1533 | 540 | 356 |1780 |9352 | 6.885595e+03 |      --      |    Inf 
 3208s|  9100 |  3869 |  5723k|  16M|  47 |  94 |1533 |1264 | 474 |1533 | 540 | 356 |1825 |9409 | 6.885595e+03 |      --      |    Inf 
 3242s|  9200 |  3893 |  5779k|  16M|  47 | 148 |1533 |1295 | 865 |1533 | 540 | 356 |1878 |9511 | 6.885697e+03 |      --      |    Inf 
 time | node  | left  |LP iter| mem |mdpt |frac |vars |cons |ccons|cols |rows |cuts |confs|strbr|  dualbound   | primalbound  |  gap   
 3264s|  9300 |  3927 |  5822k|  17M|  47 | 133 |1533 |1294 | 582 |1533 | 540 | 356 |1896 |9587 | 6.885697e+03 |      --      |    Inf 
 3292s|  9400 |  3968 |  5868k|  17M|  47 |   - |1533 |1297 | 338 |1533 | 540 | 356 |1909 |9658 | 6.885697e+03 |      --      |    Inf 
 3327s|  9500 |  4018 |  5924k|  17M|  47 |  60 |1533 |1295 | 376 |1533 | 540 | 356 |1921 |9740 | 6.885792e+03 |      --      |    Inf 
 3362s|  9600 |  4046 |  5994k|  17M|  47 |  34 |1533 |1281 | 444 |1533 | 540 | 356 |1945 |9783 | 6.885792e+03 |      --      |    Inf 
 3391s|  9700 |  4071 |  6042k|  17M|  47 |  85 |1533 |1289 | 479 |1533 | 540 | 356 |1969 |9801 | 6.885792e+03 |      --      |    Inf 
 3421s|  9800 |  4107 |  6073k|  17M|  47 |   - |1533 |1291 | 566 |   0 |   0 | 356 |1995 |9808 | 6.885833e+03 |      --      |    Inf 
 3440s|  9900 |  4146 |  6113k|  17M|  47 |   - |1533 |1300 | 359 |1533 | 540 | 356 |2015 |9813 | 6.885878e+03 |      --      |    Inf 
 3469s| 10000 |  4179 |  6161k|  17M|  47 |  77 |1533 |1301 | 352 |1533 | 540 | 356 |2032 |9822 | 6.885878e+03 |      --      |    Inf 
 3492s| 10100 |  4214 |  6215k|  17M|  47 |   - |1533 |1277 | 427 |1533 | 540 | 356 |2042 |9825 | 6.885878e+03 |      --      |    Inf 
 3516s| 10200 |  4264 |  6268k|  18M|  47 |  78 |1533 |1258 | 780 |1533 | 540 | 356 |2045 |9849 | 6.885931e+03 |      --      |    Inf 
 3537s| 10300 |  4305 |  6312k|  18M|  47 |  28 |1533 |1248 | 667 |1533 | 540 | 356 |2049 |9919 | 6.885931e+03 |      --      |    Inf 
 3578s| 10400 |  4351 |  6382k|  18M|  47 | 108 |1533 |1239 | 466 |1533 | 540 | 356 |2056 |  10k| 6.885938e+03 |      --      |    Inf 
 3598s| 10500 |  4394 |  6419k|  18M|  47 |   - |1533 |1235 | 304 |1533 | 540 | 356 |2066 |  10k| 6.885977e+03 |      --      |    Inf 
 3621s| 10600 |  4442 |  6460k|  18M|  47 |  55 |1533 |1215 | 447 |1533 | 540 | 356 |2078 |  10k| 6.885977e+03 |      --      |    Inf 
 3658s| 10700 |  4479 |  6515k|  18M|  47 |   - |1533 |1212 | 358 |   0 |   0 | 356 |2093 |  10k| 6.885977e+03 |      --      |    Inf 
 time | node  | left  |LP iter| mem |mdpt |frac |vars |cons |ccons|cols |rows |cuts |confs|strbr|  dualbound   | primalbound  |  gap   
 3686s| 10800 |  4516 |  6566k|  18M|  47 |  61 |1533 |1197 | 479 |1533 | 540 | 356 |2111 |  10k| 6.886044e+03 |      --      |    Inf 
 3707s| 10900 |  4554 |  6611k|  18M|  47 |  35 |1533 |1180 | 455 |1533 | 540 | 356 |2125 |  10k| 6.886081e+03 |      --      |    Inf 
 3731s| 11000 |  4572 |  6653k|  19M|  47 |   - |1533 |1203 | 234 |1533 | 540 | 356 |2160 |  10k| 6.886081e+03 |      --      |    Inf 
 3765s| 11100 |  4609 |  6717k|  19M|  47 | 108 |1533 |1189 | 473 |1533 | 540 | 356 |2179 |  10k| 6.886127e+03 |      --      |    Inf 
 3803s| 11200 |  4650 |  6786k|  19M|  47 |   - |1533 |1190 | 749 |1533 | 540 | 356 |2213 |  10k| 6.886181e+03 |      --      |    Inf 
 3815s| 11300 |  4687 |  6814k|  19M|  47 | 133 |1533 |1191 | 872 |1533 | 540 | 356 |2244 |  10k| 6.886181e+03 |      --      |    Inf 
 3831s| 11400 |  4718 |  6851k|  19M|  47 | 105 |1533 |1225 | 480 |1533 | 540 | 356 |2303 |  10k| 6.886364e+03 |      --      |    Inf 
 3872s| 11500 |  4758 |  6927k|  19M|  47 |  67 |1533 |1209 | 318 |1533 | 540 | 356 |2321 |  10k| 6.886393e+03 |      --      |    Inf 
 3894s| 11600 |  4790 |  6972k|  19M|  47 |  58 |1533 |1205 | 268 |1533 | 540 | 356 |2343 |  10k| 6.886393e+03 |      --      |    Inf 
(node 11664) unresolved numerical troubles in LP 17324
 3938s| 11700 |  4816 |  7053k|  19M|  47 |  33 |1533 |1197 | 284 |1533 | 540 | 356 |2358 |  10k| 6.886393e+03 |      --      |    Inf 
 3973s| 11800 |  4851 |  7105k|  20M|  47 |  90 |1533 |1203 | 532 |1533 | 540 | 356 |2385 |  10k| 6.886434e+03 |      --      |    Inf 
 3997s| 11900 |  4883 |  7149k|  20M|  47 |   - |1533 |1205 | 392 |1533 | 540 | 356 |2398 |  10k| 6.886434e+03 |      --      |    Inf 
 4029s| 12000 |  4903 |  7208k|  20M|  47 |  75 |1533 |1207 | 381 |1533 | 540 | 356 |2423 |  10k| 6.886434e+03 |      --      |    Inf 
 4058s| 12100 |  4936 |  7259k|  20M|  47 |  88 |1533 |1196 | 422 |1533 | 540 | 356 |2433 |  10k| 6.886508e+03 |      --      |    Inf 
 4095s| 12200 |  4957 |  7335k|  20M|  47 |  42 |1533 |1205 | 312 |1533 | 540 | 356 |2468 |  11k| 6.886508e+03 |      --      |    Inf 
 time | node  | left  |LP iter| mem |mdpt |frac |vars |cons |ccons|cols |rows |cuts |confs|strbr|  dualbound   | primalbound  |  gap   
 4136s| 12300 |  4993 |  7400k|  20M|  47 | 125 |1533 |1182 | 911 |1533 | 540 | 356 |2490 |  11k| 6.886537e+03 |      --      |    Inf 
 4154s| 12400 |  5041 |  7436k|  20M|  47 |  68 |1533 |1177 | 456 |1533 | 540 | 356 |2501 |  11k| 6.886537e+03 |      --      |    Inf 
 4181s| 12500 |  5077 |  7474k|  20M|  47 |  61 |1533 |1168 | 354 |1533 | 540 | 356 |2503 |  11k| 6.886537e+03 |      --      |    Inf 
 4223s| 12600 |  5110 |  7553k|  20M|  47 |   - |1533 |1174 | 286 |   0 |   0 | 356 |2535 |  11k| 6.886537e+03 |      --      |    Inf 
 4247s| 12700 |  5141 |  7606k|  21M|  47 |  61 |1533 |1175 | 455 |1533 | 540 | 356 |2569 |  11k| 6.886537e+03 |      --      |    Inf 
 4271s| 12800 |  5175 |  7651k|  21M|  47 |  94 |1533 |1170 | 463 |1533 | 540 | 356 |2584 |  11k| 6.886537e+03 |      --      |    Inf 
 4296s| 12900 |  5213 |  7699k|  21M|  47 |   - |1533 |1152 | 478 |1533 | 540 | 356 |2599 |  11k| 6.886655e+03 |      --      |    Inf 
 4320s| 13000 |  5238 |  7747k|  21M|  47 | 129 |1533 |1153 | 467 |1533 | 540 | 356 |2622 |  11k| 6.886655e+03 |      --      |    Inf 
 4361s| 13100 |  5287 |  7792k|  21M|  47 |   - |1533 |1156 | 363 |   0 |   0 | 356 |2634 |  11k| 6.886775e+03 |      --      |    Inf 
 4384s| 13200 |  5332 |  7841k|  21M|  47 | 106 |1533 |1144 | 790 |1533 | 540 | 356 |2649 |  11k| 6.886775e+03 |      --      |    Inf 
 4422s| 13300 |  5369 |  7900k|  21M|  47 |   - |1533 |1144 | 216 |1533 | 540 | 356 |2666 |  11k| 6.886818e+03 |      --      |    Inf 
 4500s| 13400 |  5406 |  7984k|  21M|  47 |   - |1533 |1150 | 494 |   0 |   0 | 356 |2705 |  11k| 6.886917e+03 |      --      |    Inf 
 4523s| 13500 |  5441 |  8021k|  21M|  47 | 100 |1533 |1186 | 463 |1533 | 540 | 356 |2763 |  11k| 6.886917e+03 |      --      |    Inf 
 4578s| 13600 |  5456 |  8084k|  22M|  47 |  10 |1533 |1183 | 386 |1533 | 540 | 356 |2811 |  11k| 6.886917e+03 |      --      |    Inf 
 4593s| 13700 |  5481 |  8116k|  22M|  47 |   - |1533 |1194 | 368 |   0 |   0 | 356 |2848 |  11k| 6.886917e+03 |      --      |    Inf 
 time | node  | left  |LP iter| mem |mdpt |frac |vars |cons |ccons|cols |rows |cuts |confs|strbr|  dualbound   | primalbound  |  gap   
 4623s| 13800 |  5499 |  8161k|  22M|  47 | 102 |1533 |1217 | 336 |1533 | 540 | 356 |2892 |  11k| 6.886917e+03 |      --      |    Inf 
 4648s| 13900 |  5524 |  8215k|  22M|  47 |  91 |1533 |1225 | 365 |1533 | 540 | 356 |2931 |  11k| 6.886917e+03 |      --      |    Inf 
 4675s| 14000 |  5554 |  8275k|  22M|  47 |  76 |1533 |1199 | 441 |1533 | 540 | 356 |2944 |  11k| 6.886918e+03 |      --      |    Inf 
 4700s| 14100 |  5587 |  8328k|  22M|  47 | 101 |1533 |1172 | 327 |1533 | 540 | 356 |2960 |  11k| 6.886918e+03 |      --      |    Inf 
 4724s| 14200 |  5624 |  8378k|  22M|  47 |  16 |1533 |1167 | 320 |1533 | 540 | 356 |2982 |  11k| 6.887075e+03 |      --      |    Inf 
 4764s| 14300 |  5653 |  8444k|  22M|  47 | 114 |1533 |1136 | 737 |1533 | 540 | 356 |2990 |  11k| 6.887082e+03 |      --      |    Inf 
 4829s| 14400 |  5675 |  8557k|  22M|  48 |   - |1533 |1127 | 351 |1533 | 540 | 356 |3019 |  11k| 6.887091e+03 |      --      |    Inf 
 4858s| 14500 |  5702 |  8609k|  22M|  48 |  71 |1533 |1130 | 406 |1533 | 540 | 356 |3052 |  11k| 6.887091e+03 |      --      |    Inf 
 4883s| 14600 |  5729 |  8657k|  23M|  48 |  33 |1533 |1112 | 320 |1533 | 540 | 356 |3065 |  11k| 6.887246e+03 |      --      |    Inf 
 4909s| 14700 |  5768 |  8704k|  23M|  48 |  98 |1533 |1086 | 481 |1533 | 540 | 356 |3084 |  12k| 6.887343e+03 |      --      |    Inf 
 4933s| 14800 |  5798 |  8745k|  23M|  48 |  92 |1533 |1065 | 355 |1533 | 540 | 356 |3100 |  12k| 6.887343e+03 |      --      |    Inf 
 4958s| 14900 |  5821 |  8795k|  23M|  48 |   - |1533 |1034 | 325 |   0 |   0 | 356 |3113 |  12k| 6.887343e+03 |      --      |    Inf 
 4980s| 15000 |  5857 |  8835k|  23M|  48 |  19 |1533 |1013 | 354 |1533 | 540 | 356 |3120 |  12k| 6.887354e+03 |      --      |    Inf 
 5032s| 15100 |  5877 |  8919k|  23M|  48 |   - |1533 | 995 | 212 |1533 | 540 | 356 |3139 |  12k| 6.887354e+03 |      --      |    Inf 
 5068s| 15200 |  5899 |  8979k|  23M|  48 |  69 |1533 | 993 | 330 |1533 | 540 | 356 |3165 |  12k| 6.887362e+03 |      --      |    Inf 
 time | node  | left  |LP iter| mem |mdpt |frac |vars |cons |ccons|cols |rows |cuts |confs|strbr|  dualbound   | primalbound  |  gap   
 5095s| 15300 |  5919 |  9026k|  23M|  48 |   8 |1533 | 969 | 278 |1533 | 540 | 356 |3180 |  12k| 6.887362e+03 |      --      |    Inf 
 5114s| 15400 |  5934 |  9061k|  23M|  51 |   - |1533 | 963 | 166 |1533 | 540 | 356 |3208 |  12k| 6.887362e+03 |      --      |    Inf 
 5142s| 15500 |  5957 |  9112k|  23M|  56 |  80 |1533 | 958 | 283 |1533 | 540 | 356 |3238 |  12k| 6.887441e+03 |      --      |    Inf 
 5190s| 15600 |  5966 |  9201k|  23M|  56 |   - |1533 | 973 | 326 |1533 | 540 | 356 |3269 |  12k| 6.887441e+03 |      --      |    Inf 
 5230s| 15700 |  5969 |  9278k|  23M|  56 | 103 |1533 | 996 | 322 |1533 | 540 | 356 |3297 |  12k| 6.887441e+03 |      --      |    Inf 
 5271s| 15800 |  5972 |  9354k|  23M|  56 |   - |1533 |1021 | 219 |1533 | 540 | 356 |3330 |  12k| 6.887441e+03 |      --      |    Inf 
 5298s| 15900 |  5996 |  9409k|  24M|  56 |   - |1533 |1004 | 450 |   0 |   0 | 356 |3366 |  12k| 6.887522e+03 |      --      |    Inf 
 5319s| 16000 |  6005 |  9449k|  24M|  56 | 108 |1533 |1026 | 367 |1533 | 540 | 356 |3409 |  12k| 6.887522e+03 |      --      |    Inf 
 5348s| 16100 |  6023 |  9495k|  24M|  75 | 156 |1533 |1005 | 604 |1533 | 540 | 356 |3430 |  12k| 6.887522e+03 |      --      |    Inf 
 5410s| 16200 |  6040 |  9586k|  24M|  75 | 143 |1533 | 991 | 416 |1533 | 540 | 356 |3462 |  12k| 6.887522e+03 |      --      |    Inf 
 5440s| 16300 |  6069 |  9630k|  24M|  75 |  21 |1533 | 975 | 380 |1533 | 540 | 356 |3493 |  12k| 6.887522e+03 |      --      |    Inf 
 5480s| 16400 |  6090 |  9695k|  24M|  75 |   - |1533 | 960 | 285 |   0 |   0 | 356 |3514 |  12k| 6.887522e+03 |      --      |    Inf 
 5511s| 16500 |  6102 |  9753k|  24M|  75 |  63 |1533 | 946 | 312 |1533 | 540 | 356 |3533 |  12k| 6.887522e+03 |      --      |    Inf 
 5547s| 16600 |  6132 |  9815k|  24M|  75 |   - |1533 | 956 | 204 |1533 | 540 | 356 |3566 |  12k| 6.887525e+03 |      --      |    Inf 
 5570s| 16700 |  6145 |  9862k|  24M|  75 | 125 |1533 | 964 | 375 |1533 | 540 | 356 |3589 |  13k| 6.887525e+03 |      --      |    Inf 
 time | node  | left  |LP iter| mem |mdpt |frac |vars |cons |ccons|cols |rows |cuts |confs|strbr|  dualbound   | primalbound  |  gap   
 5598s| 16800 |  6167 |  9920k|  24M|  75 |  67 |1533 | 944 | 383 |1533 | 540 | 356 |3619 |  13k| 6.887825e+03 |      --      |    Inf 
 5639s| 16900 |  6199 |  9971k|  24M|  75 | 179 |1533 | 918 | 694 |1533 | 540 | 356 |3631 |  13k| 6.887825e+03 |      --      |    Inf 
 5656s| 17000 |  6228 | 10008k|  24M|  75 |  27 |1533 | 930 | 275 |1533 | 540 | 356 |3655 |  13k| 6.887825e+03 |      --      |    Inf 
 5674s| 17100 |  6235 | 10044k|  24M|  75 | 164 |1533 | 945 | 574 |1533 | 540 | 356 |3693 |  13k| 6.887825e+03 |      --      |    Inf 
 5697s| 17200 |  6272 | 10086k|  25M|  75 |  94 |1533 | 926 | 465 |1533 | 540 | 356 |3707 |  13k| 6.887825e+03 |      --      |    Inf 
 5717s| 17300 |  6300 | 10127k|  25M|  75 |  56 |1533 | 916 | 425 |1533 | 540 | 356 |3731 |  13k| 6.887881e+03 |      --      |    Inf 
 5749s| 17400 |  6340 | 10182k|  25M|  75 | 150 |1533 | 871 | 629 |1533 | 540 | 356 |3738 |  13k| 6.887881e+03 |      --      |    Inf 
 5768s| 17500 |  6364 | 10229k|  25M|  75 |   - |1533 | 870 | 343 |1533 | 540 | 356 |3773 |  13k| 6.887881e+03 |      --      |    Inf 
 5803s| 17600 |  6406 | 10293k|  25M|  75 | 109 |1533 | 852 | 356 |1533 | 540 | 356 |3791 |  13k| 6.887881e+03 |      --      |    Inf 
 5844s| 17700 |  6424 | 10364k|  25M|  75 |   - |1533 | 872 | 331 |   0 |   0 | 356 |3827 |  13k| 6.887881e+03 |      --      |    Inf 
 5878s| 17800 |  6458 | 10425k|  25M|  75 |  15 |1533 | 869 | 386 |1533 | 540 | 356 |3856 |  13k| 6.887881e+03 |      --      |    Inf 
 5915s| 17900 |  6497 | 10479k|  25M|  75 |  17 |1533 | 851 | 243 |1533 | 540 | 356 |3867 |  13k| 6.887926e+03 |      --      |    Inf 
 5947s| 18000 |  6527 | 10544k|  26M|  75 |   - |1533 | 827 | 232 |1533 | 540 | 356 |3889 |  13k| 6.887949e+03 |      --      |    Inf 
 5993s| 18100 |  6554 | 10636k|  26M|  75 |   - |1533 | 805 | 305 |   0 |   0 | 356 |3914 |  13k| 6.888061e+03 |      --      |    Inf 
 6023s| 18200 |  6589 | 10687k|  26M|  75 |   - |1533 | 807 | 210 |1533 | 540 | 356 |3938 |  13k| 6.888072e+03 |      --      |    Inf 
(node 18292) unresolved numerical troubles in LP 26270
 time | node  | left  |LP iter| mem |mdpt |frac |vars |cons |ccons|cols |rows |cuts |confs|strbr|  dualbound   | primalbound  |  gap   
 6072s| 18300 |  6610 | 10786k|  26M|  75 |   - |1533 | 781 | 224 |1533 | 540 | 356 |3956 |  13k| 6.888081e+03 |      --      |    Inf 
 6127s| 18400 |  6646 | 10865k|  26M|  75 |   - |1533 | 776 | 322 |1533 | 540 | 356 |3985 |  13k| 6.888081e+03 |      --      |    Inf 
 6151s| 18500 |  6688 | 10922k|  26M|  75 |   7 |1533 | 758 | 229 |1533 | 540 | 356 |3994 |  13k| 6.888114e+03 |      --      |    Inf 
 6171s| 18600 |  6719 | 10970k|  26M|  75 |   - |1533 | 772 | 243 |   0 |   0 | 356 |4023 |  13k| 6.888148e+03 |      --      |    Inf 
 6194s| 18700 |  6751 | 11009k|  26M|  75 | 108 |1533 | 783 | 356 |1533 | 540 | 356 |4052 |  13k| 6.888148e+03 |      --      |    Inf 
 6217s| 18800 |  6778 | 11059k|  26M|  75 |  91 |1533 | 786 | 517 |1533 | 540 | 356 |4077 |  13k| 6.888148e+03 |      --      |    Inf 
 6242s| 18900 |  6814 | 11115k|  26M|  75 |   - |1533 | 771 | 257 |1533 | 540 | 356 |4088 |  13k| 6.888148e+03 |      --      |    Inf 
 6270s| 19000 |  6834 | 11163k|  27M|  75 |  94 |1533 | 772 | 380 |1533 | 540 | 356 |4105 |  13k| 6.888148e+03 |      --      |    Inf 
 6293s| 19100 |  6871 | 11208k|  27M|  75 |   - |1533 | 790 | 187 |1533 | 540 | 356 |4140 |  13k| 6.888152e+03 |      --      |    Inf 
 6311s| 19200 |  6896 | 11242k|  27M|  75 |  95 |1533 | 817 | 376 |1533 | 540 | 356 |4179 |  13k| 6.888152e+03 |      --      |    Inf 
 6329s| 19300 |  6930 | 11281k|  27M|  75 |  97 |1533 | 819 | 421 |1533 | 540 | 356 |4212 |  13k| 6.888152e+03 |      --      |    Inf 
 6366s| 19400 |  6967 | 11345k|  27M|  75 |  51 |1533 | 816 | 248 |1533 | 540 | 356 |4223 |  13k| 6.888225e+03 |      --      |    Inf 
 6384s| 19500 |  6974 | 11377k|  27M|  75 |   - |1533 | 832 | 261 |1533 | 540 | 356 |4249 |  13k| 6.888225e+03 |      --      |    Inf 
 6399s| 19600 |  6990 | 11410k|  27M|  75 |   - |1533 | 816 | 364 |1533 | 540 | 356 |4258 |  13k| 6.888225e+03 |      --      |    Inf 
 6426s| 19700 |  7004 | 11467k|  27M|  75 |  27 |1533 | 825 | 306 |1533 | 540 | 356 |4273 |  14k| 6.888225e+03 |      --      |    Inf 
 time | node  | left  |LP iter| mem |mdpt |frac |vars |cons |ccons|cols |rows |cuts |confs|strbr|  dualbound   | primalbound  |  gap   
 6448s| 19800 |  7012 | 11508k|  27M|  75 |  62 |1533 | 821 | 299 |1533 | 540 | 356 |4280 |  14k| 6.888225e+03 |      --      |    Inf 
 6480s| 19900 |  7034 | 11573k|  27M|  75 |   - |1533 | 826 | 238 |1533 | 540 | 356 |4297 |  14k| 6.888261e+03 |      --      |    Inf 
 6519s| 20000 |  7039 | 11640k|  27M|  75 |  69 |1533 | 839 | 328 |1533 | 540 | 356 |4315 |  14k| 6.888261e+03 |      --      |    Inf 
 6561s| 20100 |  7056 | 11706k|  27M|  75 |  58 |1533 | 854 | 381 |1533 | 540 | 356 |4350 |  14k| 6.888261e+03 |      --      |    Inf 
 6593s| 20200 |  7075 | 11743k|  27M|  75 |  51 |1533 | 869 | 257 |1533 | 540 | 356 |4379 |  14k| 6.888261e+03 |      --      |    Inf 
 6607s| 20300 |  7084 | 11773k|  27M|  75 |   - |1533 | 861 | 256 |   0 |   0 | 356 |4394 |  14k| 6.888261e+03 |      --      |    Inf 
(node 20314) unresolved numerical troubles in LP 29059
 6677s| 20400 |  7112 | 11897k|  27M|  75 |   - |1533 | 866 | 252 |1533 | 540 | 356 |4425 |  14k| 6.888261e+03 |      --      |    Inf 
 6694s| 20500 |  7136 | 11926k|  28M|  75 |   - |1533 | 874 | 355 |1533 | 540 | 356 |4454 |  14k| 6.888285e+03 |      --      |    Inf 
 6720s| 20600 |  7162 | 11985k|  28M|  75 |   - |1533 | 844 | 303 |1533 | 540 | 356 |4474 |  14k| 6.888293e+03 |      --      |    Inf 
 6745s| 20700 |  7195 | 12039k|  28M|  75 |   - |1533 | 849 | 231 |1533 | 540 | 356 |4500 |  14k| 6.888307e+03 |      --      |    Inf 
 6776s| 20800 |  7216 | 12105k|  28M|  75 |   - |1533 | 824 | 269 |1533 | 540 | 356 |4504 |  14k| 6.888307e+03 |      --      |    Inf 
 6807s| 20900 |  7236 | 12167k|  28M|  75 | 117 |1533 | 826 | 657 |1533 | 540 | 356 |4540 |  14k| 6.888376e+03 |      --      |    Inf 
 6837s| 21000 |  7272 | 12222k|  28M|  75 | 100 |1533 | 824 | 430 |1533 | 540 | 356 |4557 |  14k| 6.888376e+03 |      --      |    Inf 
 6868s| 21100 |  7309 | 12278k|  28M|  75 |   - |1533 | 826 | 213 |1533 | 540 | 356 |4598 |  14k| 6.888376e+03 |      --      |    Inf 
 6892s| 21200 |  7328 | 12323k|  28M|  75 |   - |1533 | 810 | 288 |   0 |   0 | 356 |4615 |  14k| 6.888427e+03 |      --      |    Inf 
 time | node  | left  |LP iter| mem |mdpt |frac |vars |cons |ccons|cols |rows |cuts |confs|strbr|  dualbound   | primalbound  |  gap   
 6933s| 21300 |  7360 | 12397k|  28M|  75 |   - |1533 | 813 | 351 |1533 | 540 | 356 |4643 |  14k| 6.888427e+03 |      --      |    Inf 
 6965s| 21400 |  7388 | 12460k|  28M|  75 | 112 |1533 | 807 | 452 |1533 | 540 | 356 |4670 |  14k| 6.888427e+03 |      --      |    Inf 
 7003s| 21500 |  7420 | 12529k|  29M|  75 |   - |1533 | 784 | 285 |1533 | 540 | 356 |4682 |  14k| 6.888458e+03 |      --      |    Inf 
(node 21539) unresolved numerical troubles in LP 30745
 7020s| 21600 |  7447 | 12566k|  29M|  75 |   - |1533 | 784 | 254 |1533 | 540 | 356 |4697 |  14k| 6.888465e+03 |      --      |    Inf 
 7045s| 21700 |  7476 | 12625k|  29M|  75 |   - |1533 | 786 | 234 |1533 | 540 | 356 |4727 |  14k| 6.888471e+03 |      --      |    Inf 
 7082s| 21800 |  7499 | 12693k|  29M|  75 |   - |1533 | 786 | 248 |   0 |   0 | 356 |4747 |  14k| 6.888589e+03 |      --      |    Inf 
 7118s| 21900 |  7519 | 12753k|  29M|  75 |  32 |1533 | 787 | 265 |1533 | 540 | 356 |4770 |  14k| 6.888589e+03 |      --      |    Inf 
 7166s| 22000 |  7541 | 12807k|  29M|  75 |  43 |1533 | 777 | 294 |1533 | 540 | 356 |4790 |  14k| 6.888636e+03 |      --      |    Inf 
 7198s| 22100 |  7568 | 12858k|  29M|  75 |   - |1533 | 776 | 358 |   0 |   0 | 356 |4809 |  14k| 6.888636e+03 |      --      |    Inf 
 7228s| 22200 |  7604 | 12924k|  29M|  75 |  69 |1533 | 787 | 304 |1533 | 540 | 356 |4843 |  14k| 6.889085e+03 |      --      |    Inf 
 7262s| 22300 |  7626 | 12959k|  29M|  75 |  77 |1533 | 797 | 284 |1533 | 540 | 356 |4860 |  14k| 6.889093e+03 |      --      |    Inf 
 7283s| 22400 |  7652 | 13001k|  29M|  75 | 124 |1533 | 809 | 376 |1533 | 540 | 356 |4884 |  14k| 6.889093e+03 |      --      |    Inf 
 7301s| 22500 |  7670 | 13039k|  30M|  75 |  36 |1533 | 833 | 255 |1533 | 540 | 356 |4917 |  14k| 6.889093e+03 |      --      |    Inf 
 7337s| 22600 |  7691 | 13107k|  30M|  75 |  67 |1533 | 844 | 291 |1533 | 540 | 356 |4938 |  14k| 6.889093e+03 |      --      |    Inf 
 7376s| 22700 |  7704 | 13173k|  30M|  75 | 117 |1533 | 880 | 389 |1533 | 540 | 356 |4999 |  15k| 6.889127e+03 |      --      |    Inf 
 time | node  | left  |LP iter| mem |mdpt |frac |vars |cons |ccons|cols |rows |cuts |confs|strbr|  dualbound   | primalbound  |  gap   
 7418s| 22800 |  7730 | 13227k|  30M|  75 |   6 |1533 | 888 | 426 |1533 | 540 | 356 |5029 |  15k| 6.889127e+03 |      --      |    Inf 
 7455s| 22900 |  7749 | 13287k|  30M|  75 | 131 |1533 | 879 | 401 |1533 | 540 | 356 |5041 |  15k| 6.889127e+03 |      --      |    Inf 
 7502s| 23000 |  7782 | 13365k|  30M|  75 |  47 |1533 | 873 | 243 |1533 | 540 | 356 |5070 |  15k| 6.889127e+03 |      --      |    Inf 
 7528s| 23100 |  7799 | 13417k|  30M|  75 |   - |1533 | 874 | 296 |1533 | 540 | 356 |5093 |  15k| 6.889127e+03 |      --      |    Inf 
 7554s| 23200 |  7821 | 13470k|  30M|  75 |   - |1533 | 883 | 274 |1533 | 540 | 356 |5129 |  15k| 6.889127e+03 |      --      |    Inf 
 7590s| 23300 |  7863 | 13540k|  30M|  75 |  55 |1533 | 882 | 309 |1533 | 540 | 356 |5152 |  15k| 6.889210e+03 |      --      |    Inf 
 7617s| 23400 |  7875 | 13593k|  30M|  75 |   - |1533 | 892 | 199 |1533 | 540 | 356 |5168 |  15k| 6.889210e+03 |      --      |    Inf 
 7647s| 23500 |  7899 | 13649k|  30M|  75 |   2 |1533 | 885 | 283 |1533 | 540 | 356 |5183 |  15k| 6.889323e+03 |      --      |    Inf 
 7665s| 23600 |  7933 | 13684k|  31M|  75 | 114 |1533 | 858 | 450 |1533 | 540 | 356 |5202 |  15k| 6.889323e+03 |      --      |    Inf 
 7688s| 23700 |  7956 | 13733k|  31M|  75 |  58 |1533 | 862 | 350 |1533 | 540 | 356 |5233 |  15k| 6.889323e+03 |      --      |    Inf 
 7728s| 23800 |  7977 | 13813k|  31M|  75 |   - |1533 | 848 | 294 |1533 | 540 | 356 |5258 |  15k| 6.889333e+03 |      --      |    Inf 
 7758s| 23900 |  7989 | 13868k|  31M|  75 |  54 |1533 | 859 | 240 |1533 | 540 | 356 |5293 |  15k| 6.889333e+03 |      --      |    Inf 
 7806s| 24000 |  8003 | 13962k|  31M|  75 |  47 |1533 | 862 | 267 |1533 | 540 | 356 |5323 |  15k| 6.889497e+03 |      --      |    Inf 
 7826s| 24100 |  8033 | 14008k|  31M|  75 |  63 |1533 | 844 | 338 |1533 | 540 | 356 |5329 |  15k| 6.889507e+03 |      --      |    Inf 
 7858s| 24200 |  8071 | 14065k|  31M|  75 |  22 |1533 | 819 | 369 |1533 | 540 | 356 |5343 |  15k| 6.889704e+03 |      --      |    Inf 
 time | node  | left  |LP iter| mem |mdpt |frac |vars |cons |ccons|cols |rows |cuts |confs|strbr|  dualbound   | primalbound  |  gap   
 7876s| 24300 |  8098 | 14104k|  31M|  75 |  12 |1533 | 812 | 361 |1533 | 540 | 356 |5347 |  15k| 6.889705e+03 |      --      |    Inf 
 7920s| 24400 |  8134 | 14158k|  31M|  75 |   - |1533 | 811 | 224 |1533 | 540 | 356 |5360 |  15k| 6.889712e+03 |      --      |    Inf 
 7953s| 24500 |  8155 | 14215k|  31M|  75 |  54 |1533 | 817 | 289 |1533 | 540 | 356 |5381 |  15k| 6.889887e+03 |      --      |    Inf 
 7989s| 24600 |  8167 | 14275k|  31M|  75 |  42 |1533 | 831 | 251 |1533 | 540 | 356 |5409 |  15k| 6.889887e+03 |      --      |    Inf 
 8016s| 24700 |  8174 | 14317k|  31M|  75 |  75 |1533 | 864 | 284 |1533 | 540 | 356 |5449 |  15k| 6.889887e+03 |      --      |    Inf 
 8038s| 24800 |  8180 | 14356k|  31M|  75 |   - |1533 | 876 | 225 |1533 | 540 | 356 |5467 |  15k| 6.889887e+03 |      --      |    Inf 
 8065s| 24900 |  8215 | 14406k|  32M|  75 |   - |1533 | 873 | 183 |1533 | 540 | 356 |5497 |  15k| 6.889962e+03 |      --      |    Inf 
(node 24913) unresolved numerical troubles in LP 35344
 8084s| 25000 |  8239 | 14450k|  32M|  75 |  34 |1533 | 880 | 255 |1533 | 540 | 356 |5520 |  15k| 6.889962e+03 |      --      |    Inf 
 8112s| 25100 |  8257 | 14507k|  32M|  75 |  27 |1533 | 879 | 234 |1533 | 540 | 356 |5541 |  16k| 6.889962e+03 |      --      |    Inf 
 8132s| 25200 |  8287 | 14550k|  32M|  75 |   8 |1533 | 872 | 203 |1533 | 540 | 356 |5562 |  16k| 6.890066e+03 |      --      |    Inf 
 8153s| 25300 |  8319 | 14584k|  32M|  75 |  70 |1533 | 871 | 253 |1533 | 540 | 356 |5574 |  16k| 6.890116e+03 |      --      |    Inf 
 8162s| 25400 |  8360 | 14603k|  32M|  75 |  62 |1533 | 868 | 342 |1533 | 540 | 356 |5584 |  16k| 6.890158e+03 |      --      |    Inf 
 8202s| 25500 |  8372 | 14673k|  32M|  75 |   - |1533 | 871 | 230 |1533 | 540 | 356 |5609 |  16k| 6.890158e+03 |      --      |    Inf 
(node 25517) unresolved numerical troubles in LP 36199

SCIP Status        : solving was interrupted [time limit reached]
Solving Time (sec) : 10000.03
Solving Nodes      : 25517
Primal Bound       : +1.00000000000000e+20 (0 solutions)
Dual Bound         : +6.89015775986257e+03
Gap                : infinite

primal solution:
================

no solution available

Statistics
==========

SCIP Status        : solving was interrupted [time limit reached]
Solving Time       :   10000.03
Original Problem   :
  Problem name     : labtel
  Variables        : 1538 (777 binary, 0 integer, 0 implicit integer, 761 continuous)
  Constraints      : 364 initial, 364 maximal
Presolved Problem  :
  Problem name     : t_labtel
  Variables        : 1533 (777 binary, 0 integer, 0 implicit integer, 756 continuous)
  Constraints      : 360 initial, 1391 maximal
Presolvers         :       Time  FixedVars   AggrVars   ChgTypes  ChgBounds   AddHoles    DelCons   ChgSides   ChgCoefs
  trivial          :       0.00          0          0          0          0          0          0          0          0
  dualfix          :       0.00          0          0          0          0          0          0          0          0
  boundshift       :       0.00          0          0          0          0          0          0          0          0
  inttobinary      :       0.00          0          0          0          0          0          0          0          0
  implics          :       0.00          0          0          0          0          0          0          0          0
  probing          :       0.06          0          0          0          0          0          0          0          0
  knapsack         :       0.00          0          0          0          0          0          0          0          0
  setppc           :       0.00          0          0          0          0          0          0          0          0
  linear           :       0.02          0          5          0          4          0          4          3        126
  logicor          :       0.00          0          0          0          0          0          0          0          0
  bounddisjunction :       0.00          0          0          0          0          0          0          0          0
  root node        :          -          0          -          -          0          -          -          -          -
Constraints        :     Number  #Separate #Propagate    #EnfoLP    #EnfoPS    Cutoffs    DomReds       Cuts      Conss   Children
  integral         :          0          0          0      17288          0          2        188          0          0      34340
  knapsack         :          1         12      78169          0          9          2       4620          0          0          0
  setppc           :        126         12      79898          0          9        179    1183678          0          0          0
  linear           :        233         12      79727          0          0       1289    1189874          0          0          0
  logicor          :          0+         0      32687          0          0        629       9933          0          0          0
  bounddisjunction :          0+         0        437          0          0          0          0          0          0          0
  countsols        :          0          0          0          0          9          0          0          0          0          0
Constraint Timings :  TotalTime   Separate  Propagate     EnfoLP     EnfoPS
  integral         :     627.30       0.00       0.00     627.30       0.00
  knapsack         :       0.31       0.00       0.30       0.00       0.01
  setppc           :       8.13       0.00       8.13       0.00       0.00
  linear           :      27.62       0.07      27.55       0.00       0.00
  logicor          :       2.61       0.00       2.61       0.00       0.00
  bounddisjunction :       0.01       0.00       0.01       0.00       0.00
  countsols        :       0.00       0.00       0.00       0.00       0.00
Propagators        :       Time      Calls    Cutoffs    DomReds
  rootredcost      :       0.10          0          0          0
  pseudoobj        :       5.70      79860          0          0
Conflict Analysis  :       Time      Calls    Success  Conflicts   Literals    Reconvs ReconvLits   LP Iters
  propagation      :       0.51       2099       2098       8896       44.9         28       21.2          -
  infeasible LP    :      13.27       6587        496       5243       71.7          6       60.8          0
  bound exceed. LP :       0.00          0          0          0        0.0          0        0.0          0
  strong branching :       0.00          0          0          0        0.0          0        0.0          0
  pseudo solution  :       0.00          0          0          0        0.0          0        0.0          -
  applied globally :          -          -          -       5606       22.0          -          -          -
  applied locally  :          -          -          -          3      539.7          -          -          -
Separators         :       Time      Calls    Cutoffs    DomReds       Cuts      Conss
  cut pool         :       0.00         11          -          -         24          -    (maximal pool size: 664)
  redcost          :       1.21      17369          0        376          0          0
  impliedbounds    :       0.00         12          0          0          0          0
  intobj           :       0.00          0          0          0          0          0
  gomory           :       0.11         12          0          0          2          0
  strongcg         :       0.09         12          0          0          0          0
  cmir             :       3.13         10          0          0        619          0
  flowcover        :       1.85         10          0          0         54          0
  clique           :       0.01         12          0          0          0          0
  zerohalf         :       0.00          0          0          0          0          0
  mcf              :       0.00          0          0          0          0          0
Pricers            :       Time      Calls       Vars
  problem variables:       0.00          0          0
Branching Rules    :       Time      Calls    Cutoffs    DomReds       Cuts      Conss   Children
  relpscost        :     627.22      17288          2        188          0          0      34340
  pscost           :       0.00          0          0          0          0          0          0
  inference        :       0.00          9          0          0          0          0         18
  mostinf          :       0.00          0          0          0          0          0          0
  leastinf         :       0.00          0          0          0          0          0          0
  fullstrong       :       0.00          0          0          0          0          0          0
  allfullstrong    :       0.00          0          0          0          0          0          0
  random           :       0.00          0          0          0          0          0          0
Primal Heuristics  :       Time      Calls      Found
  LP solutions     :       0.00          -          0
  pseudo solutions :       0.00          -          0
  oneopt           :       0.14          0          0
  crossover        :       0.01          0          0
  guideddiving     :       0.00          0          0
  feaspump         :       7.16          4          0
  rootsoldiving    :      13.88          4          0
  objpscostdiving  :      15.75          4          0
  coefdiving       :       9.63          8          0
  pscostdiving     :      15.41          8          0
  fracdiving       :       8.39          8          0
  veclendiving     :       8.86          8          0
  linesearchdiving :       3.62          8          0
  intshifting      :       0.13          8          0
  simplerounding   :       0.13          0          0
  rounding         :       0.43       1846          0
  shifting         :       1.38        522          0
  fixandinfer      :       0.00          0          0
  intdiving        :       0.00          0          0
  actconsdiving    :       0.00          0          0
  octane           :       0.00          0          0
  rens             :      11.38          1          0
  rins             :       0.00          0          0
  localbranching   :       0.00          0          0
  mutation         :       0.00          0          0
  dins             :       0.00          0          0
LP                 :       Time      Calls Iterations  Iter/call   Iter/sec
  primal LP        :      28.99        131      86281     658.63    2976.23
  dual LP          :    9123.67      34836   14391621     413.12    1577.39
  barrier LP       :       0.00          0          0       0.00          -
  diving/probing LP:      80.31       1232     211989     172.07    2639.63
  strong branching :     624.56      16188    1740406     107.51    2786.61
    (at root node) :          -         17       2788     164.00          -
  conflict analysis:       0.00          0          0       0.00          -
B&B Tree           :
  number of runs   :          1
  nodes            :      25517
  nodes (total)    :      25517
  nodes left       :       8377
  max depth        :         75
  max depth (total):         75
  backtracks       :       1883 (7.4%)
  delayed cutoffs  :        465
  repropagations   :      10477 (187355 domain reductions, 223 cutoffs)
  avg switch length:       4.40
  switching time   :      17.78
Solution           :
  Solutions found  :          0 (0 improvements)
  Primal Bound     :          -
  Dual Bound       : +6.89015775986257e+03
  Gap              :   infinite
  Root Dual Bound  : +6.87325087152569e+03
