HmaxDs = 2.000000
HmaxUB_percent = 1.078831
HmaxUB_real = 7836.315523
FTnetDs = 2.000000
FTnetUB_percent = 1.850134
FTnetUB_real = 35938.473211
TIFgap = 0.400000
LimCIPF = 74.75492388
SCIP version 1.1.0 [precision: 8 byte] [memory: block] [mode: optimized] [LP solver: Clp 1.8.2]
Copyright (c) 2002-2008 Konrad-Zuse-Zentrum fuer Informationstechnik Berlin (ZIB)

reading user parameter file </home/fabio/docs/hierarquia/models/scip.set>

read problem <data.N30.I1.s1.cluster3.T7.GL1.W3.TIFgap0.4.mps.gz>
============

original problem has 1538 variables (777 bin, 0 int, 0 impl, 761 cont) and 364 constraints

solve problem
=============

presolving:
(round 1) 3 del vars, 3 del conss, 4 chg bounds, 0 chg sides, 126 chg coeffs, 0 upgd conss, 0 impls, 126 clqs
(round 2) 5 del vars, 3 del conss, 4 chg bounds, 1 chg sides, 126 chg coeffs, 0 upgd conss, 0 impls, 126 clqs
(round 3) 5 del vars, 3 del conss, 4 chg bounds, 3 chg sides, 126 chg coeffs, 0 upgd conss, 0 impls, 126 clqs
(round 4) 5 del vars, 4 del conss, 4 chg bounds, 3 chg sides, 126 chg coeffs, 127 upgd conss, 0 impls, 126 clqs
   (0.3s) probing: 443/777 (57.0%) - 0 fixings, 0 aggregations, 6485 implications, 0 bound changes
   (0.3s) probing aborted: 100/100 successive totally useless probings
presolving (5 rounds):
 5 deleted vars, 4 deleted constraints, 4 tightened bounds, 0 added holes, 3 changed sides, 126 changed coefficients
 12970 implications, 126 cliques
presolved problem has 1533 variables (777 bin, 0 int, 0 impl, 756 cont) and 360 constraints
      1 constraints of type <knapsack>
    126 constraints of type <setppc>
    233 constraints of type <linear>
Presolving Time: 0.34

 time | node  | left  |LP iter| mem |mdpt |frac |vars |cons |ccons|cols |rows |cuts |confs|strbr|  dualbound   | primalbound  |  gap   
  0.4s|     1 |     0 |   382 |3857k|   0 | 160 |1533 | 360 | 360 |1533 | 360 |   0 |   0 |   0 | 2.148285e+01 |      --      |    Inf 
  1.1s|     1 |     0 |  2785 |4259k|   0 | 128 |1533 | 360 | 360 |1533 | 408 |  48 |   0 |   0 | 1.174225e+02 |      --      |    Inf 
  1.9s|     1 |     0 |  4359 |4482k|   0 | 124 |1533 | 360 | 360 |1533 | 439 |  79 |   0 |   0 | 5.091279e+03 |      --      |    Inf 
  2.9s|     1 |     0 |  5545 |4579k|   0 | 121 |1533 | 360 | 360 |1533 | 470 | 110 |   0 |   0 | 6.806950e+03 |      --      |    Inf 
  3.7s|     1 |     0 |  6232 |4701k|   0 | 150 |1533 | 360 | 360 |1533 | 512 | 152 |   0 |   0 | 7.188276e+03 |      --      |    Inf 
  4.8s|     1 |     0 |  7390 |4853k|   0 | 142 |1533 | 360 | 360 |1533 | 557 | 197 |   0 |   0 | 7.557778e+03 |      --      |    Inf 
  5.9s|     1 |     0 |  8253 |5037k|   0 | 150 |1533 | 360 | 360 |1533 | 605 | 245 |   0 |   0 | 7.641874e+03 |      --      |    Inf 
  6.9s|     1 |     0 |  8863 |5213k|   0 | 165 |1533 | 360 | 360 |1533 | 651 | 291 |   0 |   0 | 7.682589e+03 |      --      |    Inf 
  8.0s|     1 |     0 |  9483 |5356k|   0 | 165 |1533 | 360 | 360 |1533 | 686 | 326 |   0 |   0 | 7.690934e+03 |      --      |    Inf 
  9.1s|     1 |     0 | 10281 |5443k|   0 | 178 |1533 | 360 | 360 |1533 | 719 | 359 |   0 |   0 | 7.699947e+03 |      --      |    Inf 
 10.9s|     1 |     0 | 12715 |5523k|   0 | 189 |1533 | 360 | 360 |1533 | 742 | 382 |   0 |   0 | 7.812197e+03 |      --      |    Inf 
 25.9s|     1 |     2 | 12715 |5533k|   0 | 189 |1533 | 360 | 360 |1533 | 742 | 382 |   0 |  35 | 7.812197e+03 |      --      |    Inf 
  125s|   100 |    54 |146573 |5863k|  16 |   - |1533 | 383 | 227 |1533 | 538 | 382 |  23 |1223 | 7.813691e+03 |      --      |    Inf 
  164s|   200 |    76 |230402 |5958k|  18 | 103 |1533 | 405 | 336 |1533 | 538 | 382 |  45 |1489 | 7.814424e+03 |      --      |    Inf 
  202s|   300 |   113 |308305 |6068k|  20 | 134 |1533 | 436 | 387 |1533 | 538 | 382 |  76 |1750 | 7.815042e+03 |      --      |    Inf 
 time | node  | left  |LP iter| mem |mdpt |frac |vars |cons |ccons|cols |rows |cuts |confs|strbr|  dualbound   | primalbound  |  gap   
  223s|   400 |   129 |352310 |6169k|  33 |   - |1533 | 468 | 232 |1533 | 538 | 382 | 108 |1904 | 7.815042e+03 |      --      |    Inf 
  251s|   500 |   157 |416257 |6329k|  33 |  32 |1533 | 486 | 238 |1533 | 538 | 382 | 126 |2032 | 7.815167e+03 |      --      |    Inf 
  278s|   600 |   171 |475870 |6418k|  41 |   - |1533 | 516 | 371 |   0 |   0 | 382 | 156 |2148 | 7.815167e+03 |      --      |    Inf 
  309s|   700 |   197 |539492 |6540k|  41 |   - |1533 | 536 | 277 |1533 | 538 | 382 | 176 |2344 | 7.815349e+03 |      --      |    Inf 
  338s|   800 |   211 |600934 |6639k|  41 |   - |1533 | 585 | 296 |   0 |   0 | 382 | 225 |2569 | 7.815349e+03 |      --      |    Inf 
  364s|   900 |   235 |664442 |6780k|  41 |  38 |1533 | 604 | 258 |1533 | 538 | 382 | 244 |2681 | 7.815490e+03 |      --      |    Inf 
  383s|  1000 |   254 |715024 |6888k|  41 |   - |1533 | 612 | 331 |1533 | 538 | 382 | 253 |2728 | 7.815629e+03 |      --      |    Inf 
  398s|  1100 |   272 |753391 |6972k|  41 |   - |1533 | 622 | 304 |   0 |   0 | 382 | 265 |2783 | 7.815666e+03 |      --      |    Inf 
  420s|  1200 |   301 |796712 |7060k|  41 |   - |1533 | 639 | 257 |   0 |   0 | 382 | 283 |2930 | 7.815721e+03 |      --      |    Inf 
  454s|  1300 |   331 |867442 |7155k|  41 | 119 |1533 | 662 | 469 |1533 | 538 | 382 | 307 |3115 | 7.818013e+03 |      --      |    Inf 
  501s|  1400 |   350 |957396 |7259k|  41 | 136 |1533 | 696 | 491 |1533 | 538 | 382 | 347 |3384 | 7.818271e+03 |      --      |    Inf 
  522s|  1500 |   362 |  1007k|7360k|  41 |  65 |1533 | 717 | 431 |1533 | 538 | 382 | 372 |3449 | 7.818304e+03 |      --      |    Inf 
  540s|  1600 |   388 |  1059k|7449k|  41 |  40 |1533 | 739 | 328 |1533 | 538 | 382 | 397 |3485 | 7.818420e+03 |      --      |    Inf 
  554s|  1700 |   400 |  1097k|7499k|  41 |   - |1533 | 761 | 374 |   0 |   0 | 382 | 420 |3496 | 7.818420e+03 |      --      |    Inf 
  587s|  1800 |   419 |  1168k|7590k|  41 |  65 |1533 | 769 | 358 |1533 | 538 | 382 | 432 |3669 | 7.818788e+03 |      --      |    Inf 
 time | node  | left  |LP iter| mem |mdpt |frac |vars |cons |ccons|cols |rows |cuts |confs|strbr|  dualbound   | primalbound  |  gap   
  628s|  1900 |   434 |  1257k|7679k|  41 |   - |1533 | 786 | 232 |1533 | 538 | 382 | 452 |3900 | 7.818910e+03 |      --      |    Inf 
  668s|  2000 |   444 |  1340k|7690k|  41 |   - |1533 | 809 | 333 |   0 |   0 | 382 | 479 |4109 | 7.818920e+03 |      --      |    Inf 
  695s|  2100 |   449 |  1407k|7766k|  41 |   - |1533 | 837 | 386 |   0 |   0 | 382 | 512 |4162 | 7.818920e+03 |      --      |    Inf 
  716s|  2200 |   467 |  1465k|7798k|  41 |   - |1533 | 857 | 373 |1533 | 538 | 382 | 535 |4195 | 7.818920e+03 |      --      |    Inf 
  756s|  2300 |   477 |  1560k|7865k|  41 |   - |1533 | 873 | 302 |1533 | 538 | 382 | 558 |4346 | 7.819262e+03 |      --      |    Inf 
  783s|  2400 |   503 |  1617k|7955k|  41 |   - |1533 | 896 | 233 |   0 |   0 | 382 | 583 |4522 | 7.819385e+03 |      --      |    Inf 
  812s|  2500 |   512 |  1681k|8013k|  41 |  31 |1533 | 905 | 292 |1533 | 538 | 382 | 603 |4641 | 7.819537e+03 |      --      |    Inf 
  837s|  2600 |   523 |  1739k|8073k|  42 |   - |1533 | 917 | 280 |1533 | 538 | 382 | 626 |4787 | 7.819537e+03 |      --      |    Inf 
  875s|  2700 |   538 |  1820k|8137k|  42 |   - |1533 | 929 | 428 |   0 |   0 | 382 | 651 |4949 | 7.819679e+03 |      --      |    Inf 
  899s|  2800 |   552 |  1871k|8195k|  42 |  98 |1533 | 941 | 467 |1533 | 538 | 382 | 676 |4973 | 7.819725e+03 |      --      |    Inf 
  910s|  2900 |   570 |  1901k|8258k|  54 |  17 |1533 | 962 | 249 |1533 | 538 | 382 | 706 |4993 | 7.819725e+03 |      --      |    Inf 
  926s|  3000 |   576 |  1933k|8304k|  54 |  71 |1533 | 973 | 273 |1533 | 538 | 382 | 724 |5062 | 7.819725e+03 |      --      |    Inf 
  951s|  3100 |   573 |  1993k|8341k|  60 |   - |1533 | 977 | 383 |1533 | 538 | 382 | 743 |5100 | 7.819725e+03 |      --      |    Inf 
  977s|  3200 |   584 |  2058k|8384k|  60 |   - |1533 | 973 | 360 |1533 | 538 | 382 | 756 |5185 | 7.819725e+03 |      --      |    Inf 
 1002s|  3300 |   596 |  2111k|8445k|  60 |   - |1533 | 974 | 261 |1533 | 538 | 382 | 773 |5309 | 7.819799e+03 |      --      |    Inf 
 time | node  | left  |LP iter| mem |mdpt |frac |vars |cons |ccons|cols |rows |cuts |confs|strbr|  dualbound   | primalbound  |  gap   
 1039s|  3400 |   612 |  2191k|8510k|  60 |   - |1533 | 990 | 403 |   0 |   0 | 382 | 802 |5473 | 7.820082e+03 |      --      |    Inf 
 1068s|  3500 |   632 |  2249k|8610k|  60 | 131 |1533 |1002 | 537 |1533 | 538 | 382 | 834 |5602 | 7.820350e+03 |      --      |    Inf 
 1095s|  3600 |   648 |  2310k|8704k|  60 |  60 |1533 |1003 | 368 |1533 | 538 | 382 | 861 |5722 | 7.820559e+03 |      --      |    Inf 
 1118s|  3700 |   660 |  2363k|8788k|  60 | 144 |1533 |1042 | 440 |1533 | 538 | 382 | 915 |5777 | 7.820568e+03 |      --      |    Inf 
 1140s|  3800 |   668 |  2416k|8846k|  60 |   - |1533 |1052 | 254 |1533 | 538 | 382 | 944 |5834 | 7.820602e+03 |      --      |    Inf 
 1157s|  3900 |   673 |  2460k|8878k|  66 |   - |1533 |1058 | 326 |1533 | 538 | 382 | 970 |5876 | 7.820672e+03 |      --      |    Inf 
 1175s|  4000 |   683 |  2512k|8936k|  66 |  59 |1533 |1068 | 323 |1533 | 538 | 382 | 997 |5877 | 7.820672e+03 |      --      |    Inf 
 1192s|  4100 |   694 |  2560k|9005k|  66 |  64 |1533 |1072 | 319 |1533 | 538 | 382 |1027 |5888 | 7.820672e+03 |      --      |    Inf 
 1210s|  4200 |   706 |  2601k|9068k|  66 |  96 |1533 |1096 | 366 |1533 | 538 | 382 |1065 |5914 | 7.820672e+03 |      --      |    Inf 
 1225s|  4300 |   707 |  2642k|9122k|  69 |  94 |1533 |1095 | 349 |1533 | 538 | 382 |1099 |5918 | 7.820850e+03 |      --      |    Inf 
 1245s|  4400 |   715 |  2702k|9199k|  69 |  54 |1533 |1055 | 330 |1533 | 538 | 382 |1115 |5929 | 7.821305e+03 |      --      |    Inf 
 1258s|  4500 |   727 |  2736k|9251k|  69 | 123 |1533 |1040 | 483 |1533 | 538 | 382 |1124 |5929 | 7.821305e+03 |      --      |    Inf 
 1272s|  4600 |   735 |  2779k|9293k|  69 | 100 |1533 |1039 | 371 |1533 | 538 | 382 |1142 |5943 | 7.821305e+03 |      --      |    Inf 
 1290s|  4700 |   741 |  2821k|9324k|  69 |  65 |1533 |1017 | 312 |1533 | 538 | 382 |1159 |6031 | 7.821305e+03 |      --      |    Inf 
 1303s|  4800 |   749 |  2851k|9392k|  69 |   - |1533 | 985 | 468 |1533 | 538 | 382 |1166 |6097 | 7.821305e+03 |      --      |    Inf 
 time | node  | left  |LP iter| mem |mdpt |frac |vars |cons |ccons|cols |rows |cuts |confs|strbr|  dualbound   | primalbound  |  gap   
 1325s|  4900 |   763 |  2903k|9444k|  69 |   - |1533 | 946 | 265 |1533 | 538 | 382 |1172 |6197 | 7.821305e+03 |      --      |    Inf 
 1350s|  5000 |   771 |  2955k|9481k|  69 |  70 |1533 | 927 | 407 |1533 | 538 | 382 |1182 |6306 | 7.821305e+03 |      --      |    Inf 
 1386s|  5100 |   778 |  3027k|9542k|  69 |  59 |1533 | 906 | 349 |1533 | 538 | 382 |1206 |6436 | 7.821305e+03 |      --      |    Inf 
 1410s|  5200 |   786 |  3079k|9568k|  69 |  60 |1533 | 897 | 350 |1533 | 538 | 382 |1248 |6563 | 7.821305e+03 |      --      |    Inf 
 1436s|  5300 |   807 |  3140k|9672k|  69 |  69 |1533 | 869 | 370 |1533 | 538 | 382 |1274 |6616 | 7.821334e+03 |      --      |    Inf 
 1460s|  5400 |   816 |  3202k|9692k|  69 | 151 |1533 | 859 | 415 |1533 | 538 | 382 |1291 |6635 | 7.821335e+03 |      --      |    Inf 
 1482s|  5500 |   824 |  3266k|9735k|  69 | 111 |1533 | 853 | 452 |1533 | 538 | 382 |1331 |6643 | 7.821335e+03 |      --      |    Inf 
 1502s|  5600 |   829 |  3323k|9810k|  69 |  64 |1533 | 830 | 376 |1533 | 538 | 382 |1350 |6653 | 7.821403e+03 |      --      |    Inf 
 1532s|  5700 |   830 |  3387k|9855k|  69 |  58 |1533 | 815 | 266 |1533 | 538 | 382 |1377 |6767 | 7.821403e+03 |      --      |    Inf 
 1560s|  5800 |   836 |  3444k|9924k|  69 |   - |1533 | 815 | 307 |   0 |   0 | 382 |1414 |6882 | 7.821403e+03 |      --      |    Inf 
 1600s|  5900 |   842 |  3527k|9977k|  69 |   - |1533 | 800 | 276 |1533 | 538 | 382 |1434 |7048 | 7.821403e+03 |      --      |    Inf 
 1627s|  6000 |   852 |  3585k|  10M|  69 |   - |1533 | 770 | 219 |1533 | 538 | 382 |1456 |7155 | 7.821427e+03 |      --      |    Inf 
 1673s|  6100 |   862 |  3643k|  10M|  69 |  57 |1533 | 790 | 291 |1533 | 538 | 382 |1497 |7253 | 7.821427e+03 |      --      |    Inf 
 1707s|  6200 |   859 |  3728k|  10M|  69 | 131 |1533 | 766 | 399 |1533 | 538 | 382 |1521 |7317 | 7.821427e+03 |      --      |    Inf 
 1732s|  6300 |   874 |  3790k|  10M|  69 | 128 |1533 | 762 | 325 |1533 | 538 | 382 |1540 |7342 | 7.821427e+03 |      --      |    Inf 
 time | node  | left  |LP iter| mem |mdpt |frac |vars |cons |ccons|cols |rows |cuts |confs|strbr|  dualbound   | primalbound  |  gap   
 1764s|  6400 |   877 |  3876k|  10M|  69 |   - |1533 | 754 | 279 |1533 | 538 | 382 |1565 |7379 | 7.821427e+03 |      --      |    Inf 
 1789s|  6500 |   885 |  3942k|  10M|  69 | 134 |1533 | 738 | 427 |1533 | 538 | 382 |1590 |7403 | 7.821445e+03 |      --      |    Inf 
 1819s|  6600 |   891 |  4012k|  10M|  69 |   - |1533 | 742 | 250 |1533 | 538 | 382 |1622 |7533 | 7.821445e+03 |      --      |    Inf 
 1849s|  6700 |   894 |  4078k|  10M|  69 |   - |1533 | 749 | 252 |   0 |   0 | 382 |1657 |7658 | 7.821487e+03 |      --      |    Inf 
 1875s|  6800 |   886 |  4133k|  10M|  69 |   - |1533 | 762 | 296 |1533 | 538 | 382 |1688 |7777 | 7.821487e+03 |      --      |    Inf 
 1914s|  6900 |   897 |  4216k|  10M|  69 | 156 |1533 | 765 | 536 |1533 | 538 | 382 |1727 |7903 | 7.821664e+03 |      --      |    Inf 
 1941s|  7000 |   919 |  4281k|  10M|  69 |   - |1533 | 779 | 290 |   0 |   0 | 382 |1766 |7987 | 7.821715e+03 |      --      |    Inf 
 1965s|  7100 |   931 |  4340k|  10M|  69 | 103 |1533 | 785 | 535 |1533 | 538 | 382 |1805 |8031 | 7.821715e+03 |      --      |    Inf 
 1987s|  7200 |   947 |  4397k|  10M|  69 | 131 |1533 | 760 | 470 |1533 | 538 | 382 |1824 |8052 | 7.821737e+03 |      --      |    Inf 
 2013s|  7300 |   953 |  4462k|  10M|  69 | 101 |1533 | 747 | 332 |1533 | 538 | 382 |1849 |8083 | 7.821737e+03 |      --      |    Inf 
 2037s|  7400 |   953 |  4525k|  10M|  69 | 126 |1533 | 723 | 392 |1533 | 538 | 382 |1873 |8098 | 7.821811e+03 |      --      |    Inf 
 2051s|  7500 |   971 |  4566k|  10M|  69 | 156 |1533 | 715 | 600 |1533 | 538 | 382 |1888 |8102 | 7.821822e+03 |      --      |    Inf 
 2088s|  7600 |   977 |  4648k|  10M|  69 |   - |1533 | 717 | 251 |1533 | 538 | 382 |1927 |8214 | 7.821827e+03 |      --      |    Inf 
 2111s|  7700 |   976 |  4708k|  10M|  69 |   - |1533 | 715 | 265 |1533 | 538 | 382 |1947 |8296 | 7.821827e+03 |      --      |    Inf 
 2134s|  7800 |   991 |  4763k|  10M|  69 |  37 |1533 | 730 | 213 |1533 | 538 | 382 |1975 |8395 | 7.821854e+03 |      --      |    Inf 
 time | node  | left  |LP iter| mem |mdpt |frac |vars |cons |ccons|cols |rows |cuts |confs|strbr|  dualbound   | primalbound  |  gap   
 2149s|  7900 |   999 |  4801k|  10M|  69 |  63 |1533 | 742 | 298 |1533 | 538 | 382 |2001 |8469 | 7.821932e+03 |      --      |    Inf 
 2172s|  8000 |   994 |  4855k|  10M|  69 |  76 |1533 | 738 | 289 |1533 | 538 | 382 |2018 |8555 | 7.821932e+03 |      --      |    Inf 
 2204s|  8100 |  1000 |  4921k|  10M|  69 |   - |1533 | 751 | 225 |1533 | 538 | 382 |2060 |8657 | 7.822157e+03 |      --      |    Inf 
 2232s|  8200 |  1013 |  4990k|  11M|  69 |  97 |1533 | 767 | 323 |1533 | 538 | 382 |2096 |8764 | 7.822291e+03 |      --      |    Inf 
 2249s|  8300 |  1011 |  5042k|  11M|  69 |   - |1533 | 778 | 349 |   0 |   0 | 382 |2113 |8775 | 7.822634e+03 |      --      |    Inf 
 2275s|  8400 |  1016 |  5107k|  11M|  69 |   - |1533 | 783 | 191 |1533 | 538 | 382 |2150 |8805 | 7.822644e+03 |      --      |    Inf 
 2297s|  8500 |  1017 |  5158k|  11M|  69 | 154 |1533 | 799 | 379 |1533 | 538 | 382 |2193 |8819 | 7.822708e+03 |      --      |    Inf 
 2318s|  8600 |  1017 |  5215k|  11M|  69 |   - |1533 | 834 | 326 |1533 | 538 | 382 |2250 |8829 | 7.822708e+03 |      --      |    Inf 
 2349s|  8700 |  1024 |  5297k|  11M|  69 | 128 |1533 | 787 | 414 |1533 | 538 | 382 |2279 |8841 | 7.823127e+03 |      --      |    Inf 
 2376s|  8800 |  1037 |  5364k|  11M|  69 |   - |1533 | 767 | 218 |1533 | 538 | 382 |2314 |8949 | 7.823168e+03 |      --      |    Inf 
 2406s|  8900 |  1037 |  5431k|  11M|  69 |  90 |1533 | 761 | 363 |1533 | 538 | 382 |2353 |9064 | 7.823359e+03 |      --      |    Inf 
 2431s|  9000 |  1040 |  5494k|  11M|  69 |  74 |1533 | 770 | 333 |1533 | 538 | 382 |2383 |9160 | 7.823366e+03 |      --      |    Inf 
 2458s|  9100 |  1048 |  5561k|  11M|  69 |   - |1533 | 760 | 254 |   0 |   0 | 382 |2409 |9274 | 7.823528e+03 |      --      |    Inf 
 2487s|  9200 |  1043 |  5639k|  11M|  69 | 121 |1533 | 757 | 404 |1533 | 538 | 382 |2437 |9365 | 7.823528e+03 |      --      |    Inf 
 2507s|  9300 |  1048 |  5689k|  11M|  69 |   - |1533 | 763 | 182 |1533 | 538 | 382 |2462 |9422 | 7.823528e+03 |      --      |    Inf 
 time | node  | left  |LP iter| mem |mdpt |frac |vars |cons |ccons|cols |rows |cuts |confs|strbr|  dualbound   | primalbound  |  gap   
 2540s|  9400 |  1047 |  5766k|  11M|  69 |  61 |1533 | 746 | 294 |1533 | 538 | 382 |2482 |9462 | 7.823529e+03 |      --      |    Inf 
 2561s|  9500 |  1057 |  5823k|  11M|  69 | 134 |1533 | 735 | 486 |1533 | 538 | 382 |2495 |9481 | 7.823529e+03 |      --      |    Inf 
 2589s|  9600 |  1055 |  5897k|  11M|  69 | 123 |1533 | 741 | 537 |1533 | 538 | 382 |2531 |9492 | 7.823890e+03 |      --      |    Inf 
 2613s|  9700 |  1060 |  5951k|  11M|  69 |   - |1533 | 765 | 233 |1533 | 538 | 382 |2571 |9505 | 7.823890e+03 |      --      |    Inf 
 2636s|  9800 |  1068 |  6007k|  11M|  69 |   - |1533 | 773 | 226 |1533 | 538 | 382 |2605 |9509 | 7.823900e+03 |      --      |    Inf 
 2664s|  9900 |  1075 |  6070k|  11M|  69 |  33 |1533 | 771 | 237 |1533 | 538 | 382 |2635 |9614 | 7.823925e+03 |      --      |    Inf 
 2693s| 10000 |  1077 |  6138k|  11M|  69 |  80 |1533 | 774 | 337 |1533 | 538 | 382 |2647 |9721 | 7.823925e+03 |      --      |    Inf 
 2711s| 10100 |  1086 |  6185k|  11M|  69 |   - |1533 | 778 | 219 |1533 | 538 | 382 |2673 |9790 | 7.823968e+03 |      --      |    Inf 
 2729s| 10200 |  1088 |  6228k|  11M|  69 |   - |1533 | 775 | 311 |1533 | 538 | 382 |2685 |9867 | 7.824264e+03 |      --      |    Inf 
 2758s| 10300 |  1095 |  6295k|  11M|  69 |   - |1533 | 772 | 270 |1533 | 538 | 382 |2705 |9967 | 7.824405e+03 |      --      |    Inf 
 2805s| 10400 |  1102 |  6386k|  11M|  69 | 106 |1533 | 764 | 481 |1533 | 538 | 382 |2733 |  10k| 7.824521e+03 |      --      |    Inf 
 2831s| 10500 |  1107 |  6454k|  11M|  69 |  34 |1533 | 770 | 280 |1533 | 538 | 382 |2755 |  10k| 7.824521e+03 |      --      |    Inf 
 2859s| 10600 |  1113 |  6526k|  11M|  69 |   - |1533 | 764 | 283 |1533 | 538 | 382 |2774 |  10k| 7.824521e+03 |      --      |    Inf 
 2889s| 10700 |  1120 |  6602k|  11M|  69 | 115 |1533 | 755 | 447 |1533 | 538 | 382 |2799 |  10k| 7.824521e+03 |      --      |    Inf 
 2915s| 10800 |  1127 |  6673k|  12M|  69 |  74 |1533 | 766 | 311 |1533 | 538 | 382 |2848 |  10k| 7.824547e+03 |      --      |    Inf 
 time | node  | left  |LP iter| mem |mdpt |frac |vars |cons |ccons|cols |rows |cuts |confs|strbr|  dualbound   | primalbound  |  gap   
 2937s| 10900 |  1132 |  6734k|  12M|  69 |   - |1533 | 763 | 149 |1533 | 538 | 382 |2875 |  10k| 7.824547e+03 |      --      |    Inf 
 2952s| 11000 |  1140 |  6779k|  12M|  69 |  36 |1533 | 762 | 240 |1533 | 538 | 382 |2888 |  10k| 7.824568e+03 |      --      |    Inf 
 2982s| 11100 |  1140 |  6856k|  12M|  69 | 150 |1533 | 779 | 548 |1533 | 538 | 382 |2925 |  10k| 7.824819e+03 |      --      |    Inf 
 3018s| 11200 |  1142 |  6942k|  12M|  69 |  55 |1533 | 789 | 262 |1533 | 538 | 382 |2949 |  10k| 7.824819e+03 |      --      |    Inf 
 3041s| 11300 |  1159 |  6994k|  12M|  69 |   - |1533 | 784 | 213 |1533 | 538 | 382 |2961 |  10k| 7.824953e+03 |      --      |    Inf 
 3070s| 11400 |  1164 |  7058k|  12M|  69 |   - |1533 | 794 | 253 |1533 | 538 | 382 |3011 |  10k| 7.824976e+03 |      --      |    Inf 
 3105s| 11500 |  1173 |  7128k|  12M|  69 | 142 |1533 | 797 | 437 |1533 | 538 | 382 |3040 |  10k| 7.824976e+03 |      --      |    Inf 
 3139s| 11600 |  1171 |  7214k|  12M|  69 |  63 |1533 | 773 | 269 |1533 | 538 | 382 |3057 |  10k| 7.825045e+03 |      --      |    Inf 
 3159s| 11700 |  1180 |  7265k|  12M|  69 |  91 |1533 | 784 | 373 |1533 | 538 | 382 |3100 |  10k| 7.825526e+03 |      --      |    Inf 
 3186s| 11800 |  1189 |  7340k|  12M|  69 |   - |1533 | 785 | 215 |1533 | 538 | 382 |3128 |  10k| 7.825860e+03 |      --      |    Inf 
 3205s| 11900 |  1205 |  7395k|  12M|  69 | 113 |1533 | 787 | 361 |1533 | 538 | 382 |3148 |  10k| 7.825984e+03 |      --      |    Inf 
 3234s| 12000 |  1208 |  7473k|  12M|  69 |  95 |1533 | 796 | 304 |1533 | 538 | 382 |3177 |  10k| 7.826094e+03 |      --      |    Inf 
 3253s| 12100 |  1208 |  7528k|  12M|  69 |   - |1533 | 812 | 270 |1533 | 538 | 382 |3216 |  10k| 7.826094e+03 |      --      |    Inf 
 3274s| 12200 |  1211 |  7591k|  12M|  69 |   - |1533 | 802 | 332 |1533 | 538 | 382 |3241 |  10k| 7.826200e+03 |      --      |    Inf 
 3293s| 12300 |  1220 |  7641k|  12M|  69 |   - |1533 | 808 | 235 |1533 | 538 | 382 |3266 |  10k| 7.826286e+03 |      --      |    Inf 
 time | node  | left  |LP iter| mem |mdpt |frac |vars |cons |ccons|cols |rows |cuts |confs|strbr|  dualbound   | primalbound  |  gap   
 3317s| 12400 |  1221 |  7696k|  12M|  69 |   - |1533 | 822 | 320 |   0 |   0 | 382 |3297 |  11k| 7.826413e+03 |      --      |    Inf 
 3343s| 12500 |  1233 |  7750k|  12M|  69 |  31 |1533 | 822 | 226 |1533 | 538 | 382 |3311 |  11k| 7.826500e+03 |      --      |    Inf 
 3365s| 12600 |  1234 |  7799k|  12M|  69 |  67 |1533 | 826 | 335 |1533 | 538 | 382 |3330 |  11k| 7.826948e+03 |      --      |    Inf 
 3392s| 12700 |  1229 |  7862k|  12M|  69 |   - |1533 | 837 | 321 |   0 |   0 | 382 |3361 |  11k| 7.826948e+03 |      --      |    Inf 
 3414s| 12800 |  1228 |  7916k|  12M|  69 |   - |1533 | 821 | 189 |1533 | 538 | 382 |3373 |  11k| 7.826948e+03 |      --      |    Inf 
 3444s| 12900 |  1231 |  7986k|  12M|  69 |   - |1533 | 822 | 220 |1533 | 538 | 382 |3397 |  11k| 7.827779e+03 |      --      |    Inf 
 3478s| 13000 |  1235 |  8075k|  12M|  69 |   - |1533 | 829 | 239 |1533 | 538 | 382 |3420 |  11k| 7.828107e+03 |      --      |    Inf 
 3498s| 13100 |  1243 |  8131k|  12M|  69 |   - |1533 | 830 | 308 |1533 | 538 | 382 |3434 |  11k| 7.828664e+03 |      --      |    Inf 
 3530s| 13200 |  1245 |  8204k|  13M|  69 |   - |1533 | 820 | 181 |1533 | 538 | 382 |3449 |  11k| 7.830088e+03 |      --      |    Inf 
 3559s| 13300 |  1254 |  8278k|  13M|  69 |  62 |1533 | 816 | 296 |1533 | 538 | 382 |3461 |  11k| 7.830088e+03 |      --      |    Inf 
 3578s| 13400 |  1274 |  8327k|  13M|  69 |  40 |1533 | 810 | 239 |1533 | 538 | 382 |3472 |  11k| 7.830390e+03 |      --      |    Inf 
 3590s| 13500 |  1276 |  8363k|  13M|  69 | 116 |1533 | 802 | 327 |1533 | 538 | 382 |3487 |  11k| 7.831079e+03 |      --      |    Inf 
 3607s| 13600 |  1280 |  8406k|  13M|  69 |  33 |1533 | 822 | 249 |1533 | 538 | 382 |3523 |  11k| 7.831085e+03 |      --      |    Inf 
 3634s| 13700 |  1286 |  8477k|  13M|  69 | 105 |1533 | 825 | 407 |1533 | 538 | 382 |3547 |  11k| 7.831635e+03 |      --      |    Inf 
 3660s| 13800 |  1280 |  8538k|  13M|  69 |  34 |1533 | 831 | 265 |1533 | 538 | 382 |3580 |  11k| 7.831635e+03 |      --      |    Inf 
 time | node  | left  |LP iter| mem |mdpt |frac |vars |cons |ccons|cols |rows |cuts |confs|strbr|  dualbound   | primalbound  |  gap   
 3683s| 13900 |  1276 |  8599k|  13M|  69 |   - |1533 | 828 | 198 |1533 | 538 | 382 |3591 |  11k| 7.831635e+03 |      --      |    Inf 
 3714s| 14000 |  1283 |  8676k|  13M|  69 |  75 |1533 | 838 | 328 |1533 | 538 | 382 |3624 |  11k| 7.832225e+03 |      --      |    Inf 
 3748s| 14100 |  1285 |  8750k|  13M|  69 |  84 |1533 | 826 | 297 |1533 | 538 | 382 |3639 |  11k| 7.832953e+03 |      --      |    Inf 
 3770s| 14200 |  1291 |  8805k|  13M|  69 |   - |1533 | 819 | 243 |1533 | 538 | 382 |3650 |  12k| 7.832953e+03 |      --      |    Inf 
 3798s| 14300 |  1298 |  8872k|  13M|  69 |   - |1533 | 812 | 236 |   0 |   0 | 382 |3671 |  12k| 7.833398e+03 |      --      |    Inf 
 3819s| 14400 |  1297 |  8930k|  13M|  69 | 151 |1533 | 816 | 433 |1533 | 538 | 382 |3691 |  12k| 7.835190e+03 |      --      |    Inf 
 3845s| 14500 |  1292 |  8996k|  13M|  69 |   - |1533 | 807 | 257 |1533 | 538 | 382 |3706 |  12k| 7.835226e+03 |      --      |    Inf 
 3870s| 14600 |  1302 |  9055k|  13M|  69 |   - |1533 | 798 | 256 |1533 | 538 | 382 |3711 |  12k| 7.835226e+03 |      --      |    Inf 
 3891s| 14700 |  1308 |  9106k|  13M|  69 |   - |1533 | 798 | 250 |1533 | 538 | 382 |3717 |  12k| 7.835226e+03 |      --      |    Inf 
 3929s| 14800 |  1304 |  9189k|  13M|  69 |   - |1533 | 812 | 248 |1533 | 538 | 382 |3748 |  12k| 7.835226e+03 |      --      |    Inf 
 3949s| 14900 |  1322 |  9249k|  13M|  69 |  50 |1533 | 805 | 282 |1533 | 538 | 382 |3753 |  12k| 7.835226e+03 |      --      |    Inf 
 3977s| 15000 |  1330 |  9312k|  13M|  69 |   - |1533 | 808 | 216 |1533 | 538 | 382 |3767 |  12k| 7.835226e+03 |      --      |    Inf 
 4018s| 15100 |  1330 |  9406k|  13M|  69 |  87 |1533 | 821 | 299 |1533 | 538 | 382 |3792 |  12k| 7.835226e+03 |      --      |    Inf 
 4041s| 15200 |  1332 |  9467k|  13M|  69 |   - |1533 | 814 | 298 |1533 | 538 | 382 |3803 |  12k| 7.835226e+03 |      --      |    Inf 
 4069s| 15300 |  1341 |  9531k|  13M|  69 |   - |1533 | 809 | 239 |1533 | 538 | 382 |3833 |  12k| 7.836501e+03 |      --      |    Inf 
 time | node  | left  |LP iter| mem |mdpt |frac |vars |cons |ccons|cols |rows |cuts |confs|strbr|  dualbound   | primalbound  |  gap   
 4097s| 15400 |  1346 |  9591k|  13M|  69 |  82 |1533 | 828 | 294 |1533 | 538 | 382 |3870 |  12k| 7.836501e+03 |      --      |    Inf 
 4130s| 15500 |  1347 |  9669k|  14M|  69 |   - |1533 | 853 | 289 |   0 |   0 | 382 |3913 |  12k| 7.836851e+03 |      --      |    Inf 
 4150s| 15600 |  1351 |  9719k|  14M|  69 | 118 |1533 | 848 | 343 |1533 | 538 | 382 |3923 |  12k| 7.837785e+03 |      --      |    Inf 
 4173s| 15700 |  1356 |  9777k|  14M|  69 |   - |1533 | 861 | 277 |1533 | 538 | 382 |3953 |  12k| 7.838098e+03 |      --      |    Inf 
 4197s| 15800 |  1359 |  9833k|  14M|  69 |   - |1533 | 881 | 221 |1533 | 538 | 382 |3992 |  12k| 7.838565e+03 |      --      |    Inf 
 4218s| 15900 |  1373 |  9886k|  14M|  69 |  44 |1533 | 897 | 249 |1533 | 538 | 382 |4020 |  12k| 7.838632e+03 |      --      |    Inf 
 4235s| 16000 |  1376 |  9928k|  14M|  69 | 111 |1533 | 897 | 466 |1533 | 538 | 382 |4033 |  12k| 7.838632e+03 |      --      |    Inf 
 4252s| 16100 |  1374 |  9971k|  14M|  69 |   - |1533 | 899 | 204 |1533 | 538 | 382 |4051 |  12k| 7.838652e+03 |      --      |    Inf 
 4272s| 16200 |  1372 | 10031k|  14M|  69 |  60 |1533 | 893 | 287 |1533 | 538 | 382 |4060 |  12k| 7.839611e+03 |      --      |    Inf 
 4299s| 16300 |  1365 | 10110k|  14M|  69 |  81 |1533 | 892 | 318 |1533 | 538 | 382 |4079 |  12k| 7.840286e+03 |      --      |    Inf 
 4321s| 16400 |  1363 | 10159k|  14M|  69 |  58 |1533 | 898 | 300 |1533 | 538 | 382 |4099 |  12k| 7.842275e+03 |      --      |    Inf 
 4346s| 16500 |  1373 | 10219k|  14M|  69 |   - |1533 | 906 | 293 |   0 |   0 | 382 |4135 |  12k| 7.842275e+03 |      --      |    Inf 
 4372s| 16600 |  1368 | 10287k|  14M|  69 |  43 |1533 | 912 | 252 |1533 | 538 | 382 |4167 |  12k| 7.842275e+03 |      --      |    Inf 
 4387s| 16700 |  1369 | 10326k|  14M|  69 |   - |1533 | 917 | 280 |   0 |   0 | 382 |4179 |  12k| 7.842275e+03 |      --      |    Inf 
 4410s| 16800 |  1372 | 10385k|  14M|  69 |   - |1533 | 921 | 262 |   0 |   0 | 382 |4209 |  12k| 7.844685e+03 |      --      |    Inf 
 time | node  | left  |LP iter| mem |mdpt |frac |vars |cons |ccons|cols |rows |cuts |confs|strbr|  dualbound   | primalbound  |  gap   
 4429s| 16900 |  1369 | 10429k|  14M|  69 |   - |1533 | 928 | 262 |1533 | 538 | 382 |4237 |  13k| 7.845694e+03 |      --      |    Inf 
 4470s| 17000 |  1373 | 10525k|  14M|  69 |   - |1533 | 942 | 217 |   0 |   0 | 382 |4265 |  13k| 7.850655e+03 |      --      |    Inf 
 4501s| 17100 |  1366 | 10596k|  14M|  69 | 128 |1533 | 951 | 436 |1533 | 538 | 382 |4283 |  13k| 7.862118e+03 |      --      |    Inf 
 4535s| 17200 |  1367 | 10673k|  14M|  69 |   - |1533 | 944 | 300 |1533 | 538 | 382 |4293 |  13k| 7.866145e+03 |      --      |    Inf 
 4568s| 17300 |  1361 | 10740k|  14M|  69 |   - |1533 | 932 | 398 |1533 | 538 | 382 |4311 |  13k| 7.874767e+03 |      --      |    Inf 
 4599s| 17400 |  1365 | 10813k|  14M|  69 |  40 |1533 | 932 | 266 |1533 | 538 | 382 |4328 |  13k| 7.891065e+03 |      --      |    Inf 
 4631s| 17500 |  1342 | 10889k|  14M|  69 |   - |1533 | 941 | 318 |   0 |   0 | 382 |4352 |  13k| 7.904746e+03 |      --      |    Inf 
 4661s| 17600 |  1336 | 10964k|  14M|  69 |   - |1533 | 921 | 243 |1533 | 538 | 382 |4362 |  13k| 7.906089e+03 |      --      |    Inf 
 4685s| 17700 |  1335 | 11029k|  14M|  69 |   - |1533 | 921 | 288 |   0 |   0 | 382 |4387 |  13k| 7.915601e+03 |      --      |    Inf 
 4708s| 17800 |  1339 | 11088k|  14M|  69 | 119 |1533 | 921 | 446 |1533 | 538 | 382 |4413 |  13k| 7.950115e+03 |      --      |    Inf 
 4726s| 17900 |  1329 | 11139k|  14M|  69 |   - |1533 | 930 | 212 |1533 | 538 | 382 |4442 |  13k| 7.961788e+03 |      --      |    Inf 
 4749s| 18000 |  1338 | 11200k|  14M|  69 | 127 |1533 | 935 | 447 |1533 | 538 | 382 |4464 |  13k| 7.968751e+03 |      --      |    Inf 
 4772s| 18100 |  1336 | 11253k|  14M|  69 |   - |1533 | 946 | 252 |1533 | 538 | 382 |4490 |  13k| 7.968751e+03 |      --      |    Inf 
 4789s| 18200 |  1329 | 11301k|  14M|  69 | 116 |1533 | 941 | 458 |1533 | 538 | 382 |4504 |  13k| 8.341907e+03 |      --      |    Inf 
 4835s| 18300 |  1326 | 11401k|  14M|  69 | 104 |1533 | 935 | 469 |1533 | 538 | 382 |4520 |  13k| 8.353027e+03 |      --      |    Inf 
 time | node  | left  |LP iter| mem |mdpt |frac |vars |cons |ccons|cols |rows |cuts |confs|strbr|  dualbound   | primalbound  |  gap   
 4867s| 18400 |  1320 | 11470k|  14M|  69 | 102 |1533 | 952 | 393 |1533 | 538 | 382 |4564 |  13k| 8.381656e+03 |      --      |    Inf 
 4890s| 18500 |  1329 | 11526k|  14M|  69 | 134 |1533 | 954 | 446 |1533 | 538 | 382 |4591 |  13k| 8.387923e+03 |      --      |    Inf 
 4922s| 18600 |  1334 | 11605k|  14M|  69 |  68 |1533 | 952 | 278 |1533 | 538 | 382 |4607 |  13k| 8.446175e+03 |      --      |    Inf 
 4938s| 18700 |  1332 | 11646k|  14M|  69 |   - |1533 | 961 | 194 |1533 | 538 | 382 |4631 |  13k| 8.446445e+03 |      --      |    Inf 
 4964s| 18800 |  1340 | 11705k|  14M|  69 |   - |1533 | 978 | 280 |   0 |   0 | 382 |4657 |  14k| 8.447464e+03 |      --      |    Inf 
 4991s| 18900 |  1341 | 11765k|  14M|  69 |   - |1533 | 995 | 347 |   0 |   0 | 382 |4697 |  14k| 8.448814e+03 |      --      |    Inf 
 5011s| 19000 |  1342 | 11814k|  14M|  69 |  37 |1533 |1003 | 263 |1533 | 538 | 382 |4725 |  14k| 8.449719e+03 |      --      |    Inf 
 5038s| 19100 |  1338 | 11874k|  14M|  69 |  98 |1533 |1024 | 285 |1533 | 538 | 382 |4760 |  14k| 8.449810e+03 |      --      |    Inf 
 5052s| 19200 |  1321 | 11912k|  14M|  69 |   - |1533 |1030 | 204 |1533 | 538 | 382 |4787 |  14k| 8.453029e+03 |      --      |    Inf 
 5079s| 19300 |  1316 | 11975k|  14M|  69 |  86 |1533 |1032 | 314 |1533 | 538 | 382 |4817 |  14k| 8.453778e+03 |      --      |    Inf 
 5103s| 19400 |  1311 | 12037k|  14M|  69 |  38 |1533 |1036 | 249 |1533 | 538 | 382 |4837 |  14k| 8.460284e+03 |      --      |    Inf 
 5122s| 19500 |  1314 | 12085k|  14M|  69 |   - |1533 |1027 | 248 |1533 | 538 | 382 |4852 |  14k| 8.460284e+03 |      --      |    Inf 
 5145s| 19600 |  1300 | 12139k|  14M|  69 |   - |1533 |1030 | 283 |1533 | 538 | 382 |4871 |  14k| 8.461702e+03 |      --      |    Inf 
 5164s| 19700 |  1308 | 12188k|  14M|  69 |   - |1533 |1047 | 215 |1533 | 538 | 382 |4899 |  14k| 8.461702e+03 |      --      |    Inf 
 5196s| 19800 |  1305 | 12265k|  14M|  69 |  69 |1533 |1044 | 295 |1533 | 538 | 382 |4907 |  14k| 8.465378e+03 |      --      |    Inf 
 time | node  | left  |LP iter| mem |mdpt |frac |vars |cons |ccons|cols |rows |cuts |confs|strbr|  dualbound   | primalbound  |  gap   
 5219s| 19900 |  1306 | 12317k|  14M|  69 |  74 |1533 |1054 | 246 |1533 | 538 | 382 |4933 |  14k| 8.465378e+03 |      --      |    Inf 
 5234s| 20000 |  1312 | 12362k|  14M|  69 |   - |1533 |1054 | 260 |1533 | 538 | 382 |4948 |  14k| 8.476935e+03 |      --      |    Inf 
 5258s| 20100 |  1307 | 12421k|  14M|  69 |  92 |1533 |1072 | 318 |1533 | 538 | 382 |4982 |  14k| 8.490313e+03 |      --      |    Inf 
 5281s| 20200 |  1292 | 12479k|  14M|  69 |   - |1533 |1056 | 204 |1533 | 538 | 382 |4991 |  14k| 8.497605e+03 |      --      |    Inf 
 5303s| 20300 |  1281 | 12534k|  14M|  69 |   - |1533 |1080 | 346 |   0 |   0 | 382 |5042 |  14k| 8.519672e+03 |      --      |    Inf 
 5331s| 20400 |  1282 | 12601k|  14M|  69 |   - |1533 |1079 | 230 |1533 | 538 | 382 |5066 |  14k| 8.522245e+03 |      --      |    Inf 
 5358s| 20500 |  1278 | 12663k|  14M|  69 |   - |1533 |1077 | 282 |1533 | 538 | 382 |5079 |  14k| 8.526540e+03 |      --      |    Inf 
 5386s| 20600 |  1272 | 12725k|  14M|  69 |   - |1533 |1071 | 245 |1533 | 538 | 382 |5080 |  14k| 8.565502e+03 |      --      |    Inf 
 5412s| 20700 |  1272 | 12781k|  14M|  69 |   - |1533 |1080 | 266 |1533 | 538 | 382 |5095 |  14k| 8.588775e+03 |      --      |    Inf 
 5436s| 20800 |  1259 | 12835k|  14M|  69 |   - |1533 |1073 | 222 |1533 | 538 | 382 |5106 |  14k| 8.593243e+03 |      --      |    Inf 
 5461s| 20900 |  1263 | 12900k|  14M|  69 |  89 |1533 |1068 | 299 |1533 | 538 | 382 |5112 |  14k| 8.597217e+03 |      --      |    Inf 
 5503s| 21000 |  1258 | 12972k|  14M|  69 |  48 |1533 |1081 | 261 |1533 | 538 | 382 |5139 |  14k| 8.597217e+03 |      --      |    Inf 
 5526s| 21100 |  1251 | 13027k|  14M|  69 |   - |1533 |1098 | 236 |1533 | 538 | 382 |5161 |  14k| 8.682840e+03 |      --      |    Inf 
 5542s| 21200 |  1256 | 13071k|  14M|  69 |   - |1533 |1094 | 216 |1533 | 538 | 382 |5161 |  14k| 8.706254e+03 |      --      |    Inf 
 5558s| 21300 |  1256 | 13108k|  14M|  69 |   - |1533 |1106 | 240 |1533 | 538 | 382 |5176 |  14k| 8.720024e+03 |      --      |    Inf 
 time | node  | left  |LP iter| mem |mdpt |frac |vars |cons |ccons|cols |rows |cuts |confs|strbr|  dualbound   | primalbound  |  gap   
 5577s| 21400 |  1251 | 13158k|  14M|  69 |  64 |1533 |1097 | 250 |1533 | 538 | 382 |5195 |  14k| 8.727032e+03 |      --      |    Inf 
 5600s| 21500 |  1246 | 13217k|  14M|  69 |   - |1533 |1118 | 233 |1533 | 538 | 382 |5224 |  14k| 8.837194e+03 |      --      |    Inf 
 5616s| 21600 |  1252 | 13263k|  14M|  69 |  44 |1533 |1117 | 265 |1533 | 538 | 382 |5233 |  14k| 8.858875e+03 |      --      |    Inf 
 5641s| 21700 |  1245 | 13322k|  14M|  69 |  57 |1533 |1112 | 268 |1533 | 538 | 382 |5245 |  14k| 8.889931e+03 |      --      |    Inf 
 5665s| 21800 |  1237 | 13388k|  14M|  69 |   - |1533 |1106 | 214 |1533 | 538 | 382 |5262 |  14k| 9.100653e+03 |      --      |    Inf 
 5680s| 21900 |  1245 | 13429k|  14M|  69 |   - |1533 |1092 | 258 |1533 | 538 | 382 |5268 |  14k| 9.100653e+03 |      --      |    Inf 
 5701s| 22000 |  1245 | 13484k|  14M|  69 |   - |1533 |1092 | 221 |1533 | 538 | 382 |5287 |  15k| 9.173919e+03 |      --      |    Inf 
 5721s| 22100 |  1241 | 13524k|  14M|  69 |   - |1533 |1090 | 229 |1533 | 538 | 382 |5302 |  15k| 9.287357e+03 |      --      |    Inf 
 5745s| 22200 |  1232 | 13585k|  14M|  69 |  57 |1533 |1077 | 267 |1533 | 538 | 382 |5311 |  15k| 9.417741e+03 |      --      |    Inf 
 5770s| 22300 |  1233 | 13648k|  14M|  69 |  99 |1533 |1081 | 332 |1533 | 538 | 382 |5321 |  15k| 9.549911e+03 |      --      |    Inf 
 5786s| 22400 |  1226 | 13693k|  14M|  69 | 105 |1533 |1087 | 318 |1533 | 538 | 382 |5340 |  15k| 9.657330e+03 |      --      |    Inf 
 5807s| 22500 |  1228 | 13747k|  14M|  69 |  80 |1533 |1086 | 260 |1533 | 538 | 382 |5349 |  15k| 9.955775e+03 |      --      |    Inf 
 5831s| 22600 |  1227 | 13797k|  14M|  69 |   - |1533 |1097 | 260 |   0 |   0 | 382 |5361 |  15k| 1.002984e+04 |      --      |    Inf 
 5855s| 22700 |  1220 | 13853k|  14M|  69 |   - |1533 |1100 | 277 |1533 | 538 | 382 |5374 |  15k| 1.027729e+04 |      --      |    Inf 
 5879s| 22800 |  1212 | 13916k|  14M|  69 |   - |1533 |1087 | 264 |1533 | 538 | 382 |5387 |  15k| 1.038289e+04 |      --      |    Inf 
 time | node  | left  |LP iter| mem |mdpt |frac |vars |cons |ccons|cols |rows |cuts |confs|strbr|  dualbound   | primalbound  |  gap   
 5900s| 22900 |  1216 | 13979k|  14M|  69 |   - |1533 |1075 | 275 |1533 | 538 | 382 |5388 |  15k| 1.056360e+04 |      --      |    Inf 
 5916s| 23000 |  1218 | 14022k|  14M|  69 | 107 |1533 |1071 | 425 |1533 | 538 | 382 |5402 |  15k| 1.075496e+04 |      --      |    Inf 
 5939s| 23100 |  1221 | 14078k|  14M|  69 |  89 |1533 |1071 | 283 |1533 | 538 | 382 |5423 |  15k| 1.102408e+04 |      --      |    Inf 
 5955s| 23200 |  1223 | 14128k|  14M|  69 |  70 |1533 |1067 | 354 |1533 | 538 | 382 |5430 |  15k| 1.112448e+04 |      --      |    Inf 
 5977s| 23300 |  1238 | 14188k|  14M|  69 |   - |1533 |1059 | 345 |   0 |   0 | 382 |5453 |  15k| 1.112482e+04 |      --      |    Inf 
 5996s| 23400 |  1240 | 14232k|  14M|  69 |   - |1533 |1045 | 224 |1533 | 538 | 382 |5484 |  15k| 1.112529e+04 |      --      |    Inf 
 6019s| 23500 |  1229 | 14303k|  14M|  69 |   - |1533 |1031 | 364 |1533 | 538 | 382 |5498 |  15k| 1.112540e+04 |      --      |    Inf 
 6034s| 23600 |  1249 | 14341k|  14M|  69 |  55 |1533 |1007 | 383 |1533 | 538 | 382 |5503 |  15k| 1.112578e+04 |      --      |    Inf 
 6062s| 23700 |  1243 | 14409k|  14M|  69 |   - |1533 | 993 | 241 |1533 | 538 | 382 |5512 |  15k| 1.112590e+04 |      --      |    Inf 
 6073s| 23800 |  1247 | 14444k|  14M|  69 |   - |1533 | 992 | 277 |   0 |   0 | 382 |5519 |  15k| 1.112602e+04 |      --      |    Inf 
 6099s| 23900 |  1236 | 14515k|  14M|  69 |  73 |1533 | 993 | 289 |1533 | 538 | 382 |5540 |  15k| 1.112629e+04 |      --      |    Inf 
 6121s| 24000 |  1234 | 14572k|  14M|  69 |   - |1533 | 997 | 241 |1533 | 538 | 382 |5566 |  15k| 1.112681e+04 |      --      |    Inf 
 6143s| 24100 |  1224 | 14624k|  14M|  69 |  96 |1533 | 984 | 483 |1533 | 538 | 382 |5573 |  15k| 1.112700e+04 |      --      |    Inf 
 6178s| 24200 |  1224 | 14698k|  14M|  69 |   - |1533 | 990 | 238 |1533 | 538 | 382 |5597 |  15k| 1.112747e+04 |      --      |    Inf 
 6199s| 24300 |  1227 | 14755k|  14M|  69 | 122 |1533 | 980 | 393 |1533 | 538 | 382 |5613 |  15k| 1.112795e+04 |      --      |    Inf 
 time | node  | left  |LP iter| mem |mdpt |frac |vars |cons |ccons|cols |rows |cuts |confs|strbr|  dualbound   | primalbound  |  gap   
 6230s| 24400 |  1219 | 14830k|  14M|  69 | 101 |1533 | 976 | 355 |1533 | 538 | 382 |5636 |  15k| 1.112796e+04 |      --      |    Inf 
 6259s| 24500 |  1223 | 14901k|  14M|  69 |   - |1533 | 971 | 262 |1533 | 538 | 382 |5641 |  16k| 1.112801e+04 |      --      |    Inf 
 6282s| 24600 |  1223 | 14959k|  14M|  69 |   - |1533 | 976 | 242 |1533 | 538 | 382 |5648 |  16k| 1.112801e+04 |      --      |    Inf 
 6308s| 24700 |  1216 | 15026k|  14M|  69 |  61 |1533 | 978 | 267 |1533 | 538 | 382 |5662 |  16k| 1.112801e+04 |      --      |    Inf 
 6332s| 24800 |  1214 | 15099k|  14M|  69 |   - |1533 | 974 | 263 |1533 | 538 | 382 |5678 |  16k| 1.112836e+04 |      --      |    Inf 
 6350s| 24900 |  1216 | 15146k|  14M|  69 |  30 |1533 | 974 | 240 |1533 | 538 | 382 |5688 |  16k| 1.112841e+04 |      --      |    Inf 
 6371s| 25000 |  1213 | 15209k|  14M|  69 |   - |1533 | 966 | 209 |1533 | 538 | 382 |5704 |  16k| 1.112875e+04 |      --      |    Inf 
 6391s| 25100 |  1214 | 15267k|  14M|  69 |  38 |1533 | 973 | 263 |1533 | 538 | 382 |5724 |  16k| 1.112889e+04 |      --      |    Inf 
 6415s| 25200 |  1209 | 15331k|  14M|  69 |  93 |1533 | 975 | 329 |1533 | 538 | 382 |5745 |  16k| 1.112895e+04 |      --      |    Inf 
 6440s| 25300 |  1199 | 15393k|  14M|  69 |   - |1533 | 994 | 262 |1533 | 538 | 382 |5774 |  16k| 1.112895e+04 |      --      |    Inf 
 6461s| 25400 |  1201 | 15455k|  14M|  69 | 115 |1533 |1002 | 365 |1533 | 538 | 382 |5789 |  16k| 1.112924e+04 |      --      |    Inf 
 6488s| 25500 |  1203 | 15522k|  14M|  69 |   - |1533 |1009 | 249 |1533 | 538 | 382 |5811 |  16k| 1.112951e+04 |      --      |    Inf 
 6508s| 25600 |  1206 | 15578k|  14M|  69 |  56 |1533 |1031 | 267 |1533 | 538 | 382 |5843 |  16k| 1.112971e+04 |      --      |    Inf 
 6531s| 25700 |  1206 | 15641k|  14M|  69 |   - |1533 |1035 | 196 |1533 | 538 | 382 |5854 |  16k| 1.112985e+04 |      --      |    Inf 
 6552s| 25800 |  1202 | 15700k|  14M|  69 |   - |1533 |1031 | 265 |1533 | 538 | 382 |5860 |  16k| 1.112986e+04 |      --      |    Inf 
 time | node  | left  |LP iter| mem |mdpt |frac |vars |cons |ccons|cols |rows |cuts |confs|strbr|  dualbound   | primalbound  |  gap   
 6581s| 25900 |  1201 | 15771k|  14M|  69 | 110 |1533 |1027 | 406 |1533 | 538 | 382 |5873 |  16k| 1.112996e+04 |      --      |    Inf 
 6602s| 26000 |  1205 | 15826k|  14M|  69 | 102 |1533 |1027 | 325 |1533 | 538 | 382 |5886 |  16k| 1.112996e+04 |      --      |    Inf 
 6626s| 26100 |  1190 | 15886k|  14M|  69 |   - |1533 |1016 | 255 |1533 | 538 | 382 |5897 |  16k| 1.113014e+04 |      --      |    Inf 
 6650s| 26200 |  1184 | 15954k|  14M|  69 |  39 |1533 |1005 | 261 |1533 | 538 | 382 |5898 |  16k| 1.113028e+04 |      --      |    Inf 
 6676s| 26300 |  1182 | 16024k|  14M|  69 | 125 |1533 |1000 | 329 |1533 | 538 | 382 |5906 |  16k| 1.113028e+04 |      --      |    Inf 
 6696s| 26400 |  1171 | 16079k|  14M|  69 |   - |1533 |1007 | 221 |1533 | 538 | 382 |5919 |  16k| 1.113028e+04 |      --      |    Inf 
 6729s| 26500 |  1175 | 16160k|  14M|  69 |  76 |1533 |1011 | 314 |1533 | 538 | 382 |5935 |  16k| 1.113029e+04 |      --      |    Inf 
 6753s| 26600 |  1172 | 16226k|  14M|  69 | 134 |1533 |1011 | 468 |1533 | 538 | 382 |5960 |  16k| 1.113075e+04 |      --      |    Inf 
 6772s| 26700 |  1172 | 16279k|  14M|  69 |   - |1533 |1023 | 364 |1533 | 538 | 382 |5986 |  16k| 1.113075e+04 |      --      |    Inf 
 6803s| 26800 |  1163 | 16349k|  14M|  69 |   - |1533 |1033 | 269 |   0 |   0 | 382 |6010 |  16k| 1.113086e+04 |      --      |    Inf 
 6825s| 26900 |  1159 | 16414k|  14M|  69 |   - |1533 |1016 | 251 |1533 | 538 | 382 |6019 |  16k| 1.113107e+04 |      --      |    Inf 
 6849s| 27000 |  1153 | 16480k|  14M|  69 |   - |1533 |1013 | 261 |1533 | 538 | 382 |6024 |  16k| 1.113116e+04 |      --      |    Inf 
 6866s| 27100 |  1153 | 16532k|  14M|  69 |  75 |1533 |1003 | 262 |1533 | 538 | 382 |6036 |  16k| 1.113134e+04 |      --      |    Inf 
 6892s| 27200 |  1152 | 16590k|  14M|  69 |   - |1533 | 995 | 215 |1533 | 538 | 382 |6062 |  16k| 1.113136e+04 |      --      |    Inf 
 6958s| 27300 |  1158 | 16673k|  14M|  69 |   - |1533 | 999 | 225 |1533 | 538 | 382 |6076 |  16k| 1.113139e+04 |      --      |    Inf 
 time | node  | left  |LP iter| mem |mdpt |frac |vars |cons |ccons|cols |rows |cuts |confs|strbr|  dualbound   | primalbound  |  gap   
 6990s| 27400 |  1169 | 16749k|  14M|  69 |  93 |1533 | 999 | 320 |1533 | 538 | 382 |6084 |  16k| 1.113164e+04 |      --      |    Inf 
 7011s| 27500 |  1175 | 16795k|  14M|  69 | 105 |1533 |1000 | 321 |1533 | 538 | 382 |6086 |  16k| 1.113164e+04 |      --      |    Inf 
 7027s| 27600 |  1188 | 16837k|  14M|  69 |  58 |1533 | 997 | 327 |1533 | 538 | 382 |6099 |  16k| 1.113172e+04 |      --      |    Inf 
 7045s| 27700 |  1191 | 16881k|  14M|  69 |  42 |1533 |1005 | 317 |1533 | 538 | 382 |6114 |  17k| 1.113177e+04 |      --      |    Inf 
 7080s| 27800 |  1191 | 16959k|  14M|  69 |  79 |1533 |1003 | 442 |1533 | 538 | 382 |6120 |  17k| 1.113189e+04 |      --      |    Inf 
 7112s| 27900 |  1193 | 17036k|  14M|  69 |  37 |1533 | 998 | 266 |1533 | 538 | 382 |6125 |  17k| 1.113193e+04 |      --      |    Inf 
 7127s| 28000 |  1198 | 17078k|  14M|  69 |  48 |1533 | 989 | 257 |1533 | 538 | 382 |6127 |  17k| 1.113193e+04 |      --      |    Inf 
 7150s| 28100 |  1195 | 17129k|  14M|  69 |   - |1533 | 989 | 226 |1533 | 538 | 382 |6137 |  17k| 1.113201e+04 |      --      |    Inf 
 7185s| 28200 |  1195 | 17204k|  14M|  69 |   - |1533 | 984 | 248 |1533 | 538 | 382 |6145 |  17k| 1.113215e+04 |      --      |    Inf 
 7214s| 28300 |  1199 | 17281k|  14M|  69 | 103 |1533 | 982 | 284 |1533 | 538 | 382 |6162 |  17k| 1.113242e+04 |      --      |    Inf 
 7239s| 28400 |  1207 | 17335k|  14M|  69 |   - |1533 | 996 | 184 |1533 | 538 | 382 |6178 |  17k| 1.113245e+04 |      --      |    Inf 
 7259s| 28500 |  1205 | 17386k|  14M|  69 |   - |1533 |1008 | 209 |1533 | 538 | 382 |6196 |  17k| 1.113249e+04 |      --      |    Inf 
 7281s| 28600 |  1205 | 17451k|  14M|  69 |   - |1533 |1015 | 284 |1533 | 538 | 382 |6222 |  17k| 1.113259e+04 |      --      |    Inf 
 7312s| 28700 |  1211 | 17529k|  14M|  69 |   - |1533 |1002 | 223 |1533 | 538 | 382 |6236 |  17k| 1.113281e+04 |      --      |    Inf 
 7341s| 28800 |  1201 | 17614k|  14M|  69 |  89 |1533 |1004 | 353 |1533 | 538 | 382 |6256 |  17k| 1.113284e+04 |      --      |    Inf 
 time | node  | left  |LP iter| mem |mdpt |frac |vars |cons |ccons|cols |rows |cuts |confs|strbr|  dualbound   | primalbound  |  gap   
 7355s| 28900 |  1203 | 17653k|  14M|  69 |   - |1533 | 993 | 199 |1533 | 538 | 382 |6261 |  17k| 1.113303e+04 |      --      |    Inf 
 7369s| 29000 |  1202 | 17694k|  14M|  69 |   - |1533 | 979 | 246 |1533 | 538 | 382 |6263 |  17k| 1.113303e+04 |      --      |    Inf 
 7398s| 29100 |  1195 | 17771k|  14M|  69 | 151 |1533 | 979 | 388 |1533 | 538 | 382 |6286 |  17k| 1.113304e+04 |      --      |    Inf 
 7428s| 29200 |  1194 | 17834k|  14M|  69 |   - |1533 | 972 | 431 |   0 |   0 | 382 |6299 |  17k| 1.113323e+04 |      --      |    Inf 
 7454s| 29300 |  1203 | 17885k|  14M|  69 |  87 |1533 | 984 | 267 |1533 | 538 | 382 |6314 |  17k| 1.113324e+04 |      --      |    Inf 
 7479s| 29400 |  1201 | 17943k|  14M|  69 |   - |1533 | 973 | 238 |1533 | 538 | 382 |6317 |  17k| 1.113348e+04 |      --      |    Inf 
 7506s| 29500 |  1207 | 18009k|  14M|  69 |   - |1533 | 979 | 258 |1533 | 538 | 382 |6331 |  17k| 1.113352e+04 |      --      |    Inf 
 7531s| 29600 |  1197 | 18075k|  14M|  69 |   - |1533 | 967 | 291 |1533 | 538 | 382 |6338 |  17k| 1.113387e+04 |      --      |    Inf 
 7551s| 29700 |  1205 | 18126k|  14M|  69 | 101 |1533 | 956 | 300 |1533 | 538 | 382 |6342 |  17k| 1.113404e+04 |      --      |    Inf 
 7581s| 29800 |  1200 | 18201k|  14M|  69 |   - |1533 | 939 | 188 |1533 | 538 | 382 |6357 |  17k| 1.113420e+04 |      --      |    Inf 
 7596s| 29900 |  1206 | 18247k|  14M|  69 |   - |1533 | 928 | 207 |1533 | 538 | 382 |6358 |  17k| 1.113432e+04 |      --      |    Inf 
 7609s| 30000 |  1210 | 18287k|  14M|  69 |  80 |1533 | 927 | 356 |1533 | 538 | 382 |6358 |  17k| 1.113432e+04 |      --      |    Inf 
 7622s| 30100 |  1199 | 18322k|  14M|  69 |   - |1533 | 929 | 219 |1533 | 538 | 382 |6371 |  17k| 1.113452e+04 |      --      |    Inf 
 7637s| 30200 |  1189 | 18367k|  14M|  69 |  37 |1533 | 935 | 300 |1533 | 538 | 382 |6387 |  17k| 1.113457e+04 |      --      |    Inf 
 7682s| 30300 |  1195 | 18436k|  14M|  69 |  51 |1533 | 943 | 235 |1533 | 538 | 382 |6401 |  17k| 1.113458e+04 |      --      |    Inf 
 time | node  | left  |LP iter| mem |mdpt |frac |vars |cons |ccons|cols |rows |cuts |confs|strbr|  dualbound   | primalbound  |  gap   
 7705s| 30400 |  1186 | 18490k|  14M|  69 |   - |1533 | 935 | 259 |1533 | 538 | 382 |6409 |  17k| 1.113474e+04 |      --      |    Inf 
 7728s| 30500 |  1167 | 18552k|  14M|  69 |  66 |1533 | 940 | 272 |1533 | 538 | 382 |6423 |  17k| 1.113480e+04 |      --      |    Inf 
 7739s| 30600 |  1162 | 18584k|  14M|  69 |   - |1533 | 943 | 233 |1533 | 538 | 382 |6431 |  17k| 1.113480e+04 |      --      |    Inf 
 7755s| 30700 |  1159 | 18625k|  14M|  69 |   - |1533 | 940 | 258 |1533 | 538 | 382 |6435 |  17k| 1.113498e+04 |      --      |    Inf 
 7776s| 30800 |  1159 | 18688k|  14M|  69 |  94 |1533 | 941 | 320 |1533 | 538 | 382 |6444 |  17k| 1.113508e+04 |      --      |    Inf 
 7802s| 30900 |  1159 | 18753k|  14M|  69 |   - |1533 | 938 | 253 |1533 | 538 | 382 |6449 |  17k| 1.113534e+04 |      --      |    Inf 
 7822s| 31000 |  1152 | 18805k|  14M|  69 |   - |1533 | 941 | 215 |1533 | 538 | 382 |6457 |  17k| 1.113597e+04 |      --      |    Inf 
(node 31046) unresolved numerical troubles in LP 33292

SCIP Status        : solving was interrupted [time limit reached]
Solving Time (sec) : 10000.02
Solving Nodes      : 31046
Primal Bound       : +1.00000000000000e+20 (0 solutions)
Dual Bound         : +1.11364120164970e+04
Gap                : infinite

primal solution:
================

no solution available

Statistics
==========

SCIP Status        : solving was interrupted [time limit reached]
Solving Time       :   10000.02
Original Problem   :
  Problem name     : labtel
  Variables        : 1538 (777 binary, 0 integer, 0 implicit integer, 761 continuous)
  Constraints      : 364 initial, 364 maximal
Presolved Problem  :
  Problem name     : t_labtel
  Variables        : 1533 (777 binary, 0 integer, 0 implicit integer, 756 continuous)
  Constraints      : 360 initial, 1121 maximal
Presolvers         :       Time  FixedVars   AggrVars   ChgTypes  ChgBounds   AddHoles    DelCons   ChgSides   ChgCoefs
  trivial          :       0.00          0          0          0          0          0          0          0          0
  dualfix          :       0.00          0          0          0          0          0          0          0          0
  boundshift       :       0.00          0          0          0          0          0          0          0          0
  inttobinary      :       0.00          0          0          0          0          0          0          0          0
  implics          :       0.00          0          0          0          0          0          0          0          0
  probing          :       0.31          0          0          0          0          0          0          0          0
  knapsack         :       0.00          0          0          0          0          0          0          0          0
  setppc           :       0.00          0          0          0          0          0          0          0          0
  linear           :       0.03          0          5          0          4          0          4          3        126
  logicor          :       0.00          0          0          0          0          0          0          0          0
  root node        :          -          0          -          -          0          -          -          -          -
Constraints        :     Number  #Separate #Propagate    #EnfoLP    #EnfoPS    Cutoffs    DomReds       Cuts      Conss   Children
  integral         :          0          0          0      16394          0          9        108          0          0      32610
  knapsack         :          1         11     107674          0          1          0       1017          0          0          0
  setppc           :        126         11     107830          0          1        380    2076703          0          0          0
  linear           :        233         11     107450          0          0       1545    1893833          1          0          0
  logicor          :          0+         0      47012          0          0       1052      23082          0          0          0
  countsols        :          0          0          0          0          1          0          0          0          0          0
Constraint Timings :  TotalTime   Separate  Propagate     EnfoLP     EnfoPS
  integral         :     702.32       0.00       0.00     702.32       0.00
  knapsack         :       0.22       0.00       0.22       0.00       0.00
  setppc           :      12.60       0.00      12.60       0.00       0.00
  linear           :      43.08       0.09      42.99       0.00       0.00
  logicor          :       3.18       0.00       3.18       0.00       0.00
  countsols        :       0.00       0.00       0.00       0.00       0.00
Propagators        :       Time      Calls    Cutoffs    DomReds
  rootredcost      :       0.14          0          0          0
  pseudoobj        :       6.59     107223          0          0
Conflict Analysis  :       Time      Calls    Success  Conflicts   Literals    Reconvs ReconvLits   LP Iters
  propagation      :       0.48       2977       2975      10909       32.8         62       17.3          -
  infeasible LP    :      17.37      11997        202       1661       63.8          3       10.0          0
  bound exceed. LP :       0.00          0          0          0        0.0          0        0.0          0
  strong branching :       0.00          0          0          0        0.0          0        0.0          0
  pseudo solution  :       0.00          0          0          0        0.0          0        0.0          -
  applied globally :          -          -          -       6470       19.3          -          -          -
  applied locally  :          -          -          -          0        0.0          -          -          -
Separators         :       Time      Calls    Cutoffs    DomReds       Cuts      Conss
  cut pool         :       0.00         10          -          -         42          -    (maximal pool size: 779)
  redcost          :       1.13      16448          0        180          0          0
  impliedbounds    :       0.00         11          0          0          0          0
  intobj           :       0.00          0          0          0          0          0
  gomory           :       0.14         11          0          0          1          0
  strongcg         :       0.09         11          0          0          0          0
  cmir             :       3.39         10          0          0        735          0
  flowcover        :       2.13         10          0          0         63          0
  clique           :       0.05         11          0          0          0          0
  zerohalf         :       0.00          0          0          0          0          0
  mcf              :       0.00          0          0          0          0          0
Pricers            :       Time      Calls       Vars
  problem variables:       0.00          0          0
Branching Rules    :       Time      Calls    Cutoffs    DomReds       Cuts      Conss   Children
  relpscost        :     702.20      16394          9        108          0          0      32610
  pscost           :       0.00          0          0          0          0          0          0
  inference        :       0.00          1          0          0          0          0          2
  mostinf          :       0.00          0          0          0          0          0          0
  leastinf         :       0.00          0          0          0          0          0          0
  fullstrong       :       0.00          0          0          0          0          0          0
  allfullstrong    :       0.00          0          0          0          0          0          0
  random           :       0.00          0          0          0          0          0          0
Primal Heuristics  :       Time      Calls      Found
  LP solutions     :       0.00          -          0
  pseudo solutions :       0.00          -          0
  oneopt           :       0.07          0          0
  crossover        :       0.07          0          0
  guideddiving     :       0.00          0          0
  feaspump         :       0.28          1          0
  coefdiving       :       0.41          2          0
  pscostdiving     :       5.26          2          0
  fracdiving       :       3.16          2          0
  veclendiving     :       4.44          2          0
  linesearchdiving :       0.21          2          0
  objpscostdiving  :       2.63          2          0
  rootsoldiving    :       2.21          2          0
  simplerounding   :       0.13          0          0
  rounding         :       0.53       1781          0
  shifting         :       1.23        530          0
  intshifting      :       0.02          5          0
  fixandinfer      :       0.00          0          0
  intdiving        :       0.00          0          0
  actconsdiving    :       0.00          0          0
  octane           :       0.00          0          0
  rens             :      12.59          1          0
  rins             :       0.00          0          0
  localbranching   :       0.00          0          0
  mutation         :       0.00          0          0
  dins             :       0.00          0          0
LP                 :       Time      Calls Iterations  Iter/call   Iter/sec
  primal LP        :       0.68         17        445      26.18     654.41
  dual LP          :    9100.85      32604   19493531     597.89    2141.95
  barrier LP       :       0.00          0          0       0.00          -
  diving/probing LP:      17.28        671      48856      72.81    2827.31
  strong branching :     699.41      17994    2070575     115.07    2960.46
    (at root node) :          -         35       5184     148.11          -
  conflict analysis:       0.00          0          0       0.00          -
B&B Tree           :
  number of runs   :          1
  nodes            :      31046
  nodes (total)    :      31046
  nodes left       :       1152
  max depth        :         69
  max depth (total):         69
  backtracks       :       4207 (13.6%)
  delayed cutoffs  :        415
  repropagations   :      15655 (309568 domain reductions, 204 cutoffs)
  avg switch length:       5.96
  switching time   :      30.74
Solution           :
  Solutions found  :          0 (0 improvements)
  Primal Bound     :          -
  Dual Bound       : +1.11364120164970e+04
  Gap              :   infinite
  Root Dual Bound  : +7.81219699730661e+03
