HmaxDs = 0.000000
HmaxUB_percent = 1.195169
HmaxUB_real = 4870.216839
FTnetDs = 1.500000
FTnetUB_percent = 2.140072
FTnetUB_real = 16468.431859
TIFgap = 0.500000
LimCIPF = 67.369303365
SCIP version 1.1.0 [precision: 8 byte] [memory: block] [mode: optimized] [LP solver: Clp 1.8.2]
Copyright (c) 2002-2008 Konrad-Zuse-Zentrum fuer Informationstechnik Berlin (ZIB)

reading user parameter file </home/fabio/docs/hierarquia/models/scip.set>

read problem <data.N30.I1.s1.cluster4.T8.GL2.W4.TIFgap0.5.mps.gz>
============

original problem has 3169 variables (1596 bin, 0 int, 0 impl, 1573 cont) and 591 constraints

solve problem
=============

presolving:
(round 1) 3 del vars, 3 del conss, 4 chg bounds, 0 chg sides, 196 chg coeffs, 0 upgd conss, 0 impls, 224 clqs
(round 2) 5 del vars, 3 del conss, 4 chg bounds, 1 chg sides, 196 chg coeffs, 0 upgd conss, 0 impls, 224 clqs
(round 3) 5 del vars, 3 del conss, 4 chg bounds, 3 chg sides, 196 chg coeffs, 0 upgd conss, 0 impls, 224 clqs
(round 4) 5 del vars, 4 del conss, 4 chg bounds, 3 chg sides, 196 chg coeffs, 225 upgd conss, 0 impls, 224 clqs
   (0.6s) probing: 297/1596 (18.6%) - 0 fixings, 0 aggregations, 14345 implications, 0 bound changes
   (0.6s) probing aborted: 100/100 successive totally useless probings
presolving (5 rounds):
 5 deleted vars, 4 deleted constraints, 4 tightened bounds, 0 added holes, 3 changed sides, 196 changed coefficients
 28690 implications, 224 cliques
presolved problem has 3164 variables (1596 bin, 0 int, 0 impl, 1568 cont) and 587 constraints
      1 constraints of type <knapsack>
    224 constraints of type <setppc>
    362 constraints of type <linear>
Presolving Time: 0.60

 time | node  | left  |LP iter| mem |mdpt |frac |vars |cons |ccons|cols |rows |cuts |confs|strbr|  dualbound   | primalbound  |  gap   
  0.8s|     1 |     0 |  1017 |7826k|   0 | 287 |3164 | 587 | 587 |3164 | 587 |   0 |   0 |   0 | 1.439011e+01 |      --      |    Inf 
  2.7s|     1 |     0 |  6941 |8620k|   0 | 292 |3164 | 587 | 587 |3164 | 594 |   7 |   0 |   0 | 1.539570e+01 |      --      |    Inf 
  3.0s|     1 |     0 |  7167 |8662k|   0 | 271 |3164 | 587 | 587 |3164 | 597 |  10 |   0 |   0 | 1.722790e+01 |      --      |    Inf 
  3.8s|     1 |     0 |  7564 |8816k|   0 | 253 |3164 | 587 | 587 |3164 | 643 |  56 |   0 |   0 | 2.668529e+01 |      --      |    Inf 
  4.9s|     1 |     0 |  7938 |8996k|   0 | 241 |3164 | 587 | 587 |3164 | 680 |  93 |   0 |   0 | 3.621935e+01 |      --      |    Inf 
  6.2s|     1 |     0 |  8603 |9153k|   0 | 224 |3164 | 587 | 587 |3164 | 716 | 129 |   0 |   0 | 3.933577e+01 |      --      |    Inf 
  7.9s|     1 |     0 |  9944 |9243k|   0 | 273 |3164 | 587 | 587 |3164 | 739 | 152 |   0 |   0 | 4.912438e+01 |      --      |    Inf 
  9.5s|     1 |     0 | 10617 |9315k|   0 | 266 |3164 | 587 | 587 |3164 | 757 | 170 |   0 |   0 | 5.001021e+01 |      --      |    Inf 
 11.2s|     1 |     0 | 11375 |9353k|   0 | 296 |3164 | 587 | 587 |3164 | 771 | 184 |   0 |   0 | 5.133315e+01 |      --      |    Inf 
 12.9s|     1 |     0 | 11647 |9376k|   0 | 295 |3164 | 587 | 587 |3164 | 778 | 191 |   0 |   0 | 5.150174e+01 |      --      |    Inf 
 14.8s|     1 |     0 | 12170 |9397k|   0 | 297 |3164 | 587 | 587 |3164 | 786 | 199 |   0 |   0 | 5.208518e+01 |      --      |    Inf 
 14.9s|     1 |     0 | 12296 |9426k|   0 | 311 |3164 | 587 | 587 |3164 | 787 | 200 |   0 |   0 | 5.215774e+01 |      --      |    Inf 
 31.5s|     1 |     2 | 12301 |9446k|   0 | 311 |3164 | 587 | 587 |3164 | 787 | 200 |   0 |  44 | 5.215774e+01 |      --      |    Inf 
  125s|   100 |    46 | 61337 |9751k|  18 |   - |3164 | 653 | 419 |3164 | 694 | 200 |  66 | 980 | 5.381416e+01 |      --      |    Inf 
  191s|   200 |    82 |167171 |  10M|  20 | 191 |3164 | 718 | 618 |3164 | 694 | 200 | 131 |1242 | 5.391230e+01 |      --      |    Inf 
 time | node  | left  |LP iter| mem |mdpt |frac |vars |cons |ccons|cols |rows |cuts |confs|strbr|  dualbound   | primalbound  |  gap   
  245s|   300 |   102 |249963 |  10M|  29 |   - |3164 | 754 | 526 |3164 | 694 | 200 | 169 |1583 | 5.423634e+01 |      --      |    Inf 
  315s|   400 |   129 |345093 |  10M|  29 | 201 |3164 | 807 | 720 |3164 | 694 | 200 | 222 |1936 | 5.423634e+01 |      --      |    Inf 
  362s|   500 |   157 |422986 |  10M|  29 | 194 |3164 | 836 | 562 |3164 | 694 | 200 | 253 |2190 | 5.429411e+01 |      --      |    Inf 
  423s|   600 |   183 |538401 |  10M|  29 | 202 |3164 | 847 | 577 |3164 | 694 | 200 | 266 |2412 | 5.429411e+01 |      --      |    Inf 
  472s|   700 |   204 |610596 |  10M|  29 | 194 |3164 | 893 | 661 |3164 | 694 | 200 | 317 |2690 | 5.429411e+01 |      --      |    Inf 
  532s|   800 |   231 |707065 |  10M|  30 |   - |3164 | 901 | 463 |   0 |   0 | 200 | 330 |3061 | 5.429411e+01 |      --      |    Inf 
  584s|   900 |   262 |798130 |  11M|  30 | 168 |3164 | 924 | 556 |3164 | 694 | 200 | 361 |3319 | 5.441248e+01 |      --      |    Inf 
  619s|  1000 |   292 |859857 |  11M|  37 | 180 |3164 | 941 | 525 |3164 | 694 | 200 | 383 |3480 | 5.441248e+01 |      --      |    Inf 
  660s|  1100 |   318 |953188 |  11M|  37 | 197 |3164 | 939 | 583 |3164 | 694 | 200 | 394 |3540 | 5.441248e+01 |      --      |    Inf 
  710s|  1200 |   323 |  1045k|  11M|  37 |   - |3164 | 946 | 500 |3164 | 694 | 200 | 406 |3811 | 5.441248e+01 |      --      |    Inf 
  753s|  1300 |   361 |  1112k|  11M|  38 | 139 |3164 | 943 | 523 |3164 | 694 | 200 | 416 |4081 | 5.441506e+01 |      --      |    Inf 
  787s|  1400 |   382 |  1174k|  11M|  43 | 176 |3164 | 950 | 562 |3164 | 694 | 200 | 430 |4274 | 5.441506e+01 |      --      |    Inf 
  843s|  1500 |   402 |  1290k|  11M|  43 | 177 |3164 | 952 | 653 |3164 | 694 | 200 | 439 |4481 | 5.447833e+01 |      --      |    Inf 
  874s|  1600 |   418 |  1351k|  11M|  43 | 138 |3164 | 963 | 504 |3164 | 694 | 200 | 455 |4599 | 5.447833e+01 |      --      |    Inf 
  905s|  1700 |   432 |  1421k|  12M|  43 |   - |3164 | 957 | 484 |3164 | 694 | 200 | 461 |4636 | 5.447833e+01 |      --      |    Inf 
 time | node  | left  |LP iter| mem |mdpt |frac |vars |cons |ccons|cols |rows |cuts |confs|strbr|  dualbound   | primalbound  |  gap   
  936s|  1800 |   457 |  1477k|  12M|  43 | 140 |3164 | 960 | 542 |3164 | 694 | 200 | 471 |4742 | 5.447833e+01 |      --      |    Inf 
  970s|  1900 |   474 |  1532k|  12M|  52 | 152 |3164 | 963 | 609 |3164 | 694 | 200 | 479 |4915 | 5.454947e+01 |      --      |    Inf 
  998s|  2000 |   481 |  1582k|  12M|  52 |   - |3164 | 966 | 598 |3164 | 694 | 200 | 488 |5040 | 5.454947e+01 |      --      |    Inf 
 1034s|  2100 |   499 |  1645k|  12M|  52 | 160 |3164 | 976 | 515 |3164 | 694 | 200 | 502 |5242 | 5.454947e+01 |      --      |    Inf 
 1077s|  2200 |   509 |  1719k|  12M|  52 | 172 |3164 | 970 | 535 |3164 | 694 | 200 | 504 |5471 | 5.454947e+01 |      --      |    Inf 
 1104s|  2300 |   517 |  1774k|  12M|  52 |   - |3164 | 968 | 428 |3164 | 694 | 200 | 506 |5557 | 5.454947e+01 |      --      |    Inf 
 1135s|  2400 |   541 |  1839k|  12M|  52 |  79 |3164 | 965 | 484 |3164 | 694 | 200 | 506 |5644 | 5.458493e+01 |      --      |    Inf 
 1159s|  2500 |   553 |  1897k|  12M|  52 | 144 |3164 | 958 | 500 |3164 | 694 | 200 | 506 |5667 | 5.458493e+01 |      --      |    Inf 
 1186s|  2600 |   575 |  1955k|  12M|  52 |   - |3164 | 965 | 404 |3164 | 694 | 200 | 515 |5722 | 5.458493e+01 |      --      |    Inf 
 1214s|  2700 |   578 |  2014k|  12M|  52 | 140 |3164 | 964 | 507 |3164 | 694 | 200 | 518 |5800 | 5.458493e+01 |      --      |    Inf 
 1249s|  2800 |   584 |  2078k|  12M|  52 |   - |3164 | 962 | 427 |3164 | 694 | 200 | 521 |5976 | 5.458493e+01 |      --      |    Inf 
 1322s|  2900 |   591 |  2207k|  12M|  52 | 137 |3164 | 949 | 556 |3164 | 694 | 200 | 523 |6347 | 5.458493e+01 |      --      |    Inf 
 1356s|  3000 |   609 |  2268k|  12M|  52 | 173 |3164 | 956 | 623 |3164 | 694 | 200 | 537 |6537 | 5.462591e+01 |      --      |    Inf 
 1381s|  3100 |   611 |  2317k|  12M|  52 |   - |3164 | 957 | 441 |3164 | 694 | 200 | 538 |6634 | 5.462591e+01 |      --      |    Inf 
 1419s|  3200 |   615 |  2393k|  12M|  52 |   - |3164 | 957 | 430 |3164 | 694 | 200 | 547 |6734 | 5.462591e+01 |      --      |    Inf 
 time | node  | left  |LP iter| mem |mdpt |frac |vars |cons |ccons|cols |rows |cuts |confs|strbr|  dualbound   | primalbound  |  gap   
 1447s|  3300 |   627 |  2452k|  12M|  52 | 162 |3164 | 959 | 550 |3164 | 694 | 200 | 555 |6815 | 5.462591e+01 |      --      |    Inf 
 1478s|  3400 |   634 |  2514k|  12M|  52 | 131 |3164 | 973 | 531 |3164 | 694 | 200 | 573 |6896 | 5.462591e+01 |      --      |    Inf 
 1505s|  3500 |   643 |  2573k|  13M|  52 |   - |3164 | 978 | 446 |3164 | 694 | 200 | 580 |6913 | 5.462591e+01 |      --      |    Inf 
 1548s|  3600 |   662 |  2652k|  13M|  52 | 176 |3164 | 986 | 668 |3164 | 694 | 200 | 597 |7074 | 5.465039e+01 |      --      |    Inf 
 1586s|  3700 |   674 |  2729k|  13M|  52 | 187 |3164 | 988 | 739 |3164 | 694 | 200 | 610 |7176 | 5.465039e+01 |      --      |    Inf 
 1616s|  3800 |   678 |  2790k|  13M|  52 | 135 |3164 | 989 | 513 |3164 | 694 | 200 | 613 |7309 | 5.465039e+01 |      --      |    Inf 
 1661s|  3900 |   692 |  2869k|  13M|  52 |   - |3164 | 997 | 476 |3164 | 694 | 200 | 628 |7494 | 5.465039e+01 |      --      |    Inf 
 1682s|  4000 |   700 |  2910k|  13M|  52 | 142 |3164 |1000 | 587 |3164 | 694 | 200 | 635 |7593 | 5.465039e+01 |      --      |    Inf 
 1710s|  4100 |   709 |  2971k|  13M|  52 | 121 |3164 | 997 | 538 |3164 | 694 | 200 | 638 |7676 | 5.465039e+01 |      --      |    Inf 
 1739s|  4200 |   717 |  3032k|  13M|  52 |   - |3164 | 997 | 484 |3164 | 694 | 200 | 640 |7761 | 5.465039e+01 |      --      |    Inf 
 1775s|  4300 |   733 |  3096k|  13M|  52 | 161 |3164 |1010 | 590 |3164 | 694 | 200 | 655 |7955 | 5.465039e+01 |      --      |    Inf 
 1814s|  4400 |   749 |  3176k|  13M|  52 |   - |3164 |1025 | 451 |3164 | 694 | 200 | 673 |8064 | 5.477441e+01 |      --      |    Inf 
 1844s|  4500 |   765 |  3237k|  13M|  52 |   - |3164 |1022 | 501 |3164 | 694 | 200 | 677 |8153 | 5.477466e+01 |      --      |    Inf 
 1865s|  4600 |   783 |  3282k|  13M|  52 |  91 |3164 |1035 | 477 |3164 | 694 | 200 | 691 |8224 | 5.478010e+01 |      --      |    Inf 
 1889s|  4700 |   794 |  3342k|  13M|  52 | 149 |3164 |1031 | 538 |3164 | 694 | 200 | 692 |8230 | 5.478010e+01 |      --      |    Inf 
 time | node  | left  |LP iter| mem |mdpt |frac |vars |cons |ccons|cols |rows |cuts |confs|strbr|  dualbound   | primalbound  |  gap   
 1909s|  4800 |   805 |  3387k|  13M|  57 |   - |3164 |1030 | 388 |3164 | 694 | 200 | 693 |8245 | 5.478010e+01 |      --      |    Inf 
 1925s|  4900 |   817 |  3426k|  13M|  57 | 135 |3164 |1031 | 492 |3164 | 694 | 200 | 697 |8251 | 5.478010e+01 |      --      |    Inf 
 1947s|  5000 |   822 |  3474k|  13M|  57 |   - |3164 |1037 | 551 |3164 | 694 | 200 | 705 |8306 | 5.478010e+01 |      --      |    Inf 
 1989s|  5100 |   848 |  3551k|  13M|  57 | 143 |3164 |1042 | 489 |3164 | 694 | 200 | 721 |8484 | 5.483956e+01 |      --      |    Inf 
 2027s|  5200 |   865 |  3622k|  14M|  57 |   - |3164 |1053 | 451 |3164 | 694 | 200 | 736 |8625 | 5.483956e+01 |      --      |    Inf 
 2059s|  5300 |   887 |  3677k|  14M|  57 | 124 |3164 |1051 | 528 |3164 | 694 | 200 | 739 |8760 | 5.496236e+01 |      --      |    Inf 
 2092s|  5400 |   894 |  3743k|  14M|  57 |   - |3164 |1054 | 492 |3164 | 694 | 200 | 747 |8877 | 5.496236e+01 |      --      |    Inf 
 2138s|  5500 |   906 |  3829k|  14M|  57 |   - |3164 |1050 | 383 |3164 | 694 | 200 | 755 |9081 | 5.500299e+01 |      --      |    Inf 
 2178s|  5600 |   917 |  3907k|  14M|  57 | 111 |3164 |1046 | 448 |3164 | 694 | 200 | 759 |9266 | 5.500299e+01 |      --      |    Inf 
 2218s|  5700 |   930 |  3981k|  14M|  57 |   - |3164 |1049 | 462 |3164 | 694 | 200 | 772 |9428 | 5.500299e+01 |      --      |    Inf 
 2249s|  5800 |   950 |  4046k|  14M|  57 | 171 |3164 |1055 | 645 |3164 | 694 | 200 | 781 |9520 | 5.500299e+01 |      --      |    Inf 
 2284s|  5900 |   960 |  4123k|  14M|  57 |   - |3164 |1067 | 513 |3164 | 694 | 200 | 796 |9571 | 5.510770e+01 |      --      |    Inf 
 2312s|  6000 |   980 |  4181k|  14M|  57 | 212 |3164 |1074 | 666 |3164 | 694 | 200 | 807 |9654 | 5.520756e+01 |      --      |    Inf 
 2340s|  6100 |   996 |  4243k|  14M|  57 | 106 |3164 |1104 | 466 |3164 | 694 | 200 | 845 |9734 | 5.520756e+01 |      --      |    Inf 
 2367s|  6200 |  1010 |  4305k|  14M|  57 | 182 |3164 |1095 | 487 |3164 | 694 | 200 | 849 |9749 | 5.544866e+01 |      --      |    Inf 
 time | node  | left  |LP iter| mem |mdpt |frac |vars |cons |ccons|cols |rows |cuts |confs|strbr|  dualbound   | primalbound  |  gap   
 2388s|  6300 |  1025 |  4355k|  14M|  57 | 149 |3164 |1104 | 573 |3164 | 694 | 200 | 862 |9756 | 5.544866e+01 |      --      |    Inf 
 2408s|  6400 |  1041 |  4399k|  14M|  59 | 138 |3164 |1117 | 612 |3164 | 694 | 200 | 882 |9777 | 5.552041e+01 |      --      |    Inf 
 2432s|  6500 |  1052 |  4464k|  14M|  59 | 158 |3164 |1121 | 526 |3164 | 694 | 200 | 896 |9790 | 5.552041e+01 |      --      |    Inf 
 2455s|  6600 |  1057 |  4508k|  15M|  59 | 131 |3164 |1124 | 482 |3164 | 694 | 200 | 902 |9791 | 5.552041e+01 |      --      |    Inf 
 2473s|  6700 |  1072 |  4549k|  15M|  59 |   - |3164 |1126 | 348 |3164 | 694 | 200 | 908 |9815 | 5.552041e+01 |      --      |    Inf 
 2493s|  6800 |  1080 |  4592k|  15M|  62 | 152 |3164 |1128 | 427 |3164 | 694 | 200 | 914 |9833 | 5.560461e+01 |      --      |    Inf 
 2518s|  6900 |  1099 |  4652k|  15M|  62 |   - |3164 |1132 | 498 |3164 | 694 | 200 | 924 |9843 | 5.560461e+01 |      --      |    Inf 
 2547s|  7000 |  1111 |  4709k|  15M|  62 |   - |3164 |1135 | 416 |3164 | 694 | 200 | 933 |9924 | 5.568643e+01 |      --      |    Inf 
 2573s|  7100 |  1117 |  4761k|  15M|  62 |   - |3164 |1130 | 308 |3164 | 694 | 200 | 937 |  10k| 5.568643e+01 |      --      |    Inf 
 2601s|  7200 |  1133 |  4813k|  15M|  62 | 111 |3164 |1134 | 425 |3164 | 694 | 200 | 946 |  10k| 5.568643e+01 |      --      |    Inf 
 2635s|  7300 |  1161 |  4875k|  15M|  63 |   - |3164 |1146 | 274 |3164 | 694 | 200 | 962 |  10k| 5.573070e+01 |      --      |    Inf 
 2678s|  7400 |  1164 |  4958k|  15M|  71 |   - |3164 |1144 | 528 |   0 |   0 | 200 | 971 |  10k| 5.573070e+01 |      --      |    Inf 
 2705s|  7500 |  1170 |  5012k|  15M|  71 |   - |3164 |1143 | 502 |3164 | 694 | 200 | 972 |  10k| 5.573070e+01 |      --      |    Inf 
 2750s|  7600 |  1179 |  5089k|  15M|  71 | 163 |3164 |1155 | 790 |3164 | 694 | 200 | 993 |  10k| 5.573070e+01 |      --      |    Inf 
 2792s|  7700 |  1195 |  5177k|  15M|  71 |  82 |3164 |1156 | 446 |3164 | 694 | 200 | 998 |  10k| 5.573070e+01 |      --      |    Inf 
 time | node  | left  |LP iter| mem |mdpt |frac |vars |cons |ccons|cols |rows |cuts |confs|strbr|  dualbound   | primalbound  |  gap   
 2824s|  7800 |  1206 |  5247k|  15M|  71 |   - |3164 |1155 | 537 |   0 |   0 | 200 |1008 |  10k| 5.573070e+01 |      --      |    Inf 
 2850s|  7900 |  1231 |  5305k|  15M|  71 |   - |3164 |1169 | 469 |3164 | 694 | 200 |1024 |  11k| 5.577595e+01 |      --      |    Inf 
 2895s|  8000 |  1237 |  5389k|  15M|  71 |   - |3164 |1179 | 552 |3164 | 694 | 200 |1048 |  11k| 5.579003e+01 |      --      |    Inf 
 2922s|  8100 |  1245 |  5451k|  15M|  71 | 158 |3164 |1191 | 479 |3164 | 694 | 200 |1065 |  11k| 5.579395e+01 |      --      |    Inf 
 2947s|  8200 |  1244 |  5508k|  15M|  71 |   - |3164 |1199 | 404 |3164 | 694 | 200 |1081 |  11k| 5.579395e+01 |      --      |    Inf 
 2967s|  8300 |  1261 |  5551k|  16M|  71 | 147 |3164 |1204 | 492 |3164 | 694 | 200 |1094 |  11k| 5.579395e+01 |      --      |    Inf 
 2984s|  8400 |  1282 |  5587k|  16M|  71 | 185 |3164 |1206 | 624 |3164 | 694 | 200 |1104 |  11k| 5.579395e+01 |      --      |    Inf 
 3009s|  8500 |  1296 |  5642k|  16M|  71 |   - |3164 |1213 | 395 |3164 | 694 | 200 |1122 |  11k| 5.579504e+01 |      --      |    Inf 
 3042s|  8600 |  1317 |  5693k|  16M|  71 |   - |3164 |1235 | 448 |   0 |   0 | 200 |1150 |  11k| 5.580023e+01 |      --      |    Inf 
 3088s|  8700 |  1325 |  5799k|  16M|  71 | 197 |3164 |1250 | 676 |3164 | 694 | 200 |1181 |  11k| 5.582662e+01 |      --      |    Inf 
 3114s|  8800 |  1330 |  5851k|  16M|  71 |   - |3164 |1251 | 559 |3164 | 694 | 200 |1190 |  11k| 5.582770e+01 |      --      |    Inf 
 3149s|  8900 |  1342 |  5915k|  16M|  71 | 154 |3164 |1254 | 638 |3164 | 694 | 200 |1207 |  11k| 5.591957e+01 |      --      |    Inf 
 3188s|  9000 |  1359 |  5981k|  16M|  71 | 171 |3164 |1260 | 671 |3164 | 694 | 200 |1225 |  11k| 5.597208e+01 |      --      |    Inf 
 3207s|  9100 |  1362 |  6027k|  16M|  71 |   - |3164 |1260 | 401 |3164 | 694 | 200 |1231 |  11k| 5.597208e+01 |      --      |    Inf 
 3240s|  9200 |  1375 |  6094k|  16M|  71 | 190 |3164 |1260 | 757 |3164 | 694 | 200 |1244 |  12k| 5.597866e+01 |      --      |    Inf 
 time | node  | left  |LP iter| mem |mdpt |frac |vars |cons |ccons|cols |rows |cuts |confs|strbr|  dualbound   | primalbound  |  gap   
 3289s|  9300 |  1371 |  6190k|  16M|  71 | 163 |3164 |1259 | 702 |3164 | 694 | 200 |1258 |  12k| 5.597866e+01 |      --      |    Inf 
 3324s|  9400 |  1373 |  6261k|  16M|  71 |   - |3164 |1262 | 450 |3164 | 694 | 200 |1272 |  12k| 5.597866e+01 |      --      |    Inf 
 3366s|  9500 |  1379 |  6347k|  16M|  71 | 200 |3164 |1244 | 720 |3164 | 694 | 200 |1273 |  12k| 5.599712e+01 |      --      |    Inf 
 3397s|  9600 |  1380 |  6414k|  16M|  71 | 206 |3164 |1241 | 747 |3164 | 694 | 200 |1288 |  12k| 5.599712e+01 |      --      |    Inf 
 3421s|  9700 |  1384 |  6466k|  16M|  71 | 139 |3164 |1237 | 473 |3164 | 694 | 200 |1298 |  12k| 5.599712e+01 |      --      |    Inf 
 3454s|  9800 |  1398 |  6537k|  17M|  71 | 161 |3164 |1242 | 599 |3164 | 694 | 200 |1313 |  12k| 5.601296e+01 |      --      |    Inf 
 3471s|  9900 |  1402 |  6576k|  17M|  71 | 122 |3164 |1234 | 589 |3164 | 694 | 200 |1314 |  12k| 5.601296e+01 |      --      |    Inf 
 3494s| 10000 |  1402 |  6633k|  17M|  71 | 160 |3164 |1233 | 529 |3164 | 694 | 200 |1321 |  12k| 5.601296e+01 |      --      |    Inf 
 3533s| 10100 |  1405 |  6709k|  17M|  71 | 153 |3164 |1222 | 658 |3164 | 694 | 200 |1328 |  12k| 5.601296e+01 |      --      |    Inf 
 3554s| 10200 |  1407 |  6760k|  17M|  71 |   - |3164 |1211 | 447 |3164 | 694 | 200 |1331 |  12k| 5.601296e+01 |      --      |    Inf 
 3592s| 10300 |  1417 |  6855k|  17M|  71 | 203 |3164 |1209 | 891 |3164 | 694 | 200 |1341 |  12k| 5.602125e+01 |      --      |    Inf 
 3620s| 10400 |  1424 |  6911k|  17M|  71 |   - |3164 |1206 | 459 |   0 |   0 | 200 |1347 |  12k| 5.602125e+01 |      --      |    Inf 
 3702s| 10500 |  1436 |  7073k|  17M|  71 | 136 |3164 |1188 | 555 |3164 | 694 | 200 |1356 |  13k| 5.608359e+01 |      --      |    Inf 
 3758s| 10600 |  1437 |  7187k|  17M|  71 | 159 |3164 |1173 | 586 |3164 | 694 | 200 |1363 |  13k| 5.609125e+01 |      --      |    Inf 
 3809s| 10700 |  1440 |  7292k|  17M|  71 |   - |3164 |1159 | 541 |3164 | 694 | 200 |1363 |  13k| 5.611748e+01 |      --      |    Inf 
 time | node  | left  |LP iter| mem |mdpt |frac |vars |cons |ccons|cols |rows |cuts |confs|strbr|  dualbound   | primalbound  |  gap   
 3842s| 10800 |  1448 |  7356k|  17M|  71 |   - |3164 |1156 | 475 |3164 | 694 | 200 |1372 |  13k| 5.616398e+01 |      --      |    Inf 
 3884s| 10900 |  1471 |  7443k|  17M|  71 | 131 |3164 |1156 | 480 |3164 | 694 | 200 |1383 |  13k| 5.616398e+01 |      --      |    Inf 
 3914s| 11000 |  1483 |  7508k|  17M|  71 | 108 |3164 |1149 | 459 |3164 | 694 | 200 |1385 |  13k| 5.620117e+01 |      --      |    Inf 
 3952s| 11100 |  1505 |  7590k|  17M|  71 | 151 |3164 |1152 | 542 |3164 | 694 | 200 |1399 |  13k| 5.624924e+01 |      --      |    Inf 
 3994s| 11200 |  1512 |  7692k|  18M|  71 |   - |3164 |1143 | 448 |3164 | 694 | 200 |1404 |  13k| 5.627966e+01 |      --      |    Inf 
 4026s| 11300 |  1518 |  7771k|  18M|  71 | 155 |3164 |1126 | 582 |3164 | 694 | 200 |1406 |  13k| 5.627966e+01 |      --      |    Inf 
 4057s| 11400 |  1517 |  7851k|  18M|  71 |   - |3164 |1120 | 455 |3164 | 694 | 200 |1406 |  13k| 5.627966e+01 |      --      |    Inf 
 4091s| 11500 |  1525 |  7926k|  18M|  71 |   - |3164 |1125 | 445 |   0 |   0 | 200 |1421 |  14k| 5.627966e+01 |      --      |    Inf 
 4125s| 11600 |  1517 |  8009k|  18M|  71 | 170 |3164 |1128 | 560 |3164 | 694 | 200 |1434 |  14k| 5.627966e+01 |      --      |    Inf 
 4151s| 11700 |  1535 |  8067k|  18M|  71 |  95 |3164 |1119 | 430 |3164 | 694 | 200 |1435 |  14k| 5.627966e+01 |      --      |    Inf 
 4201s| 11800 |  1547 |  8163k|  18M|  71 | 157 |3164 |1119 | 553 |3164 | 694 | 200 |1447 |  14k| 5.628553e+01 |      --      |    Inf 
 4243s| 11900 |  1560 |  8247k|  18M|  71 | 145 |3164 |1113 | 564 |3164 | 694 | 200 |1457 |  14k| 5.628553e+01 |      --      |    Inf 
 4274s| 12000 |  1565 |  8311k|  18M|  71 | 225 |3164 |1108 | 742 |3164 | 694 | 200 |1461 |  14k| 5.628553e+01 |      --      |    Inf 
 4317s| 12100 |  1571 |  8402k|  18M|  71 |   - |3164 |1101 | 512 |3164 | 694 | 200 |1461 |  14k| 5.633752e+01 |      --      |    Inf 
 4352s| 12200 |  1580 |  8470k|  18M|  71 |   - |3164 |1105 | 428 |3164 | 694 | 200 |1471 |  14k| 5.636598e+01 |      --      |    Inf 
 time | node  | left  |LP iter| mem |mdpt |frac |vars |cons |ccons|cols |rows |cuts |confs|strbr|  dualbound   | primalbound  |  gap   
 4380s| 12300 |  1594 |  8528k|  18M|  71 | 162 |3164 |1099 | 548 |3164 | 694 | 200 |1473 |  14k| 5.636598e+01 |      --      |    Inf 
 4409s| 12400 |  1605 |  8590k|  18M|  71 |   - |3164 |1108 | 391 |3164 | 694 | 200 |1487 |  15k| 5.636598e+01 |      --      |    Inf 
 4444s| 12500 |  1617 |  8661k|  18M|  71 | 155 |3164 |1113 | 513 |3164 | 694 | 200 |1498 |  15k| 5.636647e+01 |      --      |    Inf 
 4468s| 12600 |  1634 |  8719k|  18M|  71 | 174 |3164 |1114 | 565 |3164 | 694 | 200 |1505 |  15k| 5.636647e+01 |      --      |    Inf 
 4503s| 12700 |  1638 |  8803k|  18M|  71 |   - |3164 |1112 | 382 |3164 | 694 | 200 |1510 |  15k| 5.636647e+01 |      --      |    Inf 
 4535s| 12800 |  1646 |  8877k|  19M|  71 |   - |3164 |1108 | 526 |3164 | 694 | 200 |1525 |  15k| 5.636647e+01 |      --      |    Inf 
 4561s| 12900 |  1656 |  8939k|  19M|  71 |   - |3164 |1104 | 443 |3164 | 694 | 200 |1528 |  15k| 5.636647e+01 |      --      |    Inf 
 4597s| 13000 |  1666 |  9031k|  19M|  71 |   - |3164 |1098 | 384 |3164 | 694 | 200 |1531 |  15k| 5.636647e+01 |      --      |    Inf 
 4630s| 13100 |  1668 |  9116k|  19M|  71 |   - |3164 |1100 | 397 |3164 | 694 | 200 |1542 |  15k| 5.636647e+01 |      --      |    Inf 
 4676s| 13200 |  1676 |  9221k|  19M|  71 | 122 |3164 |1092 | 464 |3164 | 694 | 200 |1545 |  15k| 5.638757e+01 |      --      |    Inf 
 4704s| 13300 |  1683 |  9280k|  19M|  71 | 177 |3164 |1090 | 493 |3164 | 694 | 200 |1551 |  15k| 5.638757e+01 |      --      |    Inf 
 4745s| 13400 |  1689 |  9367k|  19M|  71 |   - |3164 |1083 | 459 |3164 | 694 | 200 |1558 |  15k| 5.639879e+01 |      --      |    Inf 
 4792s| 13500 |  1699 |  9460k|  19M|  71 |   - |3164 |1083 | 453 |3164 | 694 | 200 |1571 |  15k| 5.639879e+01 |      --      |    Inf 
 4831s| 13600 |  1709 |  9544k|  19M|  71 |   - |3164 |1082 | 344 |   0 |   0 | 200 |1576 |  15k| 5.639879e+01 |      --      |    Inf 
 4870s| 13700 |  1706 |  9627k|  19M|  71 | 176 |3164 |1081 | 518 |3164 | 694 | 200 |1587 |  15k| 5.639879e+01 |      --      |    Inf 
 time | node  | left  |LP iter| mem |mdpt |frac |vars |cons |ccons|cols |rows |cuts |confs|strbr|  dualbound   | primalbound  |  gap   
 4924s| 13800 |  1714 |  9736k|  19M|  71 |   - |3164 |1073 | 512 |3164 | 694 | 200 |1587 |  16k| 5.640024e+01 |      --      |    Inf 
 4983s| 13900 |  1720 |  9866k|  19M|  71 | 194 |3164 |1059 | 519 |3164 | 694 | 200 |1587 |  16k| 5.642956e+01 |      --      |    Inf 
 5005s| 14000 |  1732 |  9905k|  19M|  78 |   - |3164 |1076 | 414 |3164 | 694 | 200 |1605 |  16k| 5.642956e+01 |      --      |    Inf 
 5044s| 14100 |  1736 |  9986k|  19M|  78 | 178 |3164 |1068 | 727 |3164 | 694 | 200 |1618 |  16k| 5.644225e+01 |      --      |    Inf 
 5080s| 14200 |  1738 | 10070k|  19M|  78 | 169 |3164 |1083 | 731 |3164 | 694 | 200 |1654 |  16k| 5.644225e+01 |      --      |    Inf 
 5118s| 14300 |  1742 | 10162k|  19M|  78 | 168 |3164 |1075 | 581 |3164 | 694 | 200 |1663 |  16k| 5.644225e+01 |      --      |    Inf 
 5158s| 14400 |  1743 | 10261k|  19M|  78 | 127 |3164 |1072 | 449 |3164 | 694 | 200 |1670 |  16k| 5.644225e+01 |      --      |    Inf 
 5193s| 14500 |  1751 | 10346k|  19M|  78 | 173 |3164 |1060 | 614 |3164 | 694 | 200 |1671 |  16k| 5.644225e+01 |      --      |    Inf 
 5226s| 14600 |  1759 | 10427k|  20M|  78 |   - |3164 |1051 | 435 |3164 | 694 | 200 |1677 |  16k| 5.644225e+01 |      --      |    Inf 
 5261s| 14700 |  1767 | 10515k|  20M|  78 | 197 |3164 |1038 | 669 |3164 | 694 | 200 |1677 |  16k| 5.647518e+01 |      --      |    Inf 
 5286s| 14800 |  1777 | 10577k|  20M|  78 |   - |3164 |1038 | 287 |3164 | 694 | 200 |1683 |  16k| 5.647518e+01 |      --      |    Inf 
 5320s| 14900 |  1791 | 10663k|  20M|  78 | 113 |3164 |1024 | 392 |3164 | 694 | 200 |1683 |  16k| 5.647518e+01 |      --      |    Inf 
 5363s| 15000 |  1797 | 10755k|  20M|  78 |   - |3164 |1023 | 445 |3164 | 694 | 200 |1689 |  16k| 5.649829e+01 |      --      |    Inf 
 5406s| 15100 |  1803 | 10847k|  20M|  78 | 216 |3164 |1020 | 590 |3164 | 694 | 200 |1690 |  17k| 5.650343e+01 |      --      |    Inf 
 5470s| 15200 |  1805 | 10978k|  20M|  78 | 170 |3164 |1007 | 519 |3164 | 694 | 200 |1696 |  17k| 5.650343e+01 |      --      |    Inf 
 time | node  | left  |LP iter| mem |mdpt |frac |vars |cons |ccons|cols |rows |cuts |confs|strbr|  dualbound   | primalbound  |  gap   
 5505s| 15300 |  1807 | 11049k|  20M|  78 |   - |3164 |1007 | 474 |3164 | 694 | 200 |1704 |  17k| 5.651057e+01 |      --      |    Inf 
 5554s| 15400 |  1809 | 11152k|  20M|  78 | 149 |3164 | 988 | 474 |3164 | 694 | 200 |1707 |  17k| 5.654637e+01 |      --      |    Inf 
 5600s| 15500 |  1814 | 11245k|  20M|  78 |   - |3164 | 987 | 554 |   0 |   0 | 200 |1723 |  17k| 5.656513e+01 |      --      |    Inf 
 5644s| 15600 |  1820 | 11337k|  20M|  78 | 163 |3164 | 978 | 584 |3164 | 694 | 200 |1727 |  17k| 5.656645e+01 |      --      |    Inf 
 5698s| 15700 |  1816 | 11453k|  20M|  78 |   - |3164 | 967 | 460 |3164 | 694 | 200 |1736 |  17k| 5.656645e+01 |      --      |    Inf 
 5744s| 15800 |  1813 | 11538k|  20M|  78 |   - |3164 | 994 | 444 |3164 | 694 | 200 |1794 |  18k| 5.661325e+01 |      --      |    Inf 
 5774s| 15900 |  1822 | 11599k|  20M|  78 |   - |3164 |1029 | 449 |   0 |   0 | 200 |1838 |  18k| 5.661325e+01 |      --      |    Inf 
 5803s| 16000 |  1823 | 11659k|  20M|  78 |   - |3164 |1049 | 403 |3164 | 694 | 200 |1878 |  18k| 5.667070e+01 |      --      |    Inf 
 5832s| 16100 |  1837 | 11729k|  21M|  78 |   - |3164 |1050 | 294 |3164 | 694 | 200 |1899 |  18k| 5.667070e+01 |      --      |    Inf 
 5871s| 16200 |  1843 | 11814k|  21M|  78 | 139 |3164 |1079 | 510 |3164 | 694 | 200 |1947 |  18k| 5.672827e+01 |      --      |    Inf 
 5899s| 16300 |  1835 | 11879k|  21M|  78 | 212 |3164 |1088 | 687 |3164 | 694 | 200 |1990 |  18k| 5.672827e+01 |      --      |    Inf 
 5926s| 16400 |  1841 | 11936k|  21M|  78 |   - |3164 |1105 | 470 |3164 | 694 | 200 |2034 |  18k| 5.673958e+01 |      --      |    Inf 
 5960s| 16500 |  1841 | 12012k|  21M|  78 |   - |3164 |1108 | 453 |3164 | 694 | 200 |2077 |  18k| 5.674147e+01 |      --      |    Inf 
 5989s| 16600 |  1829 | 12077k|  21M|  78 | 174 |3164 |1103 | 512 |3164 | 694 | 200 |2111 |  18k| 5.674147e+01 |      --      |    Inf 
 6018s| 16700 |  1838 | 12147k|  21M|  78 |   - |3164 |1107 | 463 |3164 | 694 | 200 |2127 |  18k| 5.674147e+01 |      --      |    Inf 
 time | node  | left  |LP iter| mem |mdpt |frac |vars |cons |ccons|cols |rows |cuts |confs|strbr|  dualbound   | primalbound  |  gap   
 6056s| 16800 |  1836 | 12238k|  21M|  78 | 173 |3164 |1095 | 488 |3164 | 694 | 200 |2143 |  18k| 5.680774e+01 |      --      |    Inf 
 6090s| 16900 |  1843 | 12311k|  21M|  78 |   - |3164 |1097 | 397 |3164 | 694 | 200 |2171 |  18k| 5.680774e+01 |      --      |    Inf 
 6120s| 17000 |  1856 | 12368k|  21M|  78 | 158 |3164 |1139 | 436 |3164 | 694 | 200 |2227 |  18k| 5.683215e+01 |      --      |    Inf 
 6150s| 17100 |  1856 | 12434k|  21M|  78 |   - |3164 |1127 | 411 |3164 | 694 | 200 |2250 |  18k| 5.683215e+01 |      --      |    Inf 
 6187s| 17200 |  1850 | 12520k|  22M|  78 |   - |3164 |1100 | 494 |3164 | 694 | 200 |2262 |  18k| 5.683215e+01 |      --      |    Inf 
 6214s| 17300 |  1863 | 12589k|  22M|  78 |   - |3164 |1097 | 432 |3164 | 694 | 200 |2279 |  18k| 5.685644e+01 |      --      |    Inf 
 6253s| 17400 |  1868 | 12668k|  22M|  78 | 181 |3164 |1079 | 538 |3164 | 694 | 200 |2299 |  19k| 5.686533e+01 |      --      |    Inf 
 6286s| 17500 |  1858 | 12737k|  22M|  78 |   - |3164 |1070 | 366 |3164 | 694 | 200 |2325 |  19k| 5.686533e+01 |      --      |    Inf 
 6330s| 17600 |  1866 | 12825k|  22M|  78 | 135 |3164 |1056 | 651 |3164 | 694 | 200 |2359 |  19k| 5.686533e+01 |      --      |    Inf 
 6377s| 17700 |  1870 | 12919k|  22M|  78 |   - |3164 |1058 | 428 |3164 | 694 | 200 |2378 |  19k| 5.689475e+01 |      --      |    Inf 
 6410s| 17800 |  1875 | 12990k|  22M|  78 |   - |3164 |1041 | 440 |3164 | 694 | 200 |2381 |  19k| 5.697537e+01 |      --      |    Inf 
 6457s| 17900 |  1879 | 13088k|  22M|  78 | 114 |3164 |1026 | 439 |3164 | 694 | 200 |2387 |  19k| 5.699240e+01 |      --      |    Inf 
 6492s| 18000 |  1880 | 13160k|  22M|  78 |   - |3164 |1051 | 397 |3164 | 694 | 200 |2420 |  19k| 5.701345e+01 |      --      |    Inf 
 6531s| 18100 |  1878 | 13240k|  22M|  78 | 149 |3164 |1068 | 513 |3164 | 694 | 200 |2455 |  19k| 5.701345e+01 |      --      |    Inf 
 6573s| 18200 |  1888 | 13327k|  22M|  78 |   - |3164 |1050 | 478 |3164 | 694 | 200 |2456 |  19k| 5.701722e+01 |      --      |    Inf 
 time | node  | left  |LP iter| mem |mdpt |frac |vars |cons |ccons|cols |rows |cuts |confs|strbr|  dualbound   | primalbound  |  gap   
 6613s| 18300 |  1891 | 13422k|  22M|  78 |   - |3164 |1041 | 326 |3164 | 694 | 200 |2463 |  20k| 5.701722e+01 |      --      |    Inf 
 6654s| 18400 |  1892 | 13507k|  22M|  78 |   - |3164 |1032 | 469 |3164 | 694 | 200 |2477 |  20k| 5.706314e+01 |      --      |    Inf 
 6683s| 18500 |  1888 | 13579k|  22M|  78 | 215 |3164 |1027 | 622 |3164 | 694 | 200 |2485 |  20k| 5.706314e+01 |      --      |    Inf 
 6717s| 18600 |  1894 | 13649k|  22M|  78 |   - |3164 |1020 | 481 |3164 | 694 | 200 |2490 |  20k| 5.706314e+01 |      --      |    Inf 
 6748s| 18700 |  1892 | 13724k|  22M|  78 |   - |3164 |1011 | 602 |   0 |   0 | 200 |2503 |  20k| 5.706314e+01 |      --      |    Inf 
 6786s| 18800 |  1892 | 13808k|  22M|  78 |   - |3164 | 999 | 397 |3164 | 694 | 200 |2507 |  20k| 5.706314e+01 |      --      |    Inf 
 6825s| 18900 |  1890 | 13904k|  23M|  78 |   - |3164 |1000 | 385 |3164 | 694 | 200 |2519 |  20k| 5.716767e+01 |      --      |    Inf 
 6857s| 19000 |  1893 | 13980k|  23M|  78 | 167 |3164 | 991 | 663 |3164 | 694 | 200 |2530 |  20k| 5.726108e+01 |      --      |    Inf 
 6889s| 19100 |  1897 | 14055k|  23M|  78 |   - |3164 | 981 | 408 |3164 | 694 | 200 |2536 |  20k| 5.726108e+01 |      --      |    Inf 
 6926s| 19200 |  1892 | 14137k|  23M|  78 |   - |3164 |1011 | 443 |3164 | 694 | 200 |2575 |  20k| 5.726108e+01 |      --      |    Inf 
 6954s| 19300 |  1893 | 14200k|  23M|  78 |   - |3164 |1039 | 424 |   0 |   0 | 200 |2609 |  20k| 5.726108e+01 |      --      |    Inf 
 6988s| 19400 |  1897 | 14271k|  23M|  78 | 194 |3164 |1055 | 467 |3164 | 694 | 200 |2629 |  20k| 5.726108e+01 |      --      |    Inf 
 7020s| 19500 |  1901 | 14345k|  23M|  78 |   - |3164 |1059 | 367 |3164 | 694 | 200 |2641 |  20k| 5.726108e+01 |      --      |    Inf 
 7063s| 19600 |  1906 | 14433k|  23M|  78 |   - |3164 |1058 | 438 |3164 | 694 | 200 |2651 |  20k| 5.727462e+01 |      --      |    Inf 
 7107s| 19700 |  1906 | 14526k|  23M|  78 | 213 |3164 |1045 | 621 |3164 | 694 | 200 |2655 |  20k| 5.728099e+01 |      --      |    Inf 
 time | node  | left  |LP iter| mem |mdpt |frac |vars |cons |ccons|cols |rows |cuts |confs|strbr|  dualbound   | primalbound  |  gap   
 7151s| 19800 |  1916 | 14615k|  23M|  78 | 198 |3164 |1041 | 450 |3164 | 694 | 200 |2657 |  20k| 5.728099e+01 |      --      |    Inf 
 7188s| 19900 |  1921 | 14691k|  23M|  78 | 170 |3164 |1041 | 534 |3164 | 694 | 200 |2665 |  21k| 5.731751e+01 |      --      |    Inf 
 7229s| 20000 |  1927 | 14776k|  23M|  78 |   - |3164 |1033 | 437 |3164 | 694 | 200 |2665 |  21k| 5.740849e+01 |      --      |    Inf 
 7259s| 20100 |  1928 | 14840k|  23M|  78 |   - |3164 |1030 | 414 |3164 | 694 | 200 |2674 |  21k| 5.740849e+01 |      --      |    Inf 
 7297s| 20200 |  1931 | 14916k|  23M|  78 |   - |3164 |1033 | 506 |   0 |   0 | 200 |2689 |  21k| 5.743579e+01 |      --      |    Inf 
 7333s| 20300 |  1936 | 14994k|  24M|  78 | 122 |3164 |1031 | 458 |3164 | 694 | 200 |2696 |  21k| 5.743579e+01 |      --      |    Inf 
 7366s| 20400 |  1934 | 15070k|  24M|  78 |   - |3164 |1032 | 461 |3164 | 694 | 200 |2700 |  21k| 5.744157e+01 |      --      |    Inf 
 7398s| 20500 |  1941 | 15149k|  24M|  78 | 146 |3164 |1023 | 431 |3164 | 694 | 200 |2700 |  21k| 5.744157e+01 |      --      |    Inf 
 7432s| 20600 |  1944 | 15221k|  24M|  78 |   - |3164 |1039 | 413 |3164 | 694 | 200 |2721 |  21k| 5.744157e+01 |      --      |    Inf 
 7460s| 20700 |  1953 | 15285k|  24M|  78 |   - |3164 |1041 | 408 |3164 | 694 | 200 |2734 |  21k| 5.744157e+01 |      --      |    Inf 
 7492s| 20800 |  1966 | 15361k|  24M|  78 | 134 |3164 |1033 | 486 |3164 | 694 | 200 |2740 |  21k| 5.744157e+01 |      --      |    Inf 
 7519s| 20900 |  1976 | 15430k|  24M|  78 |   - |3164 |1036 | 508 |3164 | 694 | 200 |2749 |  21k| 5.744157e+01 |      --      |    Inf 
 7551s| 21000 |  1981 | 15511k|  24M|  78 | 201 |3164 |1028 | 555 |3164 | 694 | 200 |2750 |  21k| 5.748783e+01 |      --      |    Inf 
 7581s| 21100 |  1985 | 15582k|  24M|  78 |   - |3164 |1021 | 423 |3164 | 694 | 200 |2756 |  21k| 5.748783e+01 |      --      |    Inf 
 7617s| 21200 |  1995 | 15669k|  24M|  78 | 141 |3164 |1011 | 442 |3164 | 694 | 200 |2758 |  21k| 5.760509e+01 |      --      |    Inf 
 time | node  | left  |LP iter| mem |mdpt |frac |vars |cons |ccons|cols |rows |cuts |confs|strbr|  dualbound   | primalbound  |  gap   
 7643s| 21300 |  2000 | 15734k|  24M|  78 | 112 |3164 |1015 | 421 |3164 | 694 | 200 |2763 |  21k| 5.760509e+01 |      --      |    Inf 
 7676s| 21400 |  2008 | 15811k|  24M|  78 | 172 |3164 |1012 | 456 |3164 | 694 | 200 |2770 |  21k| 5.772188e+01 |      --      |    Inf 
 7707s| 21500 |  2007 | 15891k|  24M|  78 | 136 |3164 |1012 | 477 |3164 | 694 | 200 |2778 |  21k| 5.776689e+01 |      --      |    Inf 
 7744s| 21600 |  2006 | 15975k|  24M|  78 |   - |3164 |1008 | 417 |3164 | 694 | 200 |2780 |  21k| 5.783376e+01 |      --      |    Inf 
 7786s| 21700 |  2007 | 16067k|  24M|  78 |   - |3164 |1007 | 434 |3164 | 694 | 200 |2785 |  22k| 5.783376e+01 |      --      |    Inf 
 7816s| 21800 |  2005 | 16129k|  24M|  78 |   - |3164 |1000 | 405 |3164 | 694 | 200 |2785 |  22k| 5.795494e+01 |      --      |    Inf 
 7863s| 21900 |  2010 | 16229k|  25M|  78 | 142 |3164 |1000 | 408 |3164 | 694 | 200 |2792 |  22k| 5.796898e+01 |      --      |    Inf 
 7896s| 22000 |  2021 | 16298k|  25M|  78 |   - |3164 |1000 | 490 |3164 | 694 | 200 |2801 |  22k| 5.796898e+01 |      --      |    Inf 
 7935s| 22100 |  2033 | 16382k|  25M|  78 |   - |3164 | 994 | 412 |3164 | 694 | 200 |2803 |  22k| 5.796916e+01 |      --      |    Inf 
 7973s| 22200 |  2045 | 16462k|  25M|  78 |   - |3164 | 989 | 388 |3164 | 694 | 200 |2806 |  22k| 5.798715e+01 |      --      |    Inf 
 8012s| 22300 |  2045 | 16544k|  25M|  78 | 137 |3164 | 984 | 493 |3164 | 694 | 200 |2807 |  22k| 5.798715e+01 |      --      |    Inf 
 8043s| 22400 |  2048 | 16610k|  25M|  78 | 182 |3164 | 979 | 470 |3164 | 694 | 200 |2810 |  22k| 5.799886e+01 |      --      |    Inf 
 8095s| 22500 |  2048 | 16720k|  25M|  78 |   - |3164 | 970 | 424 |3164 | 694 | 200 |2810 |  22k| 5.810221e+01 |      --      |    Inf 
 8137s| 22600 |  2049 | 16812k|  25M|  78 |   - |3164 | 967 | 408 |3164 | 694 | 200 |2812 |  23k| 5.811698e+01 |      --      |    Inf 
 8178s| 22700 |  2055 | 16902k|  25M|  78 | 153 |3164 | 971 | 456 |3164 | 694 | 200 |2818 |  23k| 5.813036e+01 |      --      |    Inf 
 time | node  | left  |LP iter| mem |mdpt |frac |vars |cons |ccons|cols |rows |cuts |confs|strbr|  dualbound   | primalbound  |  gap   
 8214s| 22800 |  2050 | 16989k|  25M|  78 | 149 |3164 | 968 | 492 |3164 | 694 | 200 |2824 |  23k| 5.873513e+01 |      --      |    Inf 
 8240s| 22900 |  2065 | 17053k|  25M|  78 | 118 |3164 | 968 | 448 |3164 | 694 | 200 |2826 |  23k| 5.873513e+01 |      --      |    Inf 
 8281s| 23000 |  2066 | 17149k|  25M|  78 |   - |3164 | 984 | 372 |3164 | 694 | 200 |2847 |  23k| 5.873513e+01 |      --      |    Inf 
 8312s| 23100 |  2074 | 17222k|  26M|  78 | 196 |3164 | 989 | 511 |3164 | 694 | 200 |2853 |  23k| 5.877454e+01 |      --      |    Inf 
 8348s| 23200 |  2076 | 17309k|  26M|  78 |   - |3164 | 987 | 434 |3164 | 694 | 200 |2860 |  23k| 5.912954e+01 |      --      |    Inf 
 8377s| 23300 |  2083 | 17377k|  26M|  78 |   - |3164 | 987 | 409 |3164 | 694 | 200 |2863 |  23k| 5.912954e+01 |      --      |    Inf 
 8411s| 23400 |  2088 | 17459k|  26M|  78 |   - |3164 | 990 | 432 |3164 | 694 | 200 |2870 |  23k| 5.912954e+01 |      --      |    Inf 
 8447s| 23500 |  2088 | 17551k|  26M|  78 | 200 |3164 | 984 | 523 |3164 | 694 | 200 |2872 |  23k| 5.912954e+01 |      --      |    Inf 
 8480s| 23600 |  2101 | 17631k|  26M|  78 | 119 |3164 | 987 | 423 |3164 | 694 | 200 |2876 |  23k| 5.912954e+01 |      --      |    Inf 
 8521s| 23700 |  2109 | 17730k|  26M|  78 |   - |3164 | 989 | 320 |3164 | 694 | 200 |2882 |  23k| 5.915355e+01 |      --      |    Inf 
 8555s| 23800 |  2114 | 17802k|  26M|  78 | 133 |3164 | 994 | 443 |3164 | 694 | 200 |2890 |  23k| 5.915355e+01 |      --      |    Inf 
 8606s| 23900 |  2116 | 17910k|  26M|  78 | 166 |3164 | 994 | 489 |3164 | 694 | 200 |2893 |  23k| 5.918532e+01 |      --      |    Inf 
 8639s| 24000 |  2128 | 17980k|  26M|  78 | 169 |3164 | 994 | 449 |3164 | 694 | 200 |2895 |  23k| 5.944152e+01 |      --      |    Inf 
 8669s| 24100 |  2134 | 18044k|  26M|  78 |   - |3164 | 995 | 394 |3164 | 694 | 200 |2900 |  23k| 5.948355e+01 |      --      |    Inf 
 8697s| 24200 |  2142 | 18106k|  26M|  78 |   - |3164 | 998 | 420 |3164 | 694 | 200 |2909 |  23k| 5.954346e+01 |      --      |    Inf 
 time | node  | left  |LP iter| mem |mdpt |frac |vars |cons |ccons|cols |rows |cuts |confs|strbr|  dualbound   | primalbound  |  gap   
 8731s| 24300 |  2152 | 18178k|  26M|  78 | 111 |3164 | 990 | 412 |3164 | 694 | 200 |2909 |  23k| 5.960125e+01 |      --      |    Inf 
 8759s| 24400 |  2168 | 18237k|  26M|  78 | 100 |3164 | 998 | 425 |3164 | 694 | 200 |2925 |  23k| 5.960125e+01 |      --      |    Inf 
 8808s| 24500 |  2170 | 18337k|  26M|  78 | 162 |3164 |1000 | 507 |3164 | 694 | 200 |2937 |  24k| 5.960125e+01 |      --      |    Inf 
 8852s| 24600 |  2179 | 18430k|  27M|  78 | 165 |3164 | 998 | 505 |3164 | 694 | 200 |2945 |  24k| 5.968241e+01 |      --      |    Inf 
 8890s| 24700 |  2185 | 18516k|  27M|  78 | 111 |3164 | 987 | 488 |3164 | 694 | 200 |2955 |  24k| 5.968241e+01 |      --      |    Inf 
 8929s| 24800 |  2190 | 18597k|  27M|  78 | 147 |3164 | 982 | 467 |3164 | 694 | 200 |2960 |  24k| 5.968241e+01 |      --      |    Inf 
 8962s| 24900 |  2205 | 18665k|  27M|  78 | 186 |3164 |1027 | 536 |3164 | 694 | 200 |3011 |  24k| 5.973989e+01 |      --      |    Inf 
 9000s| 25000 |  2209 | 18752k|  27M|  78 |   - |3164 |1032 | 408 |   0 |   0 | 200 |3021 |  24k| 5.981969e+01 |      --      |    Inf 
 9028s| 25100 |  2209 | 18817k|  27M|  78 |   - |3164 |1022 | 396 |3164 | 694 | 200 |3024 |  24k| 5.984358e+01 |      --      |    Inf 
 9063s| 25200 |  2211 | 18891k|  27M|  78 |   - |3164 |1074 | 470 |3164 | 694 | 200 |3079 |  24k| 5.984358e+01 |      --      |    Inf 
 9096s| 25300 |  2233 | 18965k|  27M|  78 | 152 |3164 |1100 | 495 |3164 | 694 | 200 |3108 |  24k| 5.984358e+01 |      --      |    Inf 
 9124s| 25400 |  2240 | 19025k|  27M|  78 | 134 |3164 |1163 | 441 |3164 | 694 | 200 |3177 |  24k| 5.984358e+01 |      --      |    Inf 
 9164s| 25500 |  2254 | 19121k|  27M|  78 | 155 |3164 |1148 | 517 |3164 | 694 | 200 |3188 |  24k| 5.985044e+01 |      --      |    Inf 
 9202s| 25600 |  2266 | 19194k|  28M|  78 | 110 |3164 |1181 | 475 |3164 | 694 | 200 |3247 |  25k| 5.991663e+01 |      --      |    Inf 
 9227s| 25700 |  2274 | 19253k|  28M|  78 | 170 |3164 |1191 | 495 |3164 | 694 | 200 |3287 |  25k| 5.992807e+01 |      --      |    Inf 
 time | node  | left  |LP iter| mem |mdpt |frac |vars |cons |ccons|cols |rows |cuts |confs|strbr|  dualbound   | primalbound  |  gap   
 9266s| 25800 |  2267 | 19342k|  28M|  78 | 126 |3164 |1188 | 531 |3164 | 694 | 200 |3303 |  25k| 5.992807e+01 |      --      |    Inf 
 9292s| 25900 |  2273 | 19410k|  28M|  78 | 167 |3164 |1162 | 658 |3164 | 694 | 200 |3310 |  25k| 6.002521e+01 |      --      |    Inf 
 9328s| 26000 |  2275 | 19497k|  28M|  78 |   - |3164 |1154 | 441 |3164 | 694 | 200 |3319 |  25k| 6.002521e+01 |      --      |    Inf 
 9357s| 26100 |  2277 | 19568k|  28M|  78 |   - |3164 |1141 | 422 |3164 | 694 | 200 |3324 |  25k| 6.014002e+01 |      --      |    Inf 
 9396s| 26200 |  2281 | 19663k|  28M|  78 |   - |3164 |1117 | 447 |3164 | 694 | 200 |3326 |  25k| 6.014002e+01 |      --      |    Inf 
 9431s| 26300 |  2277 | 19749k|  28M|  78 |   - |3164 |1106 | 462 |3164 | 694 | 200 |3331 |  25k| 6.014002e+01 |      --      |    Inf 
 9458s| 26400 |  2291 | 19814k|  28M|  78 |   - |3164 |1113 | 469 |3164 | 694 | 200 |3349 |  25k| 6.028449e+01 |      --      |    Inf 
 9487s| 26500 |  2302 | 19882k|  28M|  78 |   - |3164 |1098 | 445 |3164 | 694 | 200 |3357 |  25k| 6.032378e+01 |      --      |    Inf 
 9525s| 26600 |  2297 | 19975k|  28M|  78 | 150 |3164 |1097 | 582 |3164 | 694 | 200 |3365 |  25k| 6.032378e+01 |      --      |    Inf 
 9574s| 26700 |  2294 | 20080k|  28M|  78 |  99 |3164 |1089 | 392 |3164 | 694 | 200 |3374 |  25k| 6.049459e+01 |      --      |    Inf 
 9612s| 26800 |  2305 | 20158k|  28M|  78 | 125 |3164 |1081 | 423 |3164 | 694 | 200 |3376 |  25k| 6.049459e+01 |      --      |    Inf 
 9656s| 26900 |  2315 | 20247k|  28M|  78 | 107 |3164 |1086 | 406 |3164 | 694 | 200 |3386 |  25k| 6.049459e+01 |      --      |    Inf 
 9695s| 27000 |  2321 | 20332k|  28M|  78 | 146 |3164 |1086 | 455 |3164 | 694 | 200 |3392 |  25k| 6.054257e+01 |      --      |    Inf 
 9734s| 27100 |  2330 | 20416k|  28M|  78 | 116 |3164 |1086 | 433 |3164 | 694 | 200 |3400 |  25k| 6.065612e+01 |      --      |    Inf 
 9768s| 27200 |  2334 | 20489k|  28M|  78 | 109 |3164 |1117 | 417 |3164 | 694 | 200 |3433 |  25k| 6.071872e+01 |      --      |    Inf 
 time | node  | left  |LP iter| mem |mdpt |frac |vars |cons |ccons|cols |rows |cuts |confs|strbr|  dualbound   | primalbound  |  gap   
 9812s| 27300 |  2344 | 20585k|  29M|  78 |   - |3164 |1098 | 450 |3164 | 694 | 200 |3433 |  25k| 6.183642e+01 |      --      |    Inf 
 9851s| 27400 |  2351 | 20669k|  29M|  78 |   - |3164 |1087 | 356 |3164 | 694 | 200 |3433 |  26k| 6.183642e+01 |      --      |    Inf 
 9898s| 27500 |  2352 | 20764k|  29M|  78 |   - |3164 |1068 | 451 |3164 | 694 | 200 |3434 |  26k| 6.183642e+01 |      --      |    Inf 
 9928s| 27600 |  2366 | 20830k|  29M|  78 |   - |3164 |1070 | 362 |3164 | 694 | 200 |3447 |  26k| 6.188080e+01 |      --      |    Inf 
 9964s| 27700 |  2366 | 20905k|  29M|  78 | 172 |3164 |1119 | 480 |3164 | 694 | 200 |3500 |  26k| 6.220032e+01 |      --      |    Inf 
 9994s| 27800 |  2369 | 20971k|  29M|  78 |   - |3164 |1124 | 554 |3164 | 694 | 200 |3521 |  26k| 6.220032e+01 |      --      |    Inf 
(node 27817) unresolved numerical troubles in LP 29033

SCIP Status        : solving was interrupted [time limit reached]
Solving Time (sec) : 10000.04
Solving Nodes      : 27817
Primal Bound       : +1.00000000000000e+20 (0 solutions)
Dual Bound         : +6.22003249533528e+01
Gap                : infinite

primal solution:
================

no solution available

Statistics
==========

SCIP Status        : solving was interrupted [time limit reached]
Solving Time       :   10000.04
Original Problem   :
  Problem name     : labtel
  Variables        : 3169 (1596 binary, 0 integer, 0 implicit integer, 1573 continuous)
  Constraints      : 591 initial, 591 maximal
Presolved Problem  :
  Problem name     : t_labtel
  Variables        : 3164 (1596 binary, 0 integer, 0 implicit integer, 1568 continuous)
  Constraints      : 587 initial, 1273 maximal
Presolvers         :       Time  FixedVars   AggrVars   ChgTypes  ChgBounds   AddHoles    DelCons   ChgSides   ChgCoefs
  trivial          :       0.00          0          0          0          0          0          0          0          0
  dualfix          :       0.00          0          0          0          0          0          0          0          0
  boundshift       :       0.00          0          0          0          0          0          0          0          0
  inttobinary      :       0.00          0          0          0          0          0          0          0          0
  implics          :       0.01          0          0          0          0          0          0          0          0
  probing          :       0.52          0          0          0          0          0          0          0          0
  knapsack         :       0.00          0          0          0          0          0          0          0          0
  setppc           :       0.00          0          0          0          0          0          0          0          0
  linear           :       0.05          0          5          0          4          0          4          3        196
  logicor          :       0.00          0          0          0          0          0          0          0          0
  root node        :          -          0          -          -          0          -          -          -          -
Constraints        :     Number  #Separate #Propagate    #EnfoLP    #EnfoPS    Cutoffs    DomReds       Cuts      Conss   Children
  integral         :          0          0          0      15290          0          0         20          0          0      30546
  knapsack         :          1         12      88018          0          1          0          0          0          0          0
  setppc           :        224         12      88018          0          1        157    3971244          0          0          0
  linear           :        362         12      87861          0          0        908    2384187          0          0          0
  logicor          :          0+         0      37010          0          0        475      11513          0          0          0
  countsols        :          0          0          0          0          1          0          0          0          0          0
Constraint Timings :  TotalTime   Separate  Propagate     EnfoLP     EnfoPS
  integral         :    1441.30       0.00       0.00    1441.30       0.00
  knapsack         :       0.24       0.00       0.24       0.00       0.00
  setppc           :      25.39       0.00      25.39       0.00       0.00
  linear           :      92.68       0.18      92.50       0.00       0.00
  logicor          :       2.81       0.00       2.81       0.00       0.00
  countsols        :       0.00       0.00       0.00       0.00       0.00
Propagators        :       Time      Calls    Cutoffs    DomReds
  rootredcost      :       0.20          0          0          0
  pseudoobj        :      20.07      87496          0          0
Conflict Analysis  :       Time      Calls    Success  Conflicts   Literals    Reconvs ReconvLits   LP Iters
  propagation      :       0.32       1540       1539       5408       40.4         12       16.7          -
  infeasible LP    :      37.47      11314          3         16       78.6          0        0.0          0
  bound exceed. LP :       0.00          0          0          0        0.0          0        0.0          0
  strong branching :       0.00          0          0          0        0.0          0        0.0          0
  pseudo solution  :       0.00          0          0          0        0.0          0        0.0          -
  applied globally :          -          -          -       3521       24.2          -          -          -
  applied locally  :          -          -          -          0        0.0          -          -          -
Separators         :       Time      Calls    Cutoffs    DomReds       Cuts      Conss
  cut pool         :       0.02         11          -          -         14          -    (maximal pool size: 280)
  redcost          :       4.91      15301          0          0          0          0
  impliedbounds    :       0.00         12          0          0          0          0
  intobj           :       0.00          0          0          0          0          0
  gomory           :       0.39         12          0          0         11          0
  strongcg         :       0.25         12          0          0          1          0
  cmir             :       7.49         10          0          0        252          0
  flowcover        :       1.23         10          0          0         24          0
  clique           :       0.06         12          0          0          0          0
  zerohalf         :       0.00          0          0          0          0          0
  mcf              :       0.00          0          0          0          0          0
Pricers            :       Time      Calls       Vars
  problem variables:       0.00          0          0
Branching Rules    :       Time      Calls    Cutoffs    DomReds       Cuts      Conss   Children
  relpscost        :    1441.08      15290          0         20          0          0      30546
  pscost           :       0.00          0          0          0          0          0          0
  inference        :       0.00          1          0          0          0          0          2
  mostinf          :       0.00          0          0          0          0          0          0
  leastinf         :       0.00          0          0          0          0          0          0
  fullstrong       :       0.00          0          0          0          0          0          0
  allfullstrong    :       0.00          0          0          0          0          0          0
  random           :       0.00          0          0          0          0          0          0
Primal Heuristics  :       Time      Calls      Found
  LP solutions     :       0.00          -          0
  pseudo solutions :       0.00          -          0
  oneopt           :       0.11          0          0
  crossover        :       0.08          0          0
  guideddiving     :       0.02          0          0
  rootsoldiving    :      14.68          2          0
  coefdiving       :       2.12          4          0
  pscostdiving     :      17.49          4          0
  fracdiving       :      12.30          4          0
  veclendiving     :      28.29          4          0
  linesearchdiving :       1.50          4          0
  feaspump         :       7.95          3          0
  objpscostdiving  :       6.12          3          0
  simplerounding   :       0.08          0          0
  rounding         :       0.72       1703          0
  shifting         :       3.54        520          0
  intshifting      :       0.19          5          0
  fixandinfer      :       0.00          0          0
  intdiving        :       0.00          0          0
  actconsdiving    :       0.00          0          0
  octane           :       0.00          0          0
  rens             :      13.10          1          0
  rins             :       0.00          0          0
  localbranching   :       0.00          0          0
  mutation         :       0.00          0          0
  dins             :       0.00          0          0
LP                 :       Time      Calls Iterations  Iter/call   Iter/sec
  primal LP        :       0.25          0          0       0.00       0.00
  dual LP          :    8131.43      26913   20805864     773.08    2558.70
  barrier LP       :       0.00          0          0       0.00          -
  diving/probing LP:      78.86       2120     180954      85.36    2294.62
  strong branching :    1436.70      26456    3032804     114.64    2110.95
    (at root node) :          -         44       6218     141.32          -
  conflict analysis:       0.00          0          0       0.00          -
B&B Tree           :
  number of runs   :          1
  nodes            :      27817
  nodes (total)    :      27817
  nodes left       :       2370
  max depth        :         78
  max depth (total):         78
  backtracks       :       1832 (6.6%)
  delayed cutoffs  :        362
  repropagations   :       7948 (213826 domain reductions, 133 cutoffs)
  avg switch length:       4.18
  switching time   :      44.41
Solution           :
  Solutions found  :          0 (0 improvements)
  Primal Bound     :          -
  Dual Bound       : +6.22003249533528e+01
  Gap              :   infinite
  Root Dual Bound  : +5.21577381355400e+01
