HmaxDs = 2.000000
HmaxUB_percent = 1.071598
HmaxUB_real = 7783.777109
FTnetDs = 2.000000
FTnetUB_percent = 1.821676
FTnetUB_real = 35385.691965
TIFgap = 0.000000
LimCIPF = 124.5915398
SCIP version 1.1.0 [precision: 8 byte] [memory: block] [mode: optimized] [LP solver: Clp 1.8.2]
Copyright (c) 2002-2008 Konrad-Zuse-Zentrum fuer Informationstechnik Berlin (ZIB)

reading user parameter file </home/fabio/docs/hierarquia/models/scip.set>

read problem <data.N30.I1.s1.cluster3.T7.GL1.W4.TIFgap0.0.mps.gz>
============

original problem has 2042 variables (1029 bin, 0 int, 0 impl, 1013 cont) and 448 constraints

solve problem
=============

presolving:
(round 1) 3 del vars, 3 del conss, 4 chg bounds, 0 chg sides, 168 chg coeffs, 0 upgd conss, 0 impls, 168 clqs
(round 2) 5 del vars, 3 del conss, 4 chg bounds, 1 chg sides, 168 chg coeffs, 0 upgd conss, 0 impls, 168 clqs
(round 3) 5 del vars, 3 del conss, 4 chg bounds, 3 chg sides, 168 chg coeffs, 0 upgd conss, 0 impls, 168 clqs
(round 4) 5 del vars, 4 del conss, 4 chg bounds, 3 chg sides, 168 chg coeffs, 169 upgd conss, 0 impls, 168 clqs
   (0.1s) probing: 101/1029 (9.8%) - 0 fixings, 0 aggregations, 0 implications, 0 bound changes
   (0.1s) probing aborted: 100/100 successive totally useless probings
presolving (5 rounds):
 5 deleted vars, 4 deleted constraints, 4 tightened bounds, 0 added holes, 3 changed sides, 168 changed coefficients
 0 implications, 168 cliques
presolved problem has 2037 variables (1029 bin, 0 int, 0 impl, 1008 cont) and 444 constraints
      1 constraints of type <knapsack>
    168 constraints of type <setppc>
    275 constraints of type <linear>
Presolving Time: 0.11

 time | node  | left  |LP iter| mem |mdpt |frac |vars |cons |ccons|cols |rows |cuts |confs|strbr|  dualbound   | primalbound  |  gap   
  0.2s|     1 |     0 |   518 |4606k|   0 | 205 |2037 | 444 | 444 |2037 | 444 |   0 |   0 |   0 | 1.612937e+01 |      --      |    Inf 
  1.9s|     1 |     0 |  6506 |5135k|   0 | 168 |2037 | 444 | 444 |2037 | 497 |  53 |   0 |   0 | 5.855426e+01 |      --      |    Inf 
  3.1s|     1 |     0 |  8399 |5440k|   0 | 138 |2037 | 444 | 444 |2037 | 534 |  90 |   0 |   0 | 3.329783e+03 |      --      |    Inf 
  4.6s|     1 |     0 | 10701 |5646k|   0 | 148 |2037 | 444 | 444 |2037 | 575 | 131 |   0 |   0 | 5.345959e+03 |      --      |    Inf 
  5.7s|     1 |     0 | 11303 |5792k|   0 | 148 |2037 | 444 | 444 |2037 | 611 | 167 |   0 |   0 | 5.665357e+03 |      --      |    Inf 
  7.0s|     1 |     0 | 12183 |5947k|   0 | 157 |2037 | 444 | 444 |2037 | 650 | 206 |   0 |   0 | 5.757869e+03 |      --      |    Inf 
  8.5s|     1 |     0 | 13067 |6110k|   0 | 184 |2037 | 444 | 444 |2037 | 687 | 243 |   0 |   0 | 6.151493e+03 |      --      |    Inf 
 10.1s|     1 |     0 | 14284 |6268k|   0 | 198 |2037 | 444 | 444 |2037 | 731 | 287 |   0 |   0 | 6.426977e+03 |      --      |    Inf 
 11.2s|     1 |     0 | 14920 |6478k|   0 | 192 |2037 | 444 | 444 |2037 | 775 | 331 |   0 |   0 | 6.468694e+03 |      --      |    Inf 
 12.5s|     1 |     0 | 15615 |6672k|   0 | 187 |2037 | 444 | 444 |2037 | 818 | 374 |   0 |   0 | 6.508949e+03 |      --      |    Inf 
 14.4s|     1 |     0 | 16922 |6858k|   0 | 205 |2037 | 444 | 444 |2037 | 859 | 415 |   0 |   0 | 6.629526e+03 |      --      |    Inf 
 32.6s|     1 |     2 | 16922 |6872k|   0 | 205 |2037 | 444 | 444 |2037 | 859 | 415 |   0 |  37 | 6.629526e+03 |      --      |    Inf 
  223s|   100 |    99 |242411 |7266k|  17 | 185 |2037 | 451 | 409 |2037 | 620 | 415 |   7 |1318 | 6.633680e+03 |      --      |    Inf 
  283s|   200 |   186 |335395 |7468k|  41 |  32 |2037 | 461 | 293 |2037 | 620 | 415 |  17 |1600 | 6.633749e+03 |      --      |    Inf 
(node 287) unresolved numerical troubles in LP 1898
  311s|   300 |   242 |383141 |7594k|  53 | 102 |2037 | 477 | 340 |2037 | 620 | 415 |  33 |1742 | 6.633749e+03 |      --      |    Inf 
 time | node  | left  |LP iter| mem |mdpt |frac |vars |cons |ccons|cols |rows |cuts |confs|strbr|  dualbound   | primalbound  |  gap   
  348s|   400 |   308 |432146 |7736k|  53 |  25 |2037 | 489 | 254 |2037 | 620 | 415 |  45 |1961 | 6.633749e+03 |      --      |    Inf 
  387s|   500 |   390 |493793 |7922k|  53 |  47 |2037 | 489 | 267 |2037 | 620 | 415 |  45 |2251 | 6.633756e+03 |      --      |    Inf 
  451s|   600 |   470 |587566 |8094k|  53 |  18 |2037 | 495 | 273 |2037 | 620 | 415 |  51 |2431 | 6.634258e+03 |      --      |    Inf 
  482s|   700 |   528 |635145 |8244k|  53 |  30 |2037 | 509 | 281 |2037 | 620 | 415 |  65 |2493 | 6.634318e+03 |      --      |    Inf 
  516s|   800 |   570 |679465 |8406k|  53 |  84 |2037 | 531 | 293 |2037 | 620 | 415 |  87 |2689 | 6.634318e+03 |      --      |    Inf 
  543s|   900 |   628 |718418 |8555k|  54 | 106 |2037 | 536 | 327 |2037 | 620 | 415 |  92 |2833 | 6.634318e+03 |      --      |    Inf 
  598s|  1000 |   686 |792066 |8717k|  63 |   - |2037 | 551 | 306 |2037 | 620 | 415 | 107 |3096 | 6.634332e+03 |      --      |    Inf 
  636s|  1100 |   754 |852342 |8859k|  63 | 101 |2037 | 563 | 364 |2037 | 620 | 415 | 119 |3253 | 6.634332e+03 |      --      |    Inf 
  682s|  1200 |   824 |920546 |8996k|  63 |   - |2037 | 582 | 347 |   0 |   0 | 415 | 138 |3486 | 6.634559e+03 |      --      |    Inf 
  703s|  1300 |   882 |959042 |9174k|  63 |  23 |2037 | 583 | 295 |2037 | 620 | 415 | 139 |3523 | 6.634559e+03 |      --      |    Inf 
  739s|  1400 |   947 |  1026k|9341k|  63 |  27 |2037 | 608 | 303 |2037 | 620 | 415 | 164 |3603 | 6.634567e+03 |      --      |    Inf 
  805s|  1500 |  1011 |  1098k|9507k|  63 | 160 |2037 | 625 | 488 |2037 | 620 | 415 | 181 |3834 | 6.634567e+03 |      --      |    Inf 
  849s|  1600 |  1079 |  1162k|9667k|  63 | 155 |2037 | 641 | 607 |2037 | 620 | 415 | 197 |4052 | 6.634713e+03 |      --      |    Inf 
  880s|  1700 |  1155 |  1210k|9850k|  63 |  11 |2037 | 651 | 290 |2037 | 620 | 415 | 207 |4175 | 6.634713e+03 |      --      |    Inf 
  922s|  1800 |  1219 |  1268k|  10M|  63 |   - |2037 | 655 | 338 |2037 | 620 | 415 | 211 |4346 | 6.634915e+03 |      --      |    Inf 
 time | node  | left  |LP iter| mem |mdpt |frac |vars |cons |ccons|cols |rows |cuts |confs|strbr|  dualbound   | primalbound  |  gap   
  954s|  1900 |  1301 |  1311k|  10M|  63 |  67 |2037 | 662 | 308 |2037 | 620 | 415 | 218 |4533 | 6.634915e+03 |      --      |    Inf 
(node 1965) unresolved numerical troubles in LP 4545
  999s|  2000 |  1368 |  1398k|  10M|  63 |  36 |2037 | 686 | 380 |2037 | 620 | 415 | 242 |4562 | 6.634915e+03 |      --      |    Inf 
 1032s|  2100 |  1430 |  1455k|  10M|  63 | 118 |2037 | 695 | 450 |2037 | 620 | 415 | 251 |4625 | 6.634915e+03 |      --      |    Inf 
 1058s|  2200 |  1501 |  1497k|  10M|  63 |  40 |2037 | 716 | 348 |2037 | 620 | 415 | 272 |4742 | 6.634915e+03 |      --      |    Inf 
 1089s|  2300 |  1567 |  1547k|  10M|  63 |  45 |2037 | 729 | 353 |2037 | 620 | 415 | 285 |4890 | 6.634915e+03 |      --      |    Inf 
 1128s|  2400 |  1635 |  1606k|  10M|  63 |  82 |2037 | 748 | 347 |2037 | 620 | 415 | 304 |5109 | 6.634915e+03 |      --      |    Inf 
 1156s|  2500 |  1697 |  1651k|  11M|  63 |   - |2037 | 764 | 335 |2037 | 620 | 415 | 320 |5261 | 6.634967e+03 |      --      |    Inf 
 1192s|  2600 |  1753 |  1707k|  11M|  63 |  25 |2037 | 774 | 313 |2037 | 620 | 415 | 330 |5403 | 6.634967e+03 |      --      |    Inf 
(node 2601) unresolved numerical troubles in LP 5645
 1224s|  2700 |  1815 |  1759k|  11M|  63 |  20 |2037 | 780 | 382 |2037 | 620 | 415 | 336 |5485 | 6.634967e+03 |      --      |    Inf 
 1272s|  2800 |  1871 |  1822k|  11M|  63 |   - |2037 | 805 | 332 |2037 | 620 | 415 | 361 |5537 | 6.634967e+03 |      --      |    Inf 
 1310s|  2900 |  1922 |  1881k|  11M|  63 | 115 |2037 | 819 | 721 |2037 | 620 | 415 | 375 |5591 | 6.634967e+03 |      --      |    Inf 
 1329s|  3000 |  1973 |  1915k|  11M|  63 |  38 |2037 | 841 | 321 |2037 | 620 | 415 | 397 |5605 | 6.634967e+03 |      --      |    Inf 
 1373s|  3100 |  2023 |  1978k|  12M|  63 |   - |2037 | 848 | 464 |2037 | 620 | 415 | 404 |5776 | 6.634967e+03 |      --      |    Inf 
(node 3105) unresolved numerical troubles in LP 6408
 1410s|  3200 |  2084 |  2040k|  12M|  63 |  25 |2037 | 859 | 391 |2037 | 620 | 415 | 416 |5972 | 6.634967e+03 |      --      |    Inf 
 1456s|  3300 |  2151 |  2111k|  12M|  63 |  75 |2037 | 875 | 548 |2037 | 620 | 415 | 432 |6177 | 6.634967e+03 |      --      |    Inf 
 time | node  | left  |LP iter| mem |mdpt |frac |vars |cons |ccons|cols |rows |cuts |confs|strbr|  dualbound   | primalbound  |  gap   
 1474s|  3400 |  2205 |  2144k|  12M|  63 | 190 |2037 | 885 | 663 |2037 | 620 | 415 | 442 |6254 | 6.634967e+03 |      --      |    Inf 
 1511s|  3500 |  2277 |  2209k|  12M|  63 |   - |2037 | 888 | 511 |2037 | 620 | 415 | 446 |6378 | 6.634967e+03 |      --      |    Inf 
 1558s|  3600 |  2340 |  2277k|  12M|  63 |  19 |2037 | 919 | 392 |2037 | 620 | 415 | 478 |6432 | 6.634967e+03 |      --      |    Inf 
 1577s|  3700 |  2390 |  2309k|  13M|  63 |  22 |2037 | 942 | 354 |2037 | 620 | 415 | 502 |6462 | 6.634967e+03 |      --      |    Inf 
 1630s|  3800 |  2441 |  2389k|  13M|  63 | 145 |2037 | 952 | 917 |2037 | 620 | 415 | 514 |6474 | 6.634967e+03 |      --      |    Inf 
 1743s|  3900 |  2486 |  2467k|  13M|  63 |   - |2037 | 968 | 472 |2037 | 620 | 415 | 531 |6601 | 6.634967e+03 |      --      |    Inf 
 1808s|  4000 |  2550 |  2562k|  13M|  63 | 150 |2037 | 968 | 736 |2037 | 620 | 415 | 531 |6879 | 6.634967e+03 |      --      |    Inf 
 1849s|  4100 |  2624 |  2626k|  13M|  63 |  42 |2037 | 967 | 447 |2037 | 620 | 415 | 531 |7034 | 6.634967e+03 |      --      |    Inf 
 1873s|  4200 |  2675 |  2667k|  13M|  63 |   6 |2037 | 967 | 292 |2037 | 620 | 415 | 533 |7126 | 6.634967e+03 |      --      |    Inf 
(node 4256) unresolved numerical troubles in LP 8208
 1898s|  4300 |  2718 |  2713k|  13M|  63 | 128 |2037 | 981 | 465 |2037 | 620 | 415 | 548 |7236 | 6.634967e+03 |      --      |    Inf 
 1919s|  4400 |  2784 |  2751k|  14M|  63 |   - |2037 | 991 | 349 |2037 | 620 | 415 | 559 |7263 | 6.634967e+03 |      --      |    Inf 
 1961s|  4500 |  2837 |  2826k|  14M|  63 |   8 |2037 |1003 | 287 |2037 | 620 | 415 | 573 |7281 | 6.634967e+03 |      --      |    Inf 
 2019s|  4600 |  2889 |  2883k|  14M|  63 |   9 |2037 |1010 | 364 |2037 | 620 | 415 | 581 |7318 | 6.634967e+03 |      --      |    Inf 
 2072s|  4700 |  2948 |  2937k|  14M|  63 |   - |2037 |1014 | 319 |2037 | 620 | 415 | 585 |7347 | 6.635030e+03 |      --      |    Inf 
 2103s|  4800 |  3005 |  2993k|  14M|  63 |  68 |2037 |1016 | 468 |2037 | 620 | 415 | 588 |7353 | 6.635084e+03 |      --      |    Inf 
 time | node  | left  |LP iter| mem |mdpt |frac |vars |cons |ccons|cols |rows |cuts |confs|strbr|  dualbound   | primalbound  |  gap   
 2121s|  4900 |  3051 |  3028k|  14M|  63 |  15 |2037 |1019 | 253 |2037 | 620 | 415 | 594 |7384 | 6.635084e+03 |      --      |    Inf 
 2150s|  5000 |  3127 |  3086k|  15M|  63 | 130 |2037 |1018 | 764 |2037 | 620 | 415 | 597 |7391 | 6.635084e+03 |      --      |    Inf 
(node 5070) unresolved numerical troubles in LP 9508
 2180s|  5100 |  3199 |  3147k|  15M|  63 |  36 |2037 |1026 | 403 |2037 | 620 | 415 | 607 |7440 | 6.635267e+03 |      --      |    Inf 
 2201s|  5200 |  3269 |  3181k|  15M|  63 |   - |2037 |1028 | 354 |2037 | 620 | 415 | 612 |7464 | 6.635267e+03 |      --      |    Inf 
 2254s|  5300 |  3341 |  3257k|  15M|  63 |  22 |2037 |1030 | 420 |2037 | 620 | 415 | 619 |7637 | 6.635271e+03 |      --      |    Inf 
 2278s|  5400 |  3393 |  3296k|  15M|  63 |  72 |2037 |1030 | 472 |2037 | 620 | 415 | 625 |7736 | 6.635305e+03 |      --      |    Inf 
 2329s|  5500 |  3453 |  3371k|  15M|  63 |   - |2037 |1034 | 359 |2037 | 620 | 415 | 631 |7921 | 6.635305e+03 |      --      |    Inf 
 2360s|  5600 |  3525 |  3418k|  16M|  63 |  47 |2037 |1036 | 428 |2037 | 620 | 415 | 636 |8041 | 6.635353e+03 |      --      |    Inf 
 2386s|  5700 |  3575 |  3457k|  16M|  63 |  38 |2037 |1042 | 395 |2037 | 620 | 415 | 648 |8120 | 6.635353e+03 |      --      |    Inf 
 2408s|  5800 |  3623 |  3497k|  16M|  78 |  31 |2037 |1046 | 395 |2037 | 620 | 415 | 655 |8155 | 6.635353e+03 |      --      |    Inf 
 2425s|  5900 |  3685 |  3531k|  16M|  78 |   - |2037 |1052 | 355 |2037 | 620 | 415 | 661 |8162 | 6.635353e+03 |      --      |    Inf 
 2449s|  6000 |  3749 |  3573k|  16M|  78 |  70 |2037 |1061 | 410 |2037 | 620 | 415 | 671 |8176 | 6.635353e+03 |      --      |    Inf 
 2492s|  6100 |  3801 |  3634k|  16M|  78 |   - |2037 |1074 | 369 |   0 |   0 | 415 | 686 |8235 | 6.635353e+03 |      --      |    Inf 
 2544s|  6200 |  3844 |  3713k|  17M|  78 |  23 |2037 |1110 | 265 |2037 | 620 | 415 | 725 |8276 | 6.635353e+03 |      --      |    Inf 
 2591s|  6300 |  3885 |  3774k|  17M|  84 | 159 |2037 |1147 | 401 |2037 | 620 | 415 | 766 |8366 | 6.635353e+03 |      --      |    Inf 
 time | node  | left  |LP iter| mem |mdpt |frac |vars |cons |ccons|cols |rows |cuts |confs|strbr|  dualbound   | primalbound  |  gap   
 2625s|  6400 |  3933 |  3821k|  17M|  84 | 157 |2037 |1161 | 400 |2037 | 620 | 415 | 780 |8482 | 6.635353e+03 |      --      |    Inf 
 2667s|  6500 |  4001 |  3889k|  17M|  84 |  34 |2037 |1160 | 444 |2037 | 620 | 415 | 787 |8649 | 6.635484e+03 |      --      |    Inf 
 2687s|  6600 |  4067 |  3919k|  17M|  84 |  22 |2037 |1162 | 418 |2037 | 620 | 415 | 791 |8699 | 6.635679e+03 |      --      |    Inf 
 2735s|  6700 |  4102 |  3987k|  17M|  84 | 141 |2037 |1198 | 488 |2037 | 620 | 415 | 831 |8866 | 6.635917e+03 |      --      |    Inf 
 2757s|  6800 |  4161 |  4025k|  17M|  84 |  83 |2037 |1200 | 598 |2037 | 620 | 415 | 840 |8963 | 6.635917e+03 |      --      |    Inf 
 2796s|  6900 |  4231 |  4082k|  18M|  84 | 131 |2037 |1214 | 556 |2037 | 620 | 415 | 863 |9094 | 6.636047e+03 |      --      |    Inf 
 2823s|  7000 |  4282 |  4127k|  18M|  84 |   5 |2037 |1221 | 221 |2037 | 620 | 415 | 873 |9161 | 6.636047e+03 |      --      |    Inf 
 2869s|  7100 |  4321 |  4207k|  18M|  84 |   - |2037 |1240 | 264 |2037 | 620 | 415 | 897 |9211 | 6.636047e+03 |      --      |    Inf 
 2936s|  7200 |  4374 |  4299k|  18M|  84 |  82 |2037 |1244 | 627 |2037 | 620 | 415 | 909 |9252 | 6.636047e+03 |      --      |    Inf 
 2965s|  7300 |  4420 |  4353k|  18M|  89 |  30 |2037 |1256 | 618 |2037 | 620 | 415 | 925 |9281 | 6.636090e+03 |      --      |    Inf 
 2990s|  7400 |  4468 |  4404k|  18M|  89 | 164 |2037 |1262 | 897 |2037 | 620 | 415 | 933 |9290 | 6.636090e+03 |      --      |    Inf 
 3023s|  7500 |  4526 |  4457k|  19M|  89 | 181 |2037 |1262 | 928 |2037 | 620 | 415 | 940 |9386 | 6.636090e+03 |      --      |    Inf 
 3092s|  7600 |  4578 |  4546k|  19M|  89 |   - |2037 |1266 | 628 |   0 |   0 | 415 | 950 |9607 | 6.636090e+03 |      --      |    Inf 
 3120s|  7700 |  4623 |  4595k|  19M|  89 |   - |2037 |1283 | 503 |2037 | 620 | 415 | 975 |9701 | 6.636090e+03 |      --      |    Inf 
 3151s|  7800 |  4673 |  4642k|  19M|  89 |   - |2037 |1281 | 470 |2037 | 620 | 415 | 976 |9836 | 6.636144e+03 |      --      |    Inf 
 time | node  | left  |LP iter| mem |mdpt |frac |vars |cons |ccons|cols |rows |cuts |confs|strbr|  dualbound   | primalbound  |  gap   
 3196s|  7900 |  4731 |  4712k|  19M|  89 |  17 |2037 |1273 | 567 |2037 | 620 | 415 | 978 |9922 | 6.636234e+03 |      --      |    Inf 
 3224s|  8000 |  4769 |  4754k|  19M|  89 |   - |2037 |1270 | 418 |2037 | 620 | 415 | 986 |9983 | 6.636234e+03 |      --      |    Inf 
 3247s|  8100 |  4818 |  4798k|  20M|  89 |   - |2037 |1277 | 477 |2037 | 620 | 415 | 997 |  10k| 6.636234e+03 |      --      |    Inf 
 3280s|  8200 |  4882 |  4859k|  20M|  89 |  79 |2037 |1276 | 606 |2037 | 620 | 415 |1006 |  10k| 6.636234e+03 |      --      |    Inf 
 3314s|  8300 |  4935 |  4925k|  20M|  89 |   - |2037 |1268 | 870 |2037 | 620 | 415 |1012 |  10k| 6.636234e+03 |      --      |    Inf 
 3342s|  8400 |  4990 |  4969k|  20M|  89 |  38 |2037 |1274 | 526 |2037 | 620 | 415 |1026 |  10k| 6.636234e+03 |      --      |    Inf 
 3374s|  8500 |  5041 |  5022k|  20M|  89 | 197 |2037 |1277 | 836 |2037 | 620 | 415 |1033 |  10k| 6.636234e+03 |      --      |    Inf 
 3395s|  8600 |  5101 |  5064k|  21M|  89 |   - |2037 |1276 | 361 |2037 | 620 | 415 |1041 |  10k| 6.636234e+03 |      --      |    Inf 
 3416s|  8700 |  5170 |  5097k|  21M|  89 |  36 |2037 |1272 | 358 |2037 | 620 | 415 |1047 |  10k| 6.636269e+03 |      --      |    Inf 
 3441s|  8800 |  5234 |  5138k|  21M|  89 |  80 |2037 |1268 | 672 |2037 | 620 | 415 |1052 |  10k| 6.636269e+03 |      --      |    Inf 
 3472s|  8900 |  5294 |  5189k|  21M|  89 |   - |2037 |1271 | 650 |   0 |   0 | 415 |1057 |  10k| 6.636341e+03 |      --      |    Inf 
 3494s|  9000 |  5354 |  5225k|  21M|  89 |  19 |2037 |1266 | 438 |2037 | 620 | 415 |1061 |  10k| 6.636341e+03 |      --      |    Inf 
 3527s|  9100 |  5408 |  5266k|  21M|  89 |   4 |2037 |1271 | 367 |2037 | 620 | 415 |1070 |  10k| 6.636341e+03 |      --      |    Inf 
 3551s|  9200 |  5473 |  5307k|  21M|  89 |  50 |2037 |1274 | 458 |2037 | 620 | 415 |1081 |  10k| 6.636341e+03 |      --      |    Inf 
 3582s|  9300 |  5531 |  5359k|  22M|  89 |  24 |2037 |1269 | 492 |2037 | 620 | 415 |1086 |  10k| 6.636489e+03 |      --      |    Inf 
 time | node  | left  |LP iter| mem |mdpt |frac |vars |cons |ccons|cols |rows |cuts |confs|strbr|  dualbound   | primalbound  |  gap   
 3612s|  9400 |  5571 |  5404k|  22M|  89 | 186 |2037 |1264 | 796 |2037 | 620 | 415 |1087 |  10k| 6.636489e+03 |      --      |    Inf 
 3635s|  9500 |  5638 |  5444k|  22M|  89 |   8 |2037 |1263 | 617 |2037 | 620 | 415 |1089 |  10k| 6.636489e+03 |      --      |    Inf 
 3660s|  9600 |  5682 |  5482k|  22M|  89 | 153 |2037 |1263 | 859 |2037 | 620 | 415 |1099 |  11k| 6.636489e+03 |      --      |    Inf 
 3685s|  9700 |  5744 |  5524k|  22M|  89 |  39 |2037 |1253 | 469 |2037 | 620 | 415 |1099 |  11k| 6.636489e+03 |      --      |    Inf 
 3779s|  9800 |  5795 |  5638k|  22M|  89 | 146 |2037 |1264 | 737 |2037 | 620 | 415 |1128 |  11k| 6.636548e+03 |      --      |    Inf 
 3806s|  9900 |  5857 |  5690k|  23M|  89 | 159 |2037 |1261 | 836 |2037 | 620 | 415 |1131 |  11k| 6.636548e+03 |      --      |    Inf 
 3832s| 10000 |  5919 |  5736k|  23M|  89 | 113 |2037 |1264 | 707 |2037 | 620 | 415 |1143 |  11k| 6.636559e+03 |      --      |    Inf 
 3863s| 10100 |  5961 |  5782k|  23M|  89 |   - |2037 |1263 | 365 |2037 | 620 | 415 |1153 |  11k| 6.636559e+03 |      --      |    Inf 
 3888s| 10200 |  6019 |  5829k|  23M|  89 |   - |2037 |1258 | 428 |2037 | 620 | 415 |1153 |  11k| 6.636581e+03 |      --      |    Inf 
 3913s| 10300 |  6061 |  5870k|  23M|  89 |  87 |2037 |1267 | 909 |2037 | 620 | 415 |1172 |  11k| 6.636696e+03 |      --      |    Inf 
 3952s| 10400 |  6119 |  5934k|  23M|  89 |  45 |2037 |1268 | 628 |2037 | 620 | 415 |1186 |  11k| 6.636700e+03 |      --      |    Inf 
 3998s| 10500 |  6171 |  6002k|  23M|  89 |   - |2037 |1286 | 555 |   0 |   0 | 415 |1216 |  11k| 6.636700e+03 |      --      |    Inf 
 4039s| 10600 |  6231 |  6069k|  24M|  89 |  71 |2037 |1277 | 604 |2037 | 620 | 415 |1227 |  11k| 6.636700e+03 |      --      |    Inf 
 4085s| 10700 |  6291 |  6136k|  24M|  89 |  25 |2037 |1285 | 363 |2037 | 620 | 415 |1240 |  11k| 6.636700e+03 |      --      |    Inf 
 4133s| 10800 |  6340 |  6213k|  24M|  89 | 154 |2037 |1271 | 677 |2037 | 620 | 415 |1242 |  11k| 6.636700e+03 |      --      |    Inf 
 time | node  | left  |LP iter| mem |mdpt |frac |vars |cons |ccons|cols |rows |cuts |confs|strbr|  dualbound   | primalbound  |  gap   
 4166s| 10900 |  6414 |  6270k|  24M|  89 | 206 |2037 |1266 | 899 |2037 | 620 | 415 |1246 |  11k| 6.636712e+03 |      --      |    Inf 
 4183s| 11000 |  6461 |  6303k|  24M|  89 | 110 |2037 |1282 | 487 |2037 | 620 | 415 |1272 |  11k| 6.636712e+03 |      --      |    Inf 
 4207s| 11100 |  6509 |  6332k|  24M|  89 |  90 |2037 |1294 | 443 |2037 | 620 | 415 |1290 |  12k| 6.636712e+03 |      --      |    Inf 
 4228s| 11200 |  6560 |  6363k|  24M|  89 |   - |2037 |1301 | 488 |2037 | 620 | 415 |1310 |  12k| 6.636712e+03 |      --      |    Inf 
 4279s| 11300 |  6620 |  6431k|  25M|  89 | 130 |2037 |1306 | 634 |2037 | 620 | 415 |1326 |  12k| 6.636730e+03 |      --      |    Inf 
 4305s| 11400 |  6684 |  6478k|  25M|  89 |   - |2037 |1300 | 387 |2037 | 620 | 415 |1329 |  12k| 6.636759e+03 |      --      |    Inf 
 4320s| 11500 |  6729 |  6504k|  25M|  89 |   - |2037 |1301 | 306 |2037 | 620 | 415 |1338 |  12k| 6.636759e+03 |      --      |    Inf 
 4352s| 11600 |  6797 |  6567k|  25M|  89 |  97 |2037 |1288 | 918 |2037 | 620 | 415 |1338 |  12k| 6.636771e+03 |      --      |    Inf 
 4391s| 11700 |  6841 |  6623k|  25M|  89 |   - |2037 |1287 | 362 |2037 | 620 | 415 |1340 |  12k| 6.636771e+03 |      --      |    Inf 
 4428s| 11800 |  6898 |  6686k|  25M|  89 |   - |2037 |1280 | 614 |   0 |   0 | 415 |1344 |  12k| 6.636808e+03 |      --      |    Inf 
 4472s| 11900 |  6946 |  6747k|  26M|  89 |  40 |2037 |1277 | 461 |2037 | 620 | 415 |1358 |  12k| 6.636808e+03 |      --      |    Inf 
 4511s| 12000 |  7000 |  6806k|  26M|  89 |  21 |2037 |1276 | 327 |2037 | 620 | 415 |1364 |  12k| 6.636808e+03 |      --      |    Inf 
 4543s| 12100 |  7057 |  6859k|  26M|  89 |  78 |2037 |1268 | 452 |2037 | 620 | 415 |1367 |  12k| 6.636808e+03 |      --      |    Inf 
(node 12164) unresolved numerical troubles in LP 20173
 4570s| 12200 |  7100 |  6904k|  26M|  89 |  13 |2037 |1275 | 372 |2037 | 620 | 415 |1383 |  12k| 6.636808e+03 |      --      |    Inf 
 4595s| 12300 |  7147 |  6947k|  26M|  89 |  34 |2037 |1270 | 443 |2037 | 620 | 415 |1387 |  12k| 6.636808e+03 |      --      |    Inf 
(node 12392) unresolved numerical troubles in LP 20517
 time | node  | left  |LP iter| mem |mdpt |frac |vars |cons |ccons|cols |rows |cuts |confs|strbr|  dualbound   | primalbound  |  gap   
 4650s| 12400 |  7207 |  7039k|  26M|  89 |  52 |2037 |1264 | 431 |2037 | 620 | 415 |1387 |  12k| 6.636857e+03 |      --      |    Inf 
 4683s| 12500 |  7257 |  7096k|  27M|  89 |   7 |2037 |1268 | 234 |2037 | 620 | 415 |1405 |  12k| 6.636857e+03 |      --      |    Inf 
 4742s| 12600 |  7301 |  7188k|  27M|  89 |   - |2037 |1301 | 481 |2037 | 620 | 415 |1440 |  12k| 6.636857e+03 |      --      |    Inf 
 4796s| 12700 |  7358 |  7290k|  27M|  89 |  47 |2037 |1305 | 581 |2037 | 620 | 415 |1451 |  12k| 6.636866e+03 |      --      |    Inf 
 4844s| 12800 |  7419 |  7370k|  27M|  89 |  33 |2037 |1310 | 632 |2037 | 620 | 415 |1466 |  12k| 6.636866e+03 |      --      |    Inf 
 4864s| 12900 |  7463 |  7403k|  27M|  89 |  30 |2037 |1312 | 300 |2037 | 620 | 415 |1482 |  12k| 6.636866e+03 |      --      |    Inf 
 4883s| 13000 |  7523 |  7445k|  27M|  89 |  10 |2037 |1307 | 495 |2037 | 620 | 415 |1488 |  12k| 6.636866e+03 |      --      |    Inf 
 4923s| 13100 |  7571 |  7506k|  27M|  89 |  32 |2037 |1308 | 399 |2037 | 620 | 415 |1496 |  13k| 6.636866e+03 |      --      |    Inf 
 4951s| 13200 |  7641 |  7560k|  28M|  89 |  30 |2037 |1293 | 413 |2037 | 620 | 415 |1496 |  13k| 6.636866e+03 |      --      |    Inf 
 5013s| 13300 |  7699 |  7637k|  28M|  89 |  22 |2037 |1291 | 554 |2037 | 620 | 415 |1497 |  13k| 6.636866e+03 |      --      |    Inf 
 5051s| 13400 |  7736 |  7687k|  28M|  95 |  99 |2037 |1283 | 890 |2037 | 620 | 415 |1499 |  13k| 6.636866e+03 |      --      |    Inf 
 5077s| 13500 |  7800 |  7734k|  28M|  95 | 110 |2037 |1287 | 715 |2037 | 620 | 415 |1515 |  13k| 6.636916e+03 |      --      |    Inf 
 5097s| 13600 |  7840 |  7772k|  28M|  95 |  46 |2037 |1310 | 464 |2037 | 620 | 415 |1547 |  13k| 6.636916e+03 |      --      |    Inf 
 5116s| 13700 |  7894 |  7806k|  28M|  95 |  15 |2037 |1303 | 549 |2037 | 620 | 415 |1547 |  13k| 6.636917e+03 |      --      |    Inf 
 5135s| 13800 |  7948 |  7839k|  28M|  95 |   - |2037 |1296 | 437 |2037 | 620 | 415 |1548 |  13k| 6.636917e+03 |      --      |    Inf 
 time | node  | left  |LP iter| mem |mdpt |frac |vars |cons |ccons|cols |rows |cuts |confs|strbr|  dualbound   | primalbound  |  gap   
 5207s| 13900 |  7986 |  7950k|  29M|  95 |   - |2037 |1317 | 395 |   0 |   0 | 415 |1578 |  13k| 6.636917e+03 |      --      |    Inf 
 5248s| 14000 |  8044 |  8017k|  29M|  95 |   - |2037 |1306 | 428 |2037 | 620 | 415 |1581 |  13k| 6.636917e+03 |      --      |    Inf 
 5288s| 14100 |  8104 |  8088k|  29M|  95 |  73 |2037 |1310 | 743 |2037 | 620 | 415 |1601 |  13k| 6.636925e+03 |      --      |    Inf 
(node 14123) unresolved numerical troubles in LP 23026
 5319s| 14200 |  8138 |  8147k|  29M|  95 |  59 |2037 |1323 | 379 |2037 | 620 | 415 |1627 |  13k| 6.636925e+03 |      --      |    Inf 
 5348s| 14300 |  8190 |  8198k|  29M|  95 |  11 |2037 |1314 | 254 |2037 | 620 | 415 |1629 |  13k| 6.636925e+03 |      --      |    Inf 
 5371s| 14400 |  8229 |  8236k|  29M|  95 |   - |2037 |1306 | 489 |2037 | 620 | 415 |1631 |  13k| 6.636925e+03 |      --      |    Inf 
 5401s| 14500 |  8281 |  8298k|  29M|  95 | 150 |2037 |1311 | 604 |2037 | 620 | 415 |1642 |  13k| 6.636925e+03 |      --      |    Inf 
 5448s| 14600 |  8326 |  8374k|  30M|  95 |   - |2037 |1324 | 423 |2037 | 620 | 415 |1667 |  13k| 6.636935e+03 |      --      |    Inf 
 5474s| 14700 |  8390 |  8416k|  30M|  95 | 159 |2037 |1315 | 724 |2037 | 620 | 415 |1668 |  13k| 6.636935e+03 |      --      |    Inf 
 5512s| 14800 |  8444 |  8477k|  30M|  95 |   - |2037 |1317 | 520 |   0 |   0 | 415 |1673 |  14k| 6.636935e+03 |      --      |    Inf 
 5536s| 14900 |  8503 |  8517k|  30M|  95 |  32 |2037 |1319 | 481 |2037 | 620 | 415 |1683 |  14k| 6.636964e+03 |      --      |    Inf 
 5581s| 15000 |  8561 |  8594k|  30M|  95 |  78 |2037 |1306 | 592 |2037 | 620 | 415 |1683 |  14k| 6.636964e+03 |      --      |    Inf 
 5610s| 15100 |  8620 |  8644k|  30M|  95 |   3 |2037 |1298 | 431 |2037 | 620 | 415 |1687 |  14k| 6.636964e+03 |      --      |    Inf 
 5643s| 15200 |  8680 |  8700k|  30M|  95 |  52 |2037 |1296 | 566 |2037 | 620 | 415 |1693 |  14k| 6.636991e+03 |      --      |    Inf 
 5669s| 15300 |  8725 |  8734k|  31M|  95 |  62 |2037 |1299 | 427 |2037 | 620 | 415 |1714 |  14k| 6.636991e+03 |      --      |    Inf 
 time | node  | left  |LP iter| mem |mdpt |frac |vars |cons |ccons|cols |rows |cuts |confs|strbr|  dualbound   | primalbound  |  gap   
 5699s| 15400 |  8784 |  8775k|  31M|  95 |  96 |2037 |1311 | 585 |2037 | 620 | 415 |1737 |  14k| 6.636991e+03 |      --      |    Inf 
 5732s| 15500 |  8826 |  8835k|  31M|  95 | 115 |2037 |1316 | 753 |2037 | 620 | 415 |1756 |  14k| 6.636991e+03 |      --      |    Inf 
 5755s| 15600 |  8894 |  8885k|  31M|  95 |  12 |2037 |1313 | 468 |2037 | 620 | 415 |1763 |  14k| 6.636991e+03 |      --      |    Inf 
 5776s| 15700 |  8932 |  8922k|  31M|  95 | 174 |2037 |1317 | 797 |2037 | 620 | 415 |1772 |  14k| 6.636991e+03 |      --      |    Inf 
 5796s| 15800 |  8974 |  8955k|  31M|  95 |   8 |2037 |1329 | 318 |2037 | 620 | 415 |1786 |  14k| 6.636991e+03 |      --      |    Inf 
 5867s| 15900 |  9018 |  9071k|  31M|  95 |  68 |2037 |1325 | 633 |2037 | 620 | 415 |1794 |  14k| 6.636991e+03 |      --      |    Inf 
 5894s| 16000 |  9068 |  9122k|  31M|  95 |  59 |2037 |1317 | 525 |2037 | 620 | 415 |1803 |  14k| 6.636991e+03 |      --      |    Inf 
 5939s| 16100 |  9126 |  9185k|  32M|  95 | 135 |2037 |1310 | 890 |2037 | 620 | 415 |1811 |  14k| 6.636991e+03 |      --      |    Inf 
 5962s| 16200 |  9189 |  9225k|  32M|  95 | 181 |2037 |1301 |1089 |2037 | 620 | 415 |1816 |  14k| 6.636991e+03 |      --      |    Inf 
 5992s| 16300 |  9240 |  9267k|  32M|  95 | 102 |2037 |1297 | 514 |2037 | 620 | 415 |1833 |  14k| 6.636991e+03 |      --      |    Inf 
 6019s| 16400 |  9303 |  9312k|  32M|  95 | 175 |2037 |1292 | 911 |2037 | 620 | 415 |1841 |  14k| 6.637044e+03 |      --      |    Inf 
 6043s| 16500 |  9367 |  9354k|  32M|  95 |  15 |2037 |1290 | 606 |2037 | 620 | 415 |1845 |  14k| 6.637044e+03 |      --      |    Inf 
(node 16578) unresolved numerical troubles in LP 26743
 6099s| 16600 |  9419 |  9438k|  32M|  95 |   - |2037 |1313 | 405 |2037 | 620 | 415 |1874 |  15k| 6.637044e+03 |      --      |    Inf 
 6149s| 16700 |  9475 |  9527k|  33M|  95 |   - |2037 |1304 | 388 |   0 |   0 | 415 |1888 |  15k| 6.637052e+03 |      --      |    Inf 
 6191s| 16800 |  9528 |  9585k|  33M|  95 | 133 |2037 |1308 | 645 |2037 | 620 | 415 |1904 |  15k| 6.637052e+03 |      --      |    Inf 
 time | node  | left  |LP iter| mem |mdpt |frac |vars |cons |ccons|cols |rows |cuts |confs|strbr|  dualbound   | primalbound  |  gap   
 6216s| 16900 |  9579 |  9625k|  33M|  95 |   - |2037 |1304 | 622 |2037 | 620 | 415 |1911 |  15k| 6.637052e+03 |      --      |    Inf 
 6263s| 17000 |  9643 |  9704k|  33M|  95 |  34 |2037 |1305 | 581 |2037 | 620 | 415 |1934 |  15k| 6.637078e+03 |      --      |    Inf 
(node 17095) unresolved numerical troubles in LP 27593
 6289s| 17100 |  9699 |  9749k|  33M|  95 |   - |2037 |1287 | 453 |2037 | 620 | 415 |1935 |  15k| 6.637081e+03 |      --      |    Inf 
 6330s| 17200 |  9752 |  9814k|  33M|  95 | 112 |2037 |1287 | 834 |2037 | 620 | 415 |1953 |  15k| 6.637081e+03 |      --      |    Inf 
 6349s| 17300 |  9813 |  9850k|  33M|  95 |  33 |2037 |1283 | 555 |2037 | 620 | 415 |1959 |  15k| 6.637093e+03 |      --      |    Inf 
 6374s| 17400 |  9873 |  9901k|  34M|  95 |  83 |2037 |1283 | 551 |2037 | 620 | 415 |1970 |  15k| 6.637093e+03 |      --      |    Inf 
 6393s| 17500 |  9916 |  9933k|  34M|  95 | 155 |2037 |1281 | 814 |2037 | 620 | 415 |1986 |  15k| 6.637093e+03 |      --      |    Inf 
 6416s| 17600 |  9961 |  9978k|  34M|  95 |   - |2037 |1283 | 379 |2037 | 620 | 415 |2004 |  15k| 6.637122e+03 |      --      |    Inf 
 6443s| 17700 |  9998 | 10024k|  34M|  95 |   - |2037 |1288 | 462 |2037 | 620 | 415 |2018 |  15k| 6.637122e+03 |      --      |    Inf 
 6473s| 17800 | 10048 | 10080k|  34M|  95 |   - |2037 |1280 | 364 |2037 | 620 | 415 |2023 |  15k| 6.637122e+03 |      --      |    Inf 
 6501s| 17900 | 10100 | 10132k|  34M|  95 | 184 |2037 |1270 | 980 |2037 | 620 | 415 |2032 |  15k| 6.637126e+03 |      --      |    Inf 
 6552s| 18000 | 10158 | 10214k|  34M|  95 |  28 |2037 |1270 | 422 |2037 | 620 | 415 |2036 |  15k| 6.637151e+03 |      --      |    Inf 
(node 18042) unresolved numerical troubles in LP 29129
 6572s| 18100 | 10211 | 10247k|  35M|  95 |   5 |2037 |1273 | 251 |2037 | 620 | 415 |2045 |  15k| 6.637151e+03 |      --      |    Inf 
 6596s| 18200 | 10271 | 10289k|  35M|  95 |  49 |2037 |1275 | 435 |2037 | 620 | 415 |2060 |  15k| 6.637171e+03 |      --      |    Inf 
 6619s| 18300 | 10322 | 10329k|  35M|  95 | 132 |2037 |1269 | 874 |2037 | 620 | 415 |2063 |  15k| 6.637174e+03 |      --      |    Inf 
 time | node  | left  |LP iter| mem |mdpt |frac |vars |cons |ccons|cols |rows |cuts |confs|strbr|  dualbound   | primalbound  |  gap   
 6660s| 18400 | 10378 | 10401k|  35M|  95 |   6 |2037 |1260 | 430 |2037 | 620 | 415 |2065 |  15k| 6.637174e+03 |      --      |    Inf 
 6687s| 18500 | 10425 | 10446k|  35M|  95 | 176 |2037 |1264 | 845 |2037 | 620 | 415 |2083 |  15k| 6.637174e+03 |      --      |    Inf 
 6709s| 18600 | 10493 | 10484k|  35M|  95 |  24 |2037 |1264 | 333 |2037 | 620 | 415 |2088 |  16k| 6.637174e+03 |      --      |    Inf 
 6748s| 18700 | 10546 | 10551k|  35M|  95 |  78 |2037 |1275 | 520 |2037 | 620 | 415 |2109 |  16k| 6.637174e+03 |      --      |    Inf 
 6763s| 18800 | 10612 | 10577k|  36M|  95 |  21 |2037 |1272 | 352 |2037 | 620 | 415 |2112 |  16k| 6.637174e+03 |      --      |    Inf 
(node 18899) unresolved numerical troubles in LP 30411
 6790s| 18900 | 10663 | 10621k|  36M|  95 |   6 |2037 |1270 | 471 |2037 | 620 | 415 |2119 |  16k| 6.637174e+03 |      --      |    Inf 
 6818s| 19000 | 10716 | 10668k|  36M|  95 |   - |2037 |1273 | 421 |2037 | 620 | 415 |2136 |  16k| 6.637174e+03 |      --      |    Inf 
 6836s| 19100 | 10782 | 10702k|  36M|  95 |  21 |2037 |1268 | 321 |2037 | 620 | 415 |2136 |  16k| 6.637176e+03 |      --      |    Inf 
 6883s| 19200 | 10818 | 10773k|  36M|  95 | 121 |2037 |1284 | 678 |2037 | 620 | 415 |2169 |  16k| 6.637176e+03 |      --      |    Inf 
 6929s| 19300 | 10880 | 10850k|  36M|  95 | 117 |2037 |1276 | 456 |2037 | 620 | 415 |2169 |  16k| 6.637176e+03 |      --      |    Inf 
 6954s| 19400 | 10928 | 10894k|  37M|  95 |  29 |2037 |1291 | 385 |2037 | 620 | 415 |2191 |  16k| 6.637176e+03 |      --      |    Inf 
 6992s| 19500 | 10978 | 10951k|  37M|  95 |  39 |2037 |1296 | 417 |2037 | 620 | 415 |2209 |  16k| 6.637177e+03 |      --      |    Inf 
 7022s| 19600 | 11020 | 11011k|  37M|  95 |  13 |2037 |1303 | 431 |2037 | 620 | 415 |2229 |  16k| 6.637177e+03 |      --      |    Inf 
 7052s| 19700 | 11067 | 11058k|  37M|  95 | 202 |2037 |1309 |1082 |2037 | 620 | 415 |2251 |  16k| 6.637177e+03 |      --      |    Inf 
 7084s| 19800 | 11123 | 11117k|  37M|  95 |  21 |2037 |1308 | 317 |2037 | 620 | 415 |2260 |  16k| 6.637194e+03 |      --      |    Inf 
 time | node  | left  |LP iter| mem |mdpt |frac |vars |cons |ccons|cols |rows |cuts |confs|strbr|  dualbound   | primalbound  |  gap   
 7153s| 19900 | 11153 | 11208k|  37M|  95 |  55 |2037 |1321 | 391 |2037 | 620 | 415 |2285 |  16k| 6.637194e+03 |      --      |    Inf 
 7176s| 20000 | 11207 | 11241k|  37M|  95 | 118 |2037 |1329 | 602 |2037 | 620 | 415 |2305 |  16k| 6.637194e+03 |      --      |    Inf 
(node 20038) unresolved numerical troubles in LP 32173
 7203s| 20100 | 11271 | 11297k|  37M|  95 |  23 |2037 |1326 | 398 |2037 | 620 | 415 |2310 |  16k| 6.637194e+03 |      --      |    Inf 
(node 20106) unresolved numerical troubles in LP 32293

SCIP Status        : solving was interrupted [time limit reached]
Solving Time (sec) : 10000.03
Solving Nodes      : 20106
Primal Bound       : +1.00000000000000e+20 (0 solutions)
Dual Bound         : +6.63719432384787e+03
Gap                : infinite

primal solution:
================

no solution available

Statistics
==========

SCIP Status        : solving was interrupted [time limit reached]
Solving Time       :   10000.03
Original Problem   :
  Problem name     : labtel
  Variables        : 2042 (1029 binary, 0 integer, 0 implicit integer, 1013 continuous)
  Constraints      : 448 initial, 448 maximal
Presolved Problem  :
  Problem name     : t_labtel
  Variables        : 2037 (1029 binary, 0 integer, 0 implicit integer, 1008 continuous)
  Constraints      : 444 initial, 1334 maximal
Presolvers         :       Time  FixedVars   AggrVars   ChgTypes  ChgBounds   AddHoles    DelCons   ChgSides   ChgCoefs
  trivial          :       0.00          0          0          0          0          0          0          0          0
  dualfix          :       0.00          0          0          0          0          0          0          0          0
  boundshift       :       0.00          0          0          0          0          0          0          0          0
  inttobinary      :       0.00          0          0          0          0          0          0          0          0
  implics          :       0.00          0          0          0          0          0          0          0          0
  probing          :       0.07          0          0          0          0          0          0          0          0
  knapsack         :       0.00          0          0          0          0          0          0          0          0
  setppc           :       0.00          0          0          0          0          0          0          0          0
  linear           :       0.01          0          5          0          4          0          4          3        168
  logicor          :       0.00          0          0          0          0          0          0          0          0
  root node        :          -          0          -          -          0          -          -          -          -
Constraints        :     Number  #Separate #Propagate    #EnfoLP    #EnfoPS    Cutoffs    DomReds       Cuts      Conss   Children
  integral         :          0          0          0      15968          0         13        315          0          0      31466
  knapsack         :          1         11      52725          0         14          2       5257          0          0          0
  setppc           :        168         11      54460          0         15         28     579122          0          0          0
  linear           :        275         11      54432          0          0        298     590418          0          0          0
  logicor          :          0+         0      17764          0          0        104       2130          0          0          0
  countsols        :          0          0          0          0         15          0          0          0          0          0
Constraint Timings :  TotalTime   Separate  Propagate     EnfoLP     EnfoPS
  integral         :     719.94       0.00       0.00     719.94       0.00
  knapsack         :       0.13       0.00       0.12       0.00       0.01
  setppc           :       4.70       0.00       4.70       0.00       0.00
  linear           :      20.61       0.08      20.53       0.00       0.00
  logicor          :       1.09       0.00       1.09       0.00       0.00
  countsols        :       0.00       0.00       0.00       0.00       0.00
Propagators        :       Time      Calls    Cutoffs    DomReds
  rootredcost      :       0.11          0          0          0
  pseudoobj        :       7.18      54340          0          0
Conflict Analysis  :       Time      Calls    Success  Conflicts   Literals    Reconvs ReconvLits   LP Iters
  propagation      :       0.07        432        432       1817       40.2          7       50.9          -
  infeasible LP    :      11.32       4042        303       4477       98.7         10       12.9          0
  bound exceed. LP :       0.00          0          0          0        0.0          0        0.0          0
  strong branching :       0.00          0          0          0        0.0          0        0.0          0
  pseudo solution  :       0.00          0          0          0        0.0          0        0.0          -
  applied globally :          -          -          -       2310       39.7          -          -          -
  applied locally  :          -          -          -          0        0.0          -          -          -
Separators         :       Time      Calls    Cutoffs    DomReds       Cuts      Conss
  cut pool         :       0.01         10          -          -         43          -    (maximal pool size: 872)
  redcost          :       2.12      16033          0        402          0          0
  impliedbounds    :       0.01         11          0          0          0          0
  intobj           :       0.00          0          0          0          0          0
  gomory           :       0.14         11          0          0          3          0
  strongcg         :       0.12         11          0          0          0          0
  cmir             :       5.15         10          0          0        814          0
  flowcover        :       1.86         10          0          0         74          0
  clique           :       0.00         11          0          0          0          0
  zerohalf         :       0.00          0          0          0          0          0
  mcf              :       0.00          0          0          0          0          0
Pricers            :       Time      Calls       Vars
  problem variables:       0.00          0          0
Branching Rules    :       Time      Calls    Cutoffs    DomReds       Cuts      Conss   Children
  relpscost        :     719.83      15968         13        315          0          0      31466
  pscost           :       0.00          0          0          0          0          0          0
  inference        :       0.00         15          0          0          0          0         30
  mostinf          :       0.00          0          0          0          0          0          0
  leastinf         :       0.00          0          0          0          0          0          0
  fullstrong       :       0.00          0          0          0          0          0          0
  allfullstrong    :       0.00          0          0          0          0          0          0
  random           :       0.00          0          0          0          0          0          0
Primal Heuristics  :       Time      Calls      Found
  LP solutions     :       0.00          -          0
  pseudo solutions :       0.00          -          0
  oneopt           :       0.05          0          0
  crossover        :       0.07          0          0
  guideddiving     :       0.00          0          0
  veclendiving     :      26.58          5          0
  linesearchdiving :       3.03          5          0
  feaspump         :       3.93          3          0
  objpscostdiving  :      91.05          3          0
  rootsoldiving    :      51.93          3          0
  coefdiving       :       8.24          6          0
  pscostdiving     :      15.87          6          0
  fracdiving       :      10.80          6          0
  intshifting      :       0.04          7          0
  simplerounding   :       0.12          0          0
  rounding         :       0.58       1743          0
  shifting         :       1.60        521          0
  fixandinfer      :       0.00          0          0
  intdiving        :       0.00          0          0
  actconsdiving    :       0.00          0          0
  octane           :       0.00          0          0
  rens             :      14.75          1          0
  rins             :       0.00          0          0
  localbranching   :       0.00          0          0
  mutation         :       0.00          0          0
  dins             :       0.00          0          0
LP                 :       Time      Calls Iterations  Iter/call   Iter/sec
  primal LP        :      33.71         97      94866     978.00    2814.18
  dual LP          :    8904.69      30420   12364666     406.47    1388.56
  barrier LP       :       0.00          0          0       0.00          -
  diving/probing LP:     206.43       1776     255805     144.03    1239.19
  strong branching :     717.06      16659    1611510      96.74    2247.39
    (at root node) :          -         37       5583     150.89          -
  conflict analysis:       0.00          0          0       0.00          -
B&B Tree           :
  number of runs   :          1
  nodes            :      20106
  nodes (total)    :      20106
  nodes left       :      11273
  max depth        :         95
  max depth (total):         95
  backtracks       :        912 (4.5%)
  delayed cutoffs  :        118
  repropagations   :       3216 (55263 domain reductions, 42 cutoffs)
  avg switch length:       3.85
  switching time   :      10.83
Solution           :
  Solutions found  :          0 (0 improvements)
  Primal Bound     :          -
  Dual Bound       : +6.63719432384787e+03
  Gap              :   infinite
  Root Dual Bound  : +6.62952579633877e+03
