HmaxDs = 2.000000
HmaxUB_percent = 1.078831
HmaxUB_real = 7836.315523
FTnetDs = 2.000000
FTnetUB_percent = 1.850134
FTnetUB_real = 35938.473211
TIFgap = 0.400000
LimCIPF = 74.75492388
SCIP version 1.1.0 [precision: 8 byte] [memory: block] [mode: optimized] [LP solver: Clp 1.8.2]
Copyright (c) 2002-2008 Konrad-Zuse-Zentrum fuer Informationstechnik Berlin (ZIB)

reading user parameter file </home/fabio/docs/hierarquia/models/scip.set>

read problem <data.N30.I1.s1.cluster3.T7.GL1.W2.TIFgap0.4.mps.gz>
============

original problem has 1034 variables (525 bin, 0 int, 0 impl, 509 cont) and 280 constraints

solve problem
=============

presolving:
(round 1) 3 del vars, 3 del conss, 4 chg bounds, 0 chg sides, 84 chg coeffs, 0 upgd conss, 0 impls, 84 clqs
(round 2) 5 del vars, 3 del conss, 4 chg bounds, 1 chg sides, 84 chg coeffs, 0 upgd conss, 0 impls, 84 clqs
(round 3) 5 del vars, 3 del conss, 4 chg bounds, 3 chg sides, 84 chg coeffs, 0 upgd conss, 0 impls, 84 clqs
(round 4) 5 del vars, 4 del conss, 4 chg bounds, 3 chg sides, 84 chg coeffs, 85 upgd conss, 0 impls, 84 clqs
   (0.2s) probing: 329/525 (62.7%) - 0 fixings, 0 aggregations, 2965 implications, 0 bound changes
   (0.2s) probing aborted: 100/100 successive totally useless probings
presolving (5 rounds):
 5 deleted vars, 4 deleted constraints, 4 tightened bounds, 0 added holes, 3 changed sides, 84 changed coefficients
 5930 implications, 84 cliques
presolved problem has 1029 variables (525 bin, 0 int, 0 impl, 504 cont) and 276 constraints
      1 constraints of type <knapsack>
     84 constraints of type <setppc>
    191 constraints of type <linear>
Presolving Time: 0.16

 time | node  | left  |LP iter| mem |mdpt |frac |vars |cons |ccons|cols |rows |cuts |confs|strbr|  dualbound   | primalbound  |  gap   
  0.2s|     1 |     0 |   281 |2593k|   0 | 117 |1029 | 276 | 276 |1029 | 276 |   0 |   0 |   0 | 3.222428e+01 |      --      |    Inf 
  0.7s|     1 |     0 |  2405 |2884k|   0 |  95 |1029 | 276 | 276 |1029 | 315 |  39 |   0 |   0 | 8.632149e+02 |      --      |    Inf 
  1.2s|     1 |     0 |  3086 |3040k|   0 | 111 |1029 | 276 | 276 |1029 | 350 |  74 |   0 |   0 | 4.045489e+03 |      --      |    Inf 
  1.8s|     1 |     0 |  3594 |3127k|   0 |  94 |1029 | 276 | 276 |1029 | 376 | 100 |   0 |   0 | 5.878316e+03 |      --      |    Inf 
  2.3s|     1 |     0 |  4042 |3203k|   0 | 112 |1029 | 276 | 276 |1029 | 412 | 136 |   0 |   0 | 5.951981e+03 |      --      |    Inf 
  3.0s|     1 |     0 |  4612 |3301k|   0 | 119 |1029 | 276 | 276 |1029 | 443 | 167 |   0 |   0 | 6.031773e+03 |      --      |    Inf 
  3.8s|     1 |     0 |  5395 |3408k|   0 | 125 |1029 | 276 | 276 |1029 | 477 | 201 |   0 |   0 | 6.227833e+03 |      --      |    Inf 
  4.7s|     1 |     0 |  6002 |3546k|   0 | 111 |1029 | 276 | 276 |1029 | 515 | 239 |   0 |   0 | 6.537515e+03 |      --      |    Inf 
  5.5s|     1 |     0 |  6581 |3679k|   0 | 132 |1029 | 276 | 276 |1029 | 555 | 279 |   0 |   0 | 6.848193e+03 |      --      |    Inf 
  6.4s|     1 |     0 |  7040 |3810k|   0 | 127 |1029 | 276 | 276 |1029 | 592 | 316 |   0 |   0 | 7.021040e+03 |      --      |    Inf 
  7.2s|     1 |     0 |  7722 |3922k|   0 | 138 |1029 | 276 | 276 |1029 | 627 | 351 |   0 |   0 | 7.272649e+03 |      --      |    Inf 
  7.5s|     1 |     0 |  8290 |3925k|   0 | 150 |1029 | 276 | 276 |1029 | 633 | 357 |   0 |   0 | 7.404289e+03 |      --      |    Inf 
 19.4s|     1 |     2 |  8290 |3931k|   0 | 150 |1029 | 276 | 276 |1029 | 633 | 357 |   0 |  23 | 7.404289e+03 |      --      |    Inf 
 65.6s|   100 |    47 | 52358 |4122k|  15 |  74 |1029 | 306 | 244 |1029 | 436 | 357 |  30 | 984 | 7.452933e+03 |      --      |    Inf 
 81.9s|   200 |    70 | 87947 |4229k|  22 |   - |1029 | 375 | 247 |   0 |   0 | 357 |  99 |1169 | 7.452933e+03 |      --      |    Inf 
 time | node  | left  |LP iter| mem |mdpt |frac |vars |cons |ccons|cols |rows |cuts |confs|strbr|  dualbound   | primalbound  |  gap   
 95.1s|   300 |    97 |122535 |4327k|  23 | 101 |1029 | 438 | 311 |1029 | 436 | 357 | 162 |1239 | 7.452933e+03 |      --      |    Inf 
  109s|   400 |   111 |162901 |4397k|  34 |   - |1029 | 508 | 388 |   0 |   0 | 357 | 232 |1313 | 7.460112e+03 |      --      |    Inf 
  124s|   500 |   126 |197854 |4510k|  34 |  82 |1029 | 568 | 390 |1029 | 436 | 357 | 292 |1446 | 7.460112e+03 |      --      |    Inf 
  138s|   600 |   130 |235099 |4550k|  34 |  74 |1029 | 639 | 301 |1029 | 436 | 357 | 363 |1554 | 7.460733e+03 |      --      |    Inf 
  152s|   700 |   135 |279117 |4606k|  34 |   - |1029 | 680 | 283 |1029 | 436 | 357 | 404 |1588 | 7.477056e+03 |      --      |    Inf 
  173s|   800 |   141 |323420 |4705k|  34 |   - |1029 | 738 | 397 |   0 |   0 | 357 | 462 |1711 | 7.477056e+03 |      --      |    Inf 
  187s|   900 |   151 |359106 |4754k|  34 |  82 |1029 | 796 | 255 |1029 | 436 | 357 | 520 |1830 | 7.477056e+03 |      --      |    Inf 
  200s|  1000 |   154 |393067 |4818k|  34 | 140 |1029 | 867 | 698 |1029 | 436 | 357 | 592 |1952 | 7.477056e+03 |      --      |    Inf 
  211s|  1100 |   160 |426031 |4849k|  34 |   - |1029 | 907 | 452 |   0 |   0 | 357 | 637 |2009 | 7.477056e+03 |      --      |    Inf 
  225s|  1200 |   167 |474056 |4889k|  34 |  89 |1029 | 946 | 661 |1029 | 436 | 357 | 682 |2027 | 7.477056e+03 |      --      |    Inf 
  241s|  1300 |   178 |516120 |4963k|  34 |   - |1029 | 991 | 163 |   0 |   0 | 357 | 728 |2123 | 7.482816e+03 |      --      |    Inf 
  253s|  1400 |   187 |549107 |5001k|  34 |  67 |1029 |1036 | 515 |1029 | 436 | 357 | 780 |2213 | 7.484525e+03 |      --      |    Inf 
  268s|  1500 |   192 |588860 |5031k|  34 |  45 |1029 |1070 | 349 |1029 | 436 | 357 | 820 |2336 | 7.488618e+03 |      --      |    Inf 
  282s|  1600 |   193 |623455 |5090k|  34 |   - |1029 |1101 | 286 |1029 | 436 | 357 | 861 |2425 | 7.496830e+03 |      --      |    Inf 
  297s|  1700 |   202 |673106 |5139k|  34 |   - |1029 |1120 | 234 |1029 | 436 | 357 | 895 |2477 | 7.503931e+03 |      --      |    Inf 
 time | node  | left  |LP iter| mem |mdpt |frac |vars |cons |ccons|cols |rows |cuts |confs|strbr|  dualbound   | primalbound  |  gap   
  309s|  1800 |   208 |711612 |5164k|  34 | 132 |1029 |1129 | 829 |1029 | 436 | 357 | 922 |2496 | 7.505112e+03 |      --      |    Inf 
  323s|  1900 |   211 |753490 |5184k|  34 |  64 |1029 |1148 | 668 |1029 | 436 | 357 | 967 |2591 | 7.521343e+03 |      --      |    Inf 
  341s|  2000 |   213 |806052 |5238k|  34 |   - |1029 |1147 | 333 |1029 | 436 | 357 | 999 |2716 | 7.521343e+03 |      --      |    Inf 
  355s|  2100 |   220 |841938 |5273k|  34 |   - |1029 |1158 | 384 |1029 | 436 | 357 |1035 |2821 | 7.523703e+03 |      --      |    Inf 
  370s|  2200 |   227 |888976 |5307k|  34 | 102 |1029 |1161 | 607 |1029 | 436 | 357 |1073 |2896 | 7.525789e+03 |      --      |    Inf 
  385s|  2300 |   232 |942531 |5334k|  34 |  44 |1029 |1163 | 347 |1029 | 436 | 357 |1108 |2929 | 7.531644e+03 |      --      |    Inf 
  401s|  2400 |   237 |993739 |5402k|  34 |   - |1029 |1172 | 624 |1029 | 436 | 357 |1153 |2983 | 7.532044e+03 |      --      |    Inf 
  410s|  2500 |   248 |  1022k|5440k|  34 | 110 |1029 |1214 | 716 |1029 | 436 | 357 |1217 |3042 | 7.559049e+03 |      --      |    Inf 
  428s|  2600 |   248 |  1071k|5423k|  34 |   - |1029 |1237 | 610 |1029 | 436 | 357 |1277 |3166 | 7.559049e+03 |      --      |    Inf 
  445s|  2700 |   252 |  1117k|5459k|  35 |  89 |1029 |1263 | 416 |1029 | 436 | 357 |1322 |3265 | 7.570106e+03 |      --      |    Inf 
  456s|  2800 |   260 |  1153k|5508k|  39 | 111 |1029 |1277 | 529 |1029 | 436 | 357 |1350 |3330 | 7.570743e+03 |      --      |    Inf 
  466s|  2900 |   271 |  1186k|5578k|  46 |   - |1029 |1295 | 292 |1029 | 436 | 357 |1382 |3349 | 7.570743e+03 |      --      |    Inf 
  477s|  3000 |   286 |  1223k|5653k|  46 |  49 |1029 |1305 | 313 |1029 | 436 | 357 |1416 |3382 | 7.573294e+03 |      --      |    Inf 
  488s|  3100 |   293 |  1260k|5725k|  46 |   - |1029 |1315 | 182 |1029 | 436 | 357 |1466 |3399 | 7.577088e+03 |      --      |    Inf 
  497s|  3200 |   304 |  1292k|5761k|  46 |  76 |1029 |1328 | 431 |1029 | 436 | 357 |1506 |3428 | 7.583017e+03 |      --      |    Inf 
 time | node  | left  |LP iter| mem |mdpt |frac |vars |cons |ccons|cols |rows |cuts |confs|strbr|  dualbound   | primalbound  |  gap   
  508s|  3300 |   312 |  1323k|5825k|  46 |   - |1029 |1321 | 324 |   0 |   0 | 357 |1530 |3505 | 7.583017e+03 |      --      |    Inf 
  526s|  3400 |   320 |  1371k|5885k|  46 |   - |1029 |1281 | 865 |   0 |   0 | 357 |1558 |3612 | 7.585702e+03 |      --      |    Inf 
  539s|  3500 |   325 |  1410k|5899k|  46 |  88 |1029 |1231 | 557 |1029 | 436 | 357 |1592 |3687 | 7.589782e+03 |      --      |    Inf 
  560s|  3600 |   332 |  1467k|5936k|  46 | 110 |1029 |1185 | 457 |1029 | 436 | 357 |1612 |3818 | 7.600285e+03 |      --      |    Inf 
  576s|  3700 |   343 |  1516k|5989k|  46 |  84 |1029 |1162 | 428 |1029 | 436 | 357 |1653 |3863 | 7.608967e+03 |      --      |    Inf 
  590s|  3800 |   353 |  1562k|6019k|  46 |  51 |1029 |1130 | 347 |1029 | 436 | 357 |1688 |3877 | 7.610716e+03 |      --      |    Inf 
  603s|  3900 |   360 |  1604k|6059k|  46 |  37 |1029 |1109 | 290 |1029 | 436 | 357 |1736 |3886 | 7.610716e+03 |      --      |    Inf 
  616s|  4000 |   360 |  1648k|6083k|  46 |   - |1029 |1090 | 233 |1029 | 436 | 357 |1761 |3890 | 7.610716e+03 |      --      |    Inf 
  628s|  4100 |   363 |  1692k|6109k|  46 |  61 |1029 |1045 | 314 |1029 | 436 | 357 |1790 |3895 | 7.615802e+03 |      --      |    Inf 
  637s|  4200 |   376 |  1725k|6157k|  46 |   - |1029 |1016 | 460 |1029 | 436 | 357 |1815 |3895 | 7.652590e+03 |      --      |    Inf 
  650s|  4300 |   376 |  1771k|6185k|  46 |   - |1029 | 959 | 192 |1029 | 436 | 357 |1833 |3913 | 7.652590e+03 |      --      |    Inf 
  664s|  4400 |   376 |  1818k|6177k|  46 |   - |1029 | 910 | 237 |1029 | 436 | 357 |1860 |3913 | 7.666779e+03 |      --      |    Inf 
  679s|  4500 |   389 |  1862k|6233k|  46 |  50 |1029 | 876 | 284 |1029 | 436 | 357 |1882 |3961 | 7.666779e+03 |      --      |    Inf 
  695s|  4600 |   395 |  1906k|6277k|  46 |   - |1029 | 841 | 187 |1029 | 436 | 357 |1924 |4047 | 7.666779e+03 |      --      |    Inf 
  710s|  4700 |   400 |  1952k|6295k|  46 |   - |1029 | 812 | 198 |1029 | 436 | 357 |1948 |4137 | 7.681738e+03 |      --      |    Inf 
 time | node  | left  |LP iter| mem |mdpt |frac |vars |cons |ccons|cols |rows |cuts |confs|strbr|  dualbound   | primalbound  |  gap   
  726s|  4800 |   411 |  1994k|6308k|  46 |   - |1029 | 787 | 254 |1029 | 436 | 357 |1967 |4234 | 7.685884e+03 |      --      |    Inf 
  745s|  4900 |   419 |  2051k|6333k|  46 |  60 |1029 | 753 | 338 |1029 | 436 | 357 |2002 |4321 | 7.707611e+03 |      --      |    Inf 
  758s|  5000 |   423 |  2094k|6400k|  46 |  46 |1029 | 740 | 368 |1029 | 436 | 357 |2029 |4343 | 7.707611e+03 |      --      |    Inf 
  770s|  5100 |   431 |  2137k|6449k|  46 |  67 |1029 | 725 | 266 |1029 | 436 | 357 |2045 |4357 | 7.707611e+03 |      --      |    Inf 
  781s|  5200 |   442 |  2174k|6495k|  46 |   - |1029 | 736 | 214 |1029 | 436 | 357 |2086 |4381 | 7.713621e+03 |      --      |    Inf 
  794s|  5300 |   456 |  2217k|6551k|  46 |  38 |1029 | 748 | 289 |1029 | 436 | 357 |2127 |4417 | 7.714683e+03 |      --      |    Inf 
  803s|  5400 |   465 |  2247k|6615k|  46 |   - |1029 | 774 | 192 |1029 | 436 | 357 |2170 |4464 | 7.714683e+03 |      --      |    Inf 
  814s|  5500 |   468 |  2280k|6655k|  46 |   - |1029 | 773 | 189 |1029 | 436 | 357 |2214 |4528 | 7.762280e+03 |      --      |    Inf 
  830s|  5600 |   474 |  2327k|6692k|  46 | 108 |1029 | 762 | 409 |1029 | 436 | 357 |2248 |4624 | 7.766529e+03 |      --      |    Inf 
  848s|  5700 |   486 |  2382k|6793k|  46 |   - |1029 | 758 | 232 |1029 | 436 | 357 |2285 |4728 | 7.795227e+03 |      --      |    Inf 
  863s|  5800 |   494 |  2422k|6825k|  47 |  46 |1029 | 756 | 218 |1029 | 436 | 357 |2316 |4779 | 7.795227e+03 |      --      |    Inf 
  874s|  5900 |   498 |  2457k|6881k|  49 |   - |1029 | 767 | 269 |   0 |   0 | 357 |2368 |4809 | 7.821141e+03 |      --      |    Inf 
  886s|  6000 |   506 |  2498k|6939k|  49 |   - |1029 | 767 | 167 |1029 | 436 | 357 |2421 |4825 | 7.821141e+03 |      --      |    Inf 
  894s|  6100 |   508 |  2527k|6988k|  49 |   - |1029 | 823 | 213 |1029 | 436 | 357 |2504 |4833 | 7.822935e+03 |      --      |    Inf 
  903s|  6200 |   514 |  2556k|6994k|  49 |  69 |1029 | 831 | 290 |1029 | 436 | 357 |2538 |4837 | 7.913118e+03 |      --      |    Inf 
 time | node  | left  |LP iter| mem |mdpt |frac |vars |cons |ccons|cols |rows |cuts |confs|strbr|  dualbound   | primalbound  |  gap   
  915s|  6300 |   519 |  2596k|7041k|  49 |  59 |1029 | 841 | 325 |1029 | 436 | 357 |2589 |4862 | 7.979665e+03 |      --      |    Inf 
  925s|  6400 |   520 |  2628k|7069k|  49 |  24 |1029 | 842 | 239 |1029 | 436 | 357 |2631 |4903 | 8.019779e+03 |      --      |    Inf 
  937s|  6500 |   522 |  2666k|7109k|  49 |  40 |1029 | 835 | 230 |1029 | 436 | 357 |2682 |4964 | 8.052359e+03 |      --      |    Inf 
  946s|  6600 |   527 |  2692k|7150k|  49 |   - |1029 | 851 | 262 |1029 | 436 | 357 |2737 |5018 | 8.052359e+03 |      --      |    Inf 
  957s|  6700 |   525 |  2726k|7167k|  49 |  94 |1029 | 864 | 331 |1029 | 436 | 357 |2803 |5074 | 8.052359e+03 |      --      |    Inf 
  967s|  6800 |   525 |  2758k|7184k|  49 |   - |1029 | 862 | 242 |   0 |   0 | 357 |2840 |5133 | 8.105350e+03 |      --      |    Inf 
  978s|  6900 |   531 |  2786k|7246k|  49 |   - |1029 | 854 | 197 |1029 | 436 | 357 |2878 |5180 | 8.107320e+03 |      --      |    Inf 
  989s|  7000 |   530 |  2818k|7220k|  49 |   - |1029 | 861 | 204 |1029 | 436 | 357 |2922 |5234 | 8.124189e+03 |      --      |    Inf 
  998s|  7100 |   541 |  2847k|7254k|  49 |  22 |1029 | 876 | 228 |1029 | 436 | 357 |2968 |5264 | 8.138831e+03 |      --      |    Inf 
 1010s|  7200 |   544 |  2891k|7275k|  49 |  76 |1029 | 844 | 298 |1029 | 436 | 357 |3003 |5274 | 8.139998e+03 |      --      |    Inf 
 1021s|  7300 |   544 |  2926k|7289k|  49 |  87 |1029 | 862 | 261 |1029 | 436 | 357 |3084 |5306 | 8.163469e+03 |      --      |    Inf 
 1030s|  7400 |   550 |  2958k|7354k|  49 |  25 |1029 | 867 | 251 |1029 | 436 | 357 |3121 |5316 | 8.180090e+03 |      --      |    Inf 
 1039s|  7500 |   542 |  2993k|7328k|  49 |  64 |1029 | 873 | 235 |1029 | 436 | 357 |3142 |5316 | 8.184384e+03 |      --      |    Inf 
 1051s|  7600 |   539 |  3034k|7325k|  49 |  59 |1029 | 866 | 275 |1029 | 436 | 357 |3178 |5327 | 8.290127e+03 |      --      |    Inf 
 1063s|  7700 |   545 |  3073k|7359k|  49 |  51 |1029 | 864 | 246 |1029 | 436 | 357 |3210 |5390 | 8.300652e+03 |      --      |    Inf 
 time | node  | left  |LP iter| mem |mdpt |frac |vars |cons |ccons|cols |rows |cuts |confs|strbr|  dualbound   | primalbound  |  gap   
 1077s|  7800 |   543 |  3113k|7352k|  49 | 103 |1029 | 850 | 517 |1029 | 436 | 357 |3241 |5454 | 8.340847e+03 |      --      |    Inf 
 1093s|  7900 |   536 |  3159k|7341k|  49 |  35 |1029 | 819 | 259 |1029 | 436 | 357 |3257 |5531 | 8.352120e+03 |      --      |    Inf 
 1104s|  8000 |   536 |  3196k|7355k|  49 |   - |1029 | 817 | 148 |1029 | 436 | 357 |3291 |5588 | 8.408551e+03 |      --      |    Inf 
 1113s|  8100 |   537 |  3224k|7367k|  49 |  72 |1029 | 830 | 359 |1029 | 436 | 357 |3338 |5639 | 8.562645e+03 |      --      |    Inf 
 1124s|  8200 |   546 |  3257k|7406k|  49 |  53 |1029 | 837 | 235 |1029 | 436 | 357 |3367 |5677 | 8.639496e+03 |      --      |    Inf 
 1133s|  8300 |   545 |  3291k|7426k|  49 |  55 |1029 | 827 | 390 |1029 | 436 | 357 |3394 |5702 | 8.675501e+03 |      --      |    Inf 
 1144s|  8400 |   545 |  3328k|7452k|  49 |   - |1029 | 834 | 173 |1029 | 436 | 357 |3428 |5717 | 8.772778e+03 |      --      |    Inf 
 1153s|  8500 |   544 |  3358k|7413k|  49 |   - |1029 | 845 | 146 |1029 | 436 | 357 |3456 |5718 | 8.827406e+03 |      --      |    Inf 
 1172s|  8600 |   540 |  3404k|7388k|  49 |   - |1029 | 852 | 191 |1029 | 436 | 357 |3485 |5724 | 8.923474e+03 |      --      |    Inf 
 1182s|  8700 |   541 |  3440k|7404k|  49 |  84 |1029 | 894 | 339 |1029 | 436 | 357 |3557 |5738 | 9.046029e+03 |      --      |    Inf 
 1190s|  8800 |   535 |  3469k|7419k|  49 |   - |1029 | 921 | 211 |1029 | 436 | 357 |3595 |5740 | 9.046029e+03 |      --      |    Inf 
 1201s|  8900 |   537 |  3501k|7419k|  49 |   - |1029 | 913 | 192 |1029 | 436 | 357 |3628 |5803 | 9.535187e+03 |      --      |    Inf 
 1213s|  9000 |   536 |  3537k|7388k|  49 |  61 |1029 | 905 | 433 |1029 | 436 | 357 |3665 |5860 | 9.535187e+03 |      --      |    Inf 
 1222s|  9100 |   530 |  3567k|7366k|  49 |   - |1029 | 895 | 396 |1029 | 436 | 357 |3682 |5911 | 9.542855e+03 |      --      |    Inf 
 1230s|  9200 |   537 |  3592k|7408k|  49 |   - |1029 | 878 | 205 |   0 |   0 | 357 |3716 |5951 | 9.549835e+03 |      --      |    Inf 
 time | node  | left  |LP iter| mem |mdpt |frac |vars |cons |ccons|cols |rows |cuts |confs|strbr|  dualbound   | primalbound  |  gap   
 1237s|  9300 |   539 |  3618k|7385k|  49 |   - |1029 | 880 | 166 |1029 | 436 | 357 |3736 |5986 | 9.549835e+03 |      --      |    Inf 
 1247s|  9400 |   541 |  3644k|7365k|  49 |  41 |1029 | 879 | 229 |1029 | 436 | 357 |3762 |6030 | 9.553920e+03 |      --      |    Inf 
 1260s|  9500 |   550 |  3683k|7400k|  49 |  77 |1029 | 880 | 257 |1029 | 436 | 357 |3799 |6096 | 9.573457e+03 |      --      |    Inf 
 1270s|  9600 |   549 |  3718k|7419k|  49 |   - |1029 | 890 | 246 |1029 | 436 | 357 |3830 |6133 | 9.573457e+03 |      --      |    Inf 
 1279s|  9700 |   557 |  3750k|7419k|  49 |  45 |1029 | 891 | 233 |1029 | 436 | 357 |3868 |6170 | 9.578704e+03 |      --      |    Inf 
 1289s|  9800 |   560 |  3785k|7409k|  49 |  76 |1029 | 881 | 259 |1029 | 436 | 357 |3890 |6180 | 9.592434e+03 |      --      |    Inf 
 1296s|  9900 |   566 |  3813k|7421k|  49 |  46 |1029 | 894 | 233 |1029 | 436 | 357 |3919 |6183 | 9.598941e+03 |      --      |    Inf 
 1307s| 10000 |   569 |  3848k|7440k|  49 |   - |1029 | 893 | 254 |1029 | 436 | 357 |3960 |6207 | 9.603052e+03 |      --      |    Inf 
 1317s| 10100 |   569 |  3882k|7451k|  49 |  80 |1029 | 888 | 354 |1029 | 436 | 357 |3991 |6208 | 9.610651e+03 |      --      |    Inf 
 1328s| 10200 |   563 |  3914k|7429k|  49 |  67 |1029 | 879 | 283 |1029 | 436 | 357 |4008 |6209 | 9.611036e+03 |      --      |    Inf 
 1336s| 10300 |   563 |  3943k|7424k|  49 |   - |1029 | 876 | 238 |   0 |   0 | 357 |4030 |6211 | 9.611192e+03 |      --      |    Inf 
 1347s| 10400 |   562 |  3974k|7391k|  49 |   - |1029 | 860 | 280 |1029 | 436 | 357 |4052 |6249 | 9.622366e+03 |      --      |    Inf 
 1356s| 10500 |   563 |  4003k|7408k|  49 |   - |1029 | 873 | 145 |1029 | 436 | 357 |4091 |6285 | 9.637710e+03 |      --      |    Inf 
 1366s| 10600 |   570 |  4035k|7446k|  49 |  81 |1029 | 868 | 408 |1029 | 436 | 357 |4126 |6335 | 9.637935e+03 |      --      |    Inf 
 1375s| 10700 |   569 |  4061k|7435k|  49 |  45 |1029 | 864 | 219 |1029 | 436 | 357 |4147 |6372 | 9.638007e+03 |      --      |    Inf 
 time | node  | left  |LP iter| mem |mdpt |frac |vars |cons |ccons|cols |rows |cuts |confs|strbr|  dualbound   | primalbound  |  gap   
 1384s| 10800 |   562 |  4092k|7395k|  49 |   - |1029 | 868 | 217 |1029 | 436 | 357 |4182 |6412 | 9.638007e+03 |      --      |    Inf 
 1394s| 10900 |   566 |  4123k|7430k|  49 |   - |1029 | 889 | 169 |1029 | 436 | 357 |4225 |6464 | 9.641211e+03 |      --      |    Inf 
 1402s| 11000 |   577 |  4151k|7462k|  49 |   - |1029 | 882 | 276 |1029 | 436 | 357 |4244 |6500 | 9.670681e+03 |      --      |    Inf 
 1413s| 11100 |   573 |  4184k|7437k|  49 |   - |1029 | 893 | 215 |   0 |   0 | 357 |4288 |6555 | 9.698449e+03 |      --      |    Inf 
 1423s| 11200 |   578 |  4213k|7471k|  49 |   - |1029 | 896 | 185 |1029 | 436 | 357 |4321 |6601 | 9.704462e+03 |      --      |    Inf 
 1432s| 11300 |   572 |  4243k|7440k|  49 |  59 |1029 | 908 | 251 |1029 | 436 | 357 |4356 |6613 | 9.705391e+03 |      --      |    Inf 
 1448s| 11400 |   576 |  4279k|7463k|  49 |  51 |1029 | 926 | 253 |1029 | 436 | 357 |4397 |6639 | 9.720784e+03 |      --      |    Inf 
 1458s| 11500 |   565 |  4313k|7455k|  49 |  33 |1029 | 910 | 211 |1029 | 436 | 357 |4420 |6650 | 9.726679e+03 |      --      |    Inf 
 1467s| 11600 |   559 |  4345k|7440k|  49 |   - |1029 | 901 | 177 |1029 | 436 | 357 |4432 |6654 | 9.737895e+03 |      --      |    Inf 
 1475s| 11700 |   563 |  4373k|7428k|  49 |  65 |1029 | 895 | 299 |1029 | 436 | 357 |4463 |6658 | 9.746087e+03 |      --      |    Inf 
 1484s| 11800 |   554 |  4407k|7318k|  49 |  31 |1029 | 879 | 265 |1029 | 436 | 357 |4478 |6659 | 9.760458e+03 |      --      |    Inf 
 1492s| 11900 |   558 |  4439k|7359k|  49 |   - |1029 | 884 | 165 |1029 | 436 | 357 |4506 |6661 | 9.778726e+03 |      --      |    Inf 
 1503s| 12000 |   564 |  4473k|7361k|  49 |  70 |1029 | 878 | 360 |1029 | 436 | 357 |4522 |6679 | 9.798172e+03 |      --      |    Inf 
 1511s| 12100 |   559 |  4501k|7354k|  49 |  80 |1029 | 876 | 387 |1029 | 436 | 357 |4545 |6711 | 9.805717e+03 |      --      |    Inf 
 1521s| 12200 |   559 |  4529k|7370k|  49 |   - |1029 | 900 | 186 |1029 | 436 | 357 |4585 |6750 | 9.805963e+03 |      --      |    Inf 
 time | node  | left  |LP iter| mem |mdpt |frac |vars |cons |ccons|cols |rows |cuts |confs|strbr|  dualbound   | primalbound  |  gap   
 1532s| 12300 |   548 |  4564k|7317k|  49 |  65 |1029 | 906 | 277 |1029 | 436 | 357 |4616 |6803 | 9.807585e+03 |      --      |    Inf 
 1542s| 12400 |   533 |  4598k|7279k|  49 |   - |1029 | 910 | 245 |1029 | 436 | 357 |4644 |6848 | 9.826491e+03 |      --      |    Inf 
 1551s| 12500 |   537 |  4626k|7309k|  49 |  42 |1029 | 913 | 291 |1029 | 436 | 357 |4671 |6903 | 9.838534e+03 |      --      |    Inf 
 1560s| 12600 |   531 |  4656k|7263k|  49 |   - |1029 | 914 | 165 |   0 |   0 | 357 |4688 |6938 | 9.847709e+03 |      --      |    Inf 
 1571s| 12700 |   521 |  4693k|7219k|  49 |   - |1029 | 904 | 140 |1029 | 436 | 357 |4709 |6997 | 9.853126e+03 |      --      |    Inf 
 1585s| 12800 |   521 |  4736k|7226k|  49 |   - |1029 | 902 | 163 |1029 | 436 | 357 |4735 |7045 | 9.878822e+03 |      --      |    Inf 
 1595s| 12900 |   517 |  4770k|7218k|  49 |   - |1029 | 914 | 239 |1029 | 436 | 357 |4763 |7086 | 9.885800e+03 |      --      |    Inf 
 1603s| 13000 |   515 |  4800k|7229k|  49 |   - |1029 | 909 | 231 |1029 | 436 | 357 |4773 |7089 | 9.888839e+03 |      --      |    Inf 
 1614s| 13100 |   513 |  4838k|7236k|  49 |   - |1029 | 909 | 177 |1029 | 436 | 357 |4788 |7095 | 9.893933e+03 |      --      |    Inf 
 1626s| 13200 |   522 |  4880k|7242k|  49 |  65 |1029 | 911 | 360 |1029 | 436 | 357 |4806 |7115 | 9.899835e+03 |      --      |    Inf 
 1635s| 13300 |   518 |  4913k|7254k|  49 |   - |1029 | 922 | 169 |1029 | 436 | 357 |4825 |7118 | 9.911663e+03 |      --      |    Inf 
 1645s| 13400 |   509 |  4950k|7209k|  49 |  75 |1029 | 920 | 438 |1029 | 436 | 357 |4847 |7128 | 9.934467e+03 |      --      |    Inf 
 1657s| 13500 |   506 |  4990k|7170k|  49 |  38 |1029 | 918 | 212 |1029 | 436 | 357 |4865 |7130 | 9.946521e+03 |      --      |    Inf 
 1664s| 13600 |   503 |  5015k|7171k|  49 |  56 |1029 | 935 | 297 |1029 | 436 | 357 |4895 |7141 | 9.959076e+03 |      --      |    Inf 
 1676s| 13700 |   495 |  5052k|7176k|  49 |   - |1029 | 945 | 216 |1029 | 436 | 357 |4919 |7188 | 9.960464e+03 |      --      |    Inf 
 time | node  | left  |LP iter| mem |mdpt |frac |vars |cons |ccons|cols |rows |cuts |confs|strbr|  dualbound   | primalbound  |  gap   
 1687s| 13800 |   486 |  5089k|7177k|  49 |   - |1029 | 942 | 204 |1029 | 436 | 357 |4929 |7235 | 9.971572e+03 |      --      |    Inf 
 1696s| 13900 |   473 |  5121k|7122k|  49 |  53 |1029 | 950 | 225 |1029 | 436 | 357 |4959 |7274 | 9.982599e+03 |      --      |    Inf 
 1706s| 14000 |   467 |  5152k|7108k|  49 |   - |1029 | 953 | 187 |1029 | 436 | 357 |4977 |7325 | 9.988184e+03 |      --      |    Inf 
 1717s| 14100 |   463 |  5187k|7099k|  49 |  27 |1029 | 951 | 218 |1029 | 436 | 357 |4992 |7365 | 1.000539e+04 |      --      |    Inf 
 1726s| 14200 |   461 |  5215k|7101k|  49 |  30 |1029 | 949 | 243 |1029 | 436 | 357 |5008 |7423 | 1.002060e+04 |      --      |    Inf 
 1736s| 14300 |   449 |  5249k|7033k|  49 |  40 |1029 | 928 | 249 |1029 | 436 | 357 |5022 |7433 | 1.005163e+04 |      --      |    Inf 
 1748s| 14400 |   435 |  5292k|7003k|  49 |   - |1029 | 909 | 158 |1029 | 436 | 357 |5030 |7474 | 1.007631e+04 |      --      |    Inf 
 1758s| 14500 |   435 |  5326k|7006k|  49 |  18 |1029 | 910 | 223 |1029 | 436 | 357 |5049 |7480 | 1.008848e+04 |      --      |    Inf 
 1765s| 14600 |   423 |  5351k|6955k|  49 |  77 |1029 | 913 | 348 |1029 | 436 | 357 |5069 |7491 | 1.009553e+04 |      --      |    Inf 
 1772s| 14700 |   421 |  5379k|6964k|  49 |  34 |1029 | 942 | 294 |1029 | 436 | 357 |5110 |7508 | 1.011276e+04 |      --      |    Inf 
 1780s| 14800 |   407 |  5404k|6914k|  49 |  61 |1029 | 942 | 264 |1029 | 436 | 357 |5127 |7512 | 1.013073e+04 |      --      |    Inf 
 1791s| 14900 |   399 |  5439k|6879k|  49 |   - |1029 | 950 | 256 |1029 | 436 | 357 |5151 |7556 | 1.013708e+04 |      --      |    Inf 
 1802s| 15000 |   382 |  5482k|6828k|  49 |   - |1029 | 923 | 227 |1029 | 436 | 357 |5167 |7560 | 1.015174e+04 |      --      |    Inf 
 1810s| 15100 |   378 |  5514k|6805k|  49 |  52 |1029 | 912 | 238 |1029 | 436 | 357 |5183 |7569 | 1.018143e+04 |      --      |    Inf 
 1819s| 15200 |   368 |  5542k|6764k|  49 |   - |1029 | 903 | 482 |   0 |   0 | 357 |5202 |7571 | 1.018258e+04 |      --      |    Inf 
 time | node  | left  |LP iter| mem |mdpt |frac |vars |cons |ccons|cols |rows |cuts |confs|strbr|  dualbound   | primalbound  |  gap   
 1828s| 15300 |   363 |  5575k|6765k|  49 |   - |1029 | 892 | 226 |1029 | 436 | 357 |5213 |7573 | 1.020685e+04 |      --      |    Inf 
 1838s| 15400 |   361 |  5607k|6744k|  49 |  78 |1029 | 886 | 326 |1029 | 436 | 357 |5223 |7621 | 1.025449e+04 |      --      |    Inf 
 1847s| 15500 |   359 |  5639k|6749k|  49 |  74 |1029 | 890 | 277 |1029 | 436 | 357 |5240 |7661 | 1.025542e+04 |      --      |    Inf 
 1854s| 15600 |   360 |  5662k|6765k|  49 |   - |1029 | 890 | 164 |1029 | 436 | 357 |5257 |7688 | 1.026045e+04 |      --      |    Inf 
 1864s| 15700 |   350 |  5692k|6711k|  49 |   - |1029 | 910 | 110 |1029 | 436 | 357 |5288 |7729 | 1.028118e+04 |      --      |    Inf 
 1872s| 15800 |   350 |  5716k|6699k|  49 |  69 |1029 | 909 | 300 |1029 | 436 | 357 |5299 |7763 | 1.028118e+04 |      --      |    Inf 
 1882s| 15900 |   341 |  5750k|6651k|  49 |  48 |1029 | 906 | 263 |1029 | 436 | 357 |5312 |7811 | 1.029243e+04 |      --      |    Inf 
 1890s| 16000 |   336 |  5780k|6662k|  49 |   - |1029 | 910 | 160 |1029 | 436 | 357 |5325 |7844 | 1.036611e+04 |      --      |    Inf 
 1899s| 16100 |   326 |  5812k|6619k|  49 |  58 |1029 | 908 | 279 |1029 | 436 | 357 |5351 |7863 | 1.039520e+04 |      --      |    Inf 
 1906s| 16200 |   326 |  5837k|6612k|  49 |  27 |1029 | 925 | 205 |1029 | 436 | 357 |5380 |7873 | 1.039520e+04 |      --      |    Inf 
 1913s| 16300 |   318 |  5863k|6591k|  49 |   - |1029 | 925 | 167 |1029 | 436 | 357 |5389 |7880 | 1.039933e+04 |      --      |    Inf 
 1919s| 16400 |   308 |  5886k|6540k|  49 |   - |1029 | 940 | 212 |1029 | 436 | 357 |5405 |7888 | 1.054723e+04 |      --      |    Inf 
 1928s| 16500 |   302 |  5910k|6520k|  49 |  72 |1029 | 940 | 381 |1029 | 436 | 357 |5417 |7891 | 1.058016e+04 |      --      |    Inf 
 1938s| 16600 |   290 |  5949k|6459k|  49 |  50 |1029 | 927 | 252 |1029 | 436 | 357 |5421 |7897 | 1.058016e+04 |      --      |    Inf 
 1943s| 16700 |   288 |  5971k|6452k|  49 |  63 |1029 | 927 | 260 |1029 | 436 | 357 |5430 |7897 | 1.058965e+04 |      --      |    Inf 
 time | node  | left  |LP iter| mem |mdpt |frac |vars |cons |ccons|cols |rows |cuts |confs|strbr|  dualbound   | primalbound  |  gap   
 1951s| 16800 |   287 |  5997k|6457k|  49 |  65 |1029 | 932 | 228 |1029 | 436 | 357 |5440 |7897 | 1.066036e+04 |      --      |    Inf 
 1956s| 16900 |   281 |  6017k|6413k|  49 |  45 |1029 | 942 | 259 |1029 | 436 | 357 |5455 |7902 | 1.066042e+04 |      --      |    Inf 
 1966s| 17000 |   269 |  6048k|6361k|  49 |   - |1029 | 960 | 218 |1029 | 436 | 357 |5491 |7930 | 1.066042e+04 |      --      |    Inf 
 1975s| 17100 |   256 |  6081k|6324k|  49 |  63 |1029 | 949 | 288 |1029 | 436 | 357 |5516 |7937 | 1.068851e+04 |      --      |    Inf 
 1986s| 17200 |   250 |  6119k|6313k|  49 |   - |1029 | 945 | 218 |1029 | 436 | 357 |5529 |7958 | 1.069547e+04 |      --      |    Inf 
 1992s| 17300 |   252 |  6142k|6309k|  49 |  90 |1029 | 929 | 456 |1029 | 436 | 357 |5538 |7990 | 1.076087e+04 |      --      |    Inf 
 2003s| 17400 |   246 |  6176k|6272k|  49 |  84 |1029 | 929 | 372 |1029 | 436 | 357 |5553 |8032 | 1.083147e+04 |      --      |    Inf 
 2014s| 17500 |   235 |  6211k|6211k|  49 |  27 |1029 | 919 | 243 |1029 | 436 | 357 |5575 |8078 | 1.089826e+04 |      --      |    Inf 
 2023s| 17600 |   216 |  6238k|6123k|  49 |   - |1029 | 918 | 237 |   0 |   0 | 357 |5590 |8114 | 1.103496e+04 |      --      |    Inf 
 2035s| 17700 |   211 |  6275k|6099k|  49 |   - |1029 | 916 | 248 |1029 | 436 | 357 |5608 |8164 | 1.114597e+04 |      --      |    Inf 
 2044s| 17800 |   197 |  6303k|6038k|  49 |   - |1029 | 916 | 171 |1029 | 436 | 357 |5620 |8185 | 1.118555e+04 |      --      |    Inf 
 2051s| 17900 |   199 |  6329k|6051k|  49 |  43 |1029 | 911 | 236 |1029 | 436 | 357 |5629 |8207 | 1.130047e+04 |      --      |    Inf 
 2060s| 18000 |   187 |  6364k|5947k|  49 |  40 |1029 | 911 | 229 |1029 | 436 | 357 |5645 |8229 | 1.144334e+04 |      --      |    Inf 
 2067s| 18100 |   181 |  6390k|5910k|  49 |   - |1029 | 907 | 158 |1029 | 436 | 357 |5650 |8232 | 1.145257e+04 |      --      |    Inf 
 2073s| 18200 |   172 |  6410k|5851k|  49 |   - |1029 | 903 | 146 |1029 | 436 | 357 |5657 |8244 | 1.148496e+04 |      --      |    Inf 
 time | node  | left  |LP iter| mem |mdpt |frac |vars |cons |ccons|cols |rows |cuts |confs|strbr|  dualbound   | primalbound  |  gap   
 2079s| 18300 |   161 |  6434k|5795k|  49 |  49 |1029 | 897 | 237 |1029 | 436 | 357 |5666 |8247 | 1.155800e+04 |      --      |    Inf 
 2087s| 18400 |   154 |  6458k|5723k|  49 |  57 |1029 | 901 | 276 |1029 | 436 | 357 |5682 |8265 | 1.173162e+04 |      --      |    Inf 
 2095s| 18500 |   148 |  6489k|5705k|  49 |   - |1029 | 901 | 170 |1029 | 436 | 357 |5694 |8268 | 1.181521e+04 |      --      |    Inf 
 2101s| 18600 |   142 |  6514k|5675k|  49 |   - |1029 | 894 | 282 |   0 |   0 | 357 |5699 |8277 | 1.192941e+04 |      --      |    Inf 
 2109s| 18700 |   119 |  6538k|5552k|  49 |   - |1029 | 903 | 202 |1029 | 436 | 357 |5726 |8284 | 1.204816e+04 |      --      |    Inf 
 2120s| 18800 |    98 |  6571k|5425k|  49 |   - |1029 | 907 | 157 |1029 | 436 | 357 |5741 |8284 | 1.228914e+04 |      --      |    Inf 
 2128s| 18900 |    70 |  6594k|5141k|  49 |  50 |1029 | 924 | 230 |1029 | 436 | 357 |5769 |8286 | 1.310847e+04 |      --      |    Inf 
 2134s| 19000 |    37 |  6617k|4819k|  49 |  69 |1029 | 925 | 279 |1029 | 436 | 357 |5787 |8286 | 1.384090e+04 |      --      |    Inf 

SCIP Status        : problem is solved [infeasible]
Solving Time (sec) : 2137.90
Solving Nodes      : 19075
Primal Bound       : +1.00000000000000e+20 (0 solutions)
Dual Bound         : +1.00000000000000e+20
Gap                : 0.00 %

primal solution:
================

no solution available

Statistics
==========

SCIP Status        : problem is solved [infeasible]
Solving Time       :    2137.90
Original Problem   :
  Problem name     : labtel
  Variables        : 1034 (525 binary, 0 integer, 0 implicit integer, 509 continuous)
  Constraints      : 280 initial, 280 maximal
Presolved Problem  :
  Problem name     : t_labtel
  Variables        : 1029 (525 binary, 0 integer, 0 implicit integer, 504 continuous)
  Constraints      : 276 initial, 1331 maximal
Presolvers         :       Time  FixedVars   AggrVars   ChgTypes  ChgBounds   AddHoles    DelCons   ChgSides   ChgCoefs
  trivial          :       0.00          0          0          0          0          0          0          0          0
  dualfix          :       0.00          0          0          0          0          0          0          0          0
  boundshift       :       0.00          0          0          0          0          0          0          0          0
  inttobinary      :       0.00          0          0          0          0          0          0          0          0
  implics          :       0.00          0          0          0          0          0          0          0          0
  probing          :       0.15          0          0          0          0          0          0          0          0
  knapsack         :       0.00          0          0          0          0          0          0          0          0
  setppc           :       0.00          0          0          0          0          0          0          0          0
  linear           :       0.00          0          5          0          4          0          4          3         84
  logicor          :       0.00          0          0          0          0          0          0          0          0
  bounddisjunction :       0.00          0          0          0          0          0          0          0          0
  root node        :          -        114          -          -        114          -          -          -          -
Constraints        :     Number  #Separate #Propagate    #EnfoLP    #EnfoPS    Cutoffs    DomReds       Cuts      Conss   Children
  integral         :          0          0          0       9764          0          4         61          0          0      19430
  knapsack         :          1         12      68441          0          0          0        900          0          0          0
  setppc           :         84         12      68619          0          0        487     985583          0          0          0
  linear           :        191         12      68132          0          0       1611     920385          0          0          0
  logicor          :          0+         0      33482          0          0        600      19485          0          0          0
  bounddisjunction :          0+         0       1884          0          0          0          0          0          0          0
  countsols        :          0          0          0          0          0          0          0          0          0          0
Constraint Timings :  TotalTime   Separate  Propagate     EnfoLP     EnfoPS
  integral         :     252.78       0.00       0.00     252.78       0.00
  knapsack         :       0.10       0.00       0.10       0.00       0.00
  setppc           :       5.45       0.00       5.45       0.00       0.00
  linear           :      19.07       0.02      19.05       0.00       0.00
  logicor          :       2.41       0.00       2.41       0.00       0.00
  bounddisjunction :       0.03       0.00       0.03       0.00       0.00
  countsols        :       0.00       0.00       0.00       0.00       0.00
Propagators        :       Time      Calls    Cutoffs    DomReds
  rootredcost      :       0.12          0          0          0
  pseudoobj        :       2.26      68191          0          0
Conflict Analysis  :       Time      Calls    Success  Conflicts   Literals    Reconvs ReconvLits   LP Iters
  propagation      :       0.45       2698       2696      11474       34.7         53       15.4          -
  infeasible LP    :       4.58       6890         94        729       51.5          3       10.3          0
  bound exceed. LP :       0.00          0          0          0        0.0          0        0.0          0
  strong branching :       0.00          0          0          0        0.0          0        0.0          0
  pseudo solution  :       0.00          0          0          0        0.0          0        0.0          -
  applied globally :          -          -          -       5799       15.6          -          -          -
  applied locally  :          -          -          -          3      128.0          -          -          -
Separators         :       Time      Calls    Cutoffs    DomReds       Cuts      Conss
  cut pool         :       0.00         11          -          -         86          -    (maximal pool size: 755)
  redcost          :       0.42       9822          0        105          0          0
  impliedbounds    :       0.00         12          0          0          0          0
  intobj           :       0.00          0          0          0          0          0
  gomory           :       0.31         12          0          0         11          0
  strongcg         :       0.20         12          0          0          0          0
  cmir             :       2.41         10          0          0        695          0
  flowcover        :       1.92         10          0          0         86          0
  clique           :       0.00         12          0          0          0          0
  zerohalf         :       0.00          0          0          0          0          0
  mcf              :       0.00          0          0          0          0          0
Pricers            :       Time      Calls       Vars
  problem variables:       0.00          0          0
Branching Rules    :       Time      Calls    Cutoffs    DomReds       Cuts      Conss   Children
  relpscost        :     252.73       9764          4         61          0          0      19430
  pscost           :       0.00          0          0          0          0          0          0
  inference        :       0.00          0          0          0          0          0          0
  mostinf          :       0.00          0          0          0          0          0          0
  leastinf         :       0.00          0          0          0          0          0          0
  fullstrong       :       0.00          0          0          0          0          0          0
  allfullstrong    :       0.00          0          0          0          0          0          0
  random           :       0.00          0          0          0          0          0          0
Primal Heuristics  :       Time      Calls      Found
  LP solutions     :       0.00          -          0
  pseudo solutions :       0.00          -          0
  oneopt           :       0.02          0          0
  linesearchdiving :       0.00          0          0
  guideddiving     :       0.00          0          0
  crossover        :       0.00          0          0
  coefdiving       :       0.42          1          0
  pscostdiving     :       0.21          1          0
  fracdiving       :       0.27          1          0
  veclendiving     :       0.01          1          0
  feaspump         :       0.22          1          0
  objpscostdiving  :       0.07          1          0
  rootsoldiving    :       0.09          1          0
  simplerounding   :       0.10          0          0
  rounding         :       0.20       1336          0
  shifting         :       0.79        398          0
  intshifting      :       0.01          3          0
  fixandinfer      :       0.00          0          0
  intdiving        :       0.00          0          0
  actconsdiving    :       0.00          0          0
  octane           :       0.00          0          0
  rens             :      10.55          1          0
  rins             :       0.00          0          0
  localbranching   :       0.00          0          0
  mutation         :       0.00          0          0
  dins             :       0.00          0          0
LP                 :       Time      Calls Iterations  Iter/call   Iter/sec
  primal LP        :       0.08          2          6       3.00      75.00
  dual LP          :    1804.39      17636    6624983     375.65    3671.59
  barrier LP       :       0.00          0          0       0.00          -
  diving/probing LP:       1.20         99       5516      55.72    4596.67
  strong branching :     251.87       8288     966822     116.65    3838.58
    (at root node) :          -         23       3622     157.48          -
  conflict analysis:       0.00          0          0       0.00          -
B&B Tree           :
  number of runs   :          1
  nodes            :      19075
  nodes (total)    :      19075
  nodes left       :          0
  max depth        :         49
  max depth (total):         49
  backtracks       :       3027 (15.9%)
  delayed cutoffs  :        356
  repropagations   :       9608 (194931 domain reductions, 220 cutoffs)
  avg switch length:       6.26
  switching time   :      13.11
Solution           :
  Solutions found  :          0 (0 improvements)
  Primal Bound     : infeasible
  Dual Bound       :          -
  Gap              :       0.00 %
  Root Dual Bound  : +7.40428892913585e+03
