HmaxDs = 1.500000
HmaxUB_percent = 1.053770
HmaxUB_real = 5862.492832
FTnetDs = 1.500000
FTnetUB_percent = 1.965964
FTnetUB_real = 16654.977309
TIFgap = 0.200000
LimCIPF = 80.820376
SCIP version 1.1.0 [precision: 8 byte] [memory: block] [mode: optimized] [LP solver: Clp 1.8.2]
Copyright (c) 2002-2008 Konrad-Zuse-Zentrum fuer Informationstechnik Berlin (ZIB)

reading user parameter file </home/fabio/docs/hierarquia/models/scip.set>

read problem <data.N30.I1.s1.cluster1.T5.GL1.W3.TIFgap0.2.mps.gz>
============

original problem has 495 variables (250 bin, 0 int, 0 impl, 245 cont) and 182 constraints

solve problem
=============

presolving:
(round 1) 3 del vars, 3 del conss, 4 chg bounds, 0 chg sides, 60 chg coeffs, 0 upgd conss, 0 impls, 60 clqs
(round 2) 5 del vars, 3 del conss, 4 chg bounds, 1 chg sides, 60 chg coeffs, 0 upgd conss, 0 impls, 60 clqs
(round 3) 5 del vars, 3 del conss, 4 chg bounds, 3 chg sides, 60 chg coeffs, 0 upgd conss, 0 impls, 60 clqs
(round 4) 5 del vars, 4 del conss, 4 chg bounds, 3 chg sides, 60 chg coeffs, 61 upgd conss, 0 impls, 60 clqs
presolving (5 rounds):
 5 deleted vars, 4 deleted constraints, 4 tightened bounds, 0 added holes, 3 changed sides, 60 changed coefficients
 1250 implications, 60 cliques
presolved problem has 490 variables (250 bin, 0 int, 0 impl, 240 cont) and 178 constraints
      1 constraints of type <knapsack>
     60 constraints of type <setppc>
    117 constraints of type <linear>
Presolving Time: 0.06

 time | node  | left  |LP iter| mem |mdpt |frac |vars |cons |ccons|cols |rows |cuts |confs|strbr|  dualbound   | primalbound  |  gap   
  0.1s|     1 |     0 |   152 |1288k|   0 |  75 | 490 | 178 | 178 | 490 | 178 |   0 |   0 |   0 | 2.209861e+01 |      --      |    Inf 
  0.5s|     1 |     0 |  2204 |1428k|   0 |  75 | 490 | 178 | 178 | 490 | 209 |  31 |   0 |   0 | 1.106815e+02 |      --      |    Inf 
  0.7s|     1 |     0 |  2588 |1539k|   0 |  79 | 490 | 178 | 178 | 490 | 233 |  55 |   0 |   0 | 3.972247e+03 |      --      |    Inf 
  1.0s|     1 |     0 |  2937 |1610k|   0 |  86 | 490 | 178 | 178 | 490 | 263 |  85 |   0 |   0 | 4.197050e+03 |      --      |    Inf 
  1.4s|     1 |     0 |  3423 |1672k|   0 |  95 | 490 | 178 | 178 | 490 | 291 | 113 |   0 |   0 | 4.724293e+03 |      --      |    Inf 
  1.7s|     1 |     0 |  3720 |1710k|   0 |  94 | 490 | 178 | 178 | 490 | 309 | 131 |   0 |   0 | 4.866317e+03 |      --      |    Inf 
  2.0s|     1 |     0 |  3966 |1760k|   0 |  96 | 490 | 178 | 178 | 490 | 332 | 154 |   0 |   0 | 4.905042e+03 |      --      |    Inf 
  2.5s|     1 |     0 |  4468 |1820k|   0 |  96 | 490 | 178 | 178 | 490 | 354 | 176 |   0 |   0 | 5.138295e+03 |      --      |    Inf 
  3.0s|     1 |     0 |  4785 |1861k|   0 |  91 | 490 | 178 | 178 | 490 | 370 | 192 |   0 |   0 | 5.212563e+03 |      --      |    Inf 
  3.4s|     1 |     0 |  4988 |1876k|   0 |  91 | 490 | 178 | 178 | 490 | 380 | 202 |   0 |   0 | 5.257491e+03 |      --      |    Inf 
  3.7s|     1 |     0 |  5178 |1887k|   0 |  99 | 490 | 178 | 178 | 490 | 386 | 208 |   0 |   0 | 5.275958e+03 |      --      |    Inf 
  7.8s|     1 |     2 |  5320 |1890k|   0 |  99 | 490 | 178 | 178 | 490 | 386 | 208 |   0 |  21 | 5.275958e+03 |      --      |    Inf 
 25.8s|   100 |    29 | 30371 |1987k|  19 |   - | 490 | 210 |  92 | 490 | 282 | 208 |  32 | 943 | 5.282601e+03 |      --      |    Inf 
 33.8s|   200 |    30 | 62265 |1995k|  22 |  47 | 490 | 222 | 145 | 490 | 282 | 208 |  44 |1030 | 5.282601e+03 |      --      |    Inf 
 39.9s|   300 |    73 | 82288 |2060k|  22 |  11 | 490 | 255 | 106 | 490 | 282 | 208 |  77 |1168 | 5.289299e+03 |      --      |    Inf 
 time | node  | left  |LP iter| mem |mdpt |frac |vars |cons |ccons|cols |rows |cuts |confs|strbr|  dualbound   | primalbound  |  gap   
 45.4s|   400 |    87 |101986 |2084k|  26 |  66 | 490 | 261 | 191 | 490 | 282 | 208 |  83 |1172 | 5.289299e+03 |      --      |    Inf 
 53.8s|   500 |   101 |130675 |2107k|  26 |  41 | 490 | 275 | 148 | 490 | 282 | 208 |  97 |1258 | 5.295828e+03 |      --      |    Inf 
 55.7s|   600 |   139 |140085 |2150k|  26 |  24 | 490 | 283 | 109 | 490 | 282 | 208 | 105 |1275 | 5.295828e+03 |      --      |    Inf 
 58.0s|   700 |   168 |149741 |2181k|  26 |  12 | 490 | 289 | 134 | 490 | 282 | 208 | 111 |1285 | 5.295828e+03 |      --      |    Inf 
 62.4s|   800 |   192 |165107 |2210k|  26 |  47 | 490 | 298 | 128 | 490 | 282 | 208 | 120 |1286 | 6.757607e+03 |      --      |    Inf 
 64.9s|   900 |   221 |176419 |2245k|  27 |   - | 490 | 298 |  90 | 490 | 282 | 208 | 120 |1311 | 6.758707e+03 |      --      |    Inf 
 68.0s|  1000 |   232 |187189 |2261k|  28 |  35 | 490 | 309 | 124 | 490 | 282 | 208 | 131 |1351 | 7.525305e+03 |      --      |    Inf 
 70.9s|  1100 |   234 |199831 |2280k|  32 |  30 | 490 | 335 | 127 | 490 | 282 | 208 | 157 |1385 | 7.525305e+03 |      --      |    Inf 
 73.1s|  1200 |   246 |209422 |2295k|  32 |   - | 490 | 340 | 124 | 490 | 282 | 208 | 162 |1403 | 7.525305e+03 |      --      |    Inf 
 74.4s|  1300 |   266 |214369 |2324k|  32 |   - | 490 | 346 |  88 | 490 | 282 | 208 | 168 |1409 | 7.525305e+03 |      --      |    Inf 
 76.5s|  1400 |   288 |222479 |2349k|  32 |   - | 490 | 353 |  86 | 490 | 282 | 208 | 175 |1427 | 7.528816e+03 |      --      |    Inf 
 78.9s|  1500 |   302 |231445 |2365k|  32 |  13 | 490 | 359 | 115 | 490 | 282 | 208 | 181 |1428 | 7.529238e+03 |      --      |    Inf 
 80.9s|  1600 |   312 |239705 |2384k|  32 |   - | 490 | 369 |  91 | 490 | 282 | 208 | 191 |1428 | 7.529238e+03 |      --      |    Inf 
 84.6s|  1700 |   334 |252501 |2411k|  32 |   - | 490 | 374 | 128 | 490 | 282 | 208 | 196 |1465 | 7.538355e+03 |      --      |    Inf 
 90.3s|  1800 |   352 |271474 |2435k|  32 |   - | 490 | 378 | 122 | 490 | 282 | 208 | 200 |1515 | 7.573010e+03 |      --      |    Inf 
 time | node  | left  |LP iter| mem |mdpt |frac |vars |cons |ccons|cols |rows |cuts |confs|strbr|  dualbound   | primalbound  |  gap   
 92.6s|  1900 |   380 |282361 |2458k|  32 |  10 | 490 | 378 | 133 | 490 | 282 | 208 | 200 |1524 | 7.594880e+03 |      --      |    Inf 
 93.8s|  2000 |   414 |288129 |2495k|  32 |   - | 490 | 378 |  72 | 490 | 282 | 208 | 200 |1528 | 7.596661e+03 |      --      |    Inf 
 95.6s|  2100 |   450 |296263 |2528k|  32 |  12 | 490 | 379 | 112 | 490 | 282 | 208 | 201 |1532 | 7.597064e+03 |      --      |    Inf 
 97.0s|  2200 |   466 |302616 |2547k|  32 |   - | 490 | 379 |  84 | 490 | 282 | 208 | 201 |1532 | 7.597064e+03 |      --      |    Inf 
 98.7s|  2300 |   490 |309947 |2575k|  35 |   - | 490 | 381 | 114 | 490 | 282 | 208 | 203 |1548 | 7.603542e+03 |      --      |    Inf 
  101s|  2400 |   526 |318175 |2615k|  36 |   5 | 490 | 382 |  99 | 490 | 282 | 208 | 204 |1577 | 7.606408e+03 |      --      |    Inf 
  103s|  2500 |   546 |326760 |2641k|  36 |  14 | 490 | 385 | 133 | 490 | 282 | 208 | 207 |1614 | 7.608541e+03 |      --      |    Inf 
  106s|  2600 |   573 |336406 |2684k|  36 |   3 | 490 | 397 | 118 | 490 | 282 | 208 | 219 |1641 | 7.608541e+03 |      --      |    Inf 
  108s|  2700 |   589 |347404 |2710k|  36 |   8 | 490 | 398 | 127 | 490 | 282 | 208 | 220 |1650 | 7.615247e+03 |      --      |    Inf 
  114s|  2800 |   616 |359983 |2736k|  36 |  43 | 490 | 402 | 162 | 490 | 282 | 208 | 224 |1661 | 7.615247e+03 |      --      |    Inf 
  116s|  2900 |   632 |369901 |2762k|  36 |  38 | 490 | 409 | 180 | 490 | 282 | 208 | 231 |1662 | 7.616155e+03 |      --      |    Inf 
  118s|  3000 |   661 |377583 |2797k|  36 |   4 | 490 | 416 | 141 | 490 | 282 | 208 | 238 |1668 | 7.616965e+03 |      --      |    Inf 
  120s|  3100 |   689 |386159 |2832k|  36 |   - | 490 | 420 | 153 |   0 |   0 | 208 | 242 |1670 | 7.616965e+03 |      --      |    Inf 
  121s|  3200 |   717 |392425 |2859k|  36 |  14 | 490 | 423 | 140 | 490 | 282 | 208 | 245 |1670 | 7.616965e+03 |      --      |    Inf 
  123s|  3300 |   738 |400434 |2890k|  36 |   - | 490 | 425 | 111 | 490 | 282 | 208 | 247 |1672 | 7.617089e+03 |      --      |    Inf 
 time | node  | left  |LP iter| mem |mdpt |frac |vars |cons |ccons|cols |rows |cuts |confs|strbr|  dualbound   | primalbound  |  gap   
  124s|  3400 |   751 |406522 |2910k|  36 |   7 | 490 | 436 | 150 | 490 | 282 | 208 | 258 |1673 | 7.617089e+03 |      --      |    Inf 
  126s|  3500 |   775 |414203 |2941k|  36 |  23 | 490 | 440 | 144 | 490 | 282 | 208 | 262 |1674 | 7.617098e+03 |      --      |    Inf 
  128s|  3600 |   795 |421787 |2964k|  36 |  34 | 490 | 442 | 161 | 490 | 282 | 208 | 264 |1674 | 7.617098e+03 |      --      |    Inf 
  130s|  3700 |   817 |429681 |2991k|  36 |  10 | 490 | 445 | 133 | 490 | 282 | 208 | 267 |1678 | 7.618311e+03 |      --      |    Inf 
  131s|  3800 |   835 |438054 |3018k|  36 |   - | 490 | 449 | 106 | 490 | 282 | 208 | 272 |1678 | 7.618311e+03 |      --      |    Inf 
  133s|  3900 |   860 |445640 |3050k|  36 |  32 | 490 | 462 | 204 | 490 | 282 | 208 | 285 |1680 | 7.634973e+03 |      --      |    Inf 
  135s|  4000 |   883 |451616 |3079k|  36 |   4 | 490 | 462 | 123 | 490 | 282 | 208 | 285 |1680 | 7.642292e+03 |      --      |    Inf 
  136s|  4100 |   901 |459070 |3101k|  36 |  35 | 490 | 464 | 154 | 490 | 282 | 208 | 287 |1680 | 7.647103e+03 |      --      |    Inf 
  138s|  4200 |   911 |468101 |3111k|  36 |   4 | 490 | 467 | 161 | 490 | 282 | 208 | 290 |1682 | 7.664969e+03 |      --      |    Inf 
  140s|  4300 |   927 |474439 |3132k|  36 |  10 | 490 | 476 | 161 | 490 | 282 | 208 | 299 |1682 | 7.676056e+03 |      --      |    Inf 
  142s|  4400 |   943 |482554 |3165k|  36 |   - | 490 | 481 | 103 |   0 |   0 | 208 | 304 |1682 | 7.678598e+03 |      --      |    Inf 
  144s|  4500 |   955 |492538 |3175k|  36 |  14 | 490 | 486 | 190 | 490 | 282 | 208 | 309 |1687 | 7.678598e+03 |      --      |    Inf 
  146s|  4600 |   963 |499454 |3190k|  36 |  25 | 490 | 491 | 191 | 490 | 282 | 208 | 314 |1687 | 7.680392e+03 |      --      |    Inf 
  147s|  4700 |   977 |506141 |3214k|  38 |   - | 490 | 491 | 167 | 490 | 282 | 208 | 315 |1688 | 7.681581e+03 |      --      |    Inf 
  149s|  4800 |   997 |512657 |3243k|  38 |   - | 490 | 493 | 140 | 490 | 282 | 208 | 317 |1688 | 7.689686e+03 |      --      |    Inf 
 time | node  | left  |LP iter| mem |mdpt |frac |vars |cons |ccons|cols |rows |cuts |confs|strbr|  dualbound   | primalbound  |  gap   
  150s|  4900 |  1015 |518556 |3266k|  38 |  20 | 490 | 497 | 154 | 490 | 282 | 208 | 322 |1692 | 7.693975e+03 |      --      |    Inf 
  151s|  5000 |  1043 |524254 |3298k|  38 |   4 | 490 | 498 | 135 | 490 | 282 | 208 | 323 |1692 | 7.693975e+03 |      --      |    Inf 
  153s|  5100 |  1063 |530499 |3329k|  38 |   - | 490 | 502 | 155 | 490 | 282 | 208 | 327 |1692 | 7.703107e+03 |      --      |    Inf 
  155s|  5200 |  1081 |540912 |3350k|  38 |  19 | 490 | 505 | 191 | 490 | 282 | 208 | 331 |1694 | 7.715278e+03 |      --      |    Inf 
  156s|  5300 |  1096 |546864 |3376k|  38 |  12 | 490 | 506 | 110 | 490 | 282 | 208 | 333 |1696 | 7.715278e+03 |      --      |    Inf 
  158s|  5400 |  1108 |553606 |3404k|  38 |   - | 490 | 515 | 101 | 490 | 282 | 208 | 342 |1696 | 7.718706e+03 |      --      |    Inf 
  159s|  5500 |  1120 |559554 |3422k|  38 |   - | 490 | 517 | 121 | 490 | 282 | 208 | 344 |1696 | 7.719034e+03 |      --      |    Inf 
  160s|  5600 |  1132 |565671 |3437k|  38 |   5 | 490 | 516 | 197 | 490 | 282 | 208 | 345 |1696 | 7.727031e+03 |      --      |    Inf 
  162s|  5700 |  1142 |570797 |3455k|  38 |  37 | 490 | 520 | 196 | 490 | 282 | 208 | 350 |1696 | 7.727031e+03 |      --      |    Inf 
  163s|  5800 |  1158 |577613 |3476k|  38 |  38 | 490 | 522 | 154 | 490 | 282 | 208 | 352 |1696 | 7.731516e+03 |      --      |    Inf 
  165s|  5900 |  1168 |583940 |3500k|  38 |   - | 490 | 522 | 100 | 490 | 282 | 208 | 353 |1697 | 7.731516e+03 |      --      |    Inf 
  166s|  6000 |  1184 |590246 |3520k|  38 |   - | 490 | 522 | 115 | 490 | 282 | 208 | 355 |1697 | 7.732548e+03 |      --      |    Inf 
  168s|  6100 |  1204 |597169 |3541k|  38 |   - | 490 | 523 | 147 | 490 | 282 | 208 | 356 |1697 | 7.732548e+03 |      --      |    Inf 
  169s|  6200 |  1218 |605307 |3559k|  38 |   - | 490 | 529 | 138 | 490 | 282 | 208 | 362 |1732 | 7.746531e+03 |      --      |    Inf 
  171s|  6300 |  1216 |614083 |3568k|  38 |  12 | 490 | 530 | 111 | 490 | 282 | 208 | 364 |1762 | 7.746531e+03 |      --      |    Inf 
 time | node  | left  |LP iter| mem |mdpt |frac |vars |cons |ccons|cols |rows |cuts |confs|strbr|  dualbound   | primalbound  |  gap   
  174s|  6400 |  1231 |621519 |3593k|  38 |   4 | 490 | 538 | 116 | 490 | 282 | 208 | 372 |1782 | 7.747060e+03 |      --      |    Inf 
  175s|  6500 |  1245 |628461 |3615k|  38 |   - | 490 | 543 | 155 | 490 | 282 | 208 | 377 |1782 | 7.747060e+03 |      --      |    Inf 
  177s|  6600 |  1263 |637313 |3643k|  38 |   - | 490 | 544 | 111 | 490 | 282 | 208 | 379 |1782 | 7.748240e+03 |      --      |    Inf 
  179s|  6700 |  1281 |644742 |3669k|  38 |   - | 490 | 553 | 138 | 490 | 282 | 208 | 388 |1787 | 7.748240e+03 |      --      |    Inf 
  181s|  6800 |  1295 |652022 |3681k|  38 |   - | 490 | 560 | 115 | 490 | 282 | 208 | 395 |1787 | 7.750074e+03 |      --      |    Inf 
  182s|  6900 |  1317 |657735 |3709k|  38 |   - | 490 | 558 | 124 | 490 | 282 | 208 | 395 |1787 | 7.755049e+03 |      --      |    Inf 
  183s|  7000 |  1329 |662984 |3727k|  38 |   - | 490 | 558 | 135 | 490 | 282 | 208 | 395 |1787 | 7.759804e+03 |      --      |    Inf 
  185s|  7100 |  1353 |671201 |3749k|  38 |   5 | 490 | 558 | 124 | 490 | 282 | 208 | 395 |1822 | 7.764499e+03 |      --      |    Inf 
  188s|  7200 |  1363 |679283 |3766k|  38 |   - | 490 | 561 | 130 | 490 | 282 | 208 | 398 |1845 | 7.774441e+03 |      --      |    Inf 
  190s|  7300 |  1373 |686811 |3782k|  38 |  13 | 490 | 562 | 172 | 490 | 282 | 208 | 400 |1864 | 7.829238e+03 |      --      |    Inf 
  192s|  7400 |  1389 |693753 |3804k|  38 |  10 | 490 | 567 | 152 | 490 | 282 | 208 | 407 |1882 | 7.834174e+03 |      --      |    Inf 
  193s|  7500 |  1401 |700016 |3821k|  38 |   - | 490 | 570 |  89 | 490 | 282 | 208 | 411 |1891 | 7.853358e+03 |      --      |    Inf 
  195s|  7600 |  1415 |707313 |3843k|  38 |  32 | 490 | 573 | 159 | 490 | 282 | 208 | 415 |1903 | 7.853358e+03 |      --      |    Inf 
(node 7664) unresolved numerical troubles in LP 9136
  196s|  7700 |  1422 |714264 |3857k|  38 |   - | 490 | 579 | 167 | 490 | 282 | 208 | 421 |1908 | 7.853358e+03 |      --      |    Inf 
  197s|  7800 |  1435 |718567 |3873k|  38 |   - | 490 | 581 | 100 | 490 | 282 | 208 | 423 |1908 | 7.853358e+03 |      --      |    Inf 
 time | node  | left  |LP iter| mem |mdpt |frac |vars |cons |ccons|cols |rows |cuts |confs|strbr|  dualbound   | primalbound  |  gap   
  199s|  7900 |  1441 |724847 |3888k|  38 |   9 | 490 | 585 | 117 | 490 | 282 | 208 | 429 |1908 | 7.913906e+03 |      --      |    Inf 
  200s|  8000 |  1459 |733143 |3908k|  38 |  17 | 490 | 586 | 191 | 490 | 282 | 208 | 433 |1914 | 7.918081e+03 |      --      |    Inf 
  203s|  8100 |  1467 |740030 |3923k|  38 |   - | 490 | 587 | 142 | 490 | 282 | 208 | 435 |1925 | 7.960926e+03 |      --      |    Inf 
  204s|  8200 |  1485 |747567 |3946k|  38 |   - | 490 | 589 | 211 | 490 | 282 | 208 | 437 |1926 | 7.962397e+03 |      --      |    Inf 
  206s|  8300 |  1501 |756140 |3968k|  38 |  13 | 490 | 594 | 172 | 490 | 282 | 208 | 443 |1928 | 7.963087e+03 |      --      |    Inf 
  208s|  8400 |  1513 |765052 |3987k|  38 |   - | 490 | 596 | 132 | 490 | 282 | 208 | 446 |1952 | 7.963087e+03 |      --      |    Inf 
  211s|  8500 |  1521 |774890 |4005k|  38 |   - | 490 | 598 | 241 | 490 | 282 | 208 | 448 |1985 | 7.963674e+03 |      --      |    Inf 
  212s|  8600 |  1539 |780043 |4025k|  38 |   - | 490 | 596 | 152 | 490 | 282 | 208 | 448 |1990 | 7.969018e+03 |      --      |    Inf 
  213s|  8700 |  1561 |784973 |4051k|  38 |  33 | 490 | 599 | 227 | 490 | 282 | 208 | 453 |2002 | 8.002402e+03 |      --      |    Inf 
  215s|  8800 |  1573 |791005 |4072k|  38 |   - | 490 | 600 | 121 | 490 | 282 | 208 | 456 |2003 | 8.002402e+03 |      --      |    Inf 
  217s|  8900 |  1589 |796976 |4093k|  38 |   - | 490 | 604 | 173 | 490 | 282 | 208 | 462 |2009 | 8.002500e+03 |      --      |    Inf 
  218s|  9000 |  1609 |803607 |4118k|  38 |   - | 490 | 609 | 140 | 490 | 282 | 208 | 467 |2014 | 8.003328e+03 |      --      |    Inf 
  222s|  9100 |  1619 |814619 |4136k|  38 |   9 | 490 | 615 | 157 | 490 | 282 | 208 | 473 |2014 | 8.004258e+03 |      --      |    Inf 
  223s|  9200 |  1633 |819456 |4158k|  38 |  13 | 490 | 617 | 129 | 490 | 282 | 208 | 475 |2014 | 8.005013e+03 |      --      |    Inf 
  225s|  9300 |  1641 |826521 |4173k|  38 |  11 | 490 | 621 | 166 | 490 | 282 | 208 | 480 |2014 | 8.005475e+03 |      --      |    Inf 
 time | node  | left  |LP iter| mem |mdpt |frac |vars |cons |ccons|cols |rows |cuts |confs|strbr|  dualbound   | primalbound  |  gap   
  227s|  9400 |  1659 |835380 |4204k|  38 |   - | 490 | 620 | 104 | 490 | 282 | 208 | 485 |2020 | 8.005475e+03 |      --      |    Inf 
  228s|  9500 |  1683 |840395 |4234k|  38 |  13 | 490 | 627 | 143 | 490 | 282 | 208 | 494 |2038 | 8.007187e+03 |      --      |    Inf 
  231s|  9600 |  1701 |851921 |4257k|  38 |  19 | 490 | 625 | 177 | 490 | 282 | 208 | 495 |2052 | 8.007659e+03 |      --      |    Inf 
  233s|  9700 |  1703 |859103 |4265k|  38 |   - | 490 | 625 | 203 | 490 | 282 | 208 | 496 |2061 | 8.010980e+03 |      --      |    Inf 
  235s|  9800 |  1719 |866676 |4284k|  38 |  18 | 490 | 630 | 249 | 490 | 282 | 208 | 503 |2070 | 8.014630e+03 |      --      |    Inf 
  236s|  9900 |  1743 |871756 |4318k|  38 |  13 | 490 | 633 | 184 | 490 | 282 | 208 | 507 |2070 | 8.016657e+03 |      --      |    Inf 
  238s| 10000 |  1761 |878200 |4345k|  38 |   - | 490 | 634 | 129 | 490 | 282 | 208 | 508 |2070 | 8.018255e+03 |      --      |    Inf 
  239s| 10100 |  1761 |884831 |4353k|  38 |   - | 490 | 633 | 142 | 490 | 282 | 208 | 508 |2070 | 8.018382e+03 |      --      |    Inf 
  241s| 10200 |  1767 |892154 |4360k|  38 |  27 | 490 | 636 | 146 | 490 | 282 | 208 | 514 |2070 | 8.019604e+03 |      --      |    Inf 
  242s| 10300 |  1779 |897743 |4370k|  38 |   7 | 490 | 636 | 185 | 490 | 282 | 208 | 515 |2090 | 8.021184e+03 |      --      |    Inf 
  245s| 10400 |  1793 |910602 |4390k|  38 |   5 | 490 | 639 | 169 | 490 | 282 | 208 | 519 |2099 | 8.022605e+03 |      --      |    Inf 
  247s| 10500 |  1813 |919415 |4417k|  38 |  10 | 490 | 639 | 178 | 490 | 282 | 208 | 521 |2123 | 8.023325e+03 |      --      |    Inf 
  249s| 10600 |  1814 |927017 |4430k|  38 |   7 | 490 | 640 | 146 | 490 | 282 | 208 | 523 |2144 | 8.023767e+03 |      --      |    Inf 
  251s| 10700 |  1834 |933249 |4458k|  38 |   - | 490 | 639 | 157 | 490 | 282 | 208 | 525 |2161 | 8.025945e+03 |      --      |    Inf 
  252s| 10800 |  1838 |938307 |4473k|  38 |   - | 490 | 639 | 146 | 490 | 282 | 208 | 527 |2172 | 8.025945e+03 |      --      |    Inf 
 time | node  | left  |LP iter| mem |mdpt |frac |vars |cons |ccons|cols |rows |cuts |confs|strbr|  dualbound   | primalbound  |  gap   
  254s| 10900 |  1838 |946095 |4476k|  38 |   9 | 490 | 640 | 245 | 490 | 282 | 208 | 529 |2189 | 8.025945e+03 |      --      |    Inf 
  256s| 11000 |  1843 |952770 |4480k|  38 |  13 | 490 | 641 | 206 | 490 | 282 | 208 | 536 |2193 | 8.026906e+03 |      --      |    Inf 
  259s| 11100 |  1853 |963325 |4495k|  38 |  10 | 490 | 639 | 167 | 490 | 282 | 208 | 537 |2193 | 8.027220e+03 |      --      |    Inf 
  260s| 11200 |  1855 |969987 |4503k|  38 |   - | 490 | 637 | 174 | 490 | 282 | 208 | 538 |2194 | 8.034019e+03 |      --      |    Inf 
  262s| 11300 |  1867 |976613 |4522k|  38 |   - | 490 | 640 | 151 | 490 | 282 | 208 | 541 |2194 | 8.035888e+03 |      --      |    Inf 
  264s| 11400 |  1883 |983129 |4541k|  38 |  36 | 490 | 637 | 218 | 490 | 282 | 208 | 543 |2194 | 8.037411e+03 |      --      |    Inf 
  265s| 11500 |  1899 |987852 |4567k|  38 |   - | 490 | 637 | 187 | 490 | 282 | 208 | 544 |2194 | 8.045474e+03 |      --      |    Inf 
  267s| 11600 |  1917 |993349 |4582k|  38 |  17 | 490 | 637 | 190 | 490 | 282 | 208 | 547 |2194 | 8.047078e+03 |      --      |    Inf 
  268s| 11700 |  1935 |999160 |4602k|  38 |   9 | 490 | 636 | 136 | 490 | 282 | 208 | 550 |2194 | 8.050622e+03 |      --      |    Inf 
  270s| 11800 |  1943 |  1006k|4612k|  38 |  12 | 490 | 633 | 158 | 490 | 282 | 208 | 553 |2211 | 8.050622e+03 |      --      |    Inf 
  272s| 11900 |  1951 |  1013k|4633k|  38 |  26 | 490 | 635 | 243 | 490 | 282 | 208 | 555 |2232 | 8.051121e+03 |      --      |    Inf 
  274s| 12000 |  1953 |  1019k|4642k|  38 |  10 | 490 | 632 | 142 | 490 | 282 | 208 | 555 |2252 | 8.051174e+03 |      --      |    Inf 
  276s| 12100 |  1969 |  1025k|4663k|  38 |   - | 490 | 628 | 132 | 490 | 282 | 208 | 556 |2264 | 8.051898e+03 |      --      |    Inf 
  277s| 12200 |  1969 |  1032k|4665k|  38 |   - | 490 | 626 | 122 | 490 | 282 | 208 | 558 |2266 | 8.052082e+03 |      --      |    Inf 
  279s| 12300 |  1981 |  1038k|4678k|  38 |   - | 490 | 621 | 104 | 490 | 282 | 208 | 558 |2266 | 8.053522e+03 |      --      |    Inf 
 time | node  | left  |LP iter| mem |mdpt |frac |vars |cons |ccons|cols |rows |cuts |confs|strbr|  dualbound   | primalbound  |  gap   
  281s| 12400 |  1993 |  1046k|4693k|  38 |  20 | 490 | 622 | 146 | 490 | 282 | 208 | 561 |2266 | 8.056604e+03 |      --      |    Inf 
  282s| 12500 |  2007 |  1052k|4713k|  38 |   3 | 490 | 621 | 152 | 490 | 282 | 208 | 564 |2266 | 8.056604e+03 |      --      |    Inf 
  284s| 12600 |  2014 |  1059k|4726k|  38 |  16 | 490 | 622 | 158 | 490 | 282 | 208 | 567 |2276 | 8.056604e+03 |      --      |    Inf 
  285s| 12700 |  2023 |  1065k|4743k|  38 |  11 | 490 | 620 | 147 | 490 | 282 | 208 | 570 |2276 | 8.062172e+03 |      --      |    Inf 
  287s| 12800 |  2049 |  1072k|4772k|  38 |   - | 490 | 622 | 176 | 490 | 282 | 208 | 575 |2298 | 8.069135e+03 |      --      |    Inf 
  288s| 12900 |  2063 |  1076k|4792k|  38 |   7 | 490 | 617 |  76 | 490 | 282 | 208 | 575 |2298 | 8.069510e+03 |      --      |    Inf 
  289s| 13000 |  2071 |  1082k|4804k|  38 |  25 | 490 | 615 | 211 | 490 | 282 | 208 | 577 |2298 | 8.074156e+03 |      --      |    Inf 
  291s| 13100 |  2071 |  1087k|4804k|  38 |   - | 490 | 617 | 216 | 490 | 282 | 208 | 581 |2299 | 8.074156e+03 |      --      |    Inf 
  292s| 13200 |  2083 |  1094k|4814k|  38 |  33 | 490 | 619 | 204 | 490 | 282 | 208 | 583 |2299 | 8.077007e+03 |      --      |    Inf 
  294s| 13300 |  2095 |  1101k|4830k|  38 |   - | 490 | 618 | 150 | 490 | 282 | 208 | 585 |2317 | 8.077192e+03 |      --      |    Inf 
  295s| 13400 |  2105 |  1106k|4846k|  38 |   - | 490 | 619 | 103 | 490 | 282 | 208 | 587 |2335 | 8.077586e+03 |      --      |    Inf 
  296s| 13500 |  2119 |  1112k|4858k|  38 |   1 | 490 | 617 | 122 | 490 | 282 | 208 | 588 |2344 | 8.080735e+03 |      --      |    Inf 
  299s| 13600 |  2131 |  1120k|4874k|  38 |  18 | 490 | 615 | 194 | 490 | 282 | 208 | 590 |2356 | 8.081938e+03 |      --      |    Inf 
  301s| 13700 |  2143 |  1128k|4895k|  38 |  18 | 490 | 615 | 179 | 490 | 282 | 208 | 594 |2362 | 8.085336e+03 |      --      |    Inf 
  302s| 13800 |  2159 |  1134k|4922k|  38 |  16 | 490 | 613 | 163 | 490 | 282 | 208 | 594 |2362 | 8.090274e+03 |      --      |    Inf 
 time | node  | left  |LP iter| mem |mdpt |frac |vars |cons |ccons|cols |rows |cuts |confs|strbr|  dualbound   | primalbound  |  gap   
  304s| 13900 |  2173 |  1139k|4942k|  38 |  11 | 490 | 614 | 139 | 490 | 282 | 208 | 596 |2362 | 8.091253e+03 |      --      |    Inf 
  305s| 14000 |  2185 |  1145k|4963k|  38 |   - | 490 | 613 | 180 | 490 | 282 | 208 | 597 |2362 | 8.091816e+03 |      --      |    Inf 
  307s| 14100 |  2195 |  1154k|4980k|  38 |   - | 490 | 614 | 125 | 490 | 282 | 208 | 601 |2362 | 8.094419e+03 |      --      |    Inf 
  308s| 14200 |  2217 |  1160k|5008k|  38 |   7 | 490 | 611 | 123 | 490 | 282 | 208 | 601 |2362 | 8.097926e+03 |      --      |    Inf 
  310s| 14300 |  2225 |  1167k|5021k|  38 |   - | 490 | 613 | 144 | 490 | 282 | 208 | 605 |2362 | 8.099857e+03 |      --      |    Inf 
  312s| 14400 |  2235 |  1174k|5034k|  38 |   8 | 490 | 609 | 159 | 490 | 282 | 208 | 605 |2371 | 8.102842e+03 |      --      |    Inf 
  313s| 14500 |  2231 |  1182k|5037k|  38 |   - | 490 | 608 | 158 | 490 | 282 | 208 | 605 |2376 | 8.104104e+03 |      --      |    Inf 
  315s| 14600 |  2243 |  1189k|5052k|  38 |  34 | 490 | 606 | 200 | 490 | 282 | 208 | 606 |2395 | 8.104208e+03 |      --      |    Inf 
  317s| 14700 |  2259 |  1196k|5074k|  38 |  13 | 490 | 605 | 123 | 490 | 282 | 208 | 608 |2402 | 8.105443e+03 |      --      |    Inf 
  319s| 14800 |  2263 |  1205k|5089k|  38 |   - | 490 | 609 | 181 | 490 | 282 | 208 | 615 |2421 | 8.106338e+03 |      --      |    Inf 
  321s| 14900 |  2267 |  1211k|5094k|  38 |  13 | 490 | 605 |  88 | 490 | 282 | 208 | 616 |2439 | 8.107358e+03 |      --      |    Inf 
  322s| 15000 |  2273 |  1216k|5101k|  38 |   - | 490 | 603 | 146 | 490 | 282 | 208 | 619 |2441 | 8.108379e+03 |      --      |    Inf 
  323s| 15100 |  2281 |  1221k|5117k|  38 |  24 | 490 | 601 | 153 | 490 | 282 | 208 | 620 |2445 | 8.111753e+03 |      --      |    Inf 
  325s| 15200 |  2295 |  1225k|5145k|  38 |  14 | 490 | 605 | 167 | 490 | 282 | 208 | 627 |2445 | 8.112414e+03 |      --      |    Inf 
  327s| 15300 |  2295 |  1234k|5148k|  38 |   - | 490 | 604 | 152 | 490 | 282 | 208 | 630 |2445 | 8.113416e+03 |      --      |    Inf 
 time | node  | left  |LP iter| mem |mdpt |frac |vars |cons |ccons|cols |rows |cuts |confs|strbr|  dualbound   | primalbound  |  gap   
  330s| 15400 |  2303 |  1243k|5163k|  38 |   - | 490 | 603 | 124 | 490 | 282 | 208 | 634 |2446 | 8.114357e+03 |      --      |    Inf 
  334s| 15500 |  2321 |  1255k|5191k|  38 |   - | 490 | 603 | 113 | 490 | 282 | 208 | 636 |2447 | 8.119670e+03 |      --      |    Inf 
  337s| 15600 |  2319 |  1262k|5192k|  38 |  20 | 490 | 601 | 165 | 490 | 282 | 208 | 639 |2467 | 8.121489e+03 |      --      |    Inf 
  338s| 15700 |  2325 |  1268k|5208k|  38 |   - | 490 | 601 | 122 | 490 | 282 | 208 | 641 |2467 | 8.124534e+03 |      --      |    Inf 
  339s| 15800 |  2341 |  1273k|5226k|  38 |   8 | 490 | 601 |  86 | 490 | 282 | 208 | 641 |2467 | 8.125681e+03 |      --      |    Inf 
  341s| 15900 |  2343 |  1281k|5234k|  38 |   6 | 490 | 605 | 128 | 490 | 282 | 208 | 645 |2467 | 8.126658e+03 |      --      |    Inf 
  343s| 16000 |  2351 |  1288k|5250k|  38 |   - | 490 | 604 | 155 | 490 | 282 | 208 | 647 |2477 | 8.128889e+03 |      --      |    Inf 
  345s| 16100 |  2367 |  1296k|5272k|  38 |   - | 490 | 605 | 101 | 490 | 282 | 208 | 648 |2493 | 8.129961e+03 |      --      |    Inf 
  346s| 16200 |  2377 |  1301k|5290k|  38 |   6 | 490 | 604 |  86 | 490 | 282 | 208 | 648 |2503 | 8.130577e+03 |      --      |    Inf 
  347s| 16300 |  2389 |  1307k|5312k|  38 |   - | 490 | 604 | 200 | 490 | 282 | 208 | 653 |2510 | 8.130614e+03 |      --      |    Inf 
  348s| 16400 |  2399 |  1312k|5324k|  38 |  21 | 490 | 605 | 177 | 490 | 282 | 208 | 655 |2510 | 8.131141e+03 |      --      |    Inf 
  350s| 16500 |  2415 |  1318k|5340k|  38 |  11 | 490 | 606 | 120 | 490 | 282 | 208 | 656 |2514 | 8.131496e+03 |      --      |    Inf 
  352s| 16600 |  2421 |  1326k|5351k|  38 |   - | 490 | 603 | 140 | 490 | 282 | 208 | 658 |2514 | 8.131496e+03 |      --      |    Inf 
  353s| 16700 |  2433 |  1332k|5371k|  38 |   - | 490 | 604 | 148 | 490 | 282 | 208 | 661 |2518 | 8.132231e+03 |      --      |    Inf 
  356s| 16800 |  2435 |  1340k|5377k|  38 |  20 | 490 | 609 | 166 | 490 | 282 | 208 | 668 |2518 | 8.132231e+03 |      --      |    Inf 
 time | node  | left  |LP iter| mem |mdpt |frac |vars |cons |ccons|cols |rows |cuts |confs|strbr|  dualbound   | primalbound  |  gap   
  357s| 16900 |  2437 |  1346k|5381k|  38 |  12 | 490 | 606 | 153 | 490 | 282 | 208 | 670 |2530 | 8.132483e+03 |      --      |    Inf 
  359s| 17000 |  2451 |  1352k|5407k|  38 |   - | 490 | 607 | 142 | 490 | 282 | 208 | 672 |2530 | 8.134905e+03 |      --      |    Inf 
  360s| 17100 |  2457 |  1359k|5413k|  38 |  13 | 490 | 606 | 178 | 490 | 282 | 208 | 673 |2530 | 8.135616e+03 |      --      |    Inf 
  365s| 17200 |  2467 |  1369k|5432k|  38 |   - | 490 | 606 |  87 | 490 | 282 | 208 | 676 |2530 | 8.136178e+03 |      --      |    Inf 
  366s| 17300 |  2475 |  1374k|5443k|  38 |  16 | 490 | 608 | 148 | 490 | 282 | 208 | 680 |2540 | 8.138920e+03 |      --      |    Inf 
  368s| 17400 |  2489 |  1380k|5469k|  38 |   - | 490 | 607 | 127 | 490 | 282 | 208 | 681 |2560 | 8.139430e+03 |      --      |    Inf 
  369s| 17500 |  2499 |  1386k|5486k|  38 |   - | 490 | 604 | 183 | 490 | 282 | 208 | 684 |2563 | 8.140096e+03 |      --      |    Inf 
  370s| 17600 |  2517 |  1391k|5506k|  38 |   3 | 490 | 605 | 131 | 490 | 282 | 208 | 687 |2574 | 8.140991e+03 |      --      |    Inf 
  372s| 17700 |  2525 |  1397k|5522k|  38 |   6 | 490 | 602 | 157 | 490 | 282 | 208 | 689 |2584 | 8.141445e+03 |      --      |    Inf 
  373s| 17800 |  2527 |  1402k|5530k|  38 |   - | 490 | 605 | 149 | 490 | 282 | 208 | 692 |2585 | 8.141445e+03 |      --      |    Inf 
  376s| 17900 |  2537 |  1410k|5549k|  38 |  12 | 490 | 606 | 130 | 490 | 282 | 208 | 694 |2585 | 8.142242e+03 |      --      |    Inf 
  378s| 18000 |  2549 |  1417k|5559k|  38 |  13 | 490 | 610 | 141 | 490 | 282 | 208 | 701 |2588 | 8.142847e+03 |      --      |    Inf 
  383s| 18100 |  2551 |  1432k|5562k|  38 |   - | 490 | 613 | 148 | 490 | 282 | 208 | 705 |2588 | 8.143305e+03 |      --      |    Inf 
  384s| 18200 |  2553 |  1438k|5570k|  38 |  16 | 490 | 613 | 190 | 490 | 282 | 208 | 707 |2588 | 8.143305e+03 |      --      |    Inf 
  386s| 18300 |  2561 |  1444k|5590k|  38 |   - | 490 | 617 |  80 | 490 | 282 | 208 | 712 |2588 | 8.143305e+03 |      --      |    Inf 
 time | node  | left  |LP iter| mem |mdpt |frac |vars |cons |ccons|cols |rows |cuts |confs|strbr|  dualbound   | primalbound  |  gap   
  387s| 18400 |  2567 |  1449k|5595k|  38 |   - | 490 | 615 | 124 | 490 | 282 | 208 | 712 |2588 | 8.146111e+03 |      --      |    Inf 
  389s| 18500 |  2575 |  1458k|5608k|  38 |  13 | 490 | 613 | 124 | 490 | 282 | 208 | 722 |2594 | 8.146607e+03 |      --      |    Inf 
  390s| 18600 |  2579 |  1462k|5620k|  38 |   - | 490 | 614 | 129 | 490 | 282 | 208 | 724 |2604 | 8.146607e+03 |      --      |    Inf 
  393s| 18700 |  2591 |  1472k|5639k|  38 |  30 | 490 | 620 | 188 | 490 | 282 | 208 | 731 |2628 | 8.147297e+03 |      --      |    Inf 
  395s| 18800 |  2605 |  1478k|5663k|  38 |   - | 490 | 618 |  96 | 490 | 282 | 208 | 733 |2635 | 8.147738e+03 |      --      |    Inf 
  396s| 18900 |  2615 |  1484k|5672k|  38 |  19 | 490 | 621 | 189 | 490 | 282 | 208 | 737 |2636 | 8.147897e+03 |      --      |    Inf 
  399s| 19000 |  2617 |  1494k|5682k|  38 |   - | 490 | 621 | 133 | 490 | 282 | 208 | 741 |2636 | 8.148032e+03 |      --      |    Inf 
  400s| 19100 |  2638 |  1500k|5695k|  38 |   8 | 490 | 621 | 141 | 490 | 282 | 208 | 741 |2637 | 8.151278e+03 |      --      |    Inf 
  401s| 19200 |  2650 |  1507k|5715k|  38 |   - | 490 | 620 | 145 | 490 | 282 | 208 | 742 |2637 | 8.153333e+03 |      --      |    Inf 
  405s| 19300 |  2666 |  1516k|5737k|  38 |   - | 490 | 616 | 133 | 490 | 282 | 208 | 742 |2637 | 8.153336e+03 |      --      |    Inf 
  406s| 19400 |  2678 |  1523k|5744k|  38 |   3 | 490 | 614 | 144 | 490 | 282 | 208 | 742 |2637 | 8.153488e+03 |      --      |    Inf 
  407s| 19500 |  2694 |  1528k|5769k|  38 |   5 | 490 | 615 | 108 | 490 | 282 | 208 | 746 |2637 | 8.154043e+03 |      --      |    Inf 
  409s| 19600 |  2702 |  1533k|5787k|  38 |   8 | 490 | 623 | 141 | 490 | 282 | 208 | 760 |2637 | 8.154043e+03 |      --      |    Inf 
  410s| 19700 |  2716 |  1538k|5807k|  38 |   - | 490 | 617 | 124 | 490 | 282 | 208 | 760 |2637 | 8.155130e+03 |      --      |    Inf 
  411s| 19800 |  2732 |  1543k|5829k|  38 |   8 | 490 | 613 | 161 | 490 | 282 | 208 | 762 |2646 | 8.155141e+03 |      --      |    Inf 
 time | node  | left  |LP iter| mem |mdpt |frac |vars |cons |ccons|cols |rows |cuts |confs|strbr|  dualbound   | primalbound  |  gap   
  412s| 19900 |  2748 |  1548k|5853k|  38 |  29 | 490 | 614 | 168 | 490 | 282 | 208 | 766 |2660 | 8.155173e+03 |      --      |    Inf 
  414s| 20000 |  2764 |  1555k|5876k|  38 |  13 | 490 | 614 | 109 | 490 | 282 | 208 | 768 |2671 | 8.157693e+03 |      --      |    Inf 
  415s| 20100 |  2774 |  1562k|5889k|  38 |   5 | 490 | 609 | 192 | 490 | 282 | 208 | 769 |2677 | 8.157810e+03 |      --      |    Inf 
  417s| 20200 |  2778 |  1567k|5903k|  38 |   - | 490 | 607 | 127 | 490 | 282 | 208 | 769 |2685 | 8.159407e+03 |      --      |    Inf 
  419s| 20300 |  2780 |  1576k|5909k|  38 |   - | 490 | 608 | 101 | 490 | 282 | 208 | 772 |2686 | 8.162661e+03 |      --      |    Inf 
  421s| 20400 |  2792 |  1582k|5923k|  38 |  13 | 490 | 609 | 138 | 490 | 282 | 208 | 776 |2686 | 8.166062e+03 |      --      |    Inf 
  423s| 20500 |  2792 |  1587k|5933k|  38 |   - | 490 | 609 | 139 | 490 | 282 | 208 | 778 |2696 | 8.166062e+03 |      --      |    Inf 
  424s| 20600 |  2798 |  1593k|5942k|  38 |   - | 490 | 607 | 138 | 490 | 282 | 208 | 778 |2696 | 8.166976e+03 |      --      |    Inf 
  425s| 20700 |  2802 |  1600k|5949k|  38 |   - | 490 | 607 | 169 | 490 | 282 | 208 | 781 |2696 | 8.168372e+03 |      --      |    Inf 
  427s| 20800 |  2802 |  1605k|5958k|  38 |   - | 490 | 602 | 103 | 490 | 282 | 208 | 781 |2696 | 8.168372e+03 |      --      |    Inf 
  428s| 20900 |  2808 |  1611k|5968k|  38 |   5 | 490 | 611 | 163 | 490 | 282 | 208 | 790 |2696 | 8.168822e+03 |      --      |    Inf 
  430s| 21000 |  2812 |  1617k|5975k|  38 |   - | 490 | 608 | 144 | 490 | 282 | 208 | 790 |2696 | 8.170968e+03 |      --      |    Inf 
  431s| 21100 |  2822 |  1623k|5992k|  38 |  19 | 490 | 608 |  87 | 490 | 282 | 208 | 791 |2696 | 8.170989e+03 |      --      |    Inf 
  432s| 21200 |  2826 |  1628k|5996k|  38 |  17 | 490 | 611 | 118 | 490 | 282 | 208 | 794 |2696 | 8.171059e+03 |      --      |    Inf 
  434s| 21300 |  2820 |  1634k|5994k|  38 |   - | 490 | 606 | 215 | 490 | 282 | 208 | 795 |2713 | 8.171531e+03 |      --      |    Inf 
 time | node  | left  |LP iter| mem |mdpt |frac |vars |cons |ccons|cols |rows |cuts |confs|strbr|  dualbound   | primalbound  |  gap   
  435s| 21400 |  2834 |  1641k|6012k|  38 |  14 | 490 | 605 | 167 | 490 | 282 | 208 | 797 |2728 | 8.174433e+03 |      --      |    Inf 
  436s| 21500 |  2844 |  1645k|6034k|  38 |   6 | 490 | 609 | 136 | 490 | 282 | 208 | 805 |2729 | 8.174433e+03 |      --      |    Inf 
  438s| 21600 |  2846 |  1651k|6042k|  38 |   - | 490 | 609 |  95 | 490 | 282 | 208 | 808 |2740 | 8.175197e+03 |      --      |    Inf 
  439s| 21700 |  2862 |  1657k|6066k|  38 |  17 | 490 | 608 | 114 | 490 | 282 | 208 | 808 |2748 | 8.175983e+03 |      --      |    Inf 
(node 21730) unresolved numerical troubles in LP 25935

SCIP Status        : solving was interrupted [time limit reached]
Solving Time (sec) : 10000.01
Solving Nodes      : 21730
Primal Bound       : +1.00000000000000e+20 (0 solutions)
Dual Bound         : +8.17598269679012e+03
Gap                : infinite

primal solution:
================

no solution available

Statistics
==========

SCIP Status        : solving was interrupted [time limit reached]
Solving Time       :   10000.01
Original Problem   :
  Problem name     : labtel
  Variables        : 495 (250 binary, 0 integer, 0 implicit integer, 245 continuous)
  Constraints      : 182 initial, 182 maximal
Presolved Problem  :
  Problem name     : t_labtel
  Variables        : 490 (250 binary, 0 integer, 0 implicit integer, 240 continuous)
  Constraints      : 178 initial, 642 maximal
Presolvers         :       Time  FixedVars   AggrVars   ChgTypes  ChgBounds   AddHoles    DelCons   ChgSides   ChgCoefs
  trivial          :       0.00          0          0          0          0          0          0          0          0
  dualfix          :       0.00          0          0          0          0          0          0          0          0
  boundshift       :       0.00          0          0          0          0          0          0          0          0
  inttobinary      :       0.00          0          0          0          0          0          0          0          0
  implics          :       0.00          0          0          0          0          0          0          0          0
  probing          :       0.06          0          0          0          0          0          0          0          0
  knapsack         :       0.00          0          0          0          0          0          0          0          0
  setppc           :       0.00          0          0          0          0          0          0          0          0
  linear           :       0.00          0          5          0          4          0          4          3         60
  logicor          :       0.00          0          0          0          0          0          0          0          0
  bounddisjunction :       0.00          0          0          0          0          0          0          0          0
  root node        :          -          0          -          -          0          -          -          -          -
Constraints        :     Number  #Separate #Propagate    #EnfoLP    #EnfoPS    Cutoffs    DomReds       Cuts      Conss   Children
  integral         :          0          0          0      12456          0          8        220          0          0      24626
  knapsack         :          1         11      49297          0          1          1      10494          0          0          0
  setppc           :         60         11      55708          0          2         28      60440          0          0          0
  linear           :        117         11      55720          0          0        174     314272          1          0          0
  logicor          :          0+         0      22558          0          0         36       3264          0          0          0
  bounddisjunction :          0+         0       9336          0          0          0       1977          0          0          0
  countsols        :          0          0          0          0          2          0          0          0          0          0
Constraint Timings :  TotalTime   Separate  Propagate     EnfoLP     EnfoPS
  integral         :      31.51       0.00       0.00      31.51       0.00
  knapsack         :       0.02       0.00       0.02       0.00       0.00
  setppc           :       0.51       0.00       0.51       0.00       0.00
  linear           :       6.21       0.02       6.19       0.00       0.00
  logicor          :       0.46       0.00       0.46       0.00       0.00
  bounddisjunction :       0.08       0.00       0.08       0.00       0.00
  countsols        :       0.00       0.00       0.00       0.00       0.00
Propagators        :       Time      Calls    Cutoffs    DomReds
  rootredcost      :       0.03          0          0          0
  pseudoobj        :       0.92      55525          0          0
Conflict Analysis  :       Time      Calls    Success  Conflicts   Literals    Reconvs ReconvLits   LP Iters
  propagation      :       0.02        239        233       1264       61.0         43       50.9          -
  infeasible LP    :       1.71       9199        347       2110       46.8          3        7.0          0
  bound exceed. LP :       0.00          0          0          0        0.0          0        0.0          0
  strong branching :       0.00          0          0          0        0.0          0        0.0          0
  pseudo solution  :       0.00          0          0          0        0.0          0        0.0          -
  applied globally :          -          -          -        802       13.5          -          -          -
  applied locally  :          -          -          -          7      128.0          -          -          -
Separators         :       Time      Calls    Cutoffs    DomReds       Cuts      Conss
  cut pool         :       0.00         10          -          -         32          -    (maximal pool size: 437)
  redcost          :       0.18      12591          0        255          0          0
  impliedbounds    :       0.00         11          0          0          0          0
  intobj           :       0.00          0          0          0          0          0
  gomory           :       0.13         11          0          0          3          0
  strongcg         :       0.14         11          0          0          0          0
  cmir             :       1.49         10          0          0        410          0
  flowcover        :       0.95         10          0          0         40          0
  clique           :       0.01         11          0          0          0          0
  zerohalf         :       0.00          0          0          0          0          0
  mcf              :       0.00          0          0          0          0          0
Pricers            :       Time      Calls       Vars
  problem variables:       0.00          0          0
Branching Rules    :       Time      Calls    Cutoffs    DomReds       Cuts      Conss   Children
  relpscost        :      31.44      12456          8        220          0          0      24626
  pscost           :       0.00          0          0          0          0          0          0
  inference        :       0.00          2          0          0          0          0          4
  mostinf          :       0.00          0          0          0          0          0          0
  leastinf         :       0.00          0          0          0          0          0          0
  fullstrong       :       0.00          0          0          0          0          0          0
  allfullstrong    :       0.00          0          0          0          0          0          0
  random           :       0.00          0          0          0          0          0          0
Primal Heuristics  :       Time      Calls      Found
  LP solutions     :       0.00          -          0
  pseudo solutions :       0.00          -          0
  oneopt           :       0.02          0          0
  guideddiving     :       0.00          0          0
  crossover        :       0.05          0          0
  coefdiving       :       0.08          1          0
  pscostdiving     :       0.04          1          0
  fracdiving       :       0.09          1          0
  veclendiving     :       0.05          1          0
  linesearchdiving :       0.03          1          0
  feaspump         :       0.17          1          0
  objpscostdiving  :       0.04          1          0
  rootsoldiving    :       0.11          1          0
  simplerounding   :       0.03          0          0
  rounding         :       0.17       1532          0
  shifting         :       0.29        429          0
  intshifting      :       0.06          3          0
  fixandinfer      :       0.00          0          0
  intdiving        :       0.00          0          0
  actconsdiving    :       0.00          0          0
  octane           :       0.00          0          0
  rens             :       3.39          1          0
  rins             :       0.00          0          0
  localbranching   :       0.00          0          0
  mutation         :       0.00          0          0
  dins             :       0.00          0          0
LP                 :       Time      Calls Iterations  Iter/call   Iter/sec
  primal LP        :       0.12          5       1249     249.80   10408.33
  dual LP          :    9941.91      25852    7596901     293.86     764.13
  barrier LP       :       0.00          0          0       0.00          -
  diving/probing LP:       0.62         78       4028      51.64    6496.77
  strong branching :      31.05       2748     222233      80.87    7157.26
    (at root node) :          -         21       3104     147.81          -
  conflict analysis:       0.00          0          0       0.00          -
B&B Tree           :
  number of runs   :          1
  nodes            :      21730
  nodes (total)    :      21730
  nodes left       :       2868
  max depth        :         38
  max depth (total):         38
  backtracks       :       3078 (14.2%)
  delayed cutoffs  :         33
  repropagations   :       1537 (12740 domain reductions, 15 cutoffs)
  avg switch length:       4.90
  switching time   :       3.99
Solution           :
  Solutions found  :          0 (0 improvements)
  Primal Bound     :          -
  Dual Bound       : +8.17598269679012e+03
  Gap              :   infinite
  Root Dual Bound  : +5.27595830027762e+03
