HmaxDs = 2.000000
HmaxUB_percent = 1.071598
HmaxUB_real = 7783.777109
FTnetDs = 2.000000
FTnetUB_percent = 1.821676
FTnetUB_real = 35385.691965
TIFgap = 0.100000
LimCIPF = 112.13238582
SCIP version 1.1.0 [precision: 8 byte] [memory: block] [mode: optimized] [LP solver: Clp 1.8.2]
Copyright (c) 2002-2008 Konrad-Zuse-Zentrum fuer Informationstechnik Berlin (ZIB)

reading user parameter file </home/fabio/docs/hierarquia/models/scip.set>

read problem <data.N30.I1.s1.cluster3.T7.GL1.W1.TIFgap0.1.mps.gz>
============

original problem has 530 variables (273 bin, 0 int, 0 impl, 257 cont) and 196 constraints

solve problem
=============

presolving:
(round 1) 3 del vars, 3 del conss, 4 chg bounds, 0 chg sides, 42 chg coeffs, 0 upgd conss, 0 impls, 42 clqs
(round 2) 5 del vars, 3 del conss, 4 chg bounds, 1 chg sides, 42 chg coeffs, 0 upgd conss, 0 impls, 42 clqs
(round 3) 5 del vars, 3 del conss, 4 chg bounds, 3 chg sides, 42 chg coeffs, 0 upgd conss, 0 impls, 42 clqs
(round 4) 5 del vars, 4 del conss, 4 chg bounds, 3 chg sides, 42 chg coeffs, 43 upgd conss, 0 impls, 42 clqs
   (0.0s) probing: 101/273 (37.0%) - 0 fixings, 0 aggregations, 0 implications, 0 bound changes
   (0.0s) probing aborted: 100/100 successive totally useless probings
presolving (5 rounds):
 5 deleted vars, 4 deleted constraints, 4 tightened bounds, 0 added holes, 3 changed sides, 42 changed coefficients
 0 implications, 42 cliques
presolved problem has 525 variables (273 bin, 0 int, 0 impl, 252 cont) and 192 constraints
      1 constraints of type <knapsack>
     42 constraints of type <setppc>
    149 constraints of type <linear>
Presolving Time: 0.04

 time | node  | left  |LP iter| mem |mdpt |frac |vars |cons |ccons|cols |rows |cuts |confs|strbr|  dualbound   | primalbound  |  gap   
  0.0s|     1 |     0 |   150 |1317k|   0 |  74 | 525 | 192 | 192 | 525 | 192 |   0 |   0 |   0 | 6.451749e+01 |      --      |    Inf 
  0.4s|     1 |     0 |  1566 |1467k|   0 |  71 | 525 | 192 | 192 | 525 | 220 |  28 |   0 |   0 | 6.573678e+03 |      --      |    Inf 
  0.6s|     1 |     0 |  1777 |1551k|   0 |  60 | 525 | 192 | 192 | 525 | 247 |  55 |   0 |   0 | 9.839725e+03 |      --      |    Inf 
  0.9s|     1 |     0 |  1980 |1606k|   0 |  67 | 525 | 192 | 192 | 525 | 268 |  76 |   0 |   0 | 1.063496e+04 |      --      |    Inf 
  1.3s|     1 |     0 |  2299 |1642k|   0 |  74 | 525 | 192 | 192 | 525 | 285 |  93 |   0 |   0 | 1.144219e+04 |      --      |    Inf 
  1.7s|     1 |     0 |  2465 |1681k|   0 |  74 | 525 | 192 | 192 | 525 | 306 | 114 |   0 |   0 | 1.160817e+04 |      --      |    Inf 
  2.1s|     1 |     0 |  2697 |1744k|   0 |  80 | 525 | 192 | 192 | 525 | 330 | 138 |   0 |   0 | 1.179496e+04 |      --      |    Inf 
  2.4s|     1 |     0 |  2892 |1776k|   0 |  75 | 525 | 192 | 192 | 525 | 345 | 153 |   0 |   0 | 1.200217e+04 |      --      |    Inf 
  2.7s|     1 |     0 |  3067 |1810k|   0 |  77 | 525 | 192 | 192 | 525 | 358 | 166 |   0 |   0 | 1.205457e+04 |      --      |    Inf 
  3.0s|     1 |     0 |  3288 |1828k|   0 |  75 | 525 | 192 | 192 | 525 | 370 | 178 |   0 |   0 | 1.211630e+04 |      --      |    Inf 
  3.4s|     1 |     0 |  3399 |1855k|   0 |  78 | 525 | 192 | 192 | 525 | 383 | 191 |   0 |   0 | 1.212656e+04 |      --      |    Inf 
  3.4s|     1 |     0 |  3445 |1856k|   0 |  82 | 525 | 192 | 192 | 525 | 381 | 193 |   0 |   0 | 1.212823e+04 |      --      |    Inf 
  3.5s|     1 |     0 |  3479 |1857k|   0 |  83 | 525 | 192 | 192 | 525 | 382 | 194 |   0 |   0 | 1.212898e+04 |      --      |    Inf 
  6.9s|     1 |     2 |  3479 |1861k|   0 |  83 | 525 | 192 | 192 | 525 | 382 | 194 |   0 |  18 | 1.212898e+04 |      --      |    Inf 
 23.9s|   100 |    65 | 17947 |2005k|  18 |  53 | 525 | 228 | 180 | 525 | 296 | 194 |  36 | 909 | 1.213635e+04 |      --      |    Inf 
 time | node  | left  |LP iter| mem |mdpt |frac |vars |cons |ccons|cols |rows |cuts |confs|strbr|  dualbound   | primalbound  |  gap   
 27.1s|   200 |    91 | 29014 |2077k|  29 |   - | 525 | 271 | 202 | 525 | 296 | 194 |  79 | 984 | 1.213635e+04 |      --      |    Inf 
 31.3s|   300 |   125 | 45974 |2117k|  29 |  40 | 525 | 302 | 232 | 525 | 296 | 194 | 110 |1035 | 1.213839e+04 |      --      |    Inf 
 34.7s|   400 |   147 | 60190 |2178k|  37 |  58 | 525 | 342 | 234 | 525 | 296 | 194 | 150 |1067 | 1.213839e+04 |      --      |    Inf 
 38.5s|   500 |   170 | 74343 |2232k|  42 |  21 | 525 | 398 | 194 | 525 | 296 | 194 | 206 |1094 | 1.214179e+04 |      --      |    Inf 
 40.7s|   600 |   206 | 85080 |2310k|  42 |  47 | 525 | 447 | 252 | 525 | 296 | 194 | 255 |1109 | 1.214179e+04 |      --      |    Inf 
 44.2s|   700 |   225 | 98575 |2362k|  42 |   - | 525 | 494 | 293 | 525 | 296 | 194 | 302 |1155 | 1.214179e+04 |      --      |    Inf 
 47.3s|   800 |   259 |112330 |2435k|  42 |   - | 525 | 531 | 110 |   0 |   0 | 194 | 340 |1198 | 1.214335e+04 |      --      |    Inf 
 51.4s|   900 |   289 |126731 |2512k|  42 |   - | 525 | 574 | 329 |   0 |   0 | 194 | 383 |1235 | 1.214335e+04 |      --      |    Inf 
 54.0s|  1000 |   311 |139282 |2555k|  42 |  35 | 525 | 619 | 225 | 525 | 296 | 194 | 428 |1251 | 1.214335e+04 |      --      |    Inf 
 56.1s|  1100 |   341 |148118 |2619k|  42 |   - | 525 | 647 | 183 | 525 | 296 | 194 | 456 |1261 | 1.214335e+04 |      --      |    Inf 
 58.0s|  1200 |   359 |158111 |2662k|  42 |  48 | 525 | 688 | 423 | 525 | 296 | 194 | 499 |1266 | 1.214335e+04 |      --      |    Inf 
 60.6s|  1300 |   368 |169311 |2727k|  42 |   - | 525 | 747 | 278 |   0 |   0 | 194 | 558 |1288 | 1.214335e+04 |      --      |    Inf 
 63.2s|  1400 |   392 |180863 |2801k|  42 |  20 | 525 | 781 | 293 | 525 | 296 | 194 | 594 |1322 | 1.214335e+04 |      --      |    Inf 
 65.8s|  1500 |   419 |191690 |2885k|  42 |  15 | 525 | 824 | 229 | 525 | 296 | 194 | 638 |1353 | 1.214335e+04 |      --      |    Inf 
 68.3s|  1600 |   443 |201225 |2946k|  42 |  44 | 525 | 872 | 406 | 525 | 296 | 194 | 686 |1386 | 1.214503e+04 |      --      |    Inf 
 time | node  | left  |LP iter| mem |mdpt |frac |vars |cons |ccons|cols |rows |cuts |confs|strbr|  dualbound   | primalbound  |  gap   
 70.7s|  1700 |   457 |211439 |3002k|  45 |  54 | 525 | 914 | 704 | 525 | 296 | 194 | 733 |1408 | 1.214643e+04 |      --      |    Inf 
 73.5s|  1800 |   481 |225141 |3041k|  45 |  34 | 525 | 958 | 333 | 525 | 296 | 194 | 781 |1421 | 1.214700e+04 |      --      |    Inf 
 75.0s|  1900 |   514 |233168 |3117k|  45 |  20 | 525 |1002 | 267 | 525 | 296 | 194 | 827 |1424 | 1.214716e+04 |      --      |    Inf 
 77.8s|  2000 |   548 |245847 |3197k|  45 |   - | 525 |1029 | 288 |   0 |   0 | 194 | 856 |1427 | 1.214716e+04 |      --      |    Inf 
 80.8s|  2100 |   570 |259015 |3246k|  45 |  31 | 525 |1077 | 421 | 525 | 296 | 194 | 908 |1445 | 1.214716e+04 |      --      |    Inf 
 83.9s|  2200 |   614 |270932 |3329k|  45 |  13 | 525 |1101 | 440 | 525 | 296 | 194 | 936 |1488 | 1.214880e+04 |      --      |    Inf 
 86.5s|  2300 |   634 |281365 |3377k|  45 |  55 | 525 |1146 | 623 | 525 | 296 | 194 | 987 |1514 | 1.214880e+04 |      --      |    Inf 
 93.4s|  2400 |   659 |297085 |3458k|  45 |  34 | 525 |1184 | 604 | 525 | 296 | 194 |1031 |1543 | 1.214880e+04 |      --      |    Inf 
 96.4s|  2500 |   669 |308574 |3496k|  45 |   - | 525 |1218 | 516 | 525 | 296 | 194 |1077 |1569 | 1.214880e+04 |      --      |    Inf 
 98.4s|  2600 |   697 |317987 |3571k|  45 |  12 | 525 |1251 | 381 | 525 | 296 | 194 |1115 |1585 | 1.214905e+04 |      --      |    Inf 
  100s|  2700 |   720 |327661 |3661k|  45 |  16 | 525 |1297 | 527 | 525 | 296 | 194 |1170 |1602 | 1.214974e+04 |      --      |    Inf 
  103s|  2800 |   748 |339013 |3727k|  45 |   9 | 525 |1325 | 307 | 525 | 296 | 194 |1203 |1604 | 1.214974e+04 |      --      |    Inf 
  106s|  2900 |   757 |351502 |3799k|  45 |   - | 525 |1354 | 309 |   0 |   0 | 194 |1244 |1609 | 1.214974e+04 |      --      |    Inf 
  108s|  3000 |   774 |360351 |3868k|  45 |   - | 525 |1417 | 152 |   0 |   0 | 194 |1314 |1611 | 1.214974e+04 |      --      |    Inf 
  109s|  3100 |   791 |367222 |3919k|  45 |  14 | 525 |1473 | 198 | 525 | 296 | 194 |1372 |1622 | 1.214974e+04 |      --      |    Inf 
 time | node  | left  |LP iter| mem |mdpt |frac |vars |cons |ccons|cols |rows |cuts |confs|strbr|  dualbound   | primalbound  |  gap   
  111s|  3200 |   815 |377285 |3971k|  45 |  46 | 525 |1503 | 254 | 525 | 296 | 194 |1410 |1647 | 1.215168e+04 |      --      |    Inf 
  113s|  3300 |   821 |385837 |3995k|  47 |  39 | 525 |1533 | 252 | 525 | 296 | 194 |1449 |1668 | 1.215168e+04 |      --      |    Inf 
  115s|  3400 |   827 |392249 |4044k|  47 |   - | 525 |1571 | 170 |   0 |   0 | 194 |1496 |1687 | 1.215168e+04 |      --      |    Inf 
  119s|  3500 |   850 |406527 |4127k|  47 |  20 | 525 |1602 | 794 | 525 | 296 | 194 |1557 |1726 | 1.215278e+04 |      --      |    Inf 
  121s|  3600 |   866 |416757 |4186k|  47 |  56 | 525 |1602 | 807 | 525 | 296 | 194 |1583 |1745 | 1.215278e+04 |      --      |    Inf 
  124s|  3700 |   873 |427922 |4267k|  47 |   - | 525 |1629 | 462 |   0 |   0 | 194 |1630 |1761 | 1.215378e+04 |      --      |    Inf 
  127s|  3800 |   902 |440895 |4320k|  47 |  25 | 525 |1635 | 366 | 525 | 296 | 194 |1664 |1767 | 1.215491e+04 |      --      |    Inf 
  129s|  3900 |   920 |453465 |4364k|  49 |  55 | 525 |1662 | 946 | 525 | 296 | 194 |1720 |1772 | 1.215569e+04 |      --      |    Inf 
  131s|  4000 |   941 |463072 |4424k|  49 |  20 | 525 |1683 | 337 | 525 | 296 | 194 |1758 |1777 | 1.215651e+04 |      --      |    Inf 
  134s|  4100 |   966 |475388 |4499k|  49 |  24 | 525 |1686 | 417 | 525 | 296 | 194 |1798 |1786 | 1.215674e+04 |      --      |    Inf 
  136s|  4200 |   984 |484186 |4594k|  49 |  33 | 525 |1710 | 383 | 525 | 296 | 194 |1843 |1804 | 1.215674e+04 |      --      |    Inf 
  138s|  4300 |  1010 |493604 |4670k|  49 |   - | 525 |1712 | 512 | 525 | 296 | 194 |1880 |1821 | 1.215752e+04 |      --      |    Inf 
  141s|  4400 |  1032 |504604 |4713k|  49 |  38 | 525 |1738 | 694 | 525 | 296 | 194 |1930 |1843 | 1.215855e+04 |      --      |    Inf 
  144s|  4500 |  1055 |515910 |4784k|  49 |  30 | 525 |1736 | 517 | 525 | 296 | 194 |1976 |1873 | 1.215887e+04 |      --      |    Inf 
  148s|  4600 |  1073 |529095 |4832k|  49 |  45 | 525 |1722 | 673 | 525 | 296 | 194 |2011 |1901 | 1.215967e+04 |      --      |    Inf 
 time | node  | left  |LP iter| mem |mdpt |frac |vars |cons |ccons|cols |rows |cuts |confs|strbr|  dualbound   | primalbound  |  gap   
  150s|  4700 |  1086 |540134 |4859k|  49 |  12 | 525 |1730 | 362 | 525 | 296 | 194 |2050 |1923 | 1.215991e+04 |      --      |    Inf 
  153s|  4800 |  1097 |552040 |4910k|  49 |   6 | 525 |1748 | 248 | 525 | 296 | 194 |2115 |1933 | 1.215991e+04 |      --      |    Inf 
  154s|  4900 |  1112 |560875 |4975k|  49 |  48 | 525 |1744 | 754 | 525 | 296 | 194 |2163 |1939 | 1.215991e+04 |      --      |    Inf 
  156s|  5000 |  1129 |570592 |5044k|  49 |  55 | 525 |1756 | 541 | 525 | 296 | 194 |2220 |1946 | 1.215991e+04 |      --      |    Inf 
  164s|  5100 |  1160 |593185 |5116k|  49 |  48 | 525 |1765 | 934 | 525 | 296 | 194 |2270 |1950 | 1.216036e+04 |      --      |    Inf 
  166s|  5200 |  1188 |603242 |5193k|  49 |  24 | 525 |1765 | 311 | 525 | 296 | 194 |2322 |1951 | 1.216043e+04 |      --      |    Inf 
  168s|  5300 |  1205 |613140 |5249k|  49 |   - | 525 |1778 | 476 |   0 |   0 | 194 |2384 |1956 | 1.216043e+04 |      --      |    Inf 
  169s|  5400 |  1220 |621076 |5287k|  49 |   - | 525 |1788 | 205 |   0 |   0 | 194 |2438 |1958 | 1.216266e+04 |      --      |    Inf 
  172s|  5500 |  1235 |631824 |5329k|  49 |   - | 525 |1784 | 260 |   0 |   0 | 194 |2477 |1958 | 1.216267e+04 |      --      |    Inf 
  174s|  5600 |  1247 |639890 |5371k|  49 |  19 | 525 |1790 | 252 | 525 | 296 | 194 |2527 |1959 | 1.216267e+04 |      --      |    Inf 
  176s|  5700 |  1276 |650425 |5449k|  49 |   5 | 525 |1795 | 377 | 525 | 296 | 194 |2565 |1961 | 1.216321e+04 |      --      |    Inf 
  178s|  5800 |  1307 |660571 |5522k|  49 |   - | 525 |1790 | 355 |   0 |   0 | 194 |2611 |1961 | 1.216347e+04 |      --      |    Inf 
  180s|  5900 |  1322 |669238 |5601k|  49 |   - | 525 |1811 | 281 | 525 | 296 | 194 |2670 |1961 | 1.216347e+04 |      --      |    Inf 
  182s|  6000 |  1342 |678775 |5658k|  49 |   - | 525 |1820 | 136 |   0 |   0 | 194 |2733 |1962 | 1.216355e+04 |      --      |    Inf 
  183s|  6100 |  1346 |687349 |5654k|  49 |   - | 525 |1831 | 259 |   0 |   0 | 194 |2784 |1962 | 1.216374e+04 |      --      |    Inf 
 time | node  | left  |LP iter| mem |mdpt |frac |vars |cons |ccons|cols |rows |cuts |confs|strbr|  dualbound   | primalbound  |  gap   
  185s|  6200 |  1368 |697792 |5699k|  49 |  50 | 525 |1813 | 864 | 525 | 296 | 194 |2828 |1962 | 1.216390e+04 |      --      |    Inf 
  187s|  6300 |  1385 |706440 |5762k|  49 |  11 | 525 |1821 | 304 | 525 | 296 | 194 |2874 |1962 | 1.216390e+04 |      --      |    Inf 
  189s|  6400 |  1395 |714164 |5789k|  49 |  15 | 525 |1834 | 302 | 525 | 296 | 194 |2921 |1967 | 1.216407e+04 |      --      |    Inf 
  191s|  6500 |  1404 |723293 |5830k|  49 |  53 | 525 |1847 | 647 | 525 | 296 | 194 |2966 |1967 | 1.216407e+04 |      --      |    Inf 
  193s|  6600 |  1434 |732189 |5898k|  49 |  14 | 525 |1839 | 151 | 525 | 296 | 194 |3004 |1967 | 1.216436e+04 |      --      |    Inf 
  194s|  6700 |  1466 |740558 |5973k|  49 |  41 | 525 |1844 | 482 | 525 | 296 | 194 |3054 |1967 | 1.216511e+04 |      --      |    Inf 
  196s|  6800 |  1480 |749137 |6028k|  49 |  37 | 525 |1852 | 349 | 525 | 296 | 194 |3097 |1967 | 1.216542e+04 |      --      |    Inf 
  199s|  6900 |  1511 |762535 |6083k|  49 |   - | 525 |1866 | 183 |   0 |   0 | 194 |3147 |1967 | 1.216597e+04 |      --      |    Inf 
  201s|  7000 |  1523 |770205 |6127k|  49 |  27 | 525 |1889 | 338 | 525 | 296 | 194 |3197 |1967 | 1.216630e+04 |      --      |    Inf 
  202s|  7100 |  1555 |777717 |6204k|  49 |  10 | 525 |1896 | 459 | 525 | 296 | 194 |3233 |1967 | 1.216658e+04 |      --      |    Inf 
  204s|  7200 |  1562 |787036 |6244k|  49 |   - | 525 |1899 |  81 |   0 |   0 | 194 |3281 |1967 | 1.216658e+04 |      --      |    Inf 
  206s|  7300 |  1585 |798880 |6299k|  49 |  33 | 525 |1878 | 367 | 525 | 296 | 194 |3316 |1967 | 1.216671e+04 |      --      |    Inf 
  208s|  7400 |  1593 |808977 |6328k|  49 |  53 | 525 |1865 |1098 | 525 | 296 | 194 |3355 |1967 | 1.216671e+04 |      --      |    Inf 
  211s|  7500 |  1604 |820662 |6387k|  49 |   - | 525 |1871 | 125 | 525 | 296 | 194 |3412 |1972 | 1.216671e+04 |      --      |    Inf 
  212s|  7600 |  1615 |828097 |6427k|  49 |   7 | 525 |1841 | 444 | 525 | 296 | 194 |3456 |1972 | 1.216677e+04 |      --      |    Inf 
 time | node  | left  |LP iter| mem |mdpt |frac |vars |cons |ccons|cols |rows |cuts |confs|strbr|  dualbound   | primalbound  |  gap   
  214s|  7700 |  1631 |836411 |6457k|  49 |  47 | 525 |1836 | 665 | 525 | 296 | 194 |3501 |1995 | 1.216695e+04 |      --      |    Inf 
  217s|  7800 |  1647 |846791 |6517k|  49 |  39 | 525 |1800 | 382 | 525 | 296 | 194 |3541 |2001 | 1.216695e+04 |      --      |    Inf 
  220s|  7900 |  1673 |859851 |6568k|  49 |  41 | 525 |1763 | 678 | 525 | 296 | 194 |3586 |2031 | 1.216706e+04 |      --      |    Inf 
  222s|  8000 |  1692 |867212 |6653k|  49 |   - | 525 |1753 | 500 |   0 |   0 | 194 |3624 |2044 | 1.216743e+04 |      --      |    Inf 
  226s|  8100 |  1707 |879685 |6656k|  49 |  48 | 525 |1685 | 768 | 525 | 296 | 194 |3676 |2074 | 1.216781e+04 |      --      |    Inf 
  228s|  8200 |  1724 |892251 |6692k|  49 |  64 | 525 |1655 | 989 | 525 | 296 | 194 |3725 |2098 | 1.216820e+04 |      --      |    Inf 
  231s|  8300 |  1751 |905304 |6751k|  49 |  18 | 525 |1638 | 443 | 525 | 296 | 194 |3771 |2117 | 1.216843e+04 |      --      |    Inf 
  234s|  8400 |  1771 |915693 |6821k|  49 |  51 | 525 |1648 | 584 | 525 | 296 | 194 |3845 |2129 | 1.216884e+04 |      --      |    Inf 
  236s|  8500 |  1784 |925997 |6866k|  49 |   - | 525 |1634 | 394 |   0 |   0 | 194 |3896 |2130 | 1.216884e+04 |      --      |    Inf 
  239s|  8600 |  1797 |937563 |6898k|  49 |  26 | 525 |1607 | 368 | 525 | 296 | 194 |3951 |2138 | 1.216888e+04 |      --      |    Inf 
  240s|  8700 |  1803 |945236 |6935k|  49 |   - | 525 |1606 | 404 | 525 | 296 | 194 |3991 |2138 | 1.216888e+04 |      --      |    Inf 
  242s|  8800 |  1813 |953511 |6962k|  49 |  53 | 525 |1596 | 546 | 525 | 296 | 194 |4030 |2138 | 1.216888e+04 |      --      |    Inf 
  244s|  8900 |  1829 |962037 |7018k|  49 |   - | 525 |1589 | 153 |   0 |   0 | 194 |4067 |2138 | 1.216898e+04 |      --      |    Inf 
  247s|  9000 |  1851 |971369 |7057k|  49 |   - | 525 |1576 | 191 | 525 | 296 | 194 |4106 |2149 | 1.216961e+04 |      --      |    Inf 
  250s|  9100 |  1879 |983127 |7127k|  49 |   - | 525 |1559 | 284 |   0 |   0 | 194 |4140 |2173 | 1.216968e+04 |      --      |    Inf 
 time | node  | left  |LP iter| mem |mdpt |frac |vars |cons |ccons|cols |rows |cuts |confs|strbr|  dualbound   | primalbound  |  gap   
  252s|  9200 |  1890 |993466 |7158k|  49 |  15 | 525 |1553 | 205 | 525 | 296 | 194 |4191 |2197 | 1.217027e+04 |      --      |    Inf 
  254s|  9300 |  1899 |  1001k|7225k|  49 |   - | 525 |1555 | 261 | 525 | 296 | 194 |4242 |2208 | 1.217030e+04 |      --      |    Inf 
  256s|  9400 |  1921 |  1009k|7276k|  49 |  15 | 525 |1547 | 193 | 525 | 296 | 194 |4288 |2231 | 1.217047e+04 |      --      |    Inf 
  258s|  9500 |  1935 |  1020k|7340k|  49 |   - | 525 |1541 | 393 |   0 |   0 | 194 |4332 |2246 | 1.217073e+04 |      --      |    Inf 
  261s|  9600 |  1943 |  1030k|7386k|  49 |   - | 525 |1545 | 294 |   0 |   0 | 194 |4389 |2266 | 1.217073e+04 |      --      |    Inf 
  263s|  9700 |  1958 |  1040k|7408k|  49 |  53 | 525 |1510 | 634 | 525 | 296 | 194 |4431 |2276 | 1.217076e+04 |      --      |    Inf 
  266s|  9800 |  1978 |  1052k|7422k|  49 |  40 | 525 |1459 | 411 | 525 | 296 | 194 |4462 |2281 | 1.217078e+04 |      --      |    Inf 
  269s|  9900 |  2005 |  1064k|7515k|  49 |  23 | 525 |1462 | 499 | 525 | 296 | 194 |4528 |2282 | 1.217088e+04 |      --      |    Inf 
  272s| 10000 |  2023 |  1081k|7557k|  49 |  48 | 525 |1454 | 566 | 525 | 296 | 194 |4597 |2286 | 1.217133e+04 |      --      |    Inf 
  274s| 10100 |  2035 |  1089k|7608k|  49 |   - | 525 |1456 | 159 |   0 |   0 | 194 |4652 |2286 | 1.217133e+04 |      --      |    Inf 
  276s| 10200 |  2064 |  1097k|7658k|  49 |   - | 525 |1437 | 113 |   0 |   0 | 194 |4695 |2288 | 1.217151e+04 |      --      |    Inf 
  279s| 10300 |  2088 |  1109k|7716k|  49 |  49 | 525 |1432 | 445 | 525 | 296 | 194 |4749 |2290 | 1.217168e+04 |      --      |    Inf 
  283s| 10400 |  2116 |  1122k|7771k|  49 |  24 | 525 |1419 | 215 | 525 | 296 | 194 |4803 |2316 | 1.217171e+04 |      --      |    Inf 
  285s| 10500 |  2130 |  1131k|7810k|  49 |   - | 525 |1396 | 128 | 525 | 296 | 194 |4837 |2336 | 1.217178e+04 |      --      |    Inf 
  287s| 10600 |  2153 |  1142k|7859k|  49 |   - | 525 |1381 | 458 |   0 |   0 | 194 |4892 |2348 | 1.217202e+04 |      --      |    Inf 
 time | node  | left  |LP iter| mem |mdpt |frac |vars |cons |ccons|cols |rows |cuts |confs|strbr|  dualbound   | primalbound  |  gap   
  289s| 10700 |  2164 |  1151k|7876k|  49 |   - | 525 |1355 | 455 | 525 | 296 | 194 |4945 |2370 | 1.217202e+04 |      --      |    Inf 
  293s| 10800 |  2203 |  1166k|7942k|  49 |   - | 525 |1347 | 149 |   0 |   0 | 194 |4994 |2397 | 1.217202e+04 |      --      |    Inf 
  295s| 10900 |  2210 |  1176k|7929k|  49 |   - | 525 |1325 | 308 | 525 | 296 | 194 |5036 |2420 | 1.217225e+04 |      --      |    Inf 
  298s| 11000 |  2243 |  1189k|7998k|  49 |   - | 525 |1301 | 272 |   0 |   0 | 194 |5072 |2440 | 1.217274e+04 |      --      |    Inf 
  300s| 11100 |  2257 |  1200k|8056k|  49 |   - | 525 |1307 | 174 |   0 |   0 | 194 |5120 |2443 | 1.217291e+04 |      --      |    Inf 
  303s| 11200 |  2273 |  1212k|8085k|  49 |  35 | 525 |1286 | 393 | 525 | 296 | 194 |5184 |2449 | 1.217322e+04 |      --      |    Inf 
  304s| 11300 |  2295 |  1219k|8125k|  49 |  34 | 525 |1317 | 645 | 525 | 296 | 194 |5262 |2451 | 1.217324e+04 |      --      |    Inf 
  307s| 11400 |  2316 |  1229k|8182k|  49 |  20 | 525 |1287 | 290 | 525 | 296 | 194 |5299 |2451 | 1.217384e+04 |      --      |    Inf 
  308s| 11500 |  2330 |  1239k|8216k|  49 |   6 | 525 |1258 | 240 | 525 | 296 | 194 |5337 |2451 | 1.217387e+04 |      --      |    Inf 
  312s| 11600 |  2347 |  1255k|8261k|  49 |  49 | 525 |1222 | 357 | 525 | 296 | 194 |5413 |2458 | 1.217425e+04 |      --      |    Inf 
  314s| 11700 |  2365 |  1265k|8312k|  49 |   - | 525 |1210 | 344 |   0 |   0 | 194 |5476 |2461 | 1.217425e+04 |      --      |    Inf 
  317s| 11800 |  2381 |  1279k|8339k|  49 |   - | 525 |1203 | 343 | 525 | 296 | 194 |5513 |2472 | 1.217425e+04 |      --      |    Inf 
  319s| 11900 |  2427 |  1292k|8420k|  49 |  13 | 525 |1177 | 328 | 525 | 296 | 194 |5537 |2493 | 1.217501e+04 |      --      |    Inf 
  323s| 12000 |  2439 |  1309k|8455k|  49 |  53 | 525 |1147 | 482 | 525 | 296 | 194 |5591 |2525 | 1.217528e+04 |      --      |    Inf 
  327s| 12100 |  2467 |  1322k|8511k|  49 |  70 | 525 |1113 | 846 | 525 | 296 | 194 |5636 |2548 | 1.217540e+04 |      --      |    Inf 
 time | node  | left  |LP iter| mem |mdpt |frac |vars |cons |ccons|cols |rows |cuts |confs|strbr|  dualbound   | primalbound  |  gap   
  329s| 12200 |  2486 |  1333k|8543k|  49 |   - | 525 |1081 | 269 |   0 |   0 | 194 |5682 |2567 | 1.217540e+04 |      --      |    Inf 
  331s| 12300 |  2503 |  1342k|8567k|  49 |   - | 525 |1054 | 268 |   0 |   0 | 194 |5730 |2582 | 1.217540e+04 |      --      |    Inf 
  334s| 12400 |  2514 |  1356k|8588k|  49 |  28 | 525 |1059 | 330 | 525 | 296 | 194 |5801 |2600 | 1.217574e+04 |      --      |    Inf 
  336s| 12500 |  2533 |  1367k|8637k|  49 |   - | 525 |1038 | 199 | 525 | 296 | 194 |5851 |2601 | 1.217580e+04 |      --      |    Inf 
  338s| 12600 |  2560 |  1376k|8715k|  49 |   - | 525 |1035 | 194 |   0 |   0 | 194 |5891 |2601 | 1.217628e+04 |      --      |    Inf 
  341s| 12700 |  2580 |  1388k|8751k|  49 |   2 | 525 |1022 | 229 | 525 | 296 | 194 |5951 |2606 | 1.217630e+04 |      --      |    Inf 
  343s| 12800 |  2590 |  1398k|8796k|  49 |   - | 525 |1032 | 260 | 525 | 296 | 194 |6019 |2607 | 1.217643e+04 |      --      |    Inf 
  345s| 12900 |  2612 |  1407k|8829k|  49 |  33 | 525 |1026 | 308 | 525 | 296 | 194 |6063 |2609 | 1.217648e+04 |      --      |    Inf 
(node 12954) unresolved numerical troubles in LP 12219
  348s| 13000 |  2622 |  1422k|8861k|  49 |  46 | 525 |1004 | 379 | 525 | 296 | 194 |6123 |2611 | 1.217649e+04 |      --      |    Inf 
  350s| 13100 |  2641 |  1433k|8900k|  49 |   8 | 525 |1003 | 135 | 525 | 296 | 194 |6167 |2613 | 1.217655e+04 |      --      |    Inf 
  352s| 13200 |  2655 |  1444k|8931k|  49 |  48 | 525 | 973 | 322 | 525 | 296 | 194 |6216 |2623 | 1.217682e+04 |      --      |    Inf 
  353s| 13300 |  2670 |  1450k|9008k|  49 |  10 | 525 | 994 | 128 | 525 | 296 | 194 |6263 |2634 | 1.217682e+04 |      --      |    Inf 
  356s| 13400 |  2694 |  1461k|9062k|  49 |  18 | 525 | 995 | 185 | 525 | 296 | 194 |6306 |2649 | 1.217684e+04 |      --      |    Inf 
  359s| 13500 |  2707 |  1473k|9093k|  49 |   - | 525 |1004 | 339 |   0 |   0 | 194 |6341 |2671 | 1.217709e+04 |      --      |    Inf 
  361s| 13600 |  2729 |  1485k|9130k|  49 |  40 | 525 | 986 | 249 | 525 | 296 | 194 |6388 |2687 | 1.217750e+04 |      --      |    Inf 
 time | node  | left  |LP iter| mem |mdpt |frac |vars |cons |ccons|cols |rows |cuts |confs|strbr|  dualbound   | primalbound  |  gap   
  364s| 13700 |  2750 |  1497k|9184k|  49 |   - | 525 | 960 | 203 |   0 |   0 | 194 |6428 |2711 | 1.217763e+04 |      --      |    Inf 
  366s| 13800 |  2767 |  1505k|9212k|  49 |  32 | 525 | 978 | 306 | 525 | 296 | 194 |6483 |2720 | 1.217774e+04 |      --      |    Inf 
  368s| 13900 |  2781 |  1520k|9237k|  49 |  43 | 525 | 981 | 374 | 525 | 296 | 194 |6529 |2735 | 1.217783e+04 |      --      |    Inf 
  371s| 14000 |  2813 |  1530k|9289k|  49 |  32 | 525 | 968 | 439 | 525 | 296 | 194 |6578 |2746 | 1.217818e+04 |      --      |    Inf 
  373s| 14100 |  2837 |  1541k|9348k|  49 |  35 | 525 | 978 | 275 | 525 | 296 | 194 |6631 |2751 | 1.217818e+04 |      --      |    Inf 
  374s| 14200 |  2847 |  1549k|9363k|  49 |  28 | 525 | 976 | 274 | 525 | 296 | 194 |6698 |2752 | 1.217841e+04 |      --      |    Inf 
  377s| 14300 |  2874 |  1562k|9394k|  49 |  33 | 525 | 967 | 355 | 525 | 296 | 194 |6763 |2762 | 1.217843e+04 |      --      |    Inf 
  380s| 14400 |  2891 |  1575k|9435k|  49 |   - | 525 | 957 | 120 |   0 |   0 | 194 |6806 |2762 | 1.217849e+04 |      --      |    Inf 
  382s| 14500 |  2899 |  1585k|9461k|  49 |  17 | 525 | 981 | 162 | 525 | 296 | 194 |6868 |2762 | 1.217849e+04 |      --      |    Inf 
  385s| 14600 |  2920 |  1600k|9498k|  49 |  21 | 525 | 939 | 296 | 525 | 296 | 194 |6906 |2762 | 1.217864e+04 |      --      |    Inf 
  387s| 14700 |  2935 |  1610k|9527k|  49 |   - | 525 | 929 | 160 | 525 | 296 | 194 |6960 |2767 | 1.217864e+04 |      --      |    Inf 
  388s| 14800 |  2954 |  1619k|9555k|  49 |  41 | 525 | 922 | 319 | 525 | 296 | 194 |7009 |2767 | 1.217868e+04 |      --      |    Inf 
  391s| 14900 |  2978 |  1628k|9602k|  49 |  51 | 525 | 894 | 560 | 525 | 296 | 194 |7046 |2784 | 1.217891e+04 |      --      |    Inf 
  393s| 15000 |  3025 |  1641k|9665k|  49 |  41 | 525 | 876 | 386 | 525 | 296 | 194 |7092 |2802 | 1.217918e+04 |      --      |    Inf 
  396s| 15100 |  3048 |  1652k|9725k|  49 |  44 | 525 | 881 | 320 | 525 | 296 | 194 |7144 |2821 | 1.217943e+04 |      --      |    Inf 
 time | node  | left  |LP iter| mem |mdpt |frac |vars |cons |ccons|cols |rows |cuts |confs|strbr|  dualbound   | primalbound  |  gap   
  400s| 15200 |  3070 |  1665k|9774k|  49 |  37 | 525 | 865 | 396 | 525 | 296 | 194 |7208 |2839 | 1.217949e+04 |      --      |    Inf 
  401s| 15300 |  3088 |  1672k|9808k|  49 |  35 | 525 | 871 | 338 | 525 | 296 | 194 |7256 |2854 | 1.217965e+04 |      --      |    Inf 
  404s| 15400 |  3119 |  1684k|9859k|  49 |  11 | 525 | 864 | 221 | 525 | 296 | 194 |7320 |2875 | 1.218037e+04 |      --      |    Inf 
  407s| 15500 |  3134 |  1695k|9914k|  49 |  44 | 525 | 840 | 275 | 525 | 296 | 194 |7369 |2893 | 1.218087e+04 |      --      |    Inf 
  409s| 15600 |  3160 |  1709k|9980k|  49 |   - | 525 | 856 | 254 |   0 |   0 | 194 |7434 |2900 | 1.218146e+04 |      --      |    Inf 
  412s| 15700 |  3175 |  1721k|  10M|  49 |  30 | 525 | 836 | 339 | 525 | 296 | 194 |7511 |2904 | 1.218149e+04 |      --      |    Inf 
  415s| 15800 |  3206 |  1739k|  10M|  49 |   - | 525 | 833 | 325 |   0 |   0 | 194 |7557 |2904 | 1.218152e+04 |      --      |    Inf 
  417s| 15900 |  3235 |  1750k|  10M|  49 |  28 | 525 | 821 | 257 | 525 | 296 | 194 |7612 |2904 | 1.218171e+04 |      --      |    Inf 
  420s| 16000 |  3266 |  1765k|  10M|  49 |  11 | 525 | 785 | 173 | 525 | 296 | 194 |7654 |2904 | 1.218230e+04 |      --      |    Inf 
  422s| 16100 |  3273 |  1774k|  10M|  49 |  29 | 525 | 808 | 324 | 525 | 296 | 194 |7708 |2908 | 1.218230e+04 |      --      |    Inf 
  424s| 16200 |  3293 |  1786k|  10M|  49 |  47 | 525 | 776 | 480 | 525 | 296 | 194 |7753 |2909 | 1.218238e+04 |      --      |    Inf 
  427s| 16300 |  3320 |  1799k|  10M|  49 |  29 | 525 | 778 | 369 | 525 | 296 | 194 |7813 |2910 | 1.218242e+04 |      --      |    Inf 
  433s| 16400 |  3356 |  1825k|  10M|  49 |   - | 525 | 737 | 272 | 525 | 296 | 194 |7853 |2922 | 1.218263e+04 |      --      |    Inf 
  435s| 16500 |  3382 |  1837k|  10M|  49 |  19 | 525 | 743 | 228 | 525 | 296 | 194 |7909 |2942 | 1.218358e+04 |      --      |    Inf 
  438s| 16600 |  3410 |  1852k|  10M|  49 |  57 | 525 | 745 | 382 | 525 | 296 | 194 |7975 |2963 | 1.218360e+04 |      --      |    Inf 
 time | node  | left  |LP iter| mem |mdpt |frac |vars |cons |ccons|cols |rows |cuts |confs|strbr|  dualbound   | primalbound  |  gap   
  441s| 16700 |  3414 |  1862k|  10M|  49 |  45 | 525 | 764 | 347 | 525 | 296 | 194 |8022 |2974 | 1.218361e+04 |      --      |    Inf 
  444s| 16800 |  3425 |  1877k|  10M|  49 |  38 | 525 | 731 | 344 | 525 | 296 | 194 |8080 |2998 | 1.218366e+04 |      --      |    Inf 
  447s| 16900 |  3457 |  1890k|  10M|  49 |  30 | 525 | 721 | 287 | 525 | 296 | 194 |8144 |3016 | 1.218392e+04 |      --      |    Inf 
  450s| 17000 |  3478 |  1901k|  10M|  49 |  29 | 525 | 688 | 231 | 525 | 296 | 194 |8189 |3031 | 1.218412e+04 |      --      |    Inf 
  452s| 17100 |  3502 |  1911k|  10M|  49 |  42 | 525 | 683 | 240 | 525 | 296 | 194 |8248 |3044 | 1.218497e+04 |      --      |    Inf 
  455s| 17200 |  3524 |  1927k|  10M|  49 |  19 | 525 | 684 | 233 | 525 | 296 | 194 |8312 |3044 | 1.218547e+04 |      --      |    Inf 
  458s| 17300 |  3550 |  1939k|  10M|  49 |   8 | 525 | 684 |  89 | 525 | 296 | 194 |8358 |3045 | 1.218598e+04 |      --      |    Inf 
  460s| 17400 |  3568 |  1949k|  10M|  49 |  23 | 525 | 684 | 280 | 525 | 296 | 194 |8416 |3050 | 1.218637e+04 |      --      |    Inf 
  463s| 17500 |  3592 |  1965k|  10M|  49 |   - | 525 | 655 | 245 |   0 |   0 | 194 |8461 |3050 | 1.218658e+04 |      --      |    Inf 
  465s| 17600 |  3607 |  1977k|  10M|  49 |  49 | 525 | 657 | 315 | 525 | 296 | 194 |8514 |3050 | 1.218658e+04 |      --      |    Inf 
  467s| 17700 |  3630 |  1986k|  10M|  49 |  49 | 525 | 698 | 309 | 525 | 296 | 194 |8592 |3053 | 1.218659e+04 |      --      |    Inf 
  469s| 17800 |  3649 |  1997k|  10M|  49 |  39 | 525 | 672 | 375 | 525 | 296 | 194 |8645 |3069 | 1.218665e+04 |      --      |    Inf 
  471s| 17900 |  3659 |  2008k|  10M|  49 |   - | 525 | 690 | 163 |   0 |   0 | 194 |8697 |3069 | 1.218674e+04 |      --      |    Inf 
  474s| 18000 |  3672 |  2017k|  10M|  49 |  32 | 525 | 705 | 193 | 525 | 296 | 194 |8741 |3069 | 1.218674e+04 |      --      |    Inf 
  476s| 18100 |  3698 |  2028k|  11M|  49 |  18 | 525 | 728 | 236 | 525 | 296 | 194 |8802 |3084 | 1.218684e+04 |      --      |    Inf 
 time | node  | left  |LP iter| mem |mdpt |frac |vars |cons |ccons|cols |rows |cuts |confs|strbr|  dualbound   | primalbound  |  gap   
  479s| 18200 |  3715 |  2040k|  11M|  49 |   - | 525 | 714 | 108 | 525 | 296 | 194 |8845 |3097 | 1.218698e+04 |      --      |    Inf 
  482s| 18300 |  3744 |  2052k|  11M|  49 |  58 | 525 | 725 | 347 | 525 | 296 | 194 |8892 |3116 | 1.218708e+04 |      --      |    Inf 
  485s| 18400 |  3769 |  2066k|  11M|  49 |   - | 525 | 711 | 171 | 525 | 296 | 194 |8947 |3131 | 1.218731e+04 |      --      |    Inf 
  487s| 18500 |  3777 |  2076k|  11M|  49 |   - | 525 | 729 | 112 | 525 | 296 | 194 |8991 |3145 | 1.218793e+04 |      --      |    Inf 
  490s| 18600 |  3792 |  2089k|  11M|  49 |  20 | 525 | 763 | 151 | 525 | 296 | 194 |9080 |3159 | 1.218801e+04 |      --      |    Inf 
  492s| 18700 |  3803 |  2100k|  11M|  49 |   - | 525 | 745 |  87 |   0 |   0 | 194 |9141 |3166 | 1.218801e+04 |      --      |    Inf 
  494s| 18800 |  3829 |  2110k|  11M|  49 |  37 | 525 | 730 | 302 | 525 | 296 | 194 |9161 |3175 | 1.218816e+04 |      --      |    Inf 
  499s| 18900 |  3842 |  2118k|  11M|  49 |  46 | 525 | 740 | 316 | 525 | 296 | 194 |9222 |3178 | 1.218816e+04 |      --      |    Inf 
  501s| 19000 |  3844 |  2125k|  11M|  49 |   - | 525 | 735 | 256 | 525 | 296 | 194 |9289 |3183 | 1.218816e+04 |      --      |    Inf 
  503s| 19100 |  3857 |  2135k|  11M|  49 |   - | 525 | 727 | 350 |   0 |   0 | 194 |9327 |3193 | 1.218843e+04 |      --      |    Inf 
  505s| 19200 |  3872 |  2145k|  11M|  49 |  35 | 525 | 720 | 313 | 525 | 296 | 194 |9374 |3193 | 1.218897e+04 |      --      |    Inf 
  508s| 19300 |  3896 |  2159k|  11M|  49 |  32 | 525 | 681 | 355 | 525 | 296 | 194 |9416 |3194 | 1.218919e+04 |      --      |    Inf 
  512s| 19400 |  3912 |  2177k|  11M|  49 |   - | 525 | 683 | 186 |   0 |   0 | 194 |9473 |3194 | 1.218944e+04 |      --      |    Inf 
  513s| 19500 |  3928 |  2186k|  11M|  49 |   - | 525 | 678 | 226 | 525 | 296 | 194 |9523 |3194 | 1.218948e+04 |      --      |    Inf 
  515s| 19600 |  3941 |  2196k|  11M|  49 |  32 | 525 | 660 | 224 | 525 | 296 | 194 |9581 |3194 | 1.218948e+04 |      --      |    Inf 
 time | node  | left  |LP iter| mem |mdpt |frac |vars |cons |ccons|cols |rows |cuts |confs|strbr|  dualbound   | primalbound  |  gap   
  517s| 19700 |  3949 |  2204k|  11M|  49 |   - | 525 | 669 | 170 | 525 | 296 | 194 |9636 |3194 | 1.218948e+04 |      --      |    Inf 
  520s| 19800 |  3970 |  2218k|  11M|  49 |  20 | 525 | 674 | 236 | 525 | 296 | 194 |9706 |3207 | 1.218955e+04 |      --      |    Inf 
  523s| 19900 |  3983 |  2229k|  11M|  49 |  31 | 525 | 676 | 226 | 525 | 296 | 194 |9779 |3217 | 1.218955e+04 |      --      |    Inf 
  526s| 20000 |  4000 |  2240k|  11M|  49 |  53 | 525 | 686 | 368 | 525 | 296 | 194 |9828 |3229 | 1.218955e+04 |      --      |    Inf 
  528s| 20100 |  4029 |  2251k|  11M|  49 |  29 | 525 | 688 | 234 | 525 | 296 | 194 |9875 |3249 | 1.218980e+04 |      --      |    Inf 
  530s| 20200 |  4050 |  2261k|  11M|  49 |   7 | 525 | 693 | 150 | 525 | 296 | 194 |9929 |3264 | 1.218983e+04 |      --      |    Inf 
  533s| 20300 |  4074 |  2272k|  11M|  49 |   - | 525 | 718 | 122 |   0 |   0 | 194 |9979 |3281 | 1.219002e+04 |      --      |    Inf 
  535s| 20400 |  4086 |  2284k|  11M|  49 |   - | 525 | 727 | 231 | 525 | 296 | 194 |  10k|3298 | 1.219004e+04 |      --      |    Inf 
  537s| 20500 |  4101 |  2293k|  11M|  49 |  21 | 525 | 728 | 265 | 525 | 296 | 194 |  10k|3309 | 1.219013e+04 |      --      |    Inf 
  539s| 20600 |  4120 |  2303k|  11M|  49 |  44 | 525 | 707 | 324 | 525 | 296 | 194 |  10k|3309 | 1.219022e+04 |      --      |    Inf 
  541s| 20700 |  4132 |  2312k|  11M|  49 |   - | 525 | 704 | 238 | 525 | 296 | 194 |  10k|3309 | 1.219038e+04 |      --      |    Inf 
  544s| 20800 |  4158 |  2325k|  11M|  49 |  41 | 525 | 703 | 250 | 525 | 296 | 194 |  10k|3311 | 1.219057e+04 |      --      |    Inf 
  547s| 20900 |  4185 |  2341k|  11M|  49 |   - | 525 | 678 | 188 |   0 |   0 | 194 |  10k|3318 | 1.219136e+04 |      --      |    Inf 
  549s| 21000 |  4196 |  2352k|  11M|  49 |  50 | 525 | 670 | 351 | 525 | 296 | 194 |  10k|3319 | 1.219164e+04 |      --      |    Inf 
  552s| 21100 |  4225 |  2366k|  12M|  49 |  12 | 525 | 674 | 155 | 525 | 296 | 194 |  10k|3321 | 1.219184e+04 |      --      |    Inf 
 time | node  | left  |LP iter| mem |mdpt |frac |vars |cons |ccons|cols |rows |cuts |confs|strbr|  dualbound   | primalbound  |  gap   
  554s| 21200 |  4236 |  2378k|  12M|  49 |   - | 525 | 667 | 204 |   0 |   0 | 194 |  10k|3322 | 1.219188e+04 |      --      |    Inf 
  557s| 21300 |  4244 |  2388k|  12M|  49 |  38 | 525 | 667 | 259 | 525 | 296 | 194 |  10k|3326 | 1.219200e+04 |      --      |    Inf 
  559s| 21400 |  4250 |  2397k|  12M|  49 |  25 | 525 | 690 | 170 | 525 | 296 | 194 |  10k|3326 | 1.219204e+04 |      --      |    Inf 
  562s| 21500 |  4270 |  2411k|  12M|  49 |  10 | 525 | 699 | 166 | 525 | 296 | 194 |  10k|3340 | 1.219215e+04 |      --      |    Inf 
  565s| 21600 |  4298 |  2424k|  12M|  49 |   - | 525 | 699 | 219 |   0 |   0 | 194 |  10k|3359 | 1.219225e+04 |      --      |    Inf 
  568s| 21700 |  4316 |  2438k|  12M|  49 |   5 | 525 | 690 | 168 | 525 | 296 | 194 |  10k|3374 | 1.219230e+04 |      --      |    Inf 
  570s| 21800 |  4331 |  2448k|  12M|  49 |   - | 525 | 694 | 270 |   0 |   0 | 194 |  10k|3387 | 1.219236e+04 |      --      |    Inf 
  572s| 21900 |  4347 |  2458k|  12M|  49 |  41 | 525 | 689 | 280 | 525 | 296 | 194 |  10k|3399 | 1.219246e+04 |      --      |    Inf 
  574s| 22000 |  4368 |  2472k|  12M|  49 |   - | 525 | 654 | 333 | 525 | 296 | 194 |  10k|3415 | 1.219257e+04 |      --      |    Inf 
  577s| 22100 |  4383 |  2485k|  12M|  49 |   - | 525 | 624 | 175 |   0 |   0 | 194 |  10k|3427 | 1.219281e+04 |      --      |    Inf 
  580s| 22200 |  4405 |  2502k|  12M|  49 |  33 | 525 | 649 | 237 | 525 | 296 | 194 |  11k|3435 | 1.219314e+04 |      --      |    Inf 
  583s| 22300 |  4430 |  2514k|  12M|  49 |   - | 525 | 665 | 164 |   0 |   0 | 194 |  11k|3440 | 1.219329e+04 |      --      |    Inf 
  585s| 22400 |  4456 |  2527k|  12M|  49 |   - | 525 | 679 | 204 | 525 | 296 | 194 |  11k|3441 | 1.219339e+04 |      --      |    Inf 
  589s| 22500 |  4478 |  2544k|  12M|  49 |   - | 525 | 695 | 266 | 525 | 296 | 194 |  11k|3443 | 1.219355e+04 |      --      |    Inf 
  591s| 22600 |  4488 |  2558k|  12M|  49 |   - | 525 | 674 | 108 | 525 | 296 | 194 |  11k|3443 | 1.219357e+04 |      --      |    Inf 
 time | node  | left  |LP iter| mem |mdpt |frac |vars |cons |ccons|cols |rows |cuts |confs|strbr|  dualbound   | primalbound  |  gap   
  594s| 22700 |  4516 |  2569k|  12M|  49 |  42 | 525 | 672 | 282 | 525 | 296 | 194 |  11k|3443 | 1.219452e+04 |      --      |    Inf 
  596s| 22800 |  4545 |  2579k|  12M|  49 |  18 | 525 | 685 | 132 | 525 | 296 | 194 |  11k|3443 | 1.219460e+04 |      --      |    Inf 
  598s| 22900 |  4565 |  2590k|  12M|  49 |   - | 525 | 659 | 143 | 525 | 296 | 194 |  11k|3443 | 1.219505e+04 |      --      |    Inf 
  601s| 23000 |  4593 |  2603k|  12M|  49 |   - | 525 | 673 | 202 |   0 |   0 | 194 |  11k|3447 | 1.219522e+04 |      --      |    Inf 
  604s| 23100 |  4613 |  2621k|  12M|  49 |   - | 525 | 638 | 149 |   0 |   0 | 194 |  11k|3458 | 1.219536e+04 |      --      |    Inf 
  606s| 23200 |  4617 |  2630k|  12M|  49 |  27 | 525 | 634 | 213 | 525 | 296 | 194 |  11k|3468 | 1.219537e+04 |      --      |    Inf 
  608s| 23300 |  4634 |  2638k|  12M|  49 |  32 | 525 | 646 | 259 | 525 | 296 | 194 |  11k|3485 | 1.219547e+04 |      --      |    Inf 
  610s| 23400 |  4644 |  2645k|  12M|  49 |   - | 525 | 665 | 153 | 525 | 296 | 194 |  11k|3485 | 1.219550e+04 |      --      |    Inf 
  612s| 23500 |  4657 |  2658k|  12M|  49 |  14 | 525 | 631 | 347 | 525 | 296 | 194 |  11k|3503 | 1.219564e+04 |      --      |    Inf 
  615s| 23600 |  4661 |  2672k|  12M|  49 |   - | 525 | 626 |  70 |   0 |   0 | 194 |  11k|3518 | 1.219573e+04 |      --      |    Inf 
  618s| 23700 |  4671 |  2683k|  12M|  49 |   7 | 525 | 617 | 117 | 525 | 296 | 194 |  11k|3530 | 1.219597e+04 |      --      |    Inf 
  619s| 23800 |  4677 |  2690k|  12M|  49 |   - | 525 | 656 | 181 |   0 |   0 | 194 |  11k|3542 | 1.219597e+04 |      --      |    Inf 
  622s| 23900 |  4688 |  2701k|  12M|  49 |   - | 525 | 684 | 195 |   0 |   0 | 194 |  11k|3548 | 1.219601e+04 |      --      |    Inf 
  624s| 24000 |  4702 |  2709k|  12M|  49 |   - | 525 | 696 | 117 |   0 |   0 | 194 |  12k|3558 | 1.219622e+04 |      --      |    Inf 
  626s| 24100 |  4726 |  2719k|  12M|  49 |   - | 525 | 728 | 176 |   0 |   0 | 194 |  12k|3560 | 1.219632e+04 |      --      |    Inf 
 time | node  | left  |LP iter| mem |mdpt |frac |vars |cons |ccons|cols |rows |cuts |confs|strbr|  dualbound   | primalbound  |  gap   
  629s| 24200 |  4735 |  2728k|  12M|  49 |   - | 525 | 768 | 109 |   0 |   0 | 194 |  12k|3561 | 1.219632e+04 |      --      |    Inf 
  633s| 24300 |  4763 |  2745k|  13M|  49 |  13 | 525 | 765 | 168 | 525 | 296 | 194 |  12k|3563 | 1.219660e+04 |      --      |    Inf 
  635s| 24400 |  4782 |  2757k|  13M|  49 |  25 | 525 | 748 | 351 | 525 | 296 | 194 |  12k|3563 | 1.219663e+04 |      --      |    Inf 
  638s| 24500 |  4787 |  2767k|  13M|  49 |  12 | 525 | 769 | 134 | 525 | 296 | 194 |  12k|3564 | 1.219663e+04 |      --      |    Inf 
  640s| 24600 |  4795 |  2778k|  13M|  49 |   - | 525 | 779 | 375 | 525 | 296 | 194 |  12k|3564 | 1.219692e+04 |      --      |    Inf 
  642s| 24700 |  4814 |  2788k|  13M|  49 |   - | 525 | 783 | 175 |   0 |   0 | 194 |  12k|3564 | 1.219723e+04 |      --      |    Inf 
  645s| 24800 |  4827 |  2803k|  13M|  49 |  51 | 525 | 782 | 392 | 525 | 296 | 194 |  12k|3565 | 1.219739e+04 |      --      |    Inf 
  651s| 24900 |  4845 |  2820k|  13M|  49 |  40 | 525 | 749 | 381 | 525 | 296 | 194 |  12k|3565 | 1.219740e+04 |      --      |    Inf 
  653s| 25000 |  4856 |  2830k|  13M|  49 |   - | 525 | 750 | 150 | 525 | 296 | 194 |  12k|3577 | 1.219751e+04 |      --      |    Inf 
  655s| 25100 |  4882 |  2839k|  13M|  49 |  28 | 525 | 756 | 286 | 525 | 296 | 194 |  12k|3588 | 1.219770e+04 |      --      |    Inf 
  657s| 25200 |  4900 |  2851k|  13M|  49 |  44 | 525 | 776 | 282 | 525 | 296 | 194 |  12k|3604 | 1.219772e+04 |      --      |    Inf 
  660s| 25300 |  4915 |  2861k|  13M|  49 |  16 | 525 | 787 | 227 | 525 | 296 | 194 |  12k|3615 | 1.219790e+04 |      --      |    Inf 
  662s| 25400 |  4931 |  2871k|  13M|  49 |   7 | 525 | 782 | 189 | 525 | 296 | 194 |  12k|3628 | 1.219838e+04 |      --      |    Inf 
  666s| 25500 |  4947 |  2887k|  13M|  49 |  29 | 525 | 789 | 262 | 525 | 296 | 194 |  12k|3647 | 1.219870e+04 |      --      |    Inf 
  668s| 25600 |  4965 |  2898k|  13M|  49 |   - | 525 | 767 | 193 |   0 |   0 | 194 |  12k|3661 | 1.219921e+04 |      --      |    Inf 
 time | node  | left  |LP iter| mem |mdpt |frac |vars |cons |ccons|cols |rows |cuts |confs|strbr|  dualbound   | primalbound  |  gap   
  671s| 25700 |  4990 |  2911k|  13M|  49 |  39 | 525 | 726 | 273 | 525 | 296 | 194 |  12k|3675 | 1.219974e+04 |      --      |    Inf 
  675s| 25800 |  5009 |  2929k|  13M|  49 |   5 | 525 | 711 | 141 | 525 | 296 | 194 |  13k|3677 | 1.219979e+04 |      --      |    Inf 
  676s| 25900 |  5019 |  2937k|  13M|  49 |  25 | 525 | 740 | 455 | 525 | 296 | 194 |  13k|3683 | 1.219996e+04 |      --      |    Inf 
  679s| 26000 |  5052 |  2949k|  13M|  49 |   9 | 525 | 727 | 292 | 525 | 296 | 194 |  13k|3686 | 1.220007e+04 |      --      |    Inf 
  681s| 26100 |  5075 |  2961k|  13M|  49 |   - | 525 | 725 |  48 |   0 |   0 | 194 |  13k|3687 | 1.220036e+04 |      --      |    Inf 
  685s| 26200 |  5082 |  2979k|  13M|  49 |   - | 525 | 735 | 211 |   0 |   0 | 194 |  13k|3688 | 1.220038e+04 |      --      |    Inf 
  688s| 26300 |  5102 |  2998k|  13M|  49 |  35 | 525 | 685 | 200 | 525 | 296 | 194 |  13k|3689 | 1.220061e+04 |      --      |    Inf 
  691s| 26400 |  5115 |  3011k|  13M|  49 |   - | 525 | 688 | 103 |   0 |   0 | 194 |  13k|3689 | 1.220075e+04 |      --      |    Inf 
  693s| 26500 |  5136 |  3021k|  13M|  49 |  27 | 525 | 695 | 211 | 525 | 296 | 194 |  13k|3690 | 1.220079e+04 |      --      |    Inf 
  696s| 26600 |  5150 |  3035k|  13M|  49 |   - | 525 | 666 | 188 |   0 |   0 | 194 |  13k|3692 | 1.220080e+04 |      --      |    Inf 
  698s| 26700 |  5164 |  3043k|  13M|  49 |   - | 525 | 687 | 253 |   0 |   0 | 194 |  13k|3694 | 1.220096e+04 |      --      |    Inf 
  701s| 26800 |  5176 |  3057k|  13M|  49 |  45 | 525 | 672 | 232 | 525 | 296 | 194 |  13k|3695 | 1.220097e+04 |      --      |    Inf 
  704s| 26900 |  5189 |  3070k|  14M|  49 |  25 | 525 | 667 | 193 | 525 | 296 | 194 |  13k|3709 | 1.220110e+04 |      --      |    Inf 
  706s| 27000 |  5193 |  3079k|  14M|  49 |   - | 525 | 680 | 134 |   0 |   0 | 194 |  13k|3722 | 1.220110e+04 |      --      |    Inf 
  709s| 27100 |  5203 |  3094k|  14M|  49 |   7 | 525 | 689 | 133 | 525 | 296 | 194 |  13k|3741 | 1.220118e+04 |      --      |    Inf 
 time | node  | left  |LP iter| mem |mdpt |frac |vars |cons |ccons|cols |rows |cuts |confs|strbr|  dualbound   | primalbound  |  gap   
  711s| 27200 |  5210 |  3105k|  14M|  49 |   - | 525 | 680 | 329 |   0 |   0 | 194 |  13k|3748 | 1.220119e+04 |      --      |    Inf 
  714s| 27300 |  5220 |  3116k|  14M|  49 |  34 | 525 | 668 | 258 | 525 | 296 | 194 |  13k|3763 | 1.220124e+04 |      --      |    Inf 
  715s| 27400 |  5231 |  3122k|  14M|  49 |   - | 525 | 685 | 110 |   0 |   0 | 194 |  13k|3771 | 1.220128e+04 |      --      |    Inf 
  718s| 27500 |  5243 |  3134k|  14M|  49 |   - | 525 | 684 | 423 | 525 | 296 | 194 |  14k|3787 | 1.220135e+04 |      --      |    Inf 
  720s| 27600 |  5260 |  3144k|  14M|  49 |   - | 525 | 679 | 112 |   0 |   0 | 194 |  14k|3794 | 1.220139e+04 |      --      |    Inf 
  723s| 27700 |  5282 |  3156k|  14M|  49 |   - | 525 | 670 | 142 | 525 | 296 | 194 |  14k|3802 | 1.220178e+04 |      --      |    Inf 
  725s| 27800 |  5304 |  3165k|  14M|  49 |   - | 525 | 684 | 286 |   0 |   0 | 194 |  14k|3806 | 1.220217e+04 |      --      |    Inf 
  730s| 27900 |  5316 |  3188k|  14M|  49 |   - | 525 | 654 | 269 |   0 |   0 | 194 |  14k|3812 | 1.220225e+04 |      --      |    Inf 
  732s| 28000 |  5330 |  3196k|  14M|  49 |  16 | 525 | 665 | 150 | 525 | 296 | 194 |  14k|3812 | 1.220231e+04 |      --      |    Inf 
  734s| 28100 |  5347 |  3206k|  14M|  49 |   - | 525 | 652 |  81 |   0 |   0 | 194 |  14k|3814 | 1.220233e+04 |      --      |    Inf 
  736s| 28200 |  5362 |  3216k|  14M|  49 |   - | 525 | 673 | 185 |   0 |   0 | 194 |  14k|3814 | 1.220248e+04 |      --      |    Inf 
  738s| 28300 |  5386 |  3226k|  14M|  49 |   - | 525 | 694 |  98 | 525 | 296 | 194 |  14k|3815 | 1.220295e+04 |      --      |    Inf 
  741s| 28400 |  5406 |  3238k|  14M|  49 |   - | 525 | 690 | 130 | 525 | 296 | 194 |  14k|3817 | 1.220297e+04 |      --      |    Inf 
  743s| 28500 |  5428 |  3250k|  14M|  49 |   8 | 525 | 669 | 126 | 525 | 296 | 194 |  14k|3817 | 1.220331e+04 |      --      |    Inf 
  745s| 28600 |  5446 |  3261k|  14M|  49 |  35 | 525 | 685 | 250 | 525 | 296 | 194 |  14k|3817 | 1.220332e+04 |      --      |    Inf 
 time | node  | left  |LP iter| mem |mdpt |frac |vars |cons |ccons|cols |rows |cuts |confs|strbr|  dualbound   | primalbound  |  gap   
  748s| 28700 |  5459 |  3275k|  14M|  49 |   - | 525 | 688 | 185 |   0 |   0 | 194 |  14k|3817 | 1.220332e+04 |      --      |    Inf 
  750s| 28800 |  5481 |  3284k|  14M|  49 |   - | 525 | 696 | 160 | 525 | 296 | 194 |  14k|3817 | 1.220356e+04 |      --      |    Inf 
  754s| 28900 |  5508 |  3299k|  14M|  49 |  47 | 525 | 698 | 311 | 525 | 296 | 194 |  14k|3832 | 1.220403e+04 |      --      |    Inf 
  756s| 29000 |  5524 |  3312k|  14M|  49 |  54 | 525 | 697 | 444 | 525 | 296 | 194 |  14k|3848 | 1.220420e+04 |      --      |    Inf 
  759s| 29100 |  5538 |  3321k|  14M|  49 |  10 | 525 | 673 | 160 | 525 | 296 | 194 |  14k|3866 | 1.220423e+04 |      --      |    Inf 
  761s| 29200 |  5551 |  3331k|  14M|  49 |  36 | 525 | 669 | 282 | 525 | 296 | 194 |  14k|3870 | 1.220464e+04 |      --      |    Inf 
  763s| 29300 |  5560 |  3343k|  14M|  49 |  32 | 525 | 637 | 213 | 525 | 296 | 194 |  14k|3888 | 1.220464e+04 |      --      |    Inf 
  766s| 29400 |  5569 |  3353k|  14M|  49 |   - | 525 | 652 | 122 | 525 | 296 | 194 |  14k|3897 | 1.220470e+04 |      --      |    Inf 
  768s| 29500 |  5578 |  3364k|  14M|  49 |   - | 525 | 647 | 222 |   0 |   0 | 194 |  15k|3904 | 1.220487e+04 |      --      |    Inf 
  771s| 29600 |  5583 |  3377k|  14M|  49 |   - | 525 | 644 | 268 | 525 | 296 | 194 |  15k|3915 | 1.220505e+04 |      --      |    Inf 
  773s| 29700 |  5594 |  3387k|  15M|  49 |   - | 525 | 660 | 124 |   0 |   0 | 194 |  15k|3917 | 1.220505e+04 |      --      |    Inf 
  775s| 29800 |  5599 |  3399k|  15M|  49 |  58 | 525 | 652 | 241 | 525 | 296 | 194 |  15k|3917 | 1.220507e+04 |      --      |    Inf 
  778s| 29900 |  5627 |  3413k|  15M|  49 |  28 | 525 | 678 | 189 | 525 | 296 | 194 |  15k|3946 | 1.220520e+04 |      --      |    Inf 
  781s| 30000 |  5632 |  3423k|  15M|  49 |   - | 525 | 716 | 141 | 525 | 296 | 194 |  15k|3947 | 1.220525e+04 |      --      |    Inf 
  783s| 30100 |  5637 |  3433k|  15M|  49 |  23 | 525 | 741 | 192 | 525 | 296 | 194 |  15k|3948 | 1.220528e+04 |      --      |    Inf 
 time | node  | left  |LP iter| mem |mdpt |frac |vars |cons |ccons|cols |rows |cuts |confs|strbr|  dualbound   | primalbound  |  gap   
  785s| 30200 |  5645 |  3445k|  15M|  49 |  12 | 525 | 771 | 186 | 525 | 296 | 194 |  15k|3950 | 1.220537e+04 |      --      |    Inf 
  787s| 30300 |  5662 |  3456k|  15M|  49 |  13 | 525 | 764 | 148 | 525 | 296 | 194 |  15k|3951 | 1.220546e+04 |      --      |    Inf 
  789s| 30400 |  5673 |  3464k|  15M|  49 |   - | 525 | 763 |  92 | 525 | 296 | 194 |  15k|3952 | 1.220560e+04 |      --      |    Inf 
  791s| 30500 |  5680 |  3474k|  15M|  49 |  26 | 525 | 758 | 186 | 525 | 296 | 194 |  15k|3952 | 1.220562e+04 |      --      |    Inf 
  793s| 30600 |  5695 |  3483k|  15M|  49 |   - | 525 | 765 | 134 |   0 |   0 | 194 |  15k|3952 | 1.220562e+04 |      --      |    Inf 
  794s| 30700 |  5708 |  3492k|  15M|  49 |  29 | 525 | 767 | 331 | 525 | 296 | 194 |  15k|3952 | 1.220572e+04 |      --      |    Inf 
  797s| 30800 |  5723 |  3504k|  15M|  49 |   - | 525 | 775 | 115 | 525 | 296 | 194 |  15k|3952 | 1.220582e+04 |      --      |    Inf 
  798s| 30900 |  5732 |  3513k|  15M|  49 |  37 | 525 | 755 | 400 | 525 | 296 | 194 |  15k|3952 | 1.220590e+04 |      --      |    Inf 
  801s| 31000 |  5747 |  3524k|  15M|  49 |  34 | 525 | 723 | 306 | 525 | 296 | 194 |  15k|3964 | 1.220596e+04 |      --      |    Inf 
  803s| 31100 |  5765 |  3535k|  15M|  49 |   - | 525 | 727 | 213 |   0 |   0 | 194 |  15k|3977 | 1.220596e+04 |      --      |    Inf 
  805s| 31200 |  5776 |  3542k|  15M|  49 |   - | 525 | 782 | 157 | 525 | 296 | 194 |  15k|3985 | 1.220607e+04 |      --      |    Inf 
  807s| 31300 |  5790 |  3553k|  15M|  49 |  33 | 525 | 782 | 325 | 525 | 296 | 194 |  15k|3994 | 1.220619e+04 |      --      |    Inf 
  809s| 31400 |  5797 |  3563k|  15M|  49 |   - | 525 | 728 | 169 | 525 | 296 | 194 |  16k|4000 | 1.220629e+04 |      --      |    Inf 
  812s| 31500 |  5815 |  3574k|  15M|  49 |   - | 525 | 696 | 120 |   0 |   0 | 194 |  16k|4012 | 1.220663e+04 |      --      |    Inf 
  816s| 31600 |  5817 |  3590k|  15M|  49 |   - | 525 | 680 | 332 |   0 |   0 | 194 |  16k|4028 | 1.220671e+04 |      --      |    Inf 
 time | node  | left  |LP iter| mem |mdpt |frac |vars |cons |ccons|cols |rows |cuts |confs|strbr|  dualbound   | primalbound  |  gap   
  819s| 31700 |  5824 |  3604k|  15M|  49 |   - | 525 | 645 | 245 | 525 | 296 | 194 |  16k|4043 | 1.220686e+04 |      --      |    Inf 
  822s| 31800 |  5838 |  3616k|  15M|  49 |   - | 525 | 634 |  84 | 525 | 296 | 194 |  16k|4050 | 1.220690e+04 |      --      |    Inf 
  824s| 31900 |  5846 |  3627k|  15M|  49 |   - | 525 | 617 | 148 |   0 |   0 | 194 |  16k|4055 | 1.220695e+04 |      --      |    Inf 
  826s| 32000 |  5855 |  3637k|  15M|  49 |  37 | 525 | 621 | 217 | 525 | 296 | 194 |  16k|4058 | 1.220701e+04 |      --      |    Inf 
  830s| 32100 |  5864 |  3651k|  15M|  49 |   - | 525 | 624 | 172 | 525 | 296 | 194 |  16k|4059 | 1.220711e+04 |      --      |    Inf 
  832s| 32200 |  5876 |  3661k|  15M|  49 |  30 | 525 | 611 | 201 | 525 | 296 | 194 |  16k|4063 | 1.220739e+04 |      --      |    Inf 
  834s| 32300 |  5873 |  3670k|  15M|  49 |  30 | 525 | 591 | 226 | 525 | 296 | 194 |  16k|4063 | 1.220751e+04 |      --      |    Inf 
  837s| 32400 |  5883 |  3682k|  15M|  49 |  15 | 525 | 588 | 160 | 525 | 296 | 194 |  16k|4063 | 1.220753e+04 |      --      |    Inf 
  839s| 32500 |  5902 |  3691k|  15M|  49 |   - | 525 | 592 | 117 | 525 | 296 | 194 |  16k|4063 | 1.220761e+04 |      --      |    Inf 
  841s| 32600 |  5915 |  3699k|  15M|  49 |  55 | 525 | 620 | 405 | 525 | 296 | 194 |  16k|4065 | 1.220775e+04 |      --      |    Inf 
  843s| 32700 |  5930 |  3708k|  15M|  49 |  25 | 525 | 636 | 155 | 525 | 296 | 194 |  16k|4067 | 1.220779e+04 |      --      |    Inf 
  845s| 32800 |  5941 |  3718k|  15M|  49 |   - | 525 | 644 | 156 | 525 | 296 | 194 |  16k|4068 | 1.220803e+04 |      --      |    Inf 
  850s| 32900 |  5967 |  3738k|  15M|  49 |  31 | 525 | 660 | 258 | 525 | 296 | 194 |  16k|4068 | 1.220830e+04 |      --      |    Inf 
  853s| 33000 |  5982 |  3753k|  15M|  49 |  39 | 525 | 678 | 334 | 525 | 296 | 194 |  16k|4087 | 1.220853e+04 |      --      |    Inf 
  856s| 33100 |  5991 |  3767k|  15M|  49 |   - | 525 | 675 | 182 |   0 |   0 | 194 |  16k|4089 | 1.220873e+04 |      --      |    Inf 
 time | node  | left  |LP iter| mem |mdpt |frac |vars |cons |ccons|cols |rows |cuts |confs|strbr|  dualbound   | primalbound  |  gap   
  858s| 33200 |  6011 |  3775k|  16M|  49 |   4 | 525 | 684 | 161 | 525 | 296 | 194 |  17k|4106 | 1.220884e+04 |      --      |    Inf 
  860s| 33300 |  6024 |  3786k|  16M|  49 |  30 | 525 | 676 | 323 | 525 | 296 | 194 |  17k|4106 | 1.220898e+04 |      --      |    Inf 
  863s| 33400 |  6044 |  3800k|  16M|  49 |  46 | 525 | 658 | 344 | 525 | 296 | 194 |  17k|4118 | 1.220917e+04 |      --      |    Inf 
  866s| 33500 |  6055 |  3812k|  16M|  49 |   - | 525 | 653 | 106 |   0 |   0 | 194 |  17k|4135 | 1.220935e+04 |      --      |    Inf 
  869s| 33600 |  6064 |  3826k|  16M|  49 |   - | 525 | 663 | 172 |   0 |   0 | 194 |  17k|4151 | 1.220939e+04 |      --      |    Inf 
  871s| 33700 |  6076 |  3835k|  16M|  49 |   - | 525 | 654 | 121 |   0 |   0 | 194 |  17k|4159 | 1.220953e+04 |      --      |    Inf 
  874s| 33800 |  6090 |  3845k|  16M|  49 |   - | 525 | 659 | 140 | 525 | 296 | 194 |  17k|4170 | 1.220962e+04 |      --      |    Inf 
  875s| 33900 |  6093 |  3851k|  16M|  49 |  18 | 525 | 680 | 170 | 525 | 296 | 194 |  17k|4173 | 1.220962e+04 |      --      |    Inf 
  879s| 34000 |  6108 |  3872k|  16M|  49 |   7 | 525 | 650 | 235 | 525 | 296 | 194 |  17k|4179 | 1.220995e+04 |      --      |    Inf 
  881s| 34100 |  6111 |  3879k|  16M|  49 |  20 | 525 | 652 | 201 | 525 | 296 | 194 |  17k|4181 | 1.220995e+04 |      --      |    Inf 
  883s| 34200 |  6124 |  3893k|  16M|  49 |  23 | 525 | 676 | 201 | 525 | 296 | 194 |  17k|4182 | 1.220999e+04 |      --      |    Inf 
  886s| 34300 |  6137 |  3904k|  16M|  49 |   - | 525 | 658 | 133 |   0 |   0 | 194 |  17k|4184 | 1.221003e+04 |      --      |    Inf 
  888s| 34400 |  6154 |  3914k|  16M|  49 |  41 | 525 | 636 | 338 | 525 | 296 | 194 |  17k|4186 | 1.221012e+04 |      --      |    Inf 
  890s| 34500 |  6158 |  3922k|  16M|  49 |   - | 525 | 619 | 112 |   0 |   0 | 194 |  17k|4187 | 1.221034e+04 |      --      |    Inf 
  892s| 34600 |  6161 |  3930k|  16M|  49 |  29 | 525 | 634 | 248 | 525 | 296 | 194 |  17k|4187 | 1.221034e+04 |      --      |    Inf 
 time | node  | left  |LP iter| mem |mdpt |frac |vars |cons |ccons|cols |rows |cuts |confs|strbr|  dualbound   | primalbound  |  gap   
  893s| 34700 |  6171 |  3937k|  16M|  49 |   - | 525 | 645 |  96 |   0 |   0 | 194 |  17k|4187 | 1.221043e+04 |      --      |    Inf 
  895s| 34800 |  6172 |  3948k|  16M|  49 |  40 | 525 | 647 | 264 | 525 | 296 | 194 |  17k|4187 | 1.221054e+04 |      --      |    Inf 
  898s| 34900 |  6179 |  3964k|  16M|  49 |   - | 525 | 704 | 178 |   0 |   0 | 194 |  18k|4189 | 1.221077e+04 |      --      |    Inf 
  900s| 35000 |  6194 |  3973k|  16M|  49 |  14 | 525 | 731 | 146 | 525 | 296 | 194 |  18k|4191 | 1.221088e+04 |      --      |    Inf 
  902s| 35100 |  6197 |  3982k|  16M|  49 |  10 | 525 | 736 | 118 | 525 | 296 | 194 |  18k|4191 | 1.221090e+04 |      --      |    Inf 
  904s| 35200 |  6204 |  3991k|  16M|  49 |   9 | 525 | 736 | 180 | 525 | 296 | 194 |  18k|4191 | 1.221092e+04 |      --      |    Inf 
  906s| 35300 |  6213 |  4000k|  16M|  49 |  16 | 525 | 740 | 235 | 525 | 296 | 194 |  18k|4193 | 1.221094e+04 |      --      |    Inf 
  908s| 35400 |  6219 |  4008k|  16M|  49 |  50 | 525 | 738 | 392 | 525 | 296 | 194 |  18k|4205 | 1.221096e+04 |      --      |    Inf 
  910s| 35500 |  6238 |  4018k|  16M|  49 |  19 | 525 | 729 | 177 | 525 | 296 | 194 |  18k|4205 | 1.221106e+04 |      --      |    Inf 
  912s| 35600 |  6245 |  4028k|  16M|  49 |  15 | 525 | 735 | 146 | 525 | 296 | 194 |  18k|4216 | 1.221106e+04 |      --      |    Inf 
  915s| 35700 |  6258 |  4041k|  16M|  49 |  37 | 525 | 729 | 241 | 525 | 296 | 194 |  18k|4233 | 1.221113e+04 |      --      |    Inf 
  918s| 35800 |  6268 |  4055k|  16M|  49 |   - | 525 | 699 | 187 |   0 |   0 | 194 |  18k|4243 | 1.221156e+04 |      --      |    Inf 
  921s| 35900 |  6300 |  4068k|  16M|  49 |   3 | 525 | 674 | 142 | 525 | 296 | 194 |  18k|4258 | 1.221172e+04 |      --      |    Inf 
  923s| 36000 |  6312 |  4078k|  16M|  49 |  29 | 525 | 678 | 198 | 525 | 296 | 194 |  18k|4272 | 1.221174e+04 |      --      |    Inf 
  926s| 36100 |  6317 |  4091k|  16M|  49 |   - | 525 | 704 | 120 | 525 | 296 | 194 |  18k|4284 | 1.221190e+04 |      --      |    Inf 
 time | node  | left  |LP iter| mem |mdpt |frac |vars |cons |ccons|cols |rows |cuts |confs|strbr|  dualbound   | primalbound  |  gap   
  928s| 36200 |  6329 |  4102k|  16M|  49 |   2 | 525 | 712 | 165 | 525 | 296 | 194 |  18k|4294 | 1.221191e+04 |      --      |    Inf 
  930s| 36300 |  6336 |  4112k|  16M|  49 |   - | 525 | 710 | 185 | 525 | 296 | 194 |  18k|4298 | 1.221198e+04 |      --      |    Inf 
  932s| 36400 |  6347 |  4121k|  16M|  49 |  26 | 525 | 706 | 255 | 525 | 296 | 194 |  18k|4303 | 1.221198e+04 |      --      |    Inf 
  935s| 36500 |  6374 |  4138k|  16M|  49 |  43 | 525 | 693 | 209 | 525 | 296 | 194 |  18k|4304 | 1.221203e+04 |      --      |    Inf 
  938s| 36600 |  6384 |  4150k|  16M|  49 |  18 | 525 | 683 | 189 | 525 | 296 | 194 |  18k|4304 | 1.221208e+04 |      --      |    Inf 
  940s| 36700 |  6396 |  4160k|  16M|  49 |   - | 525 | 682 |  79 |   0 |   0 | 194 |  18k|4307 | 1.221213e+04 |      --      |    Inf 
  941s| 36800 |  6404 |  4169k|  16M|  49 |  20 | 525 | 676 | 182 | 525 | 296 | 194 |  18k|4307 | 1.221213e+04 |      --      |    Inf 
  943s| 36900 |  6410 |  4178k|  17M|  49 |   - | 525 | 702 | 134 |   0 |   0 | 194 |  19k|4307 | 1.221213e+04 |      --      |    Inf 
  946s| 37000 |  6416 |  4191k|  16M|  49 |  41 | 525 | 685 | 272 | 525 | 296 | 194 |  19k|4307 | 1.221220e+04 |      --      |    Inf 
  948s| 37100 |  6422 |  4201k|  17M|  49 |   - | 525 | 693 | 152 | 525 | 296 | 194 |  19k|4308 | 1.221228e+04 |      --      |    Inf 
  951s| 37200 |  6436 |  4214k|  17M|  49 |   - | 525 | 663 | 209 | 525 | 296 | 194 |  19k|4308 | 1.221230e+04 |      --      |    Inf 
  953s| 37300 |  6450 |  4224k|  17M|  49 |   - | 525 | 627 | 188 | 525 | 296 | 194 |  19k|4309 | 1.221244e+04 |      --      |    Inf 
  955s| 37400 |  6462 |  4234k|  17M|  49 |   - | 525 | 620 |  94 |   0 |   0 | 194 |  19k|4309 | 1.221244e+04 |      --      |    Inf 
  957s| 37500 |  6472 |  4243k|  17M|  49 |   - | 525 | 631 | 110 |   0 |   0 | 194 |  19k|4309 | 1.221261e+04 |      --      |    Inf 
  959s| 37600 |  6481 |  4250k|  17M|  49 |   - | 525 | 635 | 110 |   0 |   0 | 194 |  19k|4323 | 1.221269e+04 |      --      |    Inf 
 time | node  | left  |LP iter| mem |mdpt |frac |vars |cons |ccons|cols |rows |cuts |confs|strbr|  dualbound   | primalbound  |  gap   
  961s| 37700 |  6480 |  4259k|  17M|  49 |  21 | 525 | 665 | 317 | 525 | 296 | 194 |  19k|4323 | 1.221288e+04 |      --      |    Inf 
  963s| 37800 |  6485 |  4268k|  17M|  49 |   - | 525 | 656 | 183 | 525 | 296 | 194 |  19k|4334 | 1.221300e+04 |      --      |    Inf 
  967s| 37900 |  6490 |  4282k|  17M|  49 |  25 | 525 | 640 | 205 | 525 | 296 | 194 |  19k|4349 | 1.221315e+04 |      --      |    Inf 
  969s| 38000 |  6490 |  4290k|  17M|  49 |   - | 525 | 636 | 267 | 525 | 296 | 194 |  19k|4361 | 1.221319e+04 |      --      |    Inf 
  971s| 38100 |  6501 |  4302k|  17M|  49 |  41 | 525 | 633 | 415 | 525 | 296 | 194 |  19k|4370 | 1.221319e+04 |      --      |    Inf 
  973s| 38200 |  6494 |  4311k|  17M|  49 |  16 | 525 | 623 | 264 | 525 | 296 | 194 |  19k|4382 | 1.221327e+04 |      --      |    Inf 
  975s| 38300 |  6501 |  4321k|  17M|  49 |   4 | 525 | 625 | 159 | 525 | 296 | 194 |  19k|4390 | 1.221327e+04 |      --      |    Inf 
  978s| 38400 |  6505 |  4332k|  17M|  49 |   - | 525 | 639 | 182 |   0 |   0 | 194 |  19k|4401 | 1.221339e+04 |      --      |    Inf 
  981s| 38500 |  6515 |  4346k|  17M|  49 |  15 | 525 | 667 | 164 | 525 | 296 | 194 |  19k|4411 | 1.221339e+04 |      --      |    Inf 
  984s| 38600 |  6540 |  4366k|  17M|  49 |   - | 525 | 692 | 120 |   0 |   0 | 194 |  19k|4414 | 1.221350e+04 |      --      |    Inf 
  987s| 38700 |  6547 |  4377k|  17M|  49 |  47 | 525 | 678 | 272 | 525 | 296 | 194 |  20k|4418 | 1.221350e+04 |      --      |    Inf 
  989s| 38800 |  6549 |  4388k|  17M|  49 |   - | 525 | 691 | 247 | 525 | 296 | 194 |  20k|4421 | 1.221357e+04 |      --      |    Inf 
  991s| 38900 |  6558 |  4396k|  17M|  49 |  26 | 525 | 712 | 278 | 525 | 296 | 194 |  20k|4421 | 1.221376e+04 |      --      |    Inf 
  993s| 39000 |  6560 |  4406k|  17M|  49 |   - | 525 | 739 | 177 | 525 | 296 | 194 |  20k|4421 | 1.221397e+04 |      --      |    Inf 
  995s| 39100 |  6567 |  4417k|  17M|  49 |  35 | 525 | 724 | 254 | 525 | 296 | 194 |  20k|4424 | 1.221403e+04 |      --      |    Inf 
 time | node  | left  |LP iter| mem |mdpt |frac |vars |cons |ccons|cols |rows |cuts |confs|strbr|  dualbound   | primalbound  |  gap   
  997s| 39200 |  6567 |  4426k|  17M|  49 |   - | 525 | 721 | 176 | 525 | 296 | 194 |  20k|4424 | 1.221428e+04 |      --      |    Inf 
 1000s| 39300 |  6582 |  4441k|  17M|  49 |  16 | 525 | 733 | 212 | 525 | 296 | 194 |  20k|4425 | 1.221469e+04 |      --      |    Inf 
 1001s| 39400 |  6578 |  4447k|  17M|  49 |   - | 525 | 754 |  61 |   0 |   0 | 194 |  20k|4425 | 1.221473e+04 |      --      |    Inf 
 1003s| 39500 |  6589 |  4458k|  17M|  49 |   - | 525 | 780 | 106 | 525 | 296 | 194 |  20k|4425 | 1.221482e+04 |      --      |    Inf 
 1006s| 39600 |  6603 |  4468k|  17M|  49 |   - | 525 | 752 | 271 |   0 |   0 | 194 |  20k|4426 | 1.221500e+04 |      --      |    Inf 
 1010s| 39700 |  6631 |  4486k|  17M|  49 |   - | 525 | 721 | 190 | 525 | 296 | 194 |  20k|4427 | 1.221530e+04 |      --      |    Inf 
 1013s| 39800 |  6636 |  4499k|  17M|  49 |   - | 525 | 712 | 124 | 525 | 296 | 194 |  20k|4427 | 1.221548e+04 |      --      |    Inf 
 1015s| 39900 |  6632 |  4511k|  17M|  49 |   - | 525 | 721 | 100 | 525 | 296 | 194 |  20k|4432 | 1.221599e+04 |      --      |    Inf 
 1017s| 40000 |  6641 |  4521k|  17M|  49 |   - | 525 | 744 | 147 |   0 |   0 | 194 |  20k|4445 | 1.221614e+04 |      --      |    Inf 
 1019s| 40100 |  6655 |  4530k|  17M|  49 |   - | 525 | 767 | 214 | 525 | 296 | 194 |  20k|4450 | 1.221626e+04 |      --      |    Inf 
 1021s| 40200 |  6657 |  4541k|  17M|  49 |   - | 525 | 753 | 162 |   0 |   0 | 194 |  20k|4461 | 1.221635e+04 |      --      |    Inf 
 1024s| 40300 |  6676 |  4552k|  17M|  49 |  34 | 525 | 767 | 295 | 525 | 296 | 194 |  20k|4474 | 1.221652e+04 |      --      |    Inf 
 1026s| 40400 |  6673 |  4560k|  17M|  49 |   - | 525 | 780 | 124 |   0 |   0 | 194 |  21k|4478 | 1.221652e+04 |      --      |    Inf 
 1028s| 40500 |  6677 |  4569k|  17M|  49 |  12 | 525 | 778 | 160 | 525 | 296 | 194 |  21k|4491 | 1.221678e+04 |      --      |    Inf 
 1028s| 40600 |  6674 |  4571k|  17M|  51 |  15 | 525 | 804 | 150 | 525 | 296 | 194 |  21k|4491 | 1.221678e+04 |      --      |    Inf 
 time | node  | left  |LP iter| mem |mdpt |frac |vars |cons |ccons|cols |rows |cuts |confs|strbr|  dualbound   | primalbound  |  gap   
 1032s| 40700 |  6681 |  4590k|  17M|  51 |  18 | 525 | 780 | 224 | 525 | 296 | 194 |  21k|4499 | 1.221686e+04 |      --      |    Inf 
 1034s| 40800 |  6687 |  4599k|  17M|  51 |  34 | 525 | 775 | 242 | 525 | 296 | 194 |  21k|4508 | 1.221686e+04 |      --      |    Inf 
 1036s| 40900 |  6687 |  4607k|  17M|  51 |  30 | 525 | 729 | 321 | 525 | 296 | 194 |  21k|4517 | 1.221686e+04 |      --      |    Inf 
 1038s| 41000 |  6701 |  4616k|  17M|  51 |  27 | 525 | 740 | 227 | 525 | 296 | 194 |  21k|4525 | 1.221700e+04 |      --      |    Inf 
 1040s| 41100 |  6704 |  4625k|  17M|  51 |   - | 525 | 749 | 259 | 525 | 296 | 194 |  21k|4534 | 1.221700e+04 |      --      |    Inf 
 1042s| 41200 |  6726 |  4636k|  17M|  51 |  24 | 525 | 751 | 215 | 525 | 296 | 194 |  21k|4535 | 1.221726e+04 |      --      |    Inf 
 1044s| 41300 |  6728 |  4644k|  17M|  51 |  25 | 525 | 761 | 189 | 525 | 296 | 194 |  21k|4542 | 1.221726e+04 |      --      |    Inf 
 1047s| 41400 |  6743 |  4660k|  18M|  51 |   - | 525 | 779 | 205 |   0 |   0 | 194 |  21k|4546 | 1.221730e+04 |      --      |    Inf 
 1050s| 41500 |  6752 |  4674k|  18M|  51 |  46 | 525 | 781 | 230 | 525 | 296 | 194 |  21k|4546 | 1.221735e+04 |      --      |    Inf 
 1053s| 41600 |  6751 |  4685k|  18M|  51 |   - | 525 | 777 | 141 |   0 |   0 | 194 |  21k|4547 | 1.221757e+04 |      --      |    Inf 
 1055s| 41700 |  6752 |  4695k|  18M|  51 |   - | 525 | 758 | 257 |   0 |   0 | 194 |  21k|4548 | 1.221787e+04 |      --      |    Inf 
 1057s| 41800 |  6746 |  4703k|  18M|  51 |  36 | 525 | 729 | 228 | 525 | 296 | 194 |  21k|4548 | 1.221801e+04 |      --      |    Inf 
 1061s| 41900 |  6760 |  4723k|  18M|  51 |  25 | 525 | 721 | 236 | 525 | 296 | 194 |  21k|4551 | 1.221829e+04 |      --      |    Inf 
 1063s| 42000 |  6742 |  4731k|  18M|  51 |   - | 525 | 697 | 183 |   0 |   0 | 194 |  21k|4551 | 1.221833e+04 |      --      |    Inf 
 1065s| 42100 |  6755 |  4744k|  18M|  51 |   - | 525 | 697 | 144 | 525 | 296 | 194 |  21k|4551 | 1.221858e+04 |      --      |    Inf 
 time | node  | left  |LP iter| mem |mdpt |frac |vars |cons |ccons|cols |rows |cuts |confs|strbr|  dualbound   | primalbound  |  gap   
 1067s| 42200 |  6749 |  4752k|  18M|  51 |  10 | 525 | 705 | 171 | 525 | 296 | 194 |  22k|4551 | 1.221860e+04 |      --      |    Inf 
 1069s| 42300 |  6761 |  4760k|  18M|  51 |  41 | 525 | 697 | 270 | 525 | 296 | 194 |  22k|4552 | 1.221860e+04 |      --      |    Inf 
 1071s| 42400 |  6767 |  4769k|  18M|  51 |  27 | 525 | 697 | 143 | 525 | 296 | 194 |  22k|4552 | 1.221860e+04 |      --      |    Inf 
 1073s| 42500 |  6778 |  4779k|  18M|  51 |  44 | 525 | 731 | 207 | 525 | 296 | 194 |  22k|4569 | 1.221870e+04 |      --      |    Inf 
 1075s| 42600 |  6774 |  4787k|  18M|  51 |  40 | 525 | 754 | 256 | 525 | 296 | 194 |  22k|4569 | 1.221871e+04 |      --      |    Inf 
 1077s| 42700 |  6788 |  4796k|  18M|  51 |  43 | 525 | 788 | 343 | 525 | 296 | 194 |  22k|4569 | 1.221880e+04 |      --      |    Inf 
 1079s| 42800 |  6788 |  4807k|  18M|  51 |  30 | 525 | 776 | 310 | 525 | 296 | 194 |  22k|4580 | 1.221880e+04 |      --      |    Inf 
 1081s| 42900 |  6797 |  4815k|  18M|  51 |  34 | 525 | 781 | 218 | 525 | 296 | 194 |  22k|4591 | 1.221882e+04 |      --      |    Inf 
 1083s| 43000 |  6803 |  4825k|  18M|  51 |  38 | 525 | 846 | 257 | 525 | 296 | 194 |  22k|4597 | 1.221886e+04 |      --      |    Inf 
 1085s| 43100 |  6819 |  4834k|  18M|  51 |  59 | 525 | 854 | 283 | 525 | 296 | 194 |  22k|4605 | 1.221887e+04 |      --      |    Inf 
 1088s| 43200 |  6819 |  4846k|  18M|  51 |   - | 525 | 851 | 259 |   0 |   0 | 194 |  22k|4619 | 1.221893e+04 |      --      |    Inf 
 1090s| 43300 |  6827 |  4854k|  18M|  51 |   6 | 525 | 870 | 161 | 525 | 296 | 194 |  22k|4627 | 1.221916e+04 |      --      |    Inf 
 1091s| 43400 |  6839 |  4864k|  18M|  51 |   - | 525 | 848 | 189 | 525 | 296 | 194 |  22k|4638 | 1.221934e+04 |      --      |    Inf 
 1094s| 43500 |  6840 |  4875k|  18M|  51 |  28 | 525 | 815 | 307 | 525 | 296 | 194 |  22k|4648 | 1.221945e+04 |      --      |    Inf 
 1096s| 43600 |  6847 |  4884k|  18M|  51 |  20 | 525 | 784 | 266 | 525 | 296 | 194 |  22k|4656 | 1.221955e+04 |      --      |    Inf 
 time | node  | left  |LP iter| mem |mdpt |frac |vars |cons |ccons|cols |rows |cuts |confs|strbr|  dualbound   | primalbound  |  gap   
 1098s| 43700 |  6836 |  4891k|  18M|  51 |   - | 525 | 775 | 207 |   0 |   0 | 194 |  22k|4657 | 1.221955e+04 |      --      |    Inf 
 1100s| 43800 |  6845 |  4902k|  18M|  51 |  16 | 525 | 765 | 162 | 525 | 296 | 194 |  22k|4657 | 1.221975e+04 |      --      |    Inf 
 1102s| 43900 |  6848 |  4914k|  18M|  51 |   - | 525 | 769 | 166 | 525 | 296 | 194 |  22k|4659 | 1.221995e+04 |      --      |    Inf 
 1104s| 44000 |  6866 |  4921k|  18M|  51 |   - | 525 | 748 | 142 | 525 | 296 | 194 |  23k|4659 | 1.222008e+04 |      --      |    Inf 
 1106s| 44100 |  6868 |  4933k|  18M|  51 |   - | 525 | 708 | 149 | 525 | 296 | 194 |  23k|4660 | 1.222018e+04 |      --      |    Inf 
 1110s| 44200 |  6875 |  4949k|  18M|  51 |  41 | 525 | 676 | 225 | 525 | 296 | 194 |  23k|4662 | 1.222020e+04 |      --      |    Inf 
 1112s| 44300 |  6880 |  4957k|  18M|  51 |   6 | 525 | 702 | 127 | 525 | 296 | 194 |  23k|4662 | 1.222024e+04 |      --      |    Inf 
(node 44312) unresolved numerical troubles in LP 45810

SCIP Status        : solving was interrupted [time limit reached]
Solving Time (sec) : 10000.01
Solving Nodes      : 44312
Primal Bound       : +1.00000000000000e+20 (0 solutions)
Dual Bound         : +1.22202411351082e+04
Gap                : infinite

primal solution:
================

no solution available

Statistics
==========

SCIP Status        : solving was interrupted [time limit reached]
Solving Time       :   10000.01
Original Problem   :
  Problem name     : labtel
  Variables        : 530 (273 binary, 0 integer, 0 implicit integer, 257 continuous)
  Constraints      : 196 initial, 196 maximal
Presolved Problem  :
  Problem name     : t_labtel
  Variables        : 525 (273 binary, 0 integer, 0 implicit integer, 252 continuous)
  Constraints      : 192 initial, 1907 maximal
Presolvers         :       Time  FixedVars   AggrVars   ChgTypes  ChgBounds   AddHoles    DelCons   ChgSides   ChgCoefs
  trivial          :       0.00          0          0          0          0          0          0          0          0
  dualfix          :       0.00          0          0          0          0          0          0          0          0
  boundshift       :       0.00          0          0          0          0          0          0          0          0
  inttobinary      :       0.00          0          0          0          0          0          0          0          0
  implics          :       0.00          0          0          0          0          0          0          0          0
  probing          :       0.02          0          0          0          0          0          0          0          0
  knapsack         :       0.01          0          0          0          0          0          0          0          0
  setppc           :       0.00          0          0          0          0          0          0          0          0
  linear           :       0.01          0          5          0          4          0          4          3         42
  logicor          :       0.00          0          0          0          0          0          0          0          0
  bounddisjunction :       0.00          0          0          0          0          0          0          0          0
  root node        :          -          0          -          -          0          -          -          -          -
Constraints        :     Number  #Separate #Propagate    #EnfoLP    #EnfoPS    Cutoffs    DomReds       Cuts      Conss   Children
  integral         :          0          0          0      26336          0         21        280          0          0      52256
  knapsack         :          1         13     154739          0          1         90      17667          0          0          0
  setppc           :         42         13     183595          0          1        459    1134565          0          0          0
  linear           :        149         13     188932          0          0      12352    2844335          2          0          0
  logicor          :          0+         0      70150          0          0        385      11633          0          0          0
  bounddisjunction :          0+         0      48685          0          0         10       6288          0          0          0
  countsols        :          0          0          0          0          1          0          0          0          0          0
Constraint Timings :  TotalTime   Separate  Propagate     EnfoLP     EnfoPS
  integral         :      73.17       0.00       0.00      73.17       0.00
  knapsack         :       0.31       0.00       0.31       0.00       0.00
  setppc           :       6.11       0.00       6.11       0.00       0.00
  linear           :      34.01       0.02      33.99       0.00       0.00
  logicor          :       4.16       0.00       4.16       0.00       0.00
  bounddisjunction :       0.58       0.00       0.58       0.00       0.00
  countsols        :       0.00       0.00       0.00       0.00       0.00
Propagators        :       Time      Calls    Cutoffs    DomReds
  rootredcost      :       0.10          0          0          0
  pseudoobj        :       3.16     189973          0          0
Conflict Analysis  :       Time      Calls    Success  Conflicts   Literals    Reconvs ReconvLits   LP Iters
  propagation      :       5.17      13296      12500      91680       55.2        268       47.6          -
  infeasible LP    :       2.26       8108        342       2848       32.5          2       98.5          0
  bound exceed. LP :       0.00          0          0          0        0.0          0        0.0          0
  strong branching :       0.00          0          0          0        0.0          0        0.0          0
  pseudo solution  :       0.00          0          0          0        0.0          0        0.0          -
  applied globally :          -          -          -      22399       17.2          -          -          -
  applied locally  :          -          -          -        810      133.4          -          -          -
Separators         :       Time      Calls    Cutoffs    DomReds       Cuts      Conss
  cut pool         :       0.01         12          -          -         53          -    (maximal pool size: 381)
  redcost          :       0.74      26619          0       1608          0          0
  impliedbounds    :       0.00         13          0          0          0          0
  intobj           :       0.00          0          0          0          0          0
  gomory           :       0.16         13          0          0         11          0
  strongcg         :       0.10         13          0          0          0          0
  cmir             :       1.24         10          0          0        321          0
  flowcover        :       1.27         10          0          0         64          0
  clique           :       0.01         13          0          0          0          0
  zerohalf         :       0.00          0          0          0          0          0
  mcf              :       0.00          0          0          0          0          0
Pricers            :       Time      Calls       Vars
  problem variables:       0.00          0          0
Branching Rules    :       Time      Calls    Cutoffs    DomReds       Cuts      Conss   Children
  relpscost        :      73.06      26336         21        280          0          0      52256
  pscost           :       0.00          0          0          0          0          0          0
  inference        :       0.00          1          0          0          0          0          2
  mostinf          :       0.00          0          0          0          0          0          0
  leastinf         :       0.00          0          0          0          0          0          0
  fullstrong       :       0.00          0          0          0          0          0          0
  allfullstrong    :       0.00          0          0          0          0          0          0
  random           :       0.00          0          0          0          0          0          0
Primal Heuristics  :       Time      Calls      Found
  LP solutions     :       0.00          -          0
  pseudo solutions :       0.00          -          0
  oneopt           :       0.06          0          0
  crossover        :       0.04          0          0
  guideddiving     :       0.00          0          0
  feaspump         :      12.23         23          0
  rootsoldiving    :      15.12         25          0
  objpscostdiving  :      10.66         43          0
  fracdiving       :      13.95        159          0
  veclendiving     :      17.63        160          0
  linesearchdiving :       7.38        160          0
  coefdiving       :       7.90        160          0
  pscostdiving     :       9.64        160          0
  simplerounding   :       0.08          0          0
  rounding         :       0.19       2261          0
  shifting         :       0.60        675          0
  intshifting      :       0.48         29          0
  fixandinfer      :       0.00          0          0
  intdiving        :       0.00          0          0
  actconsdiving    :       0.00          0          0
  octane           :       0.00          0          0
  rens             :       2.97          1          0
  rins             :       0.00          0          0
  localbranching   :       0.00          0          0
  mutation         :       0.00          0          0
  dins             :       0.00          0          0
LP                 :       Time      Calls Iterations  Iter/call   Iter/sec
  primal LP        :       0.17          8        224      28.00    1317.65
  dual LP          :    9743.15      37512    9264755     246.98     950.90
  barrier LP       :       0.00          0          0       0.00          -
  diving/probing LP:      89.03       8290     460341      55.53    5170.63
  strong branching :      71.69       4662     469668     100.74    6551.37
    (at root node) :          -         18       1998     111.00          -
  conflict analysis:       0.00          0          0       0.00          -
B&B Tree           :
  number of runs   :          1
  nodes            :      44312
  nodes (total)    :      44312
  nodes left       :       6875
  max depth        :         51
  max depth (total):         51
  backtracks       :       6681 (15.1%)
  delayed cutoffs  :       1072
  repropagations   :      28767 (355237 domain reductions, 972 cutoffs)
  avg switch length:       5.98
  switching time   :      17.17
Solution           :
  Solutions found  :          0 (0 improvements)
  Primal Bound     :          -
  Dual Bound       : +1.22202411351082e+04
  Gap              :   infinite
  Root Dual Bound  : +1.21289801100027e+04
