HmaxDs = 0.500000
HmaxUB_percent = 1.013137
HmaxUB_real = 2001.908055
FTnetDs = 1.000000
FTnetUB_percent = 1.931587
FTnetUB_real = 4568.512309
TIFgap = 0.400000
LimCIPF = 69.32811522
SCIP version 1.1.0 [precision: 8 byte] [memory: block] [mode: optimized] [LP solver: Clp 1.8.2]
Copyright (c) 2002-2008 Konrad-Zuse-Zentrum fuer Informationstechnik Berlin (ZIB)

reading user parameter file </home/fabio/docs/hierarquia/models/scip.set>

read problem <data.N30.I1.s1.cluster2.T6.GL3.W3.TIFgap0.4.mps.gz>
============

original problem has 920 variables (465 bin, 0 int, 0 impl, 455 cont) and 265 constraints

solve problem
=============

presolving:
(round 1) 3 del vars, 3 del conss, 64 chg bounds, 0 chg sides, 75 chg coeffs, 0 upgd conss, 0 impls, 90 clqs
(round 2) 5 del vars, 3 del conss, 64 chg bounds, 1 chg sides, 75 chg coeffs, 0 upgd conss, 0 impls, 90 clqs
(round 3) 5 del vars, 3 del conss, 64 chg bounds, 3 chg sides, 75 chg coeffs, 0 upgd conss, 0 impls, 90 clqs
(round 4) 5 del vars, 4 del conss, 64 chg bounds, 3 chg sides, 75 chg coeffs, 91 upgd conss, 0 impls, 90 clqs
presolving (5 rounds):
 5 deleted vars, 4 deleted constraints, 64 tightened bounds, 0 added holes, 3 changed sides, 75 changed coefficients
 30767 implications, 90 cliques
presolved problem has 915 variables (465 bin, 0 int, 0 impl, 450 cont) and 261 constraints
      1 constraints of type <knapsack>
     90 constraints of type <setppc>
    170 constraints of type <linear>
Presolving Time: 0.41

 time | node  | left  |LP iter| mem |mdpt |frac |vars |cons |ccons|cols |rows |cuts |confs|strbr|  dualbound   | primalbound  |  gap   
  0.5s|     1 |     0 |   312 |2930k|   0 | 118 | 915 | 261 | 261 | 915 | 261 |   0 |   0 |   0 | 2.841718e+01 |      --      |    Inf 
  1.2s|     1 |     0 |  3786 |3215k|   0 | 114 | 915 | 261 | 261 | 915 | 301 |  40 |   0 |   0 | 4.455944e+01 |      --      |    Inf 
  1.5s|     1 |     0 |  3990 |3305k|   0 | 129 | 915 | 261 | 261 | 915 | 322 |  61 |   0 |   0 | 5.554046e+01 |      --      |    Inf 
  1.9s|     1 |     0 |  4154 |3346k|   0 | 128 | 915 | 261 | 261 | 915 | 341 |  80 |   0 |   0 | 6.209574e+01 |      --      |    Inf 
  2.3s|     1 |     0 |  4207 |3361k|   0 | 125 | 915 | 261 | 261 | 915 | 349 |  88 |   0 |   0 | 6.293158e+01 |      --      |    Inf 
  2.8s|     1 |     0 |  4316 |3370k|   0 | 119 | 915 | 261 | 261 | 915 | 354 |  93 |   0 |   0 | 6.567075e+01 |      --      |    Inf 
  3.2s|     1 |     0 |  4435 |3382k|   0 | 125 | 915 | 261 | 261 | 915 | 360 |  99 |   0 |   0 | 6.854280e+01 |      --      |    Inf 
  3.7s|     1 |     0 |  4451 |3386k|   0 | 123 | 915 | 261 | 261 | 915 | 362 | 101 |   0 |   0 | 6.863894e+01 |      --      |    Inf 
  4.2s|     1 |     0 |  4576 |3397k|   0 | 125 | 915 | 261 | 261 | 915 | 367 | 106 |   0 |   0 | 9.370158e+01 |      --      |    Inf 
  4.8s|     1 |     0 |  4590 |3402k|   0 | 118 | 915 | 261 | 261 | 915 | 369 | 108 |   0 |   0 | 9.388778e+01 |      --      |    Inf 
  7.5s|     1 |     2 |  4595 |3409k|   0 | 118 | 915 | 261 | 261 | 915 | 369 | 108 |   0 |  17 | 9.388778e+01 |      --      |    Inf 
 30.1s|   100 |    26 | 21604 |3525k|  19 |   - | 915 | 310 | 174 | 915 | 315 | 108 |  55 |1014 | 1.048991e+02 |      --      |    Inf 
 33.1s|   200 |    46 | 29475 |3606k|  29 |   - | 915 | 345 | 102 |   0 |   0 | 108 |  90 |1081 | 1.048991e+02 |      --      |    Inf 
 35.5s|   300 |    67 | 38214 |3641k|  29 |  27 | 915 | 359 | 161 | 915 | 315 | 108 | 104 |1102 | 1.048991e+02 |      --      |    Inf 
 38.6s|   400 |    80 | 48230 |3685k|  29 |  36 | 915 | 367 | 196 | 915 | 315 | 108 | 112 |1144 | 1.048991e+02 |      --      |    Inf 
 time | node  | left  |LP iter| mem |mdpt |frac |vars |cons |ccons|cols |rows |cuts |confs|strbr|  dualbound   | primalbound  |  gap   
 42.4s|   500 |    93 | 61330 |3721k|  29 |  61 | 915 | 373 | 228 | 915 | 315 | 108 | 118 |1196 | 1.048991e+02 |      --      |    Inf 
 45.0s|   600 |   120 | 71354 |3785k|  29 |  73 | 915 | 378 | 224 | 915 | 315 | 108 | 123 |1220 | 1.048991e+02 |      --      |    Inf 
 48.8s|   700 |   134 | 82894 |3810k|  29 |   - | 915 | 388 | 162 | 915 | 315 | 108 | 133 |1267 | 1.091154e+02 |      --      |    Inf 
 52.1s|   800 |   150 | 93254 |3849k|  32 |  47 | 915 | 396 | 209 | 915 | 315 | 108 | 141 |1289 | 1.091154e+02 |      --      |    Inf 
 54.9s|   900 |   187 |101888 |3919k|  37 |   - | 915 | 405 | 221 |   0 |   0 | 108 | 150 |1327 | 1.583817e+02 |      --      |    Inf 
 57.0s|  1000 |   214 |110172 |3957k|  37 |   - | 915 | 416 | 115 | 915 | 315 | 108 | 161 |1351 | 1.586264e+02 |      --      |    Inf 
 60.1s|  1100 |   239 |118167 |4005k|  37 |   - | 915 | 426 | 127 | 915 | 315 | 108 | 171 |1369 | 1.606837e+03 |      --      |    Inf 
 62.3s|  1200 |   263 |126054 |4038k|  37 |   - | 915 | 427 | 183 | 915 | 315 | 108 | 172 |1370 | 1.627315e+03 |      --      |    Inf 
 63.9s|  1300 |   295 |132337 |4091k|  37 |   - | 915 | 427 | 119 | 915 | 315 | 108 | 172 |1370 | 1.673431e+03 |      --      |    Inf 
 67.0s|  1400 |   325 |142725 |4131k|  37 |  29 | 915 | 427 | 172 | 915 | 315 | 108 | 172 |1412 | 1.700062e+03 |      --      |    Inf 
 68.4s|  1500 |   345 |147616 |4155k|  37 |  31 | 915 | 427 | 150 | 915 | 315 | 108 | 172 |1435 | 1.716801e+03 |      --      |    Inf 
 70.3s|  1600 |   381 |153608 |4212k|  37 |  30 | 915 | 431 | 133 | 915 | 315 | 108 | 176 |1459 | 1.725227e+03 |      --      |    Inf 
 71.4s|  1700 |   413 |158436 |4259k|  37 |  33 | 915 | 431 | 177 | 915 | 315 | 108 | 176 |1466 | 1.725227e+03 |      --      |    Inf 
 72.5s|  1800 |   449 |163356 |4327k|  37 |  18 | 915 | 431 | 121 | 915 | 315 | 108 | 176 |1468 | 1.725227e+03 |      --      |    Inf 
 73.1s|  1900 |   465 |165540 |4365k|  37 |   - | 915 | 431 | 138 | 915 | 315 | 108 | 176 |1470 | 1.725227e+03 |      --      |    Inf 
 time | node  | left  |LP iter| mem |mdpt |frac |vars |cons |ccons|cols |rows |cuts |confs|strbr|  dualbound   | primalbound  |  gap   
 74.6s|  2000 |   487 |170338 |4398k|  37 |  28 | 915 | 431 | 161 | 915 | 315 | 108 | 176 |1482 | 1.870938e+03 |      --      |    Inf 
 76.4s|  2100 |   499 |176276 |4412k|  37 |   - | 915 | 431 | 154 | 915 | 315 | 108 | 176 |1484 | 1.879210e+03 |      --      |    Inf 
 77.9s|  2200 |   515 |182295 |4438k|  37 |  33 | 915 | 431 | 154 | 915 | 315 | 108 | 176 |1490 | 1.970238e+03 |      --      |    Inf 
 80.0s|  2300 |   537 |191202 |4471k|  37 |   - | 915 | 431 | 140 | 915 | 315 | 108 | 176 |1494 | 1.970238e+03 |      --      |    Inf 
 81.1s|  2400 |   564 |194697 |4517k|  37 |  34 | 915 | 431 | 166 | 915 | 315 | 108 | 176 |1508 | 1.970238e+03 |      --      |    Inf 
 81.9s|  2500 |   580 |197783 |4555k|  37 |   - | 915 | 431 | 111 | 915 | 315 | 108 | 176 |1508 | 1.970238e+03 |      --      |    Inf 
 83.1s|  2600 |   588 |203156 |4572k|  37 |  48 | 915 | 431 | 203 | 915 | 315 | 108 | 176 |1510 | 2.225243e+03 |      --      |    Inf 
 84.8s|  2700 |   606 |208761 |4608k|  37 |   - | 915 | 431 | 118 | 915 | 315 | 108 | 176 |1545 | 2.293574e+03 |      --      |    Inf 
 85.9s|  2800 |   616 |212472 |4620k|  37 |  31 | 915 | 431 | 163 | 915 | 315 | 108 | 176 |1569 | 2.318575e+03 |      --      |    Inf 
 87.8s|  2900 |   635 |217767 |4647k|  37 |  26 | 915 | 430 | 158 | 915 | 315 | 108 | 176 |1606 | 2.348963e+03 |      --      |    Inf 
 88.8s|  3000 |   657 |222168 |4684k|  37 |  30 | 915 | 430 | 185 | 915 | 315 | 108 | 176 |1610 | 2.411131e+03 |      --      |    Inf 
 90.1s|  3100 |   673 |227689 |4711k|  37 |  29 | 915 | 430 | 158 | 915 | 315 | 108 | 176 |1617 | 2.411131e+03 |      --      |    Inf 
 91.0s|  3200 |   695 |231106 |4752k|  37 |   - | 915 | 430 | 176 | 915 | 315 | 108 | 176 |1623 | 2.439089e+03 |      --      |    Inf 
 92.5s|  3300 |   713 |236153 |4785k|  37 |   - | 915 | 430 | 145 | 915 | 315 | 108 | 176 |1642 | 2.467300e+03 |      --      |    Inf 
 94.9s|  3400 |   723 |242021 |4803k|  37 |  28 | 915 | 430 | 129 | 915 | 315 | 108 | 176 |1643 | 2.485195e+03 |      --      |    Inf 
 time | node  | left  |LP iter| mem |mdpt |frac |vars |cons |ccons|cols |rows |cuts |confs|strbr|  dualbound   | primalbound  |  gap   
 95.9s|  3500 |   737 |245488 |4829k|  37 |  60 | 915 | 430 | 191 | 915 | 315 | 108 | 176 |1645 | 2.485195e+03 |      --      |    Inf 
 96.8s|  3600 |   747 |249404 |4848k|  37 |  33 | 915 | 430 | 168 | 915 | 315 | 108 | 176 |1646 | 2.518577e+03 |      --      |    Inf 
 97.9s|  3700 |   755 |253559 |4869k|  37 |  21 | 915 | 430 | 139 | 915 | 315 | 108 | 176 |1652 | 2.647938e+03 |      --      |    Inf 
 98.8s|  3800 |   757 |256876 |4869k|  37 |  38 | 915 | 430 | 171 | 915 | 315 | 108 | 176 |1655 | 2.684150e+03 |      --      |    Inf 
  100s|  3900 |   761 |262628 |4889k|  37 |   - | 915 | 430 |  98 | 915 | 315 | 108 | 176 |1657 | 2.684150e+03 |      --      |    Inf 
  101s|  4000 |   761 |266044 |4897k|  37 |   - | 915 | 430 | 134 | 915 | 315 | 108 | 176 |1657 | 2.707187e+03 |      --      |    Inf 
  102s|  4100 |   759 |269888 |4894k|  37 |   - | 915 | 430 | 143 | 915 | 315 | 108 | 176 |1661 | 2.709269e+03 |      --      |    Inf 
  103s|  4200 |   787 |273877 |4946k|  37 |  16 | 915 | 430 | 108 | 915 | 315 | 108 | 176 |1665 | 2.721500e+03 |      --      |    Inf 
  104s|  4300 |   787 |277073 |4953k|  37 |  56 | 915 | 430 | 206 | 915 | 315 | 108 | 176 |1670 | 2.727197e+03 |      --      |    Inf 
  105s|  4400 |   799 |282260 |4985k|  37 |  30 | 915 | 434 | 155 | 915 | 315 | 108 | 180 |1682 | 2.754019e+03 |      --      |    Inf 
  107s|  4500 |   787 |288175 |4975k|  37 |   - | 915 | 434 | 167 | 915 | 315 | 108 | 180 |1711 | 2.758402e+03 |      --      |    Inf 
  109s|  4600 |   795 |293130 |4986k|  37 |  22 | 915 | 437 | 153 | 915 | 315 | 108 | 184 |1728 | 2.772262e+03 |      --      |    Inf 
  110s|  4700 |   805 |295778 |5009k|  37 |   - | 915 | 437 | 125 | 915 | 315 | 108 | 184 |1735 | 2.794332e+03 |      --      |    Inf 
  111s|  4800 |   819 |298843 |5022k|  37 |  25 | 915 | 437 | 138 | 915 | 315 | 108 | 184 |1740 | 2.811237e+03 |      --      |    Inf 
  112s|  4900 |   835 |302407 |5051k|  37 |   - | 915 | 438 | 112 | 915 | 315 | 108 | 185 |1744 | 2.854251e+03 |      --      |    Inf 
 time | node  | left  |LP iter| mem |mdpt |frac |vars |cons |ccons|cols |rows |cuts |confs|strbr|  dualbound   | primalbound  |  gap   
  114s|  5000 |   833 |308336 |5054k|  37 |  37 | 915 | 438 | 184 | 915 | 315 | 108 | 185 |1748 | 2.854251e+03 |      --      |    Inf 
  115s|  5100 |   831 |311704 |5049k|  37 |   - | 915 | 438 | 141 | 915 | 315 | 108 | 185 |1753 | 2.864222e+03 |      --      |    Inf 
  116s|  5200 |   853 |315446 |5085k|  37 |  32 | 915 | 438 | 157 | 915 | 315 | 108 | 185 |1753 | 2.869852e+03 |      --      |    Inf 
  117s|  5300 |   861 |318983 |5105k|  37 |   - | 915 | 441 | 152 | 915 | 315 | 108 | 188 |1753 | 2.880533e+03 |      --      |    Inf 
  117s|  5400 |   859 |321791 |5117k|  37 |   - | 915 | 441 | 143 | 915 | 315 | 108 | 188 |1756 | 2.896157e+03 |      --      |    Inf 
  119s|  5500 |   861 |327155 |5130k|  37 |   - | 915 | 443 | 130 | 915 | 315 | 108 | 190 |1757 | 2.918035e+03 |      --      |    Inf 
  120s|  5600 |   857 |331427 |5117k|  37 |  24 | 915 | 444 | 164 | 915 | 315 | 108 | 191 |1761 | 2.994017e+03 |      --      |    Inf 
  121s|  5700 |   849 |334614 |5105k|  37 |  30 | 915 | 444 | 163 | 915 | 315 | 108 | 191 |1764 | 3.003662e+03 |      --      |    Inf 
  124s|  5800 |   851 |341164 |5124k|  37 |   - | 915 | 447 | 138 | 915 | 315 | 108 | 194 |1796 | 3.008874e+03 |      --      |    Inf 
  126s|  5900 |   853 |345898 |5130k|  37 |   - | 915 | 447 | 151 | 915 | 315 | 108 | 194 |1811 | 3.041808e+03 |      --      |    Inf 
  126s|  6000 |   857 |349638 |5125k|  37 |  10 | 915 | 447 | 115 | 915 | 315 | 108 | 194 |1811 | 3.057602e+03 |      --      |    Inf 
  128s|  6100 |   853 |353764 |5114k|  37 |  26 | 915 | 448 | 148 | 915 | 315 | 108 | 195 |1814 | 3.106339e+03 |      --      |    Inf 
  128s|  6200 |   861 |357566 |5126k|  37 |   - | 915 | 448 | 187 | 915 | 315 | 108 | 195 |1821 | 3.133745e+03 |      --      |    Inf 
  130s|  6300 |   873 |362534 |5155k|  37 |   - | 915 | 448 | 169 | 915 | 315 | 108 | 195 |1839 | 3.158715e+03 |      --      |    Inf 
  131s|  6400 |   883 |366752 |5181k|  37 |  26 | 915 | 448 | 137 | 915 | 315 | 108 | 195 |1866 | 3.184674e+03 |      --      |    Inf 
 time | node  | left  |LP iter| mem |mdpt |frac |vars |cons |ccons|cols |rows |cuts |confs|strbr|  dualbound   | primalbound  |  gap   
  133s|  6500 |   887 |372149 |5196k|  37 |  45 | 915 | 452 | 205 | 915 | 315 | 108 | 199 |1888 | 3.200566e+03 |      --      |    Inf 
  134s|  6600 |   879 |377198 |5188k|  37 |  45 | 915 | 452 | 180 | 915 | 315 | 108 | 199 |1899 | 3.278817e+03 |      --      |    Inf 
  135s|  6700 |   881 |380108 |5199k|  37 |  20 | 915 | 452 | 130 | 915 | 315 | 108 | 199 |1904 | 3.309092e+03 |      --      |    Inf 
  136s|  6800 |   869 |383179 |5190k|  37 |   - | 915 | 453 | 138 | 915 | 315 | 108 | 200 |1906 | 3.325089e+03 |      --      |    Inf 
  137s|  6900 |   891 |386549 |5220k|  37 |  25 | 915 | 453 | 156 | 915 | 315 | 108 | 200 |1911 | 3.359110e+03 |      --      |    Inf 
  137s|  7000 |   873 |389679 |5196k|  37 |   - | 915 | 453 | 168 | 915 | 315 | 108 | 200 |1913 | 3.364727e+03 |      --      |    Inf 
  139s|  7100 |   865 |393945 |5191k|  37 |   - | 915 | 455 | 136 | 915 | 315 | 108 | 202 |1918 | 3.386553e+03 |      --      |    Inf 
  139s|  7200 |   863 |396955 |5191k|  37 |   - | 915 | 455 | 123 | 915 | 315 | 108 | 202 |1918 | 3.389556e+03 |      --      |    Inf 
  140s|  7300 |   873 |401347 |5204k|  37 |  35 | 915 | 455 | 161 | 915 | 315 | 108 | 202 |1922 | 3.401741e+03 |      --      |    Inf 
  141s|  7400 |   865 |404772 |5193k|  37 |  36 | 915 | 455 | 199 | 915 | 315 | 108 | 202 |1925 | 3.424414e+03 |      --      |    Inf 
  143s|  7500 |   869 |409994 |5214k|  37 |   - | 915 | 458 | 144 | 915 | 315 | 108 | 205 |1925 | 3.430257e+03 |      --      |    Inf 
  144s|  7600 |   879 |413447 |5230k|  37 |  11 | 915 | 460 | 119 | 915 | 315 | 108 | 207 |1925 | 3.447192e+03 |      --      |    Inf 
  145s|  7700 |   869 |417550 |5221k|  37 |  32 | 915 | 460 | 180 | 915 | 315 | 108 | 207 |1930 | 3.451482e+03 |      --      |    Inf 
  147s|  7800 |   869 |421523 |5223k|  37 |   - | 915 | 460 | 170 | 915 | 315 | 108 | 207 |1955 | 3.464168e+03 |      --      |    Inf 
  148s|  7900 |   855 |426067 |5198k|  37 |   - | 915 | 461 | 135 | 915 | 315 | 108 | 208 |1959 | 3.491804e+03 |      --      |    Inf 
 time | node  | left  |LP iter| mem |mdpt |frac |vars |cons |ccons|cols |rows |cuts |confs|strbr|  dualbound   | primalbound  |  gap   
  150s|  8000 |   847 |430541 |5187k|  37 |   - | 915 | 461 | 168 | 915 | 315 | 108 | 208 |1962 | 3.505176e+03 |      --      |    Inf 
  151s|  8100 |   853 |433732 |5191k|  37 |   - | 915 | 461 | 125 | 915 | 315 | 108 | 208 |1966 | 3.516465e+03 |      --      |    Inf 
  152s|  8200 |   857 |437313 |5198k|  37 |  35 | 915 | 461 | 187 | 915 | 315 | 108 | 208 |1983 | 3.532825e+03 |      --      |    Inf 
  153s|  8300 |   865 |440117 |5211k|  37 |   - | 915 | 461 | 128 | 915 | 315 | 108 | 208 |1999 | 3.535627e+03 |      --      |    Inf 
  154s|  8400 |   861 |443425 |5209k|  37 |  18 | 915 | 461 | 167 | 915 | 315 | 108 | 208 |2010 | 3.564378e+03 |      --      |    Inf 
  155s|  8500 |   863 |447511 |5207k|  37 |  30 | 915 | 461 | 160 | 915 | 315 | 108 | 208 |2025 | 3.569721e+03 |      --      |    Inf 
  156s|  8600 |   859 |450048 |5194k|  37 |   - | 915 | 461 | 154 | 915 | 315 | 108 | 208 |2040 | 3.578693e+03 |      --      |    Inf 
  156s|  8700 |   865 |452563 |5211k|  37 |  13 | 915 | 461 | 136 | 915 | 315 | 108 | 208 |2052 | 3.580576e+03 |      --      |    Inf 
  157s|  8800 |   855 |456296 |5177k|  37 |   - | 915 | 460 | 133 | 915 | 315 | 108 | 208 |2058 | 3.587475e+03 |      --      |    Inf 
  159s|  8900 |   839 |459609 |5141k|  37 |   - | 915 | 460 | 150 | 915 | 315 | 108 | 208 |2082 | 3.595051e+03 |      --      |    Inf 
  160s|  9000 |   833 |463636 |5131k|  37 |   - | 915 | 459 | 141 | 915 | 315 | 108 | 208 |2089 | 3.608425e+03 |      --      |    Inf 
  161s|  9100 |   821 |467636 |5107k|  37 |   - | 915 | 458 | 181 | 915 | 315 | 108 | 208 |2121 | 3.623071e+03 |      --      |    Inf 
  162s|  9200 |   809 |471589 |5074k|  37 |   - | 915 | 458 | 131 | 915 | 315 | 108 | 208 |2121 | 3.634813e+03 |      --      |    Inf 
  164s|  9300 |   805 |476146 |5075k|  37 |   - | 915 | 459 | 120 | 915 | 315 | 108 | 209 |2123 | 3.637409e+03 |      --      |    Inf 
  165s|  9400 |   807 |479051 |5082k|  37 |  19 | 915 | 459 | 129 | 915 | 315 | 108 | 209 |2129 | 3.637424e+03 |      --      |    Inf 
 time | node  | left  |LP iter| mem |mdpt |frac |vars |cons |ccons|cols |rows |cuts |confs|strbr|  dualbound   | primalbound  |  gap   
  165s|  9500 |   799 |481461 |5079k|  37 |   - | 915 | 459 | 133 | 915 | 315 | 108 | 209 |2131 | 3.637424e+03 |      --      |    Inf 
  166s|  9600 |   791 |483547 |5060k|  37 |  18 | 915 | 459 | 160 | 915 | 315 | 108 | 209 |2135 | 3.642134e+03 |      --      |    Inf 
  167s|  9700 |   789 |487016 |5060k|  37 |  27 | 915 | 459 | 146 | 915 | 315 | 108 | 209 |2136 | 3.642394e+03 |      --      |    Inf 
  168s|  9800 |   779 |489780 |5043k|  37 |   - | 915 | 459 | 155 | 915 | 315 | 108 | 209 |2143 | 3.642394e+03 |      --      |    Inf 
  168s|  9900 |   789 |492899 |5063k|  37 |   - | 915 | 459 | 153 | 915 | 315 | 108 | 209 |2149 | 3.647287e+03 |      --      |    Inf 
  169s| 10000 |   797 |496382 |5073k|  37 |  25 | 915 | 459 | 156 | 915 | 315 | 108 | 209 |2163 | 3.662999e+03 |      --      |    Inf 
  171s| 10100 |   801 |501322 |5089k|  37 |  41 | 915 | 459 | 161 | 915 | 315 | 108 | 209 |2185 | 3.673673e+03 |      --      |    Inf 
  172s| 10200 |   801 |503870 |5093k|  37 |  22 | 915 | 459 | 122 | 915 | 315 | 108 | 209 |2187 | 3.676298e+03 |      --      |    Inf 
  173s| 10300 |   799 |506885 |5092k|  37 |  41 | 915 | 460 | 173 | 915 | 315 | 108 | 210 |2188 | 3.690741e+03 |      --      |    Inf 
  173s| 10400 |   801 |509083 |5095k|  37 |  28 | 915 | 460 | 145 | 915 | 315 | 108 | 210 |2189 | 3.698128e+03 |      --      |    Inf 
  174s| 10500 |   801 |513036 |5100k|  37 |   - | 915 | 460 | 184 | 915 | 315 | 108 | 210 |2194 | 3.710836e+03 |      --      |    Inf 
  175s| 10600 |   795 |515797 |5087k|  37 |   - | 915 | 460 | 134 | 915 | 315 | 108 | 210 |2199 | 3.713791e+03 |      --      |    Inf 
  176s| 10700 |   803 |519834 |5105k|  37 |   - | 915 | 461 | 164 | 915 | 315 | 108 | 211 |2205 | 3.720666e+03 |      --      |    Inf 
  177s| 10800 |   799 |522357 |5093k|  37 |  20 | 915 | 461 | 151 | 915 | 315 | 108 | 211 |2205 | 3.722419e+03 |      --      |    Inf 
  178s| 10900 |   797 |525175 |5092k|  37 |  20 | 915 | 461 | 166 | 915 | 315 | 108 | 211 |2205 | 3.730093e+03 |      --      |    Inf 
 time | node  | left  |LP iter| mem |mdpt |frac |vars |cons |ccons|cols |rows |cuts |confs|strbr|  dualbound   | primalbound  |  gap   
  178s| 11000 |   791 |527166 |5090k|  37 |   - | 915 | 461 |  98 | 915 | 315 | 108 | 211 |2205 | 3.732320e+03 |      --      |    Inf 
  179s| 11100 |   797 |529790 |5101k|  37 |  18 | 915 | 461 | 158 | 915 | 315 | 108 | 211 |2207 | 3.743182e+03 |      --      |    Inf 
  180s| 11200 |   799 |533023 |5109k|  37 |   - | 915 | 465 | 145 | 915 | 315 | 108 | 215 |2211 | 3.747101e+03 |      --      |    Inf 
  181s| 11300 |   795 |536013 |5105k|  37 |  43 | 915 | 465 | 177 | 915 | 315 | 108 | 215 |2212 | 3.748229e+03 |      --      |    Inf 
  182s| 11400 |   797 |539499 |5112k|  37 |  16 | 915 | 465 | 122 | 915 | 315 | 108 | 215 |2212 | 3.752376e+03 |      --      |    Inf 
  183s| 11500 |   779 |542595 |5087k|  37 |  24 | 915 | 468 | 147 | 915 | 315 | 108 | 218 |2212 | 3.757945e+03 |      --      |    Inf 
  184s| 11600 |   787 |545210 |5097k|  37 |  35 | 915 | 468 | 164 | 915 | 315 | 108 | 218 |2214 | 3.762397e+03 |      --      |    Inf 
  185s| 11700 |   777 |548694 |5086k|  37 |   - | 915 | 469 | 169 | 915 | 315 | 108 | 219 |2215 | 3.768841e+03 |      --      |    Inf 
  186s| 11800 |   771 |551853 |5074k|  37 |   - | 915 | 469 | 171 | 915 | 315 | 108 | 219 |2219 | 3.774359e+03 |      --      |    Inf 
  187s| 11900 |   771 |555255 |5076k|  37 |   - | 915 | 469 | 133 | 915 | 315 | 108 | 219 |2220 | 3.780616e+03 |      --      |    Inf 
  187s| 12000 |   767 |557807 |5067k|  37 |  33 | 915 | 469 | 196 | 915 | 315 | 108 | 219 |2220 | 3.787693e+03 |      --      |    Inf 
  188s| 12100 |   765 |561177 |5071k|  37 |   - | 915 | 469 | 175 | 915 | 315 | 108 | 219 |2222 | 3.791195e+03 |      --      |    Inf 
  189s| 12200 |   767 |564036 |5089k|  37 |   - | 915 | 469 | 126 | 915 | 315 | 108 | 219 |2222 | 3.791903e+03 |      --      |    Inf 
  189s| 12300 |   769 |565743 |5094k|  37 |   - | 915 | 469 | 148 | 915 | 315 | 108 | 219 |2222 | 3.791903e+03 |      --      |    Inf 
  190s| 12400 |   763 |567884 |5087k|  37 |   - | 915 | 469 | 156 | 915 | 315 | 108 | 219 |2223 | 3.794953e+03 |      --      |    Inf 
 time | node  | left  |LP iter| mem |mdpt |frac |vars |cons |ccons|cols |rows |cuts |confs|strbr|  dualbound   | primalbound  |  gap   
  191s| 12500 |   779 |571363 |5115k|  37 |   8 | 915 | 470 | 106 | 915 | 315 | 108 | 220 |2225 | 3.807457e+03 |      --      |    Inf 
  192s| 12600 |   765 |574826 |5074k|  37 |   - | 915 | 471 | 184 | 915 | 315 | 108 | 221 |2228 | 3.816722e+03 |      --      |    Inf 
  193s| 12700 |   755 |577589 |5055k|  37 |  49 | 915 | 471 | 188 | 915 | 315 | 108 | 221 |2228 | 3.817171e+03 |      --      |    Inf 
  193s| 12800 |   763 |580132 |5074k|  37 |  36 | 915 | 474 | 197 | 915 | 315 | 108 | 224 |2229 | 3.824860e+03 |      --      |    Inf 
  194s| 12900 |   757 |582787 |5071k|  37 |  35 | 915 | 474 | 186 | 915 | 315 | 108 | 224 |2229 | 3.825475e+03 |      --      |    Inf 
  195s| 13000 |   743 |586744 |5039k|  37 |   - | 915 | 474 | 154 | 915 | 315 | 108 | 224 |2229 | 3.825814e+03 |      --      |    Inf 
  196s| 13100 |   747 |589972 |5047k|  37 |   - | 915 | 474 | 137 | 915 | 315 | 108 | 224 |2229 | 3.829421e+03 |      --      |    Inf 
  197s| 13200 |   749 |593987 |5061k|  37 |  41 | 915 | 475 | 168 | 915 | 315 | 108 | 225 |2232 | 3.837397e+03 |      --      |    Inf 
  198s| 13300 |   737 |597036 |5044k|  37 |   - | 915 | 475 | 147 | 915 | 315 | 108 | 225 |2232 | 3.837397e+03 |      --      |    Inf 
  199s| 13400 |   723 |601298 |4993k|  37 |   - | 915 | 475 | 136 | 915 | 315 | 108 | 225 |2232 | 3.840623e+03 |      --      |    Inf 
(node 13451) unresolved numerical troubles in LP 14281
  200s| 13500 |   719 |607777 |4980k|  37 |   - | 915 | 475 | 207 | 915 | 315 | 108 | 225 |2236 | 3.846249e+03 |      --      |    Inf 
  200s| 13600 |   723 |609466 |4994k|  37 |   - | 915 | 475 | 169 | 915 | 315 | 108 | 225 |2236 | 3.850409e+03 |      --      |    Inf 
  201s| 13700 |   717 |612609 |4980k|  37 |   - | 915 | 474 | 181 | 915 | 315 | 108 | 225 |2238 | 3.854219e+03 |      --      |    Inf 
  202s| 13800 |   721 |616447 |4988k|  37 |   - | 915 | 474 | 187 | 915 | 315 | 108 | 225 |2238 | 3.856682e+03 |      --      |    Inf 
  203s| 13900 |   715 |619635 |4978k|  37 |  33 | 915 | 474 | 174 | 915 | 315 | 108 | 225 |2240 | 3.859728e+03 |      --      |    Inf 
 time | node  | left  |LP iter| mem |mdpt |frac |vars |cons |ccons|cols |rows |cuts |confs|strbr|  dualbound   | primalbound  |  gap   
  204s| 14000 |   715 |622273 |4978k|  37 |   - | 915 | 474 | 181 | 915 | 315 | 108 | 225 |2244 | 3.864695e+03 |      --      |    Inf 
  205s| 14100 |   723 |625300 |4990k|  37 |  37 | 915 | 474 | 171 | 915 | 315 | 108 | 225 |2249 | 3.871453e+03 |      --      |    Inf 
  206s| 14200 |   719 |628029 |4994k|  37 |   - | 915 | 474 | 145 | 915 | 315 | 108 | 225 |2251 | 3.874957e+03 |      --      |    Inf 
  207s| 14300 |   705 |631433 |4964k|  37 |  28 | 915 | 475 | 152 | 915 | 315 | 108 | 226 |2251 | 3.884868e+03 |      --      |    Inf 
(node 14388) unresolved numerical troubles in LP 15311
  208s| 14400 |   697 |637645 |4953k|  37 |  39 | 915 | 476 | 195 | 915 | 315 | 108 | 227 |2253 | 3.892968e+03 |      --      |    Inf 
  209s| 14500 |   689 |639805 |4943k|  37 |  46 | 915 | 477 | 184 | 915 | 315 | 108 | 228 |2254 | 3.893450e+03 |      --      |    Inf 
  209s| 14600 |   691 |641910 |4948k|  37 |  24 | 915 | 477 | 161 | 915 | 315 | 108 | 228 |2255 | 3.893729e+03 |      --      |    Inf 
  210s| 14700 |   683 |645556 |4937k|  37 |   - | 915 | 479 | 151 | 915 | 315 | 108 | 230 |2256 | 3.901371e+03 |      --      |    Inf 
  211s| 14800 |   675 |649302 |4926k|  37 |   - | 915 | 479 | 172 | 915 | 315 | 108 | 230 |2257 | 3.905868e+03 |      --      |    Inf 
  212s| 14900 |   675 |652526 |4923k|  37 |  27 | 915 | 479 | 166 | 915 | 315 | 108 | 230 |2257 | 3.911313e+03 |      --      |    Inf 
  213s| 15000 |   663 |656730 |4909k|  37 |  23 | 915 | 479 | 152 | 915 | 315 | 108 | 230 |2258 | 3.919873e+03 |      --      |    Inf 
  214s| 15100 |   643 |660860 |4858k|  37 |  46 | 915 | 479 | 197 | 915 | 315 | 108 | 230 |2259 | 3.927092e+03 |      --      |    Inf 
  215s| 15200 |   653 |663757 |4881k|  37 |   - | 915 | 479 | 114 | 915 | 315 | 108 | 230 |2262 | 3.931231e+03 |      --      |    Inf 
  216s| 15300 |   651 |666771 |4883k|  37 |   - | 915 | 479 | 154 | 915 | 315 | 108 | 230 |2266 | 3.936341e+03 |      --      |    Inf 
  216s| 15400 |   651 |670389 |4876k|  37 |   - | 915 | 479 | 161 | 915 | 315 | 108 | 230 |2267 | 3.940521e+03 |      --      |    Inf 
 time | node  | left  |LP iter| mem |mdpt |frac |vars |cons |ccons|cols |rows |cuts |confs|strbr|  dualbound   | primalbound  |  gap   
  217s| 15500 |   653 |673062 |4883k|  37 |  23 | 915 | 479 | 158 | 915 | 315 | 108 | 230 |2271 | 3.950514e+03 |      --      |    Inf 
  218s| 15600 |   647 |675168 |4875k|  37 |   - | 915 | 479 | 174 | 915 | 315 | 108 | 230 |2274 | 3.958388e+03 |      --      |    Inf 
  219s| 15700 |   645 |677857 |4860k|  37 |  31 | 915 | 479 | 173 | 915 | 315 | 108 | 232 |2280 | 3.962712e+03 |      --      |    Inf 
  220s| 15800 |   639 |682031 |4848k|  37 |  30 | 915 | 479 | 185 | 915 | 315 | 108 | 232 |2285 | 3.964236e+03 |      --      |    Inf 
  221s| 15900 |   633 |685303 |4839k|  37 |  44 | 915 | 478 | 218 | 915 | 315 | 108 | 232 |2287 | 3.971419e+03 |      --      |    Inf 
  221s| 16000 |   631 |688264 |4843k|  37 |   - | 915 | 478 | 148 | 915 | 315 | 108 | 232 |2289 | 3.971419e+03 |      --      |    Inf 
  222s| 16100 |   623 |692363 |4826k|  37 |   - | 915 | 478 | 187 | 915 | 315 | 108 | 232 |2291 | 3.983576e+03 |      --      |    Inf 
  223s| 16200 |   617 |695138 |4808k|  37 |   - | 915 | 478 | 177 | 915 | 315 | 108 | 233 |2294 | 3.983716e+03 |      --      |    Inf 
  224s| 16300 |   613 |699477 |4803k|  37 |   - | 915 | 481 | 152 | 915 | 315 | 108 | 236 |2296 | 3.986602e+03 |      --      |    Inf 
  225s| 16400 |   611 |702569 |4803k|  37 |   - | 915 | 481 | 190 | 915 | 315 | 108 | 236 |2296 | 3.992925e+03 |      --      |    Inf 
  226s| 16500 |   611 |706229 |4802k|  37 |   - | 915 | 481 | 147 | 915 | 315 | 108 | 236 |2296 | 3.998093e+03 |      --      |    Inf 
  227s| 16600 |   597 |709002 |4770k|  37 |  25 | 915 | 481 | 175 | 915 | 315 | 108 | 236 |2298 | 3.998693e+03 |      --      |    Inf 
  228s| 16700 |   597 |712098 |4778k|  37 |  30 | 915 | 481 | 163 | 915 | 315 | 108 | 236 |2299 | 4.001397e+03 |      --      |    Inf 
  229s| 16800 |   589 |715345 |4772k|  37 |  30 | 915 | 480 | 156 | 915 | 315 | 108 | 236 |2301 | 4.004437e+03 |      --      |    Inf 
  229s| 16900 |   575 |718795 |4749k|  37 |   - | 915 | 481 | 140 | 915 | 315 | 108 | 237 |2301 | 4.010867e+03 |      --      |    Inf 
 time | node  | left  |LP iter| mem |mdpt |frac |vars |cons |ccons|cols |rows |cuts |confs|strbr|  dualbound   | primalbound  |  gap   
  230s| 17000 |   557 |722567 |4711k|  37 |  33 | 915 | 480 | 173 | 915 | 315 | 108 | 237 |2301 | 4.023930e+03 |      --      |    Inf 
  231s| 17100 |   557 |725247 |4707k|  37 |  38 | 915 | 479 | 190 | 915 | 315 | 108 | 237 |2303 | 4.027284e+03 |      --      |    Inf 
  232s| 17200 |   555 |728178 |4718k|  37 |   - | 915 | 482 | 172 | 915 | 315 | 108 | 241 |2305 | 4.031449e+03 |      --      |    Inf 
  233s| 17300 |   547 |734241 |4705k|  37 |   - | 915 | 482 | 176 | 915 | 315 | 108 | 241 |2305 | 4.032973e+03 |      --      |    Inf 
  235s| 17400 |   549 |739534 |4712k|  37 |   - | 915 | 482 | 163 | 915 | 315 | 108 | 241 |2305 | 4.037122e+03 |      --      |    Inf 
  236s| 17500 |   539 |745851 |4687k|  37 |  36 | 915 | 483 | 184 | 915 | 315 | 108 | 243 |2307 | 4.037122e+03 |      --      |    Inf 
  237s| 17600 |   533 |749238 |4681k|  37 |   - | 915 | 483 | 155 | 915 | 315 | 108 | 243 |2310 | 4.041248e+03 |      --      |    Inf 
  238s| 17700 |   523 |752275 |4663k|  37 |   - | 915 | 483 | 140 | 915 | 315 | 108 | 243 |2311 | 4.042309e+03 |      --      |    Inf 
  239s| 17800 |   511 |755904 |4641k|  37 |   - | 915 | 483 | 156 | 915 | 315 | 108 | 243 |2312 | 4.044008e+03 |      --      |    Inf 
  241s| 17900 |   511 |760825 |4643k|  37 |   - | 915 | 483 | 153 | 915 | 315 | 108 | 243 |2313 | 4.055993e+03 |      --      |    Inf 
  242s| 18000 |   509 |763715 |4641k|  37 |  45 | 915 | 483 | 176 | 915 | 315 | 108 | 243 |2313 | 4.057368e+03 |      --      |    Inf 
  243s| 18100 |   499 |767803 |4629k|  37 |  29 | 915 | 482 | 177 | 915 | 315 | 108 | 243 |2313 | 4.065107e+03 |      --      |    Inf 
  244s| 18200 |   495 |772465 |4628k|  37 |   - | 915 | 482 | 150 | 915 | 315 | 108 | 243 |2335 | 4.072655e+03 |      --      |    Inf 
  245s| 18300 |   493 |775105 |4631k|  37 |   - | 915 | 482 | 135 | 915 | 315 | 108 | 243 |2346 | 4.078830e+03 |      --      |    Inf 
  246s| 18400 |   487 |779540 |4614k|  37 |  25 | 915 | 482 | 155 | 915 | 315 | 108 | 243 |2359 | 4.089521e+03 |      --      |    Inf 
 time | node  | left  |LP iter| mem |mdpt |frac |vars |cons |ccons|cols |rows |cuts |confs|strbr|  dualbound   | primalbound  |  gap   
  247s| 18500 |   479 |782606 |4598k|  37 |   - | 915 | 482 | 124 | 915 | 315 | 108 | 243 |2374 | 4.089521e+03 |      --      |    Inf 
  247s| 18600 |   479 |784660 |4612k|  37 |   - | 915 | 482 | 123 | 915 | 315 | 108 | 243 |2378 | 4.093299e+03 |      --      |    Inf 
  249s| 18700 |   463 |788808 |4576k|  37 |  36 | 915 | 482 | 193 | 915 | 315 | 108 | 243 |2387 | 4.096471e+03 |      --      |    Inf 
  249s| 18800 |   451 |792252 |4554k|  37 |  30 | 915 | 482 | 154 | 915 | 315 | 108 | 244 |2391 | 4.097852e+03 |      --      |    Inf 
  250s| 18900 |   441 |795413 |4545k|  37 |  29 | 915 | 483 | 165 | 915 | 315 | 108 | 245 |2394 | 4.100712e+03 |      --      |    Inf 
  251s| 19000 |   433 |798450 |4534k|  37 |   - | 915 | 483 | 139 | 915 | 315 | 108 | 245 |2395 | 4.104809e+03 |      --      |    Inf 
  252s| 19100 |   427 |802445 |4530k|  37 |  39 | 915 | 480 | 196 | 915 | 315 | 108 | 245 |2395 | 4.117131e+03 |      --      |    Inf 
  253s| 19200 |   411 |806080 |4493k|  37 |   - | 915 | 480 | 157 | 915 | 315 | 108 | 245 |2397 | 4.117131e+03 |      --      |    Inf 
  254s| 19300 |   403 |808502 |4473k|  37 |   - | 915 | 479 | 174 | 915 | 315 | 108 | 245 |2402 | 4.119665e+03 |      --      |    Inf 
  254s| 19400 |   393 |811390 |4446k|  37 |  28 | 915 | 478 | 155 | 915 | 315 | 108 | 245 |2402 | 4.133752e+03 |      --      |    Inf 
  255s| 19500 |   387 |815537 |4433k|  37 |  38 | 915 | 478 | 196 | 915 | 315 | 108 | 245 |2402 | 4.137032e+03 |      --      |    Inf 
  257s| 19600 |   373 |820288 |4415k|  37 |   - | 915 | 478 | 156 | 915 | 315 | 108 | 245 |2408 | 4.139794e+03 |      --      |    Inf 
  258s| 19700 |   363 |823708 |4397k|  37 |   - | 915 | 478 | 139 | 915 | 315 | 108 | 245 |2410 | 4.141315e+03 |      --      |    Inf 
  259s| 19800 |   359 |827324 |4388k|  37 |  46 | 915 | 480 | 196 | 915 | 315 | 108 | 248 |2413 | 4.142759e+03 |      --      |    Inf 
  260s| 19900 |   349 |831059 |4372k|  37 |  44 | 915 | 480 | 191 | 915 | 315 | 108 | 248 |2417 | 4.150236e+03 |      --      |    Inf 
 time | node  | left  |LP iter| mem |mdpt |frac |vars |cons |ccons|cols |rows |cuts |confs|strbr|  dualbound   | primalbound  |  gap   
  261s| 20000 |   339 |834829 |4357k|  37 |   - | 915 | 479 | 163 | 915 | 315 | 108 | 248 |2419 | 4.158209e+03 |      --      |    Inf 
  262s| 20100 |   335 |838688 |4346k|  37 |  28 | 915 | 479 | 163 | 915 | 315 | 108 | 248 |2421 | 4.175949e+03 |      --      |    Inf 
  262s| 20200 |   329 |841828 |4334k|  37 |  39 | 915 | 479 | 195 | 915 | 315 | 108 | 248 |2423 | 4.177031e+03 |      --      |    Inf 
  263s| 20300 |   323 |845175 |4328k|  37 |   - | 915 | 480 | 159 | 915 | 315 | 108 | 249 |2424 | 4.184073e+03 |      --      |    Inf 
  264s| 20400 |   315 |849205 |4318k|  37 |   - | 915 | 479 | 170 | 915 | 315 | 108 | 249 |2430 | 4.193098e+03 |      --      |    Inf 
  265s| 20500 |   307 |853004 |4299k|  37 |   - | 915 | 479 | 175 | 915 | 315 | 108 | 249 |2450 | 4.205361e+03 |      --      |    Inf 
  267s| 20600 |   299 |856224 |4273k|  37 |  43 | 915 | 479 | 188 | 915 | 315 | 108 | 249 |2464 | 4.219807e+03 |      --      |    Inf 
  268s| 20700 |   285 |860218 |4250k|  37 |   - | 915 | 478 | 156 | 915 | 315 | 108 | 249 |2485 | 4.228506e+03 |      --      |    Inf 
  269s| 20800 |   279 |863576 |4248k|  37 |   - | 915 | 478 | 142 | 915 | 315 | 108 | 249 |2499 | 4.236037e+03 |      --      |    Inf 
  270s| 20900 |   277 |866926 |4246k|  37 |   - | 915 | 478 | 138 | 915 | 315 | 108 | 249 |2511 | 4.243347e+03 |      --      |    Inf 
  271s| 21000 |   265 |871352 |4215k|  37 |  32 | 915 | 478 | 167 | 915 | 315 | 108 | 249 |2514 | 4.246363e+03 |      --      |    Inf 
  272s| 21100 |   255 |875316 |4184k|  37 |  35 | 915 | 478 | 165 | 915 | 315 | 108 | 249 |2519 | 4.261269e+03 |      --      |    Inf 
  274s| 21200 |   241 |879770 |4152k|  37 |  27 | 915 | 479 | 169 | 915 | 315 | 108 | 250 |2529 | 4.264364e+03 |      --      |    Inf 
  275s| 21300 |   225 |884522 |4111k|  37 |   - | 915 | 479 | 189 | 915 | 315 | 108 | 250 |2532 | 4.266849e+03 |      --      |    Inf 
  277s| 21400 |   209 |889577 |4075k|  37 |  42 | 915 | 479 | 194 | 915 | 315 | 108 | 250 |2534 | 4.274131e+03 |      --      |    Inf 
 time | node  | left  |LP iter| mem |mdpt |frac |vars |cons |ccons|cols |rows |cuts |confs|strbr|  dualbound   | primalbound  |  gap   
  278s| 21500 |   197 |893709 |4064k|  37 |   - | 915 | 479 | 169 | 915 | 315 | 108 | 250 |2536 | 4.274712e+03 |      --      |    Inf 
  279s| 21600 |   181 |898647 |4037k|  37 |  29 | 915 | 479 | 177 | 915 | 315 | 108 | 250 |2539 | 4.279588e+03 |      --      |    Inf 
  281s| 21700 |   165 |904446 |3998k|  37 |  38 | 915 | 479 | 198 | 915 | 315 | 108 | 250 |2543 | 4.284556e+03 |      --      |    Inf 
  282s| 21800 |   147 |911434 |3968k|  37 |   - | 915 | 479 | 173 | 915 | 315 | 108 | 250 |2545 | 4.305079e+03 |      --      |    Inf 
  284s| 21900 |   129 |916513 |3941k|  37 |  32 | 915 | 482 | 190 | 915 | 315 | 108 | 253 |2548 | 4.312404e+03 |      --      |    Inf 
  285s| 22000 |   107 |921929 |3894k|  37 |   - | 915 | 481 | 192 | 915 | 315 | 108 | 253 |2549 | 4.312404e+03 |      --      |    Inf 
  286s| 22100 |    83 |927723 |3852k|  37 |   - | 915 | 484 | 183 | 915 | 315 | 108 | 256 |2554 | 4.316477e+03 |      --      |    Inf 
  288s| 22200 |    57 |932888 |3775k|  37 |   - | 915 | 484 | 196 | 915 | 315 | 108 | 256 |2555 | 4.379555e+03 |      --      |    Inf 
  289s| 22300 |    37 |938555 |3712k|  37 |  42 | 915 | 485 | 201 | 915 | 315 | 108 | 257 |2581 | 4.384340e+03 |      --      |    Inf 

SCIP Status        : problem is solved [infeasible]
Solving Time (sec) : 290.73
Solving Nodes      : 22355
Primal Bound       : +1.00000000000000e+20 (0 solutions)
Dual Bound         : +1.00000000000000e+20
Gap                : 0.00 %

primal solution:
================

no solution available

Statistics
==========

SCIP Status        : problem is solved [infeasible]
Solving Time       :     290.73
Original Problem   :
  Problem name     : labtel
  Variables        : 920 (465 binary, 0 integer, 0 implicit integer, 455 continuous)
  Constraints      : 265 initial, 265 maximal
Presolved Problem  :
  Problem name     : t_labtel
  Variables        : 915 (465 binary, 0 integer, 0 implicit integer, 450 continuous)
  Constraints      : 261 initial, 487 maximal
Presolvers         :       Time  FixedVars   AggrVars   ChgTypes  ChgBounds   AddHoles    DelCons   ChgSides   ChgCoefs
  trivial          :       0.00          0          0          0          0          0          0          0          0
  dualfix          :       0.00          0          0          0          0          0          0          0          0
  boundshift       :       0.00          0          0          0          0          0          0          0          0
  inttobinary      :       0.00          0          0          0          0          0          0          0          0
  implics          :       0.00          0          0          0          0          0          0          0          0
  probing          :       0.39          0          0          0          0          0          0          0          0
  knapsack         :       0.00          0          0          0          0          0          0          0          0
  setppc           :       0.00          0          0          0          0          0          0          0          0
  linear           :       0.02          0          5          0         64          0          4          3         75
  logicor          :       0.00          0          0          0          0          0          0          0          0
  root node        :          -         31          -          -         31          -          -          -          -
Constraints        :     Number  #Separate #Propagate    #EnfoLP    #EnfoPS    Cutoffs    DomReds       Cuts      Conss   Children
  integral         :          0          0          0      11690          0         65        510          0          0      22368
  knapsack         :          1         10      62369          0          2          0          0          0          0          0
  setppc           :         90         10      62369          0          2         18      82231          0          0          0
  linear           :        170         10      62351          0          0         67     455204          0          0          0
  logicor          :          0+         0      12571          0          0         47       2583          0          0          0
  countsols        :          0          0          0          0          2          0          0          0          0          0
Constraint Timings :  TotalTime   Separate  Propagate     EnfoLP     EnfoPS
  integral         :      38.01       0.00       0.00      38.01       0.00
  knapsack         :       0.16       0.02       0.13       0.00       0.01
  setppc           :       1.00       0.00       1.00       0.00       0.00
  linear           :      10.39       0.02      10.37       0.00       0.00
  logicor          :       0.20       0.00       0.20       0.00       0.00
  countsols        :       0.00       0.00       0.00       0.00       0.00
Propagators        :       Time      Calls    Cutoffs    DomReds
  rootredcost      :       0.04          0          0          0
  pseudoobj        :       1.22      61793          1          0
Conflict Analysis  :       Time      Calls    Success  Conflicts   Literals    Reconvs ReconvLits   LP Iters
  propagation      :       0.02        132        126        439       36.2          3        7.3          -
  infeasible LP    :       2.55      11027         24        130       44.6          0        0.0          0
  bound exceed. LP :       0.00          0          0          0        0.0          0        0.0          0
  strong branching :       0.00          0          0          0        0.0          0        0.0          0
  pseudo solution  :       0.00          0          0          0        0.0          0        0.0          -
  applied globally :          -          -          -        261       12.8          -          -          -
  applied locally  :          -          -          -          0        0.0          -          -          -
Separators         :       Time      Calls    Cutoffs    DomReds       Cuts      Conss
  cut pool         :       0.00          9          -          -          6          -    (maximal pool size: 136)
  redcost          :       0.45      11699          0          0          0          0
  impliedbounds    :       0.00         10          0          0          0          0
  intobj           :       0.00          0          0          0          0          0
  gomory           :       0.27         10          0          0         21          0
  strongcg         :       0.18         10          0          0          1          0
  cmir             :       3.06         10          0          0        126          0
  flowcover        :       0.48         10          0          0          6          0
  clique           :       0.04         10          0          0          0          0
  zerohalf         :       0.00          0          0          0          0          0
  mcf              :       0.00          0          0          0          0          0
Pricers            :       Time      Calls       Vars
  problem variables:       0.00          0          0
Branching Rules    :       Time      Calls    Cutoffs    DomReds       Cuts      Conss   Children
  relpscost        :      37.97      11690         65        510          0          0      22368
  pscost           :       0.00          0          0          0          0          0          0
  inference        :       0.00          2          0          0          0          0          4
  mostinf          :       0.00          0          0          0          0          0          0
  leastinf         :       0.00          0          0          0          0          0          0
  fullstrong       :       0.00          0          0          0          0          0          0
  allfullstrong    :       0.00          0          0          0          0          0          0
  random           :       0.00          0          0          0          0          0          0
Primal Heuristics  :       Time      Calls      Found
  LP solutions     :       0.00          -          0
  pseudo solutions :       0.00          -          0
  oneopt           :       0.04          0          0
  crossover        :       0.01          0          0
  guideddiving     :       0.01          0          0
  objpscostdiving  :       0.09          2          0
  rootsoldiving    :       0.38          2          0
  coefdiving       :       0.13          4          0
  pscostdiving     :       0.10          4          0
  veclendiving     :       0.03          4          0
  fracdiving       :       0.04          4          0
  linesearchdiving :       0.12          4          0
  feaspump         :       0.86          3          0
  simplerounding   :       0.05          0          0
  rounding         :       0.18       1448          0
  shifting         :       0.72        439          0
  intshifting      :       0.02          2          0
  fixandinfer      :       0.00          0          0
  intdiving        :       0.00          0          0
  actconsdiving    :       0.00          0          0
  octane           :       0.00          0          0
  rens             :       1.85          1          0
  rins             :       0.00          0          0
  localbranching   :       0.00          0          0
  mutation         :       0.00          0          0
  dins             :       0.00          0          0
LP                 :       Time      Calls Iterations  Iter/call   Iter/sec
  primal LP        :       0.53          9       3624     402.67    6837.74
  dual LP          :     212.22      23574     929769      39.44    4381.16
  barrier LP       :       0.00          0          0       0.00          -
  diving/probing LP:       1.70        188       9363      49.80    5507.65
  strong branching :      37.25       2588     204561      79.04    5491.57
    (at root node) :          -         17       2169     127.59          -
  conflict analysis:       0.00          0          0       0.00          -
B&B Tree           :
  number of runs   :          1
  nodes            :      22355
  nodes (total)    :      22355
  nodes left       :          0
  max depth        :         37
  max depth (total):         37
  backtracks       :       5454 (24.4%)
  delayed cutoffs  :         18
  repropagations   :        762 (5730 domain reductions, 7 cutoffs)
  avg switch length:       5.88
  switching time   :       7.51
Solution           :
  Solutions found  :          0 (0 improvements)
  Primal Bound     : infeasible
  Dual Bound       :          -
  Gap              :       0.00 %
  Root Dual Bound  : +9.38877819875855e+01
