HmaxDs = 0.000000
HmaxUB_percent = 1.143028
HmaxUB_real = 2767.545115
FTnetDs = 1.000000
FTnetUB_percent = 1.867926
FTnetUB_real = 6871.539376
TIFgap = 0.300000
LimCIPF = 87.21407786
SCIP version 1.1.0 [precision: 8 byte] [memory: block] [mode: optimized] [LP solver: Clp 1.8.2]
Copyright (c) 2002-2008 Konrad-Zuse-Zentrum fuer Informationstechnik Berlin (ZIB)

reading user parameter file </home/fabio/docs/hierarquia/models/scip.set>

read problem <data.N30.I1.s1.cluster3.T7.GL3.W3.TIFgap0.3.mps.gz>
============

original problem has 1538 variables (777 bin, 0 int, 0 impl, 761 cont) and 364 constraints

solve problem
=============

presolving:
(round 1) 3 del vars, 3 del conss, 94 chg bounds, 0 chg sides, 108 chg coeffs, 0 upgd conss, 0 impls, 126 clqs
(round 2) 5 del vars, 3 del conss, 94 chg bounds, 1 chg sides, 108 chg coeffs, 0 upgd conss, 0 impls, 126 clqs
(round 3) 5 del vars, 3 del conss, 94 chg bounds, 3 chg sides, 108 chg coeffs, 0 upgd conss, 0 impls, 126 clqs
(round 4) 5 del vars, 4 del conss, 94 chg bounds, 3 chg sides, 108 chg coeffs, 127 upgd conss, 0 impls, 126 clqs
   (0.2s) probing: 335/777 (43.1%) - 0 fixings, 0 aggregations, 1333 implications, 0 bound changes
   (0.2s) probing aborted: 100/100 successive totally useless probings
presolving (5 rounds):
 5 deleted vars, 4 deleted constraints, 94 tightened bounds, 0 added holes, 3 changed sides, 108 changed coefficients
 2666 implications, 126 cliques
presolved problem has 1533 variables (777 bin, 0 int, 0 impl, 756 cont) and 360 constraints
      1 constraints of type <knapsack>
    126 constraints of type <setppc>
    233 constraints of type <linear>
Presolving Time: 0.20

 time | node  | left  |LP iter| mem |mdpt |frac |vars |cons |ccons|cols |rows |cuts |confs|strbr|  dualbound   | primalbound  |  gap   
  0.3s|     1 |     0 |   594 |3616k|   0 | 160 |1533 | 360 | 360 |1533 | 360 |   0 |   0 |   0 | 3.781538e+01 |      --      |    Inf 
  1.6s|     1 |     0 |  6114 |4026k|   0 | 166 |1533 | 360 | 360 |1533 | 408 |  48 |   0 |   0 | 6.816510e+01 |      --      |    Inf 
  2.2s|     1 |     0 |  6459 |4205k|   0 | 172 |1533 | 360 | 360 |1533 | 440 |  80 |   0 |   0 | 7.815220e+01 |      --      |    Inf 
  2.9s|     1 |     0 |  6740 |4289k|   0 | 154 |1533 | 360 | 360 |1533 | 463 | 103 |   0 |   0 | 8.338555e+01 |      --      |    Inf 
  3.8s|     1 |     0 |  7063 |4335k|   0 | 162 |1533 | 360 | 360 |1533 | 484 | 124 |   0 |   0 | 8.685088e+01 |      --      |    Inf 
  4.7s|     1 |     0 |  7219 |4356k|   0 | 155 |1533 | 360 | 360 |1533 | 492 | 132 |   0 |   0 | 1.039962e+02 |      --      |    Inf 
  5.7s|     1 |     0 |  7508 |4391k|   0 | 153 |1533 | 360 | 360 |1533 | 503 | 143 |   0 |   0 | 1.483749e+02 |      --      |    Inf 
  6.7s|     1 |     0 |  7781 |4410k|   0 | 168 |1533 | 360 | 360 |1533 | 509 | 149 |   0 |   0 | 1.983809e+02 |      --      |    Inf 
  7.7s|     1 |     0 |  8065 |4421k|   0 | 167 |1533 | 360 | 360 |1533 | 514 | 154 |   0 |   0 | 2.524681e+02 |      --      |    Inf 
  8.7s|     1 |     0 |  8203 |4431k|   0 | 173 |1533 | 360 | 360 |1533 | 520 | 160 |   0 |   0 | 2.657786e+02 |      --      |    Inf 
  9.8s|     1 |     0 |  8478 |4446k|   0 | 149 |1533 | 360 | 360 |1533 | 525 | 165 |   0 |   0 | 2.826489e+02 |      --      |    Inf 
 10.1s|     1 |     0 |  8489 |4446k|   0 | 149 |1533 | 360 | 360 |1533 | 515 | 166 |   0 |   0 | 2.826489e+02 |      --      |    Inf 
 13.9s|     1 |     2 |  8515 |4456k|   0 | 149 |1533 | 360 | 360 |1533 | 515 | 166 |   0 |  17 | 2.826489e+02 |      --      |    Inf 
 58.2s|   100 |    70 | 42076 |4731k|  21 |  93 |1533 | 395 | 319 |1533 | 438 | 166 |  35 |1000 | 3.469634e+02 |      --      |    Inf 
 69.3s|   200 |   129 | 66474 |4942k|  21 |   - |1533 | 441 | 288 |   0 |   0 | 166 |  81 |1089 | 3.469634e+02 |      --      |    Inf 
 time | node  | left  |LP iter| mem |mdpt |frac |vars |cons |ccons|cols |rows |cuts |confs|strbr|  dualbound   | primalbound  |  gap   
 86.7s|   300 |   174 |102904 |5083k|  22 | 113 |1533 | 476 | 352 |1533 | 438 | 166 | 116 |1258 | 3.469634e+02 |      --      |    Inf 
 99.0s|   400 |   223 |128974 |5257k|  22 |  90 |1533 | 501 | 278 |1533 | 438 | 166 | 141 |1373 | 3.469634e+02 |      --      |    Inf 
  114s|   500 |   287 |163501 |5437k|  23 |  45 |1533 | 524 | 290 |1533 | 438 | 166 | 164 |1471 | 3.469634e+02 |      --      |    Inf 
  126s|   600 |   333 |189805 |5575k|  25 |   - |1533 | 549 | 272 |1533 | 438 | 166 | 189 |1546 | 3.469634e+02 |      --      |    Inf 
  141s|   700 |   379 |212035 |5752k|  25 |  73 |1533 | 591 | 294 |1533 | 438 | 166 | 231 |1585 | 3.469634e+02 |      --      |    Inf 
  149s|   800 |   411 |233245 |5910k|  25 | 101 |1533 | 640 | 343 |1533 | 438 | 166 | 281 |1619 | 3.469634e+02 |      --      |    Inf 
  158s|   900 |   456 |254549 |6110k|  25 |  43 |1533 | 664 | 200 |1533 | 438 | 166 | 308 |1681 | 3.469634e+02 |      --      |    Inf 
  174s|  1000 |   498 |287183 |6307k|  25 |   - |1533 | 692 | 221 |1533 | 438 | 166 | 336 |1814 | 3.505066e+02 |      --      |    Inf 
  187s|  1100 |   536 |319008 |6481k|  25 |   - |1533 | 737 | 436 |   0 |   0 | 166 | 384 |1934 | 3.549158e+02 |      --      |    Inf 
  202s|  1200 |   587 |354904 |6650k|  25 | 113 |1533 | 768 | 449 |1533 | 438 | 166 | 417 |2039 | 3.554346e+02 |      --      |    Inf 
  218s|  1300 |   623 |391681 |6775k|  25 |   - |1533 | 811 | 287 |   0 |   0 | 166 | 464 |2115 | 3.607846e+02 |      --      |    Inf 
  228s|  1400 |   693 |419758 |6956k|  29 | 107 |1533 | 815 | 408 |1533 | 438 | 166 | 470 |2136 | 3.720582e+02 |      --      |    Inf 
  238s|  1500 |   719 |444852 |7072k|  29 |   - |1533 | 861 | 323 |   0 |   0 | 166 | 519 |2159 | 3.744302e+02 |      --      |    Inf 
  247s|  1600 |   745 |464167 |7168k|  31 | 106 |1533 | 904 | 360 |1533 | 438 | 166 | 568 |2207 | 3.744302e+02 |      --      |    Inf 
  262s|  1700 |   778 |494450 |7291k|  31 |   - |1533 | 944 | 343 |1533 | 438 | 166 | 613 |2296 | 3.744302e+02 |      --      |    Inf 
 time | node  | left  |LP iter| mem |mdpt |frac |vars |cons |ccons|cols |rows |cuts |confs|strbr|  dualbound   | primalbound  |  gap   
  280s|  1800 |   811 |535454 |7416k|  31 |  92 |1533 | 974 | 426 |1533 | 438 | 166 | 645 |2440 | 3.811557e+02 |      --      |    Inf 
  293s|  1900 |   839 |558188 |7555k|  31 |   - |1533 |1018 | 525 |   0 |   0 | 166 | 695 |2530 | 3.897636e+02 |      --      |    Inf 
  303s|  2000 |   873 |580031 |7688k|  31 | 111 |1533 |1027 | 384 |1533 | 438 | 166 | 707 |2615 | 3.960259e+02 |      --      |    Inf 
  315s|  2100 |   897 |606739 |7813k|  31 |   - |1533 |1075 | 334 |   0 |   0 | 166 | 765 |2699 | 3.975333e+02 |      --      |    Inf 
  325s|  2200 |   919 |632531 |7919k|  31 |  96 |1533 |1112 | 405 |1533 | 438 | 166 | 811 |2761 | 3.975333e+02 |      --      |    Inf 
(node 2261) unresolved numerical troubles in LP 3668
  351s|  2300 |   936 |682115 |8023k|  31 |   - |1533 |1133 | 627 |   0 |   0 | 166 | 847 |2797 | 3.975333e+02 |      --      |    Inf 
  379s|  2400 |   956 |731822 |8127k|  39 |   - |1533 |1145 | 311 |1533 | 438 | 166 | 873 |2859 | 4.090363e+02 |      --      |    Inf 
  398s|  2500 |   974 |764535 |8242k|  39 |   - |1533 |1177 | 285 |1533 | 438 | 166 | 924 |2968 | 4.090363e+02 |      --      |    Inf 
  413s|  2600 |  1002 |794884 |8338k|  39 |   - |1533 |1195 | 428 |   0 |   0 | 166 | 960 |3053 | 4.095267e+02 |      --      |    Inf 
  425s|  2700 |  1041 |817635 |8509k|  39 |  57 |1533 |1221 | 337 |1533 | 438 | 166 | 997 |3127 | 4.117161e+02 |      --      |    Inf 
  435s|  2800 |  1053 |842511 |8630k|  39 |   - |1533 |1249 | 699 |   0 |   0 | 166 |1037 |3205 | 4.117161e+02 |      --      |    Inf 
  448s|  2900 |  1089 |871765 |8751k|  39 | 102 |1533 |1259 | 354 |1533 | 438 | 166 |1061 |3282 | 4.140274e+02 |      --      |    Inf 
  466s|  3000 |  1110 |909246 |8844k|  39 | 121 |1533 |1293 | 493 |1533 | 438 | 166 |1105 |3375 | 4.140274e+02 |      --      |    Inf 
  478s|  3100 |  1132 |936743 |8962k|  39 |   - |1533 |1331 | 357 |   0 |   0 | 166 |1148 |3431 | 4.176725e+02 |      --      |    Inf 
  483s|  3200 |  1180 |949932 |9153k|  39 |   - |1533 |1343 | 270 |1533 | 438 | 166 |1164 |3438 | 4.176725e+02 |      --      |    Inf 
 time | node  | left  |LP iter| mem |mdpt |frac |vars |cons |ccons|cols |rows |cuts |confs|strbr|  dualbound   | primalbound  |  gap   
  493s|  3300 |  1192 |974776 |9255k|  39 |   - |1533 |1369 | 776 |   0 |   0 | 166 |1206 |3455 | 4.185806e+02 |      --      |    Inf 
  500s|  3400 |  1222 |992735 |9390k|  39 | 117 |1533 |1363 | 809 |1533 | 438 | 166 |1208 |3458 | 4.211896e+02 |      --      |    Inf 
  508s|  3500 |  1242 |  1013k|9468k|  39 |  97 |1533 |1401 | 680 |1533 | 438 | 166 |1256 |3479 | 4.250953e+02 |      --      |    Inf 
  520s|  3600 |  1257 |  1046k|9578k|  39 | 118 |1533 |1448 | 388 |1533 | 438 | 166 |1316 |3511 | 4.277731e+02 |      --      |    Inf 
  528s|  3700 |  1297 |  1065k|9755k|  39 |   - |1533 |1450 | 368 |   0 |   0 | 166 |1327 |3556 | 4.279713e+02 |      --      |    Inf 
  540s|  3800 |  1318 |  1094k|9902k|  39 | 105 |1533 |1485 | 333 |1533 | 438 | 166 |1379 |3625 | 4.301509e+02 |      --      |    Inf 
  566s|  3900 |  1330 |  1132k|  10M|  39 |   - |1533 |1519 | 202 |1533 | 438 | 166 |1432 |3727 | 4.301509e+02 |      --      |    Inf 
  580s|  4000 |  1360 |  1162k|  10M|  39 |   - |1533 |1546 | 295 |1533 | 438 | 166 |1475 |3792 | 4.312950e+02 |      --      |    Inf 
  591s|  4100 |  1387 |  1190k|  10M|  39 | 102 |1533 |1566 | 482 |1533 | 438 | 166 |1509 |3870 | 4.317323e+02 |      --      |    Inf 
(node 4190) unresolved numerical troubles in LP 5799
  602s|  4200 |  1403 |  1219k|  10M|  39 |  36 |1533 |1583 | 436 |1533 | 438 | 166 |1565 |3944 | 4.317323e+02 |      --      |    Inf 
  620s|  4300 |  1431 |  1260k|  10M|  39 |  69 |1533 |1587 | 431 |1533 | 438 | 166 |1582 |4043 | 4.317323e+02 |      --      |    Inf 
  630s|  4400 |  1454 |  1287k|  10M|  39 |   - |1533 |1596 | 677 |   0 |   0 | 166 |1614 |4073 | 4.317323e+02 |      --      |    Inf 
  642s|  4500 |  1491 |  1312k|  10M|  39 |  24 |1533 |1596 | 329 |1533 | 438 | 166 |1639 |4101 | 4.360497e+02 |      --      |    Inf 
  657s|  4600 |  1518 |  1342k|  10M|  39 | 100 |1533 |1622 | 590 |1533 | 438 | 166 |1682 |4128 | 4.360497e+02 |      --      |    Inf 
  672s|  4700 |  1539 |  1376k|  10M|  39 |  89 |1533 |1645 | 425 |1533 | 438 | 166 |1733 |4146 | 4.360497e+02 |      --      |    Inf 
 time | node  | left  |LP iter| mem |mdpt |frac |vars |cons |ccons|cols |rows |cuts |confs|strbr|  dualbound   | primalbound  |  gap   
  688s|  4800 |  1552 |  1415k|  11M|  39 |   - |1533 |1671 | 501 |   0 |   0 | 166 |1793 |4184 | 4.364904e+02 |      --      |    Inf 
  703s|  4900 |  1569 |  1446k|  11M|  39 |   - |1533 |1687 | 477 |1533 | 438 | 166 |1836 |4236 | 4.371400e+02 |      --      |    Inf 
  722s|  5000 |  1587 |  1487k|  11M|  39 | 135 |1533 |1675 |1200 |1533 | 438 | 166 |1870 |4336 | 4.404394e+02 |      --      |    Inf 
  740s|  5100 |  1604 |  1524k|  11M|  39 |  96 |1533 |1687 | 441 |1533 | 438 | 166 |1918 |4425 | 4.409889e+02 |      --      |    Inf 
  755s|  5200 |  1625 |  1554k|  11M|  39 | 115 |1533 |1671 | 402 |1533 | 438 | 166 |1939 |4501 | 4.441772e+02 |      --      |    Inf 
  767s|  5300 |  1653 |  1580k|  11M|  39 | 126 |1533 |1666 | 522 |1533 | 438 | 166 |1972 |4582 | 4.447947e+02 |      --      |    Inf 
  780s|  5400 |  1675 |  1606k|  11M|  39 |   - |1533 |1637 | 352 |   0 |   0 | 166 |1986 |4643 | 4.447947e+02 |      --      |    Inf 
  793s|  5500 |  1700 |  1637k|  11M|  39 |   - |1533 |1607 | 487 |1533 | 438 | 166 |2008 |4724 | 4.447947e+02 |      --      |    Inf 
  803s|  5600 |  1750 |  1657k|  11M|  39 |  41 |1533 |1587 | 370 |1533 | 438 | 166 |2024 |4743 | 4.448148e+02 |      --      |    Inf 
  808s|  5700 |  1793 |  1672k|  12M|  42 | 133 |1533 |1574 | 505 |1533 | 438 | 166 |2040 |4755 | 4.459663e+02 |      --      |    Inf 
  815s|  5800 |  1816 |  1688k|  12M|  43 |   - |1533 |1602 | 349 |   0 |   0 | 166 |2103 |4793 | 4.465608e+02 |      --      |    Inf 
  822s|  5900 |  1841 |  1709k|  12M|  43 |   - |1533 |1584 | 302 |1533 | 438 | 166 |2141 |4802 | 4.473405e+02 |      --      |    Inf 
  834s|  6000 |  1855 |  1737k|  12M|  43 |   - |1533 |1582 | 346 |1533 | 438 | 166 |2175 |4830 | 4.473405e+02 |      --      |    Inf 
  846s|  6100 |  1875 |  1766k|  12M|  43 |  57 |1533 |1575 | 315 |1533 | 438 | 166 |2221 |4859 | 4.473405e+02 |      --      |    Inf 
  853s|  6200 |  1900 |  1783k|  12M|  43 | 106 |1533 |1563 | 349 |1533 | 438 | 166 |2260 |4860 | 4.473405e+02 |      --      |    Inf 
 time | node  | left  |LP iter| mem |mdpt |frac |vars |cons |ccons|cols |rows |cuts |confs|strbr|  dualbound   | primalbound  |  gap   
  862s|  6300 |  1920 |  1807k|  12M|  43 | 113 |1533 |1549 | 473 |1533 | 438 | 166 |2296 |4875 | 4.477705e+02 |      --      |    Inf 
  874s|  6400 |  1939 |  1836k|  12M|  43 | 122 |1533 |1534 | 530 |1533 | 438 | 166 |2322 |4878 | 4.477929e+02 |      --      |    Inf 
  885s|  6500 |  1961 |  1860k|  12M|  43 |  95 |1533 |1546 | 489 |1533 | 438 | 166 |2358 |4928 | 4.477929e+02 |      --      |    Inf 
  896s|  6600 |  1983 |  1888k|  12M|  43 | 125 |1533 |1532 | 435 |1533 | 438 | 166 |2391 |4977 | 4.495953e+02 |      --      |    Inf 
  910s|  6700 |  1997 |  1918k|  12M|  48 |   - |1533 |1516 | 223 |1533 | 438 | 166 |2404 |5056 | 4.495953e+02 |      --      |    Inf 
  930s|  6800 |  2008 |  1965k|  12M|  48 |  74 |1533 |1498 | 347 |1533 | 438 | 166 |2449 |5162 | 4.533570e+02 |      --      |    Inf 
(node 6889) unresolved numerical troubles in LP 8589
  948s|  6900 |  2029 |  2003k|  13M|  48 |  61 |1533 |1506 | 254 |1533 | 438 | 166 |2473 |5235 | 4.546393e+02 |      --      |    Inf 
  963s|  7000 |  2036 |  2037k|  13M|  48 |   - |1533 |1504 | 247 |1533 | 438 | 166 |2501 |5318 | 4.693952e+02 |      --      |    Inf 
  974s|  7100 |  2054 |  2063k|  13M|  48 |   - |1533 |1491 | 295 |1533 | 438 | 166 |2513 |5361 | 4.693952e+02 |      --      |    Inf 
  990s|  7200 |  2061 |  2089k|  13M|  48 | 117 |1533 |1474 | 628 |1533 | 438 | 166 |2549 |5465 | 4.700752e+02 |      --      |    Inf 
 1005s|  7300 |  2081 |  2128k|  13M|  48 |  84 |1533 |1478 | 278 |1533 | 438 | 166 |2563 |5472 | 4.700752e+02 |      --      |    Inf 
 1019s|  7400 |  2097 |  2163k|  13M|  48 | 105 |1533 |1463 | 291 |1533 | 438 | 166 |2589 |5491 | 4.700752e+02 |      --      |    Inf 
 1032s|  7500 |  2102 |  2197k|  13M|  48 |   - |1533 |1445 | 345 |   0 |   0 | 166 |2629 |5504 | 4.700752e+02 |      --      |    Inf 
 1053s|  7600 |  2120 |  2232k|  13M|  48 |   - |1533 |1444 | 289 |1533 | 438 | 166 |2664 |5526 | 4.719948e+02 |      --      |    Inf 
 1059s|  7700 |  2155 |  2250k|  13M|  48 | 121 |1533 |1413 | 410 |1533 | 438 | 166 |2674 |5532 | 4.745858e+02 |      --      |    Inf 
 time | node  | left  |LP iter| mem |mdpt |frac |vars |cons |ccons|cols |rows |cuts |confs|strbr|  dualbound   | primalbound  |  gap   
 1074s|  7800 |  2178 |  2281k|  13M|  48 |  66 |1533 |1400 | 353 |1533 | 438 | 166 |2705 |5544 | 4.802589e+02 |      --      |    Inf 
 1087s|  7900 |  2217 |  2309k|  13M|  48 |   - |1533 |1393 | 300 |1533 | 438 | 166 |2707 |5547 | 4.802589e+02 |      --      |    Inf 
 1099s|  8000 |  2241 |  2341k|  13M|  48 | 115 |1533 |1344 | 524 |1533 | 438 | 166 |2730 |5549 | 4.818992e+02 |      --      |    Inf 
 1110s|  8100 |  2245 |  2373k|  14M|  48 |  95 |1533 |1331 | 279 |1533 | 438 | 166 |2748 |5551 | 4.818992e+02 |      --      |    Inf 
 1120s|  8200 |  2254 |  2398k|  14M|  48 |   - |1533 |1334 | 353 |   0 |   0 | 166 |2784 |5553 | 4.818992e+02 |      --      |    Inf 
(node 8251) unresolved numerical troubles in LP 10271
 1133s|  8300 |  2276 |  2437k|  14M|  48 | 130 |1533 |1317 | 526 |1533 | 438 | 166 |2816 |5560 | 4.833899e+02 |      --      |    Inf 
 1141s|  8400 |  2300 |  2462k|  14M|  48 |  32 |1533 |1327 | 293 |1533 | 438 | 166 |2857 |5560 | 4.833899e+02 |      --      |    Inf 
 1152s|  8500 |  2326 |  2493k|  14M|  48 |   - |1533 |1292 | 347 |   0 |   0 | 166 |2867 |5564 | 4.914001e+02 |      --      |    Inf 
 1176s|  8600 |  2347 |  2532k|  14M|  48 |   - |1533 |1284 | 250 |1533 | 438 | 166 |2895 |5635 | 4.927269e+02 |      --      |    Inf 
 1189s|  8700 |  2347 |  2561k|  14M|  48 |  95 |1533 |1273 | 338 |1533 | 438 | 166 |2929 |5691 | 4.927269e+02 |      --      |    Inf 
 1200s|  8800 |  2350 |  2588k|  14M|  48 |   - |1533 |1253 | 412 |   0 |   0 | 166 |2971 |5742 | 4.927269e+02 |      --      |    Inf 
 1217s|  8900 |  2371 |  2627k|  14M|  48 |   - |1533 |1234 | 375 |   0 |   0 | 166 |2987 |5844 | 5.061080e+02 |      --      |    Inf 
 1226s|  9000 |  2396 |  2651k|  14M|  48 |  93 |1533 |1238 | 306 |1533 | 438 | 166 |3016 |5897 | 5.121737e+02 |      --      |    Inf 
 1251s|  9100 |  2413 |  2694k|  14M|  48 |   - |1533 |1233 | 262 |1533 | 438 | 166 |3055 |6020 | 5.194571e+02 |      --      |    Inf 
 1259s|  9200 |  2451 |  2715k|  15M|  48 |   - |1533 |1226 | 229 |1533 | 438 | 166 |3065 |6062 | 5.212603e+02 |      --      |    Inf 
 time | node  | left  |LP iter| mem |mdpt |frac |vars |cons |ccons|cols |rows |cuts |confs|strbr|  dualbound   | primalbound  |  gap   
 1270s|  9300 |  2463 |  2738k|  15M|  48 |  57 |1533 |1228 | 288 |1533 | 438 | 166 |3103 |6101 | 5.212603e+02 |      --      |    Inf 
 1287s|  9400 |  2484 |  2765k|  15M|  48 |  80 |1533 |1209 | 299 |1533 | 438 | 166 |3135 |6150 | 5.259841e+02 |      --      |    Inf 
 1295s|  9500 |  2512 |  2783k|  15M|  48 |   - |1533 |1213 | 256 |   0 |   0 | 166 |3155 |6159 | 5.259841e+02 |      --      |    Inf 
 1304s|  9600 |  2516 |  2813k|  15M|  48 | 108 |1533 |1197 | 370 |1533 | 438 | 166 |3172 |6166 | 5.259841e+02 |      --      |    Inf 
 1314s|  9700 |  2542 |  2845k|  15M|  48 |  73 |1533 |1186 | 256 |1533 | 438 | 166 |3172 |6168 | 5.259841e+02 |      --      |    Inf 
 1330s|  9800 |  2554 |  2865k|  15M|  48 | 117 |1533 |1193 | 309 |1533 | 438 | 166 |3201 |6175 | 5.259841e+02 |      --      |    Inf 
 1341s|  9900 |  2563 |  2897k|  15M|  48 |  58 |1533 |1194 | 224 |1533 | 438 | 166 |3237 |6182 | 5.262864e+02 |      --      |    Inf 
 1359s| 10000 |  2576 |  2943k|  15M|  48 |  38 |1533 |1198 | 254 |1533 | 438 | 166 |3268 |6191 | 5.265672e+02 |      --      |    Inf 
 1368s| 10100 |  2587 |  2967k|  15M|  48 |  92 |1533 |1190 | 295 |1533 | 438 | 166 |3282 |6205 | 5.288661e+02 |      --      |    Inf 
 1390s| 10200 |  2614 |  2997k|  15M|  48 |  83 |1533 |1185 | 306 |1533 | 438 | 166 |3290 |6263 | 5.288661e+02 |      --      |    Inf 
 1406s| 10300 |  2627 |  3032k|  15M|  48 |   - |1533 |1204 | 228 |1533 | 438 | 166 |3350 |6324 | 5.527882e+02 |      --      |    Inf 
 1414s| 10400 |  2666 |  3052k|  16M|  48 | 123 |1533 |1199 | 531 |1533 | 438 | 166 |3361 |6372 | 5.579382e+02 |      --      |    Inf 
 1427s| 10500 |  2690 |  3078k|  16M|  48 |   - |1533 |1193 | 303 |   0 |   0 | 166 |3372 |6434 | 5.579382e+02 |      --      |    Inf 
 1440s| 10600 |  2695 |  3114k|  16M|  48 |  65 |1533 |1225 | 273 |1533 | 438 | 166 |3428 |6513 | 5.698381e+02 |      --      |    Inf 
 1450s| 10700 |  2705 |  3140k|  16M|  48 | 119 |1533 |1234 | 381 |1533 | 438 | 166 |3450 |6557 | 5.698381e+02 |      --      |    Inf 
 time | node  | left  |LP iter| mem |mdpt |frac |vars |cons |ccons|cols |rows |cuts |confs|strbr|  dualbound   | primalbound  |  gap   
 1467s| 10800 |  2714 |  3166k|  16M|  48 |  82 |1533 |1243 | 344 |1533 | 438 | 166 |3489 |6628 | 5.839722e+02 |      --      |    Inf 
 1475s| 10900 |  2745 |  3184k|  16M|  48 |   - |1533 |1249 | 207 |1533 | 438 | 166 |3505 |6658 | 6.089662e+02 |      --      |    Inf 
 1488s| 11000 |  2758 |  3207k|  16M|  48 |  77 |1533 |1230 | 254 |1533 | 438 | 166 |3526 |6719 | 6.177532e+02 |      --      |    Inf 
 1496s| 11100 |  2791 |  3231k|  16M|  48 |  34 |1533 |1216 | 212 |1533 | 438 | 166 |3533 |6744 | 6.177532e+02 |      --      |    Inf 
 1503s| 11200 |  2825 |  3248k|  16M|  48 |   - |1533 |1210 | 331 |1533 | 438 | 166 |3541 |6763 | 6.177532e+02 |      --      |    Inf 
 1516s| 11300 |  2835 |  3279k|  16M|  48 |   - |1533 |1207 | 300 |1533 | 438 | 166 |3553 |6791 | 6.177532e+02 |      --      |    Inf 
 1522s| 11400 |  2868 |  3300k|  16M|  48 |  63 |1533 |1190 | 265 |1533 | 438 | 166 |3555 |6795 | 6.177532e+02 |      --      |    Inf 
 1535s| 11500 |  2894 |  3332k|  17M|  48 |  73 |1533 |1191 | 325 |1533 | 438 | 166 |3571 |6804 | 6.228600e+02 |      --      |    Inf 
 1540s| 11600 |  2938 |  3346k|  17M|  48 |   - |1533 |1182 | 228 |1533 | 438 | 166 |3575 |6807 | 6.228600e+02 |      --      |    Inf 
 1547s| 11700 |  2968 |  3362k|  17M|  48 |  81 |1533 |1197 | 294 |1533 | 438 | 166 |3604 |6821 | 6.228824e+02 |      --      |    Inf 
 1556s| 11800 |  2992 |  3383k|  17M|  48 |   - |1533 |1169 | 186 |1533 | 438 | 166 |3612 |6827 | 6.301373e+02 |      --      |    Inf 
 1565s| 11900 |  3009 |  3406k|  17M|  48 |   - |1533 |1165 | 310 |1533 | 438 | 166 |3643 |6835 | 6.330958e+02 |      --      |    Inf 
 1579s| 12000 |  3027 |  3442k|  17M|  48 |   - |1533 |1164 | 260 |1533 | 438 | 166 |3665 |6836 | 6.330958e+02 |      --      |    Inf 
 1582s| 12100 |  3060 |  3451k|  17M|  51 |   - |1533 |1157 | 222 |1533 | 438 | 166 |3675 |6838 | 6.336800e+02 |      --      |    Inf 
 1591s| 12200 |  3078 |  3477k|  17M|  51 | 113 |1533 |1167 | 326 |1533 | 438 | 166 |3695 |6860 | 6.365537e+02 |      --      |    Inf 
 time | node  | left  |LP iter| mem |mdpt |frac |vars |cons |ccons|cols |rows |cuts |confs|strbr|  dualbound   | primalbound  |  gap   
 1600s| 12300 |  3096 |  3499k|  17M|  51 | 106 |1533 |1166 | 319 |1533 | 438 | 166 |3719 |6907 | 6.365537e+02 |      --      |    Inf 
 1607s| 12400 |  3115 |  3515k|  17M|  51 |   - |1533 |1163 | 295 |1533 | 438 | 166 |3732 |6941 | 6.365537e+02 |      --      |    Inf 
 1625s| 12500 |  3131 |  3553k|  17M|  51 | 108 |1533 |1158 | 303 |1533 | 438 | 166 |3746 |7013 | 6.692711e+02 |      --      |    Inf 
 1640s| 12600 |  3147 |  3587k|  17M|  51 |   - |1533 |1153 | 258 |1533 | 438 | 166 |3769 |7059 | 6.901699e+02 |      --      |    Inf 
 1654s| 12700 |  3162 |  3616k|  17M|  51 |  51 |1533 |1161 | 215 |1533 | 438 | 166 |3796 |7123 | 7.063271e+02 |      --      |    Inf 
 1659s| 12800 |  3197 |  3628k|  18M|  51 |  34 |1533 |1160 | 198 |1533 | 438 | 166 |3800 |7151 | 7.063271e+02 |      --      |    Inf 
 1672s| 12900 |  3214 |  3657k|  18M|  51 |  84 |1533 |1149 | 274 |1533 | 438 | 166 |3810 |7217 | 7.292587e+02 |      --      |    Inf 
 1677s| 13000 |  3240 |  3672k|  18M|  51 |   - |1533 |1149 | 194 |1533 | 438 | 166 |3825 |7240 | 7.292587e+02 |      --      |    Inf 
 1685s| 13100 |  3264 |  3688k|  18M|  51 |  82 |1533 |1148 | 296 |1533 | 438 | 166 |3828 |7272 | 7.292587e+02 |      --      |    Inf 
 1690s| 13200 |  3289 |  3699k|  18M|  51 |   - |1533 |1147 | 273 |   0 |   0 | 166 |3836 |7305 | 7.292587e+02 |      --      |    Inf 
 1700s| 13300 |  3315 |  3723k|  18M|  51 |  58 |1533 |1138 | 267 |1533 | 438 | 166 |3839 |7358 | 7.822780e+02 |      --      |    Inf 
 1707s| 13400 |  3341 |  3741k|  18M|  51 | 118 |1533 |1141 | 350 |1533 | 438 | 166 |3861 |7394 | 7.822780e+02 |      --      |    Inf 
 1713s| 13500 |  3380 |  3759k|  18M|  51 |  78 |1533 |1135 | 263 |1533 | 438 | 166 |3872 |7413 | 8.031836e+02 |      --      |    Inf 
 1737s| 13600 |  3395 |  3806k|  18M|  51 |   - |1533 |1136 | 192 |1533 | 438 | 166 |3889 |7444 | 8.063029e+02 |      --      |    Inf 
 1741s| 13700 |  3434 |  3819k|  18M|  51 |  29 |1533 |1137 | 178 |1533 | 438 | 166 |3895 |7449 | 8.063029e+02 |      --      |    Inf 
 time | node  | left  |LP iter| mem |mdpt |frac |vars |cons |ccons|cols |rows |cuts |confs|strbr|  dualbound   | primalbound  |  gap   
 1748s| 13800 |  3450 |  3840k|  18M|  51 | 124 |1533 |1146 | 411 |1533 | 438 | 166 |3922 |7459 | 8.063029e+02 |      --      |    Inf 
 1756s| 13900 |  3464 |  3863k|  18M|  51 |   - |1533 |1147 | 254 |1533 | 438 | 166 |3933 |7464 | 8.063029e+02 |      --      |    Inf 
 1765s| 14000 |  3489 |  3884k|  19M|  51 |   - |1533 |1131 | 357 |1533 | 438 | 166 |3943 |7476 | 8.176944e+02 |      --      |    Inf 
 1774s| 14100 |  3500 |  3908k|  19M|  51 |  38 |1533 |1144 | 225 |1533 | 438 | 166 |3982 |7488 | 8.192975e+02 |      --      |    Inf 
 1783s| 14200 |  3533 |  3931k|  19M|  51 |   - |1533 |1130 | 244 |1533 | 438 | 166 |3988 |7490 | 8.192975e+02 |      --      |    Inf 
 1789s| 14300 |  3550 |  3952k|  19M|  51 |  38 |1533 |1127 | 222 |1533 | 438 | 166 |4010 |7499 | 8.455676e+02 |      --      |    Inf 
 1797s| 14400 |  3573 |  3969k|  19M|  51 |   - |1533 |1153 | 150 |1533 | 438 | 166 |4040 |7508 | 8.455676e+02 |      --      |    Inf 
 1802s| 14500 |  3598 |  3982k|  19M|  51 |   - |1533 |1150 | 180 |1533 | 438 | 166 |4045 |7509 | 8.455676e+02 |      --      |    Inf 
 1807s| 14600 |  3632 |  3996k|  19M|  51 |   - |1533 |1159 | 207 |1533 | 438 | 166 |4057 |7510 | 8.528195e+02 |      --      |    Inf 
 1815s| 14700 |  3649 |  4022k|  19M|  51 |  79 |1533 |1158 | 262 |1533 | 438 | 166 |4067 |7515 | 8.752828e+02 |      --      |    Inf 
 1818s| 14800 |  3688 |  4032k|  19M|  51 |   - |1533 |1156 | 192 |1533 | 438 | 166 |4073 |7526 | 8.842236e+02 |      --      |    Inf 
 1824s| 14900 |  3700 |  4046k|  19M|  51 |  60 |1533 |1151 | 291 |1533 | 438 | 166 |4083 |7548 | 8.898206e+02 |      --      |    Inf 
 1834s| 15000 |  3723 |  4062k|  19M|  51 |  23 |1533 |1148 | 159 |1533 | 438 | 166 |4099 |7574 | 9.045397e+02 |      --      |    Inf 
 1841s| 15100 |  3743 |  4080k|  19M|  51 |  92 |1533 |1152 | 322 |1533 | 438 | 166 |4116 |7614 | 9.045397e+02 |      --      |    Inf 
 1846s| 15200 |  3778 |  4093k|  19M|  51 | 124 |1533 |1138 | 379 |1533 | 438 | 166 |4119 |7634 | 9.054162e+02 |      --      |    Inf 
 time | node  | left  |LP iter| mem |mdpt |frac |vars |cons |ccons|cols |rows |cuts |confs|strbr|  dualbound   | primalbound  |  gap   
 1850s| 15300 |  3807 |  4104k|  19M|  51 |   - |1533 |1149 | 247 |1533 | 438 | 166 |4136 |7649 | 9.054162e+02 |      --      |    Inf 
 1859s| 15400 |  3835 |  4125k|  20M|  51 |   - |1533 |1144 | 146 |1533 | 438 | 166 |4151 |7687 | 9.140220e+02 |      --      |    Inf 
 1867s| 15500 |  3872 |  4147k|  20M|  51 |   - |1533 |1151 | 387 |   0 |   0 | 166 |4165 |7727 | 9.371176e+02 |      --      |    Inf 
 1882s| 15600 |  3888 |  4179k|  20M|  51 | 114 |1533 |1165 | 294 |1533 | 438 | 166 |4189 |7792 | 9.534077e+02 |      --      |    Inf 
 1888s| 15700 |  3913 |  4195k|  20M|  51 |  25 |1533 |1170 | 213 |1533 | 438 | 166 |4201 |7818 | 9.548146e+02 |      --      |    Inf 
 1897s| 15800 |  3930 |  4219k|  20M|  51 |  95 |1533 |1179 | 303 |1533 | 438 | 166 |4226 |7871 | 9.618408e+02 |      --      |    Inf 
 1900s| 15900 |  3974 |  4228k|  20M|  51 | 107 |1533 |1184 | 333 |1533 | 438 | 166 |4232 |7880 | 9.618408e+02 |      --      |    Inf 
 1908s| 16000 |  4013 |  4248k|  20M|  51 |  15 |1533 |1191 | 111 |1533 | 438 | 166 |4243 |7911 | 9.641201e+02 |      --      |    Inf 
 1915s| 16100 |  4038 |  4263k|  20M|  51 |  53 |1533 |1189 | 268 |1533 | 438 | 166 |4251 |7955 | 9.670427e+02 |      --      |    Inf 
 1923s| 16200 |  4063 |  4281k|  20M|  51 |  33 |1533 |1194 | 230 |1533 | 438 | 166 |4272 |7996 | 9.670427e+02 |      --      |    Inf 
(node 16216) unresolved numerical troubles in LP 19166
 1932s| 16300 |  4096 |  4307k|  20M|  51 |  47 |1533 |1184 | 242 |1533 | 438 | 166 |4275 |8027 | 9.689884e+02 |      --      |    Inf 
 1939s| 16400 |  4136 |  4323k|  20M|  51 |  36 |1533 |1184 | 189 |1533 | 438 | 166 |4284 |8042 | 9.696601e+02 |      --      |    Inf 
 1949s| 16500 |  4146 |  4348k|  20M|  51 | 124 |1533 |1173 | 354 |1533 | 438 | 166 |4290 |8067 | 9.696601e+02 |      --      |    Inf 
 1953s| 16600 |  4167 |  4361k|  20M|  51 |  42 |1533 |1177 | 196 |1533 | 438 | 166 |4303 |8086 | 9.726094e+02 |      --      |    Inf 
 1963s| 16700 |  4198 |  4380k|  21M|  51 |  94 |1533 |1171 | 315 |1533 | 438 | 166 |4305 |8092 | 9.746677e+02 |      --      |    Inf 
 time | node  | left  |LP iter| mem |mdpt |frac |vars |cons |ccons|cols |rows |cuts |confs|strbr|  dualbound   | primalbound  |  gap   
 1970s| 16800 |  4217 |  4397k|  21M|  51 |  68 |1533 |1173 | 233 |1533 | 438 | 166 |4316 |8105 | 9.746677e+02 |      --      |    Inf 
 1976s| 16900 |  4244 |  4417k|  21M|  51 |  65 |1533 |1172 | 242 |1533 | 438 | 166 |4326 |8111 | 9.777754e+02 |      --      |    Inf 
 1983s| 17000 |  4264 |  4436k|  21M|  51 | 113 |1533 |1180 | 368 |1533 | 438 | 166 |4344 |8117 | 9.854365e+02 |      --      |    Inf 
 1989s| 17100 |  4300 |  4451k|  21M|  51 |  88 |1533 |1181 | 303 |1533 | 438 | 166 |4369 |8117 | 1.001499e+03 |      --      |    Inf 
 1996s| 17200 |  4321 |  4468k|  21M|  51 |   - |1533 |1188 | 463 |   0 |   0 | 166 |4394 |8124 | 1.055152e+03 |      --      |    Inf 
 2001s| 17300 |  4352 |  4483k|  21M|  51 |   - |1533 |1200 | 207 |1533 | 438 | 166 |4419 |8130 | 1.080630e+03 |      --      |    Inf 
 2004s| 17400 |  4379 |  4491k|  21M|  51 |  65 |1533 |1198 | 265 |1533 | 438 | 166 |4420 |8134 | 1.080630e+03 |      --      |    Inf 
 2011s| 17500 |  4399 |  4512k|  21M|  51 |   - |1533 |1200 | 290 |1533 | 438 | 166 |4432 |8136 | 1.092899e+03 |      --      |    Inf 
 2017s| 17600 |  4419 |  4526k|  21M|  51 |   - |1533 |1201 | 215 |1533 | 438 | 166 |4444 |8137 | 1.121684e+03 |      --      |    Inf 
 2021s| 17700 |  4443 |  4537k|  21M|  51 |  40 |1533 |1204 | 212 |1533 | 438 | 166 |4450 |8137 | 1.122106e+03 |      --      |    Inf 
 2025s| 17800 |  4473 |  4548k|  21M|  51 |  62 |1533 |1203 | 241 |1533 | 438 | 166 |4460 |8142 | 1.143167e+03 |      --      |    Inf 
 2035s| 17900 |  4499 |  4570k|  21M|  51 |   - |1533 |1192 | 740 |   0 |   0 | 166 |4476 |8157 | 1.155704e+03 |      --      |    Inf 
 2042s| 18000 |  4528 |  4590k|  21M|  51 |  66 |1533 |1186 | 313 |1533 | 438 | 166 |4492 |8159 | 1.164378e+03 |      --      |    Inf 
 2046s| 18100 |  4568 |  4602k|  22M|  51 |  30 |1533 |1186 | 195 |1533 | 438 | 166 |4503 |8159 | 1.164378e+03 |      --      |    Inf 
 2050s| 18200 |  4596 |  4612k|  22M|  51 |   - |1533 |1189 | 265 |1533 | 438 | 166 |4508 |8159 | 1.165986e+03 |      --      |    Inf 
 time | node  | left  |LP iter| mem |mdpt |frac |vars |cons |ccons|cols |rows |cuts |confs|strbr|  dualbound   | primalbound  |  gap   
 2057s| 18300 |  4619 |  4629k|  22M|  51 |  64 |1533 |1196 | 259 |1533 | 438 | 166 |4524 |8191 | 1.186561e+03 |      --      |    Inf 
 2060s| 18400 |  4647 |  4636k|  22M|  51 |  74 |1533 |1197 | 253 |1533 | 438 | 166 |4533 |8210 | 1.186561e+03 |      --      |    Inf 
 2070s| 18500 |  4667 |  4656k|  22M|  51 |  44 |1533 |1201 | 207 |1533 | 438 | 166 |4542 |8267 | 1.237540e+03 |      --      |    Inf 
 2076s| 18600 |  4695 |  4670k|  22M|  51 |   - |1533 |1207 | 221 |1533 | 438 | 166 |4550 |8304 | 1.238283e+03 |      --      |    Inf 
 2080s| 18700 |  4729 |  4677k|  22M|  51 |  41 |1533 |1195 | 308 |1533 | 438 | 166 |4550 |8323 | 1.238283e+03 |      --      |    Inf 
 2088s| 18800 |  4748 |  4694k|  22M|  51 |   - |1533 |1204 | 166 |1533 | 438 | 166 |4565 |8354 | 1.238283e+03 |      --      |    Inf 
 2093s| 18900 |  4776 |  4705k|  22M|  51 |   - |1533 |1203 | 357 |1533 | 438 | 166 |4578 |8368 | 1.250183e+03 |      --      |    Inf 
 2100s| 19000 |  4800 |  4721k|  22M|  51 |   - |1533 |1201 | 222 |1533 | 438 | 166 |4588 |8392 | 1.256488e+03 |      --      |    Inf 
 2107s| 19100 |  4821 |  4740k|  22M|  51 |  63 |1533 |1219 | 291 |1533 | 438 | 166 |4622 |8428 | 1.267314e+03 |      --      |    Inf 
 2111s| 19200 |  4845 |  4750k|  22M|  51 |  43 |1533 |1219 | 205 |1533 | 438 | 166 |4626 |8448 | 1.267314e+03 |      --      |    Inf 
 2114s| 19300 |  4881 |  4759k|  22M|  51 |  34 |1533 |1217 | 186 |1533 | 438 | 166 |4626 |8468 | 1.267314e+03 |      --      |    Inf 
 2119s| 19400 |  4905 |  4767k|  22M|  51 |  24 |1533 |1216 | 171 |1533 | 438 | 166 |4628 |8491 | 1.267314e+03 |      --      |    Inf 
 2125s| 19500 |  4921 |  4783k|  22M|  51 |  38 |1533 |1215 | 212 |1533 | 438 | 166 |4648 |8520 | 1.295879e+03 |      --      |    Inf 
 2130s| 19600 |  4951 |  4791k|  22M|  51 |   - |1533 |1217 | 244 |   0 |   0 | 166 |4658 |8537 | 1.300416e+03 |      --      |    Inf 
 2133s| 19700 |  4998 |  4798k|  23M|  51 |  64 |1533 |1223 | 219 |1533 | 438 | 166 |4666 |8551 | 1.310858e+03 |      --      |    Inf 
 time | node  | left  |LP iter| mem |mdpt |frac |vars |cons |ccons|cols |rows |cuts |confs|strbr|  dualbound   | primalbound  |  gap   
 2136s| 19800 |  5031 |  4805k|  23M|  51 |   - |1533 |1218 | 230 |1533 | 438 | 166 |4673 |8563 | 1.320271e+03 |      --      |    Inf 
 2149s| 19900 |  5059 |  4833k|  23M|  51 |  91 |1533 |1230 | 291 |1533 | 438 | 166 |4692 |8620 | 1.334808e+03 |      --      |    Inf 
 2167s| 20000 |  5079 |  4858k|  23M|  51 |   - |1533 |1234 | 221 |1533 | 438 | 166 |4704 |8639 | 1.334808e+03 |      --      |    Inf 
 2175s| 20100 |  5103 |  4871k|  23M|  51 |  20 |1533 |1228 | 125 |1533 | 438 | 166 |4707 |8656 | 1.340273e+03 |      --      |    Inf 
 2179s| 20200 |  5131 |  4882k|  23M|  51 |  31 |1533 |1228 | 174 |1533 | 438 | 166 |4711 |8671 | 1.362616e+03 |      --      |    Inf 
 2183s| 20300 |  5154 |  4892k|  23M|  51 |   - |1533 |1240 | 232 |1533 | 438 | 166 |4727 |8707 | 1.365564e+03 |      --      |    Inf 
 2187s| 20400 |  5179 |  4901k|  23M|  51 |   - |1533 |1239 | 185 |1533 | 438 | 166 |4734 |8721 | 1.369519e+03 |      --      |    Inf 
 2191s| 20500 |  5204 |  4912k|  23M|  51 |   - |1533 |1236 | 258 |1533 | 438 | 166 |4744 |8723 | 1.369519e+03 |      --      |    Inf 
 2195s| 20600 |  5224 |  4920k|  23M|  51 |   - |1533 |1234 | 232 |1533 | 438 | 166 |4745 |8724 | 1.387385e+03 |      --      |    Inf 
 2199s| 20700 |  5244 |  4932k|  23M|  51 |  60 |1533 |1230 | 392 |1533 | 438 | 166 |4748 |8725 | 1.387385e+03 |      --      |    Inf 
 2204s| 20800 |  5271 |  4945k|  23M|  51 |   - |1533 |1240 | 184 |1533 | 438 | 166 |4761 |8728 | 1.388753e+03 |      --      |    Inf 
 2211s| 20900 |  5287 |  4960k|  23M|  51 |  48 |1533 |1254 | 361 |1533 | 438 | 166 |4786 |8729 | 1.388753e+03 |      --      |    Inf 
 2214s| 21000 |  5313 |  4968k|  23M|  51 |  65 |1533 |1259 | 224 |1533 | 438 | 166 |4791 |8730 | 1.388753e+03 |      --      |    Inf 
 2223s| 21100 |  5323 |  4992k|  23M|  51 |  49 |1533 |1263 | 229 |1533 | 438 | 166 |4806 |8760 | 1.419514e+03 |      --      |    Inf 
 2227s| 21200 |  5349 |  5001k|  23M|  51 |  57 |1533 |1259 | 297 |1533 | 438 | 166 |4808 |8764 | 1.420249e+03 |      --      |    Inf 
 time | node  | left  |LP iter| mem |mdpt |frac |vars |cons |ccons|cols |rows |cuts |confs|strbr|  dualbound   | primalbound  |  gap   
 2231s| 21300 |  5369 |  5012k|  23M|  51 |   - |1533 |1254 | 167 |1533 | 438 | 166 |4821 |8764 | 1.422665e+03 |      --      |    Inf 
 2235s| 21400 |  5402 |  5024k|  23M|  51 |  52 |1533 |1255 | 211 |1533 | 438 | 166 |4830 |8764 | 1.424469e+03 |      --      |    Inf 
 2242s| 21500 |  5420 |  5041k|  23M|  51 |  42 |1533 |1267 | 202 |1533 | 438 | 166 |4846 |8764 | 1.441378e+03 |      --      |    Inf 
 2248s| 21600 |  5447 |  5053k|  24M|  51 |  65 |1533 |1269 | 261 |1533 | 438 | 166 |4851 |8764 | 1.442405e+03 |      --      |    Inf 
 2251s| 21700 |  5485 |  5061k|  24M|  51 |  37 |1533 |1264 | 283 |1533 | 438 | 166 |4851 |8764 | 1.446086e+03 |      --      |    Inf 
 2254s| 21800 |  5513 |  5068k|  24M|  51 |  43 |1533 |1264 | 216 |1533 | 438 | 166 |4851 |8764 | 1.446086e+03 |      --      |    Inf 
(node 21822) unresolved numerical troubles in LP 25450
 2260s| 21900 |  5538 |  5089k|  24M|  51 | 115 |1533 |1257 | 323 |1533 | 438 | 166 |4859 |8768 | 1.459780e+03 |      --      |    Inf 
 2264s| 22000 |  5563 |  5101k|  24M|  51 |  53 |1533 |1257 | 239 |1533 | 438 | 166 |4868 |8769 | 1.459780e+03 |      --      |    Inf 
 2274s| 22100 |  5591 |  5117k|  24M|  51 |  67 |1533 |1259 | 265 |1533 | 438 | 166 |4870 |8769 | 1.459780e+03 |      --      |    Inf 
 2278s| 22200 |  5615 |  5128k|  24M|  51 |  69 |1533 |1265 | 287 |1533 | 438 | 166 |4877 |8769 | 1.465322e+03 |      --      |    Inf 
 2285s| 22300 |  5634 |  5143k|  24M|  51 |  86 |1533 |1286 | 299 |1533 | 438 | 166 |4904 |8769 | 1.471307e+03 |      --      |    Inf 
 2288s| 22400 |  5664 |  5154k|  24M|  51 |  68 |1533 |1284 | 322 |1533 | 438 | 166 |4909 |8769 | 1.478893e+03 |      --      |    Inf 
 2290s| 22500 |  5696 |  5159k|  24M|  51 |  59 |1533 |1284 | 228 |1533 | 438 | 166 |4909 |8769 | 1.478893e+03 |      --      |    Inf 
 2293s| 22600 |  5728 |  5169k|  24M|  51 |   - |1533 |1281 | 253 |1533 | 438 | 166 |4922 |8769 | 1.481226e+03 |      --      |    Inf 
 2298s| 22700 |  5759 |  5179k|  24M|  51 |  18 |1533 |1286 | 189 |1533 | 438 | 166 |4933 |8769 | 1.520395e+03 |      --      |    Inf 
 time | node  | left  |LP iter| mem |mdpt |frac |vars |cons |ccons|cols |rows |cuts |confs|strbr|  dualbound   | primalbound  |  gap   
 2303s| 22800 |  5779 |  5190k|  24M|  51 |   - |1533 |1280 | 361 |   0 |   0 | 166 |4950 |8780 | 1.528402e+03 |      --      |    Inf 
 2309s| 22900 |  5803 |  5203k|  24M|  51 |   - |1533 |1290 | 178 |1533 | 438 | 166 |4971 |8797 | 1.556165e+03 |      --      |    Inf 
 2312s| 23000 |  5843 |  5212k|  24M|  51 |   - |1533 |1293 | 191 |1533 | 438 | 166 |4974 |8808 | 1.556165e+03 |      --      |    Inf 
 2316s| 23100 |  5882 |  5220k|  25M|  51 |  34 |1533 |1288 | 243 |1533 | 438 | 166 |4977 |8832 | 1.568398e+03 |      --      |    Inf 
 2322s| 23200 |  5904 |  5231k|  25M|  51 |  45 |1533 |1286 | 224 |1533 | 438 | 166 |4980 |8842 | 1.568398e+03 |      --      |    Inf 
 2324s| 23300 |  5946 |  5237k|  25M|  51 |   - |1533 |1289 | 152 |1533 | 438 | 166 |4983 |8874 | 1.568398e+03 |      --      |    Inf 
 2328s| 23400 |  5975 |  5247k|  25M|  51 |   - |1533 |1293 | 230 |1533 | 438 | 166 |4994 |8883 | 1.581264e+03 |      --      |    Inf 
 2331s| 23500 |  6013 |  5253k|  25M|  51 |  65 |1533 |1294 | 254 |1533 | 438 | 166 |4995 |8898 | 1.581264e+03 |      --      |    Inf 
 2335s| 23600 |  6047 |  5264k|  25M|  51 |   - |1533 |1293 | 238 |1533 | 438 | 166 |5006 |8930 | 1.591094e+03 |      --      |    Inf 
 2339s| 23700 |  6066 |  5275k|  25M|  51 |  69 |1533 |1283 | 415 |1533 | 438 | 166 |5015 |8946 | 1.620167e+03 |      --      |    Inf 
(node 23755) unresolved numerical troubles in LP 27738
 2352s| 23800 |  6086 |  5310k|  25M|  51 |  57 |1533 |1284 | 267 |1533 | 438 | 166 |5028 |9004 | 1.620383e+03 |      --      |    Inf 
 2355s| 23900 |  6114 |  5320k|  25M|  51 |  37 |1533 |1273 | 259 |1533 | 438 | 166 |5034 |9014 | 1.632003e+03 |      --      |    Inf 
 2362s| 24000 |  6154 |  5332k|  25M|  51 |   - |1533 |1258 | 376 |   0 |   0 | 166 |5049 |9040 | 1.635383e+03 |      --      |    Inf 
 2365s| 24100 |  6174 |  5341k|  25M|  51 |  49 |1533 |1256 | 228 |1533 | 438 | 166 |5050 |9063 | 1.643360e+03 |      --      |    Inf 
 2367s| 24200 |  6214 |  5346k|  25M|  51 |  20 |1533 |1253 | 127 |1533 | 438 | 166 |5050 |9063 | 1.643360e+03 |      --      |    Inf 
 time | node  | left  |LP iter| mem |mdpt |frac |vars |cons |ccons|cols |rows |cuts |confs|strbr|  dualbound   | primalbound  |  gap   
 2372s| 24300 |  6242 |  5360k|  25M|  51 |  54 |1533 |1250 | 245 |1533 | 438 | 166 |5052 |9097 | 1.664129e+03 |      --      |    Inf 
 2375s| 24400 |  6266 |  5369k|  25M|  51 |  38 |1533 |1265 | 204 |1533 | 438 | 166 |5072 |9106 | 1.670980e+03 |      --      |    Inf 
 2380s| 24500 |  6289 |  5381k|  25M|  51 |  42 |1533 |1258 | 239 |1533 | 438 | 166 |5083 |9125 | 1.684874e+03 |      --      |    Inf 
 2382s| 24600 |  6321 |  5386k|  26M|  51 |   - |1533 |1263 | 238 |1533 | 438 | 166 |5088 |9135 | 1.684874e+03 |      --      |    Inf 
 2393s| 24700 |  6326 |  5406k|  26M|  51 |  66 |1533 |1269 | 271 |1533 | 438 | 166 |5108 |9177 | 1.692010e+03 |      --      |    Inf 
 2403s| 24800 |  6340 |  5425k|  26M|  51 |  18 |1533 |1275 | 123 |1533 | 438 | 166 |5127 |9201 | 1.706648e+03 |      --      |    Inf 
 2408s| 24900 |  6364 |  5441k|  26M|  51 |   - |1533 |1270 | 191 |1533 | 438 | 166 |5133 |9229 | 1.713117e+03 |      --      |    Inf 
 2414s| 25000 |  6376 |  5456k|  26M|  51 |   - |1533 |1276 | 209 |1533 | 438 | 166 |5146 |9257 | 1.730722e+03 |      --      |    Inf 
 2417s| 25100 |  6414 |  5464k|  26M|  51 |   - |1533 |1263 | 238 |1533 | 438 | 166 |5147 |9264 | 1.731370e+03 |      --      |    Inf 
 2422s| 25200 |  6440 |  5477k|  26M|  51 |   - |1533 |1244 | 299 |1533 | 438 | 166 |5150 |9276 | 1.740205e+03 |      --      |    Inf 
 2424s| 25300 |  6472 |  5483k|  26M|  51 |   - |1533 |1242 | 146 |1533 | 438 | 166 |5150 |9277 | 1.740205e+03 |      --      |    Inf 
 2433s| 25400 |  6496 |  5501k|  26M|  51 |  77 |1533 |1240 | 271 |1533 | 438 | 166 |5152 |9279 | 1.742684e+03 |      --      |    Inf 
 2435s| 25500 |  6526 |  5507k|  26M|  51 |   - |1533 |1240 | 205 |1533 | 438 | 166 |5152 |9280 | 1.742684e+03 |      --      |    Inf 
 2438s| 25600 |  6553 |  5515k|  26M|  51 |  23 |1533 |1235 | 132 |1533 | 438 | 166 |5158 |9285 | 1.743377e+03 |      --      |    Inf 
 2448s| 25700 |  6584 |  5540k|  26M|  51 |   - |1533 |1225 | 175 |1533 | 438 | 166 |5159 |9290 | 1.759456e+03 |      --      |    Inf 
 time | node  | left  |LP iter| mem |mdpt |frac |vars |cons |ccons|cols |rows |cuts |confs|strbr|  dualbound   | primalbound  |  gap   
 2452s| 25800 |  6602 |  5552k|  26M|  51 |  78 |1533 |1215 | 258 |1533 | 438 | 166 |5182 |9303 | 1.777550e+03 |      --      |    Inf 
 2456s| 25900 |  6633 |  5560k|  26M|  51 |  47 |1533 |1219 | 215 |1533 | 438 | 166 |5192 |9305 | 1.782328e+03 |      --      |    Inf 
 2462s| 26000 |  6667 |  5574k|  26M|  51 |   - |1533 |1226 | 243 |   0 |   0 | 166 |5204 |9309 | 1.799884e+03 |      --      |    Inf 
 2469s| 26100 |  6679 |  5587k|  26M|  51 |   - |1533 |1227 | 174 |1533 | 438 | 166 |5208 |9314 | 1.799884e+03 |      --      |    Inf 
 2471s| 26200 |  6712 |  5592k|  26M|  51 |  28 |1533 |1227 | 232 |1533 | 438 | 166 |5208 |9314 | 1.799884e+03 |      --      |    Inf 
 2473s| 26300 |  6740 |  5599k|  27M|  51 |  47 |1533 |1227 | 250 |1533 | 438 | 166 |5210 |9317 | 1.803854e+03 |      --      |    Inf 
(node 26385) unresolved numerical troubles in LP 30614
 2477s| 26400 |  6768 |  5611k|  27M|  51 |  42 |1533 |1226 | 207 |1533 | 438 | 166 |5210 |9318 | 1.808305e+03 |      --      |    Inf 
 2480s| 26500 |  6804 |  5618k|  27M|  51 |  51 |1533 |1222 | 228 |1533 | 438 | 166 |5210 |9321 | 1.808305e+03 |      --      |    Inf 
 2483s| 26600 |  6839 |  5627k|  27M|  51 |  44 |1533 |1219 | 244 |1533 | 438 | 166 |5210 |9321 | 1.834015e+03 |      --      |    Inf 
 2486s| 26700 |  6857 |  5636k|  27M|  51 |   - |1533 |1219 | 178 |1533 | 438 | 166 |5222 |9329 | 1.836205e+03 |      --      |    Inf 
 2490s| 26800 |  6882 |  5647k|  27M|  51 |  54 |1533 |1217 | 276 |1533 | 438 | 166 |5235 |9333 | 1.846500e+03 |      --      |    Inf 
 2492s| 26900 |  6895 |  5654k|  27M|  51 |   - |1533 |1220 | 169 |1533 | 438 | 166 |5239 |9334 | 1.846500e+03 |      --      |    Inf 
 2494s| 27000 |  6927 |  5661k|  27M|  53 |  25 |1533 |1223 | 187 |1533 | 438 | 166 |5242 |9335 | 1.852222e+03 |      --      |    Inf 
 2497s| 27100 |  6953 |  5667k|  27M|  53 |  48 |1533 |1218 | 216 |1533 | 438 | 166 |5246 |9335 | 1.858043e+03 |      --      |    Inf 
 2499s| 27200 |  6976 |  5672k|  27M|  53 |   - |1533 |1218 | 174 |1533 | 438 | 166 |5246 |9335 | 1.858043e+03 |      --      |    Inf 
 time | node  | left  |LP iter| mem |mdpt |frac |vars |cons |ccons|cols |rows |cuts |confs|strbr|  dualbound   | primalbound  |  gap   
 2502s| 27300 |  7016 |  5680k|  27M|  53 |  36 |1533 |1217 | 210 |1533 | 438 | 166 |5246 |9336 | 1.858043e+03 |      --      |    Inf 
 2505s| 27400 |  7043 |  5687k|  27M|  53 |  54 |1533 |1215 | 234 |1533 | 438 | 166 |5251 |9338 | 1.858290e+03 |      --      |    Inf 
 2508s| 27500 |  7071 |  5699k|  27M|  53 |  31 |1533 |1218 | 264 |1533 | 438 | 166 |5258 |9342 | 1.858790e+03 |      --      |    Inf 
 2511s| 27600 |  7099 |  5708k|  27M|  53 |   - |1533 |1214 | 214 |1533 | 438 | 166 |5258 |9347 | 1.860032e+03 |      --      |    Inf 
 2515s| 27700 |  7126 |  5720k|  27M|  53 |  70 |1533 |1219 | 271 |1533 | 438 | 166 |5271 |9349 | 1.861833e+03 |      --      |    Inf 
 2522s| 27800 |  7152 |  5736k|  27M|  53 |   - |1533 |1218 | 181 |1533 | 438 | 166 |5279 |9349 | 1.865924e+03 |      --      |    Inf 
 2523s| 27900 |  7182 |  5741k|  27M|  53 |   - |1533 |1218 | 163 |1533 | 438 | 166 |5279 |9349 | 1.865924e+03 |      --      |    Inf 
 2529s| 28000 |  7198 |  5758k|  28M|  53 |   - |1533 |1221 | 164 |1533 | 438 | 166 |5287 |9349 | 1.868476e+03 |      --      |    Inf 
 2533s| 28100 |  7204 |  5769k|  28M|  53 |   - |1533 |1212 | 205 |1533 | 438 | 166 |5295 |9352 | 1.915408e+03 |      --      |    Inf 
 2535s| 28200 |  7228 |  5777k|  28M|  53 |   - |1533 |1212 | 110 |1533 | 438 | 166 |5295 |9352 | 1.915408e+03 |      --      |    Inf 
 2542s| 28300 |  7246 |  5792k|  28M|  53 |  56 |1533 |1225 | 275 |1533 | 438 | 166 |5313 |9356 | 1.968298e+03 |      --      |    Inf 
 2546s| 28400 |  7272 |  5800k|  28M|  53 |   - |1533 |1228 | 188 |1533 | 438 | 166 |5323 |9369 | 1.972063e+03 |      --      |    Inf 
 2551s| 28500 |  7284 |  5813k|  28M|  53 |   - |1533 |1225 | 199 |1533 | 438 | 166 |5324 |9389 | 1.972063e+03 |      --      |    Inf 
 2555s| 28600 |  7309 |  5824k|  28M|  53 |  48 |1533 |1228 | 217 |1533 | 438 | 166 |5332 |9405 | 1.984255e+03 |      --      |    Inf 
 2557s| 28700 |  7347 |  5827k|  28M|  53 |  40 |1533 |1228 | 219 |1533 | 438 | 166 |5332 |9405 | 1.984255e+03 |      --      |    Inf 
 time | node  | left  |LP iter| mem |mdpt |frac |vars |cons |ccons|cols |rows |cuts |confs|strbr|  dualbound   | primalbound  |  gap   
 2560s| 28800 |  7373 |  5836k|  28M|  53 |  30 |1533 |1225 | 213 |1533 | 438 | 166 |5332 |9427 | 1.984255e+03 |      --      |    Inf 
 2563s| 28900 |  7389 |  5845k|  28M|  53 |  38 |1533 |1236 | 194 |1533 | 438 | 166 |5346 |9466 | 2.009018e+03 |      --      |    Inf 
 2569s| 29000 |  7406 |  5858k|  28M|  53 |   - |1533 |1236 | 194 |1533 | 438 | 166 |5355 |9480 | 2.009018e+03 |      --      |    Inf 
 2580s| 29100 |  7436 |  5881k|  28M|  53 |   - |1533 |1244 | 261 |1533 | 438 | 166 |5375 |9527 | 2.025918e+03 |      --      |    Inf 
 2584s| 29200 |  7452 |  5892k|  28M|  53 |  44 |1533 |1242 | 245 |1533 | 438 | 166 |5379 |9553 | 2.027330e+03 |      --      |    Inf 
 2588s| 29300 |  7473 |  5900k|  28M|  53 |   - |1533 |1241 | 234 |1533 | 438 | 166 |5382 |9567 | 2.053616e+03 |      --      |    Inf 
 2592s| 29400 |  7499 |  5910k|  28M|  53 |  87 |1533 |1247 | 273 |1533 | 438 | 166 |5389 |9581 | 2.070631e+03 |      --      |    Inf 
 2597s| 29500 |  7523 |  5920k|  28M|  53 |   - |1533 |1247 | 244 |1533 | 438 | 166 |5394 |9598 | 2.074095e+03 |      --      |    Inf 
 2603s| 29600 |  7557 |  5933k|  28M|  53 |  45 |1533 |1256 | 199 |1533 | 438 | 166 |5404 |9610 | 2.088619e+03 |      --      |    Inf 
 2607s| 29700 |  7579 |  5944k|  29M|  53 |  80 |1533 |1254 | 265 |1533 | 438 | 166 |5404 |9629 | 2.097414e+03 |      --      |    Inf 
 2611s| 29800 |  7617 |  5952k|  29M|  53 |  68 |1533 |1258 | 223 |1533 | 438 | 166 |5409 |9642 | 2.097414e+03 |      --      |    Inf 
 2613s| 29900 |  7642 |  5957k|  29M|  53 |   - |1533 |1260 | 184 |1533 | 438 | 166 |5411 |9654 | 2.097414e+03 |      --      |    Inf 
 2615s| 30000 |  7673 |  5964k|  29M|  53 |  58 |1533 |1261 | 266 |1533 | 438 | 166 |5416 |9669 | 2.106436e+03 |      --      |    Inf 
 2619s| 30100 |  7702 |  5972k|  29M|  53 |   - |1533 |1260 | 223 |1533 | 438 | 166 |5418 |9679 | 2.116828e+03 |      --      |    Inf 
 2621s| 30200 |  7736 |  5978k|  29M|  53 |   - |1533 |1260 | 160 |1533 | 438 | 166 |5418 |9686 | 2.116828e+03 |      --      |    Inf 
 time | node  | left  |LP iter| mem |mdpt |frac |vars |cons |ccons|cols |rows |cuts |confs|strbr|  dualbound   | primalbound  |  gap   
 2624s| 30300 |  7765 |  5986k|  29M|  53 |  65 |1533 |1260 | 220 |1533 | 438 | 166 |5424 |9696 | 2.117307e+03 |      --      |    Inf 
 2625s| 30400 |  7793 |  5991k|  29M|  53 |   - |1533 |1260 | 181 |1533 | 438 | 166 |5424 |9698 | 2.117307e+03 |      --      |    Inf 
 2631s| 30500 |  7825 |  6006k|  29M|  53 |   - |1533 |1262 | 198 |1533 | 438 | 166 |5429 |9727 | 2.123223e+03 |      --      |    Inf 
 2635s| 30600 |  7850 |  6015k|  29M|  53 |  51 |1533 |1259 | 212 |1533 | 438 | 166 |5435 |9757 | 2.160009e+03 |      --      |    Inf 
 2640s| 30700 |  7874 |  6029k|  29M|  53 |   - |1533 |1258 | 157 |1533 | 438 | 166 |5436 |9773 | 2.162029e+03 |      --      |    Inf 
 2643s| 30800 |  7910 |  6037k|  29M|  53 |   - |1533 |1255 | 246 |1533 | 438 | 166 |5436 |9782 | 2.169942e+03 |      --      |    Inf 
 2651s| 30900 |  7926 |  6054k|  29M|  53 |  37 |1533 |1266 | 199 |1533 | 438 | 166 |5454 |9797 | 2.180054e+03 |      --      |    Inf 
 2655s| 31000 |  7942 |  6065k|  29M|  53 |  80 |1533 |1259 | 273 |1533 | 438 | 166 |5454 |9812 | 2.180054e+03 |      --      |    Inf 
 2659s| 31100 |  7964 |  6074k|  29M|  53 |  51 |1533 |1258 | 188 |1533 | 438 | 166 |5454 |9813 | 2.194942e+03 |      --      |    Inf 
 2664s| 31200 |  8001 |  6088k|  29M|  53 |  78 |1533 |1256 | 287 |1533 | 438 | 166 |5454 |9823 | 2.203802e+03 |      --      |    Inf 
 2666s| 31300 |  8033 |  6094k|  29M|  53 |  72 |1533 |1256 | 226 |1533 | 438 | 166 |5454 |9828 | 2.216976e+03 |      --      |    Inf 
 2671s| 31400 |  8054 |  6104k|  29M|  53 |   - |1533 |1251 | 233 |1533 | 438 | 166 |5457 |9841 | 2.239149e+03 |      --      |    Inf 
 2674s| 31500 |  8071 |  6112k|  30M|  53 | 120 |1533 |1247 | 378 |1533 | 438 | 166 |5457 |9848 | 2.257402e+03 |      --      |    Inf 
 2677s| 31600 |  8101 |  6121k|  30M|  53 |   - |1533 |1246 | 197 |1533 | 438 | 166 |5462 |9849 | 2.257402e+03 |      --      |    Inf 
 2683s| 31700 |  8122 |  6136k|  30M|  53 |  39 |1533 |1248 | 195 |1533 | 438 | 166 |5465 |9855 | 2.276437e+03 |      --      |    Inf 
 time | node  | left  |LP iter| mem |mdpt |frac |vars |cons |ccons|cols |rows |cuts |confs|strbr|  dualbound   | primalbound  |  gap   
 2686s| 31800 |  8150 |  6147k|  30M|  53 |  58 |1533 |1248 | 250 |1533 | 438 | 166 |5471 |9856 | 2.280821e+03 |      --      |    Inf 
 2692s| 31900 |  8172 |  6160k|  30M|  53 |  49 |1533 |1250 | 239 |1533 | 438 | 166 |5486 |9873 | 2.294878e+03 |      --      |    Inf 
 2695s| 32000 |  8202 |  6166k|  30M|  53 |  29 |1533 |1245 | 201 |1533 | 438 | 166 |5486 |9873 | 2.302234e+03 |      --      |    Inf 
 2697s| 32100 |  8229 |  6172k|  30M|  53 |   - |1533 |1242 | 153 |1533 | 438 | 166 |5486 |9873 | 2.308069e+03 |      --      |    Inf 
 2700s| 32200 |  8257 |  6180k|  30M|  53 |   - |1533 |1242 | 193 |1533 | 438 | 166 |5486 |9873 | 2.308069e+03 |      --      |    Inf 
 2705s| 32300 |  8270 |  6196k|  30M|  53 |   - |1533 |1239 | 232 |1533 | 438 | 166 |5493 |9878 | 2.334812e+03 |      --      |    Inf 
 2708s| 32400 |  8296 |  6203k|  30M|  53 |  29 |1533 |1237 | 196 |1533 | 438 | 166 |5493 |9882 | 2.337279e+03 |      --      |    Inf 
 2711s| 32500 |  8320 |  6210k|  30M|  53 |  55 |1533 |1233 | 232 |1533 | 438 | 166 |5494 |9884 | 2.349381e+03 |      --      |    Inf 
 2714s| 32600 |  8336 |  6216k|  30M|  55 |   - |1533 |1241 | 230 |1533 | 438 | 166 |5502 |9884 | 2.349381e+03 |      --      |    Inf 
 2717s| 32700 |  8360 |  6223k|  30M|  55 |  41 |1533 |1238 | 200 |1533 | 438 | 166 |5502 |9889 | 2.389939e+03 |      --      |    Inf 
 2721s| 32800 |  8386 |  6229k|  30M|  55 |   - |1533 |1235 | 204 |1533 | 438 | 166 |5509 |9889 | 2.432390e+03 |      --      |    Inf 
 2726s| 32900 |  8421 |  6246k|  30M|  55 |  41 |1533 |1240 | 220 |1533 | 438 | 166 |5514 |9889 | 2.462325e+03 |      --      |    Inf 
 2728s| 33000 |  8442 |  6252k|  30M|  55 |  45 |1533 |1233 | 214 |1533 | 438 | 166 |5517 |9889 | 2.498668e+03 |      --      |    Inf 
 2730s| 33100 |  8480 |  6258k|  30M|  55 |  52 |1533 |1232 | 204 |1533 | 438 | 166 |5517 |9889 | 2.540426e+03 |      --      |    Inf 
 2738s| 33200 |  8510 |  6271k|  30M|  55 |  76 |1533 |1230 | 236 |1533 | 438 | 166 |5523 |9890 | 2.540654e+03 |      --      |    Inf 
 time | node  | left  |LP iter| mem |mdpt |frac |vars |cons |ccons|cols |rows |cuts |confs|strbr|  dualbound   | primalbound  |  gap   
 2740s| 33300 |  8548 |  6278k|  30M|  55 |  45 |1533 |1227 | 182 |1533 | 438 | 166 |5524 |9891 | 2.540654e+03 |      --      |    Inf 
 2743s| 33400 |  8571 |  6286k|  30M|  55 |   - |1533 |1226 | 184 |1533 | 438 | 166 |5526 |9891 | 2.600985e+03 |      --      |    Inf 
 2745s| 33500 |  8606 |  6293k|  31M|  55 |  24 |1533 |1223 | 160 |1533 | 438 | 166 |5527 |9891 | 2.603505e+03 |      --      |    Inf 
 2747s| 33600 |  8632 |  6298k|  31M|  55 |  31 |1533 |1221 | 159 |1533 | 438 | 166 |5528 |9895 | 2.603505e+03 |      --      |    Inf 
 2752s| 33700 |  8658 |  6309k|  31M|  55 |  51 |1533 |1222 | 222 |1533 | 438 | 166 |5530 |9900 | 2.624930e+03 |      --      |    Inf 
 2754s| 33800 |  8688 |  6316k|  31M|  55 |  21 |1533 |1220 | 147 |1533 | 438 | 166 |5531 |9900 | 2.653450e+03 |      --      |    Inf 
 2759s| 33900 |  8720 |  6328k|  31M|  55 |   - |1533 |1212 | 185 |1533 | 438 | 166 |5531 |9901 | 2.671084e+03 |      --      |    Inf 
 2762s| 34000 |  8735 |  6337k|  31M|  55 |  28 |1533 |1210 | 146 |1533 | 438 | 166 |5534 |9901 | 2.703993e+03 |      --      |    Inf 
 2766s| 34100 |  8755 |  6347k|  31M|  55 |  24 |1533 |1210 | 133 |1533 | 438 | 166 |5537 |9901 | 2.716522e+03 |      --      |    Inf 
 2770s| 34200 |  8769 |  6357k|  31M|  55 |  47 |1533 |1212 | 226 |1533 | 438 | 166 |5541 |9901 | 2.753110e+03 |      --      |    Inf 
 2772s| 34300 |  8800 |  6364k|  31M|  55 |  59 |1533 |1209 | 276 |1533 | 438 | 166 |5541 |9902 | 2.790557e+03 |      --      |    Inf 
 2775s| 34400 |  8825 |  6371k|  31M|  55 |  44 |1533 |1214 | 219 |1533 | 438 | 166 |5548 |9902 | 2.792333e+03 |      --      |    Inf 
 2778s| 34500 |  8851 |  6378k|  31M|  55 |  29 |1533 |1210 | 161 |1533 | 438 | 166 |5548 |9902 | 2.807485e+03 |      --      |    Inf 
 2783s| 34600 |  8877 |  6396k|  31M|  55 |   - |1533 |1206 | 221 |1533 | 438 | 166 |5548 |9914 | 2.817282e+03 |      --      |    Inf 
 2787s| 34700 |  8899 |  6405k|  31M|  55 |   - |1533 |1208 | 231 |   0 |   0 | 166 |5559 |9930 | 2.867200e+03 |      --      |    Inf 
 time | node  | left  |LP iter| mem |mdpt |frac |vars |cons |ccons|cols |rows |cuts |confs|strbr|  dualbound   | primalbound  |  gap   
 2793s| 34800 |  8919 |  6418k|  31M|  55 |   - |1533 |1215 | 257 |1533 | 438 | 166 |5570 |9954 | 2.879818e+03 |      --      |    Inf 
 2796s| 34900 |  8942 |  6423k|  31M|  55 |   - |1533 |1223 | 143 |1533 | 438 | 166 |5579 |9954 | 2.896461e+03 |      --      |    Inf 
 2797s| 35000 |  8981 |  6427k|  31M|  55 |  39 |1533 |1223 | 234 |1533 | 438 | 166 |5579 |9954 | 2.896461e+03 |      --      |    Inf 
 2803s| 35100 |  9001 |  6439k|  31M|  55 |  39 |1533 |1229 | 204 |1533 | 438 | 166 |5592 |9972 | 2.915679e+03 |      --      |    Inf 
 2806s| 35200 |  9035 |  6447k|  31M|  55 |  29 |1533 |1225 | 188 |1533 | 438 | 166 |5596 |9998 | 2.922286e+03 |      --      |    Inf 
 2808s| 35300 |  9065 |  6453k|  31M|  55 |  39 |1533 |1224 | 225 |1533 | 438 | 166 |5596 |9998 | 2.924498e+03 |      --      |    Inf 
 2812s| 35400 |  9081 |  6465k|  31M|  55 |  31 |1533 |1227 | 184 |1533 | 438 | 166 |5601 |  10k| 2.926403e+03 |      --      |    Inf 
 2815s| 35500 |  9098 |  6472k|  32M|  55 |   - |1533 |1233 | 290 |1533 | 438 | 166 |5616 |  10k| 2.931884e+03 |      --      |    Inf 
(node 35518) unresolved numerical troubles in LP 41101
 2819s| 35600 |  9128 |  6484k|  32M|  55 |  82 |1533 |1225 | 295 |1533 | 438 | 166 |5618 |  10k| 2.944621e+03 |      --      |    Inf 
 2823s| 35700 |  9145 |  6494k|  32M|  55 |  51 |1533 |1233 | 209 |1533 | 438 | 166 |5631 |  10k| 2.965715e+03 |      --      |    Inf 
 2825s| 35800 |  9162 |  6500k|  32M|  55 |  36 |1533 |1240 | 198 |1533 | 438 | 166 |5639 |  10k| 2.984431e+03 |      --      |    Inf 
 2831s| 35900 |  9180 |  6511k|  32M|  55 |  54 |1533 |1235 | 232 |1533 | 438 | 166 |5640 |  10k| 2.984491e+03 |      --      |    Inf 
 2836s| 36000 |  9205 |  6521k|  32M|  55 |   - |1533 |1234 | 187 |1533 | 438 | 166 |5642 |  10k| 2.995617e+03 |      --      |    Inf 
 2839s| 36100 |  9228 |  6526k|  32M|  55 |  26 |1533 |1235 | 189 |1533 | 438 | 166 |5644 |  10k| 3.003112e+03 |      --      |    Inf 
 2841s| 36200 |  9252 |  6533k|  32M|  55 |   - |1533 |1235 | 203 |1533 | 438 | 166 |5646 |  10k| 3.003112e+03 |      --      |    Inf 
 time | node  | left  |LP iter| mem |mdpt |frac |vars |cons |ccons|cols |rows |cuts |confs|strbr|  dualbound   | primalbound  |  gap   
 2843s| 36300 |  9272 |  6537k|  32M|  55 |  13 |1533 |1234 | 144 |1533 | 438 | 166 |5646 |  10k| 3.003112e+03 |      --      |    Inf 
 2845s| 36400 |  9292 |  6541k|  32M|  55 |  29 |1533 |1237 | 170 |1533 | 438 | 166 |5649 |  10k| 3.004880e+03 |      --      |    Inf 
 2850s| 36500 |  9308 |  6551k|  32M|  55 |  57 |1533 |1232 | 228 |1533 | 438 | 166 |5649 |  10k| 3.029937e+03 |      --      |    Inf 
 2856s| 36600 |  9342 |  6567k|  32M|  55 |  35 |1533 |1236 | 190 |1533 | 438 | 166 |5654 |  10k| 3.035214e+03 |      --      |    Inf 
 2858s| 36700 |  9372 |  6571k|  32M|  55 |   - |1533 |1236 | 199 |1533 | 438 | 166 |5654 |  10k| 3.035214e+03 |      --      |    Inf 
*2859s| 36776 |  9109 |  6574k|  31M|  55 |   - |1533 |1236 | 103 |1533 | 438 | 166 |5654 |  10k| 3.035214e+03 | 6.907752e+03 | 127.59%

SCIP Status        : solving was interrupted [solution limit reached]
Solving Time (sec) : 2859.11
Solving Nodes      : 36776
Primal Bound       : +6.90775220900946e+03 (1 solutions)
Dual Bound         : +3.03521419011710e+03
Gap                : 127.59 %

primal solution:
================

objective value:                     6907.75220900946
b[1,1,5,1]                                          1 	(obj:0)
b[1,1,5,2]                                          1 	(obj:0)
b[1,1,5,3]                                          1 	(obj:0)
b[2,2,7,1]                                          1 	(obj:0)
b[2,2,7,2]                                          1 	(obj:0)
b[2,2,7,3]                                          1 	(obj:0)
b[6,3,7,1]                       6.72999346055059e-09 	(obj:0)
b[3,3,7,2]                                          1 	(obj:0)
b[3,3,7,3]                                          1 	(obj:0)
b[4,4,5,1]                                          1 	(obj:0)
b[1,4,5,2]                                          1 	(obj:0)
b[4,4,5,3]                                          1 	(obj:0)
b[4,5,1,1]                                          1 	(obj:0)
b[2,5,1,2]                            1.0000000001084 	(obj:0)
b[5,5,1,3]                                          1 	(obj:0)
b[5,5,4,1]                                          1 	(obj:0)
b[1,5,4,2]                                          1 	(obj:0)
b[1,5,4,3]                                          1 	(obj:0)
b[1,5,6,1]                          0.999999999718255 	(obj:0)
b[1,5,6,2]                                          1 	(obj:0)
b[4,5,6,3]                                          1 	(obj:0)
b[6,6,5,1]                                          1 	(obj:0)
b[2,6,5,2]                                          1 	(obj:0)
b[7,6,5,3]                                          1 	(obj:0)
b[1,6,7,1]                          0.999999999891601 	(obj:0)
b[6,6,7,2]                                          1 	(obj:0)
b[4,6,7,3]                                          1 	(obj:0)
b[1,7,2,1]                                          1 	(obj:0)
b[7,7,2,2]                                          1 	(obj:0)
b[3,7,2,3]                                          1 	(obj:0)
b[2,7,3,1]                       -6.72999339214458e-09 	(obj:0)
b[6,7,3,1]                       6.72999345982106e-09 	(obj:0)
b[7,7,3,1]                                          1 	(obj:0)
b[6,7,3,2]                            1.0000000001084 	(obj:0)
b[2,7,3,3]                                          1 	(obj:0)
b[7,7,6,1]                                          1 	(obj:0)
b[2,7,6,2]                          0.999999999891601 	(obj:0)
b[7,7,6,3]                          0.999999999935054 	(obj:0)
h[1,5]                                              1 	(obj:0)
h[2,7]                                              1 	(obj:0)
h[3,7]                                              1 	(obj:0)
h[4,5]                                              1 	(obj:0)
h[5,6]                                              1 	(obj:0)
h[6,7]                                              1 	(obj:0)
qw[1,4,2,3]                              0.0282022247 	(obj:0)
qw[2,1,2,2]                         0.837726586987751 	(obj:0)
qw[2,1,3,2]                              0.9117607183 	(obj:0)
qw[1,2,4,1]                             0.00062874014 	(obj:0)
qw[4,1,4,1]                             0.87223039564 	(obj:0)
qw[1,2,5,1]                              0.0217936741 	(obj:0)
qw[1,6,5,2]                        0.0767763052444726 	(obj:0)
qw[5,1,5,3]                         0.911884574944473 	(obj:0)
qw[5,1,6,3]                         0.772955842483788 	(obj:0)
qw[2,1,7,2]                         0.301762681245077 	(obj:0)
qw[5,1,7,3]                         0.510338274254923 	(obj:0)
qw[2,3,1,3]                         0.116957713505938 	(obj:0)
qw[2,7,1,1]                        0.0828928696120005 	(obj:0)
qw[1,2,1,1]                         0.376761555617939 	(obj:0)
qw[3,2,3,3]                              0.9197898404 	(obj:0)
qw[2,3,6,1]                      -1.65941878134811e-08 	(obj:0)
qw[2,3,6,3]                      1.65787913173104e-08 	(obj:0)
qw[3,2,6,3]                        0.0713153526680968 	(obj:0)
qw[7,2,7,2]                         0.326618716345077 	(obj:0)
qw[6,3,1,2]                        0.0210557809940616 	(obj:0)
qw[2,3,2,3]                        0.0581326515087674 	(obj:0)
qw[7,3,4,1]                        0.0144536660888497 	(obj:0)
qw[6,3,5,2]                        0.0115013174096057 	(obj:0)
qw[7,3,5,1]                       0.00792127319039433 	(obj:0)
qw[3,7,6,2]                        0.0310613356327189 	(obj:0)
qw[6,3,6,2]                         0.189097755016212 	(obj:0)
qw[7,3,7,1]                              0.0595339522 	(obj:0)
qw[4,7,1,3]                        0.0872309376879995 	(obj:0)
qw[1,4,1,3]                         0.256812322371443 	(obj:0)
qw[5,4,3,1]                              0.0063179159 	(obj:0)
qw[4,7,5,3]                        0.0299422349903943 	(obj:0)
qw[5,4,5,1]                        0.0881154244903943 	(obj:0)
qw[5,4,6,1]                               0.011347232 	(obj:0)
qw[5,4,7,1]                              0.0011341137 	(obj:0)
qw[6,5,1,1]                         0.144525318027448 	(obj:0)
qw[7,5,2,3]                        0.0304874764122486 	(obj:0)
qw[7,5,3,3]                              0.0077524701 	(obj:0)
qw[7,5,4,3]                       0.00028763738552025 	(obj:0)
qw[6,5,6,1]                         0.810902244983788 	(obj:0)
qw[7,5,7,3]                         0.546489286754923 	(obj:0)
qw[1,6,1,2]                         0.366426121721509 	(obj:0)
qw[7,6,2,1]                        0.0201211957043842 	(obj:0)
qw[7,6,3,1]                       0.00303404815208184 	(obj:0)
qw[7,6,4,1]                              0.0395996522 	(obj:0)
qw[7,6,7,1]                              0.0673580446 	(obj:0)
qw[2,7,2,1]                         0.104140760916633 	(obj:0)
qw[3,7,3,2]                        0.0802101593520818 	(obj:0)
qw[4,7,4,3]                          0.12776960426552 	(obj:0)
CIPF                                         83.87817 	(obj:0)
CustoTrafRetr                        6823.87403959724 	(obj:0)
TotalTrancpt                         17.9999999999351 	(obj:0)
CustoTotal                           6907.75220959724 	(obj:0)
Obj                                  6907.75220959724 	(obj:1)

Statistics
==========

SCIP Status        : solving was interrupted [solution limit reached]
Solving Time       :    2859.11
Original Problem   :
  Problem name     : labtel
  Variables        : 1538 (777 binary, 0 integer, 0 implicit integer, 761 continuous)
  Constraints      : 364 initial, 364 maximal
Presolved Problem  :
  Problem name     : t_labtel
  Variables        : 1533 (777 binary, 0 integer, 0 implicit integer, 756 continuous)
  Constraints      : 360 initial, 1693 maximal
Presolvers         :       Time  FixedVars   AggrVars   ChgTypes  ChgBounds   AddHoles    DelCons   ChgSides   ChgCoefs
  trivial          :       0.00          0          0          0          0          0          0          0          0
  dualfix          :       0.00          0          0          0          0          0          0          0          0
  boundshift       :       0.00          0          0          0          0          0          0          0          0
  inttobinary      :       0.00          0          0          0          0          0          0          0          0
  implics          :       0.00          0          0          0          0          0          0          0          0
  probing          :       0.16          0          0          0          0          0          0          0          0
  knapsack         :       0.00          0          0          0          0          0          0          0          0
  setppc           :       0.00          0          0          0          0          0          0          0          0
  linear           :       0.01          0          5          0         94          0          4          3        108
  logicor          :       0.00          0          0          0          0          0          0          0          0
  bounddisjunction :       0.00          0          0          0          0          0          0          0          0
  root node        :          -          0          -          -          0          -          -          -          -
Constraints        :     Number  #Separate #Propagate    #EnfoLP    #EnfoPS    Cutoffs    DomReds       Cuts      Conss   Children
  integral         :          0          0          0      23405          0         12        169          0          0      46574
  knapsack         :          1         12     116953          1          9          0          0          0          0          0
  setppc           :        126         12     116953          1          9        262    1310040          0          0          0
  linear           :        233         12     116691          1          0       1253    1767847          1          0          0
  logicor          :          0+         0      33041          0          0        946      12330          0          0          0
  bounddisjunction :          0+         0       4015          0          0          0          7          0          0          0
  countsols        :          0          0          0          1          9          0          0          0          0          0
Constraint Timings :  TotalTime   Separate  Propagate     EnfoLP     EnfoPS
  integral         :     303.63       0.00       0.00     303.63       0.00
  knapsack         :       0.19       0.00       0.19       0.00       0.00
  setppc           :       8.45       0.00       8.45       0.00       0.00
  linear           :      42.18       0.04      42.14       0.00       0.00
  logicor          :       3.07       0.00       3.07       0.00       0.00
  bounddisjunction :       0.04       0.00       0.04       0.00       0.00
  countsols        :       0.00       0.00       0.00       0.00       0.00
Propagators        :       Time      Calls    Cutoffs    DomReds
  rootredcost      :       0.19          0          0          0
  pseudoobj        :       8.17     116599          0          0
Conflict Analysis  :       Time      Calls    Success  Conflicts   Literals    Reconvs ReconvLits   LP Iters
  propagation      :       0.23       2461       2457       9018       29.1         66       17.6          -
  infeasible LP    :      12.78      11360        154       1248       56.0          5       13.6          0
  bound exceed. LP :       0.00          0          0          0        0.0          0        0.0          0
  strong branching :       0.00          0          0          0        0.0          0        0.0          0
  pseudo solution  :       0.00          0          0          0        0.0          0        0.0          -
  applied globally :          -          -          -       5653       18.6          -          -          -
  applied locally  :          -          -          -          1       91.0          -          -          -
Separators         :       Time      Calls    Cutoffs    DomReds       Cuts      Conss
  cut pool         :       0.00         11          -          -         27          -    (maximal pool size: 223)
  redcost          :       1.18      23416          0          0          0          0
  impliedbounds    :       0.00         12          0          0          0          0
  intobj           :       0.00          0          0          0          0          0
  gomory           :       0.73         12          0          0         23          0
  strongcg         :       0.51         12          0          0          1          0
  cmir             :       5.48         10          0          0        219          0
  flowcover        :       0.78         10          0          0         10          0
  clique           :       0.01         12          0          0          0          0
  zerohalf         :       0.00          0          0          0          0          0
  mcf              :       0.00          0          0          0          0          0
Pricers            :       Time      Calls       Vars
  problem variables:       0.00          0          0
Branching Rules    :       Time      Calls    Cutoffs    DomReds       Cuts      Conss   Children
  relpscost        :     303.35      23404         12        169          0          0      46574
  pscost           :       0.00          0          0          0          0          0          0
  inference        :       0.00          9          0          0          0          0         18
  mostinf          :       0.00          0          0          0          0          0          0
  leastinf         :       0.00          0          0          0          0          0          0
  fullstrong       :       0.00          0          0          0          0          0          0
  allfullstrong    :       0.00          0          0          0          0          0          0
  random           :       0.00          0          0          0          0          0          0
Primal Heuristics  :       Time      Calls      Found
  LP solutions     :       0.01          -          1
  pseudo solutions :       0.00          -          0
  oneopt           :       0.10          0          0
  crossover        :       0.01          0          0
  guideddiving     :       0.00          0          0
  feaspump         :       3.07          4          0
  objpscostdiving  :       2.56          4          0
  rootsoldiving    :       4.52          4          0
  coefdiving       :       1.55          8          0
  pscostdiving     :       2.99          8          0
  fracdiving       :       4.26          8          0
  veclendiving     :       1.52          8          0
  linesearchdiving :       1.92          8          0
  intshifting      :       0.16          9          0
  simplerounding   :       0.14          0          0
  rounding         :       0.34       2126          0
  shifting         :       2.15        681          0
  fixandinfer      :       0.00          0          0
  intdiving        :       0.00          0          0
  actconsdiving    :       0.00          0          0
  octane           :       0.00          0          0
  rens             :       2.85          1          0
  rins             :       0.00          0          0
  localbranching   :       0.00          0          0
  mutation         :       0.00          0          0
  dins             :       0.00          0          0
LP                 :       Time      Calls Iterations  Iter/call   Iter/sec
  primal LP        :      22.39         52      79095    1521.06    3532.60
  dual LP          :    2346.75      41085    6435986     156.65    2742.51
  barrier LP       :       0.00          0          0       0.00          -
  diving/probing LP:      20.46       1363      59081      43.35    2887.63
  strong branching :     300.70      10221    1086027     106.25    3611.66
    (at root node) :          -         17       2449     144.06          -
  conflict analysis:       0.00          0          0       0.00          -
B&B Tree           :
  number of runs   :          1
  nodes            :      36776
  nodes (total)    :      36776
  nodes left       :       9109
  max depth        :         55
  max depth (total):         55
  backtracks       :       3800 (10.3%)
  delayed cutoffs  :        423
  repropagations   :       9891 (283225 domain reductions, 237 cutoffs)
  avg switch length:       5.18
  switching time   :      29.38
Solution           :
  Solutions found  :          1 (1 improvements)
  Primal Bound     : +6.90775220900946e+03   (in run 1, after 36776 nodes, 2859.10 seconds, depth 34, found by <relaxation>)
  Dual Bound       : +3.03521419011710e+03
  Gap              :     127.59 %
  Root Dual Bound  : +2.82648869435977e+02
Reading model section from /home/fabio/docs/hierarquia/models/calc-cong.mod...
129 lines were read
Reading data section from data.N30.I1.s1.cluster3.T7.GL3.W3.TIFgap0.3.sol...
133 lines were read

Display statement at line 45
A[1] = 7263.71
A[2] = 1533.6166
A[3] = 1210.07626
A[4] = 1254.311523
A[5] = 1379.749
A[6] = 1122.4147
A[7] = 1257.58995

Display statement at line 48
LigLog[1,2] = 1
LigLog[1,4] = 1
LigLog[1,6] = 1
LigLog[2,1] = 1
LigLog[2,3] = 1
LigLog[2,7] = 1
LigLog[3,2] = 1
LigLog[3,7] = 1
LigLog[4,1] = 1
LigLog[4,7] = 1
LigLog[5,1] = 1
LigLog[5,4] = 1
LigLog[6,3] = 1
LigLog[6,5] = 1
LigLog[7,2] = 1
LigLog[7,3] = 1
LigLog[7,5] = 1
LigLog[7,6] = 1

Display statement at line 51
TrafMedio[1,2] = 2767.54511520596
TrafMedio[1,4] = 1908.66163408952
TrafMedio[1,6] = 2767.5451149945
TrafMedio[2,1] = 2767.5451153
TrafMedio[2,3] = 938.700112526078
TrafMedio[2,7] = 761.821765607764
TrafMedio[3,2] = 1193.06125022759
TrafMedio[3,7] = 131.924109358569
TrafMedio[4,1] = 1094.0486359621
TrafMedio[4,7] = 835.195890098852
TrafMedio[5,1] = 2767.54511525308
TrafMedio[5,4] = 143.384878860851
TrafMedio[6,3] = 381.058118126156
TrafMedio[6,5] = 1959.95859784196
TrafMedio[7,2] = 410.75241515747
TrafMedio[7,3] = 103.928068658512
TrafMedio[7,5] = 743.757401635066
TrafMedio[7,6] = 168.908729386487

Congestionamento: 2767.5451153

MTB: 2421.23666666667

Model has been successfully generated
